2020-07-09 13:39:02.7169|ERROR|WedigITCRM.Startup|start of ConfigureServices
2020-07-09 13:39:07.4235|ERROR|WedigITCRM.Startup|end of ConfigureServices
2020-07-09 13:39:08.4550|ERROR|WedigITCRM.Startup|start of Configure method
2020-07-09 13:39:12.9526|ERROR|WedigITCRM.Startup|end of Configure method
2020-07-09 13:39:17.7090|ERROR|WedigITCRM.Controllers.HomeController|Entering index action in home controller
2020-07-09 13:39:17.7757|ERROR|WedigITCRM.Controllers.HomeController|index action in home controller redirecting to frontpage controller index action
2020-07-09 13:39:51.5723|ERROR|WedigITCRM.Controllers.HomeController|Entering index action in home controller
2020-07-09 13:39:51.5852|ERROR|WedigITCRM.Controllers.HomeController|index action in home controller redirecting to Customer controller AllCustomers action
2020-07-09 14:30:55.8432|ERROR|WedigITCRM.Startup|start of ConfigureServices
2020-07-09 14:30:56.9195|ERROR|WedigITCRM.Startup|end of ConfigureServices
2020-07-09 14:30:57.0133|ERROR|WedigITCRM.Startup|start of Configure method
2020-07-09 14:30:57.6090|ERROR|WedigITCRM.Startup|end of Configure method
2020-07-09 14:31:04.2631|ERROR|WedigITCRM.Controllers.HomeController|Entering index action in home controller
2020-07-09 14:31:04.2839|ERROR|WedigITCRM.Controllers.HomeController|index action in home controller redirecting to Customer controller AllCustomers action
2020-07-09 14:32:04.2816|ERROR|Microsoft.AspNetCore.Diagnostics.ExceptionHandlerMiddleware|An unhandled exception has occurred while executing the request.
2020-07-09 14:32:04.7109|ERROR|WedigITCRM.Startup|{"UserId":"6c1e27cf-820e-4335-b9a5-7ed1142c531c","UserName":"johnpetersen1959@gmail.com","CompanyId":"13024","CompanyName":"wedigIT ApS","Type":null,"Title":"Unexpected Error","Status":500,"Detail":"Value cannot be null. (Parameter 's')\r\n                                         \r\n\r\n                                            at System.Decimal.Parse(String s)\r\n   at WedigITCRM.Controllers.PurchaseOrderController.updateBudgetLineQuantity(PurchaseBudgetLineModel model, CompanyAccount companyAccount) in C:\\Users\\John\\source\\repos\\WedigITCRM\\WedigITCRM\\Controllers\\PurchaseOrderController.cs:line 1000\r\n   at lambda_method(Closure , Object , Object[] )\r\n   at Microsoft.Extensions.Internal.ObjectMethodExecutor.Execute(Object target, Object[] parameters)\r\n   at Microsoft.AspNetCore.Mvc.Infrastructure.ActionMethodExecutor.SyncActionResultExecutor.Execute(IActionResultTypeMapper mapper, ObjectMethodExecutor executor, Object controller, Object[] arguments)\r\n   at Microsoft.AspNetCore.Mvc.Infrastructure.ControllerActionInvoker.InvokeActionMethodAsync()\r\n   at Microsoft.AspNetCore.Mvc.Infrastructure.ControllerActionInvoker.Next(State& next, Scope& scope, Object& state, Boolean& isCompleted)\r\n   at Microsoft.AspNetCore.Mvc.Infrastructure.ControllerActionInvoker.InvokeNextActionFilterAsync()\r\n--- End of stack trace from previous location where exception was thrown ---\r\n   at Microsoft.AspNetCore.Mvc.Infrastructure.ControllerActionInvoker.Rethrow(ActionExecutedContextSealed context)\r\n   at Microsoft.AspNetCore.Mvc.Infrastructure.ControllerActionInvoker.Next(State& next, Scope& scope, Object& state, Boolean& isCompleted)\r\n   at Microsoft.AspNetCore.Mvc.Infrastructure.ControllerActionInvoker.InvokeInnerFilterAsync()\r\n--- End of stack trace from previous location where exception was thrown ---\r\n   at Microsoft.AspNetCore.Mvc.Infrastructure.ResourceInvoker.<InvokeNextResourceFilter>g__Awaited|24_0(ResourceInvoker invoker, Task lastTask, State next, Scope scope, Object state, Boolean isCompleted)\r\n   at Microsoft.AspNetCore.Mvc.Infrastructure.ResourceInvoker.Rethrow(ResourceExecutedContextSealed context)\r\n   at Microsoft.AspNetCore.Mvc.Infrastructure.ResourceInvoker.Next(State& next, Scope& scope, Object& state, Boolean& isCompleted)\r\n   at Microsoft.AspNetCore.Mvc.Infrastructure.ResourceInvoker.InvokeFilterPipelineAsync()\r\n--- End of stack trace from previous location where exception was thrown ---\r\n   at Microsoft.AspNetCore.Mvc.Infrastructure.ResourceInvoker.<InvokeAsync>g__Logged|17_1(ResourceInvoker invoker)\r\n   at Microsoft.AspNetCore.Builder.RouterMiddleware.Invoke(HttpContext httpContext)\r\n   at Microsoft.AspNetCore.Authentication.AuthenticationMiddleware.Invoke(HttpContext context)\r\n   at Microsoft.AspNetCore.Diagnostics.ExceptionHandlerMiddleware.<Invoke>g__Awaited|6_0(ExceptionHandlerMiddleware middleware, HttpContext context, Task task)","Instance":"8a150dc9-91c1-439d-8b42-9e114334455c","Extensions":{}}
2020-07-09 14:44:27.9170|ERROR|WedigITCRM.Startup|start of ConfigureServices
2020-07-09 14:44:30.0269|ERROR|WedigITCRM.Startup|end of ConfigureServices
2020-07-09 14:44:30.2620|ERROR|WedigITCRM.Startup|start of Configure method
2020-07-09 14:44:31.1947|ERROR|WedigITCRM.Startup|end of Configure method
2020-07-09 14:44:45.3786|ERROR|WedigITCRM.Controllers.HomeController|Entering index action in home controller
2020-07-09 14:44:45.7091|ERROR|WedigITCRM.Controllers.HomeController|index action in home controller redirecting to Customer controller AllCustomers action
2020-07-09 14:49:35.8523|ERROR|WedigITCRM.Startup|start of ConfigureServices
2020-07-09 14:49:37.4457|ERROR|WedigITCRM.Startup|end of ConfigureServices
2020-07-09 14:49:37.5447|ERROR|WedigITCRM.Startup|start of Configure method
2020-07-09 14:49:38.1265|ERROR|WedigITCRM.Startup|end of Configure method
2020-07-09 14:49:41.7687|ERROR|WedigITCRM.Controllers.HomeController|Entering index action in home controller
2020-07-09 14:49:41.7928|ERROR|WedigITCRM.Controllers.HomeController|index action in home controller redirecting to Customer controller AllCustomers action
2020-07-09 15:39:19.5900|ERROR|WedigITCRM.Startup|start of ConfigureServices
2020-07-09 15:39:21.1531|ERROR|WedigITCRM.Startup|end of ConfigureServices
2020-07-09 15:39:21.3051|ERROR|WedigITCRM.Startup|start of Configure method
2020-07-09 15:39:22.3451|ERROR|WedigITCRM.Startup|end of Configure method
2020-07-09 15:39:29.5732|ERROR|WedigITCRM.Controllers.HomeController|Entering index action in home controller
2020-07-09 15:39:29.6016|ERROR|WedigITCRM.Controllers.HomeController|index action in home controller redirecting to Customer controller AllCustomers action
2020-07-09 15:49:43.9249|ERROR|WedigITCRM.Startup|start of ConfigureServices
2020-07-09 15:49:46.1881|ERROR|WedigITCRM.Startup|end of ConfigureServices
2020-07-09 15:49:46.3310|ERROR|WedigITCRM.Startup|start of Configure method
2020-07-09 15:49:47.3142|ERROR|WedigITCRM.Startup|end of Configure method
2020-07-09 15:50:01.0460|ERROR|WedigITCRM.Controllers.HomeController|Entering index action in home controller
2020-07-09 15:50:01.1836|ERROR|WedigITCRM.Controllers.HomeController|index action in home controller redirecting to Customer controller AllCustomers action
2020-07-09 15:56:57.4127|ERROR|WedigITCRM.Startup|start of ConfigureServices
2020-07-09 15:56:58.8877|ERROR|WedigITCRM.Startup|end of ConfigureServices
2020-07-09 15:56:59.0329|ERROR|WedigITCRM.Startup|start of Configure method
2020-07-09 15:57:01.5807|ERROR|WedigITCRM.Startup|end of Configure method
2020-07-09 15:57:08.7719|ERROR|WedigITCRM.Controllers.HomeController|Entering index action in home controller
2020-07-09 15:57:08.8475|ERROR|WedigITCRM.Controllers.HomeController|index action in home controller redirecting to Customer controller AllCustomers action
