2020-06-04 08:50:42.7543|ERROR|WedigITCRM.Startup|start of ConfigureServices
2020-06-04 08:50:43.7679|ERROR|WedigITCRM.Startup|end of ConfigureServices
2020-06-04 08:50:43.8427|ERROR|WedigITCRM.Startup|start of Configure method
2020-06-04 08:50:44.0576|ERROR|WedigITCRM.Startup|end of Configure method
2020-06-04 08:50:44.7624|ERROR|WedigITCRM.Controllers.HomeController|Entering index action in home controller
2020-06-04 08:50:44.7761|ERROR|WedigITCRM.Controllers.HomeController|index action in home controller redirecting to frontpage controller index action
2020-06-04 08:51:04.1970|ERROR|Microsoft.EntityFrameworkCore.Database.Connection|An error occurred using the connection to database 'WedigitCRMDB' on server '(localdb)\MSSQLLocalDB'.
2020-06-04 08:51:04.5786|ERROR|Microsoft.EntityFrameworkCore.Database.Connection|An error occurred using the connection to database 'WedigitCRMDB' on server '(localdb)\MSSQLLocalDB'.
2020-06-04 08:51:04.4272|ERROR|Microsoft.EntityFrameworkCore.Database.Connection|An error occurred using the connection to database 'WedigitCRMDB' on server '(localdb)\MSSQLLocalDB'.
2020-06-04 08:51:10.0691|ERROR|Microsoft.EntityFrameworkCore.Query|An exception occurred while iterating over the results of a query for context type 'WedigITCRM.AppDbContext'.
System.InvalidOperationException: Timeout expired.  The timeout period elapsed prior to obtaining a connection from the pool.  This may have occurred because all pooled connections were in use and max pool size was reached.
   at Microsoft.Data.ProviderBase.DbConnectionFactory.TryGetConnection(DbConnection owningConnection, TaskCompletionSource`1 retry, DbConnectionOptions userOptions, DbConnectionInternal oldConnection, DbConnectionInternal& connection)
   at Microsoft.Data.ProviderBase.DbConnectionInternal.TryOpenConnectionInternal(DbConnection outerConnection, DbConnectionFactory connectionFactory, TaskCompletionSource`1 retry, DbConnectionOptions userOptions)
   at Microsoft.Data.ProviderBase.DbConnectionClosed.TryOpenConnection(DbConnection outerConnection, DbConnectionFactory connectionFactory, TaskCompletionSource`1 retry, DbConnectionOptions userOptions)
   at Microsoft.Data.SqlClient.SqlConnection.TryOpen(TaskCompletionSource`1 retry)
   at Microsoft.Data.SqlClient.SqlConnection.Open()
   at Microsoft.EntityFrameworkCore.Storage.RelationalConnection.OpenDbConnection(Boolean errorsExpected)
   at Microsoft.EntityFrameworkCore.Storage.RelationalConnection.Open(Boolean errorsExpected)
   at Microsoft.EntityFrameworkCore.Storage.RelationalCommand.ExecuteReader(RelationalCommandParameterObject parameterObject)
   at Microsoft.EntityFrameworkCore.Query.Internal.QueryingEnumerable`1.Enumerator.InitializeReader(DbContext _, Boolean result)
   at Microsoft.EntityFrameworkCore.SqlServer.Storage.Internal.SqlServerExecutionStrategy.Execute[TState,TResult](TState state, Func`3 operation, Func`3 verifySucceeded)
   at Microsoft.EntityFrameworkCore.Query.Internal.QueryingEnumerable`1.Enumerator.MoveNext()
2020-06-04 08:51:10.0691|ERROR|Microsoft.EntityFrameworkCore.Query|An exception occurred while iterating over the results of a query for context type 'WedigITCRM.AppDbContext'.
System.InvalidOperationException: Timeout expired.  The timeout period elapsed prior to obtaining a connection from the pool.  This may have occurred because all pooled connections were in use and max pool size was reached.
   at Microsoft.Data.ProviderBase.DbConnectionFactory.TryGetConnection(DbConnection owningConnection, TaskCompletionSource`1 retry, DbConnectionOptions userOptions, DbConnectionInternal oldConnection, DbConnectionInternal& connection)
   at Microsoft.Data.ProviderBase.DbConnectionInternal.TryOpenConnectionInternal(DbConnection outerConnection, DbConnectionFactory connectionFactory, TaskCompletionSource`1 retry, DbConnectionOptions userOptions)
   at Microsoft.Data.ProviderBase.DbConnectionClosed.TryOpenConnection(DbConnection outerConnection, DbConnectionFactory connectionFactory, TaskCompletionSource`1 retry, DbConnectionOptions userOptions)
   at Microsoft.Data.SqlClient.SqlConnection.TryOpen(TaskCompletionSource`1 retry)
   at Microsoft.Data.SqlClient.SqlConnection.Open()
   at Microsoft.EntityFrameworkCore.Storage.RelationalConnection.OpenDbConnection(Boolean errorsExpected)
   at Microsoft.EntityFrameworkCore.Storage.RelationalConnection.Open(Boolean errorsExpected)
   at Microsoft.EntityFrameworkCore.Storage.RelationalCommand.ExecuteReader(RelationalCommandParameterObject parameterObject)
   at Microsoft.EntityFrameworkCore.Query.Internal.QueryingEnumerable`1.Enumerator.InitializeReader(DbContext _, Boolean result)
   at Microsoft.EntityFrameworkCore.SqlServer.Storage.Internal.SqlServerExecutionStrategy.Execute[TState,TResult](TState state, Func`3 operation, Func`3 verifySucceeded)
   at Microsoft.EntityFrameworkCore.Query.Internal.QueryingEnumerable`1.Enumerator.MoveNext()
2020-06-04 08:51:10.5789|ERROR|WedigITCRM.Maintenance.SynchronizeDineroStockItems|Timeout expired.  The timeout period elapsed prior to obtaining a connection from the pool.  This may have occurred because all pooled connections were in use and max pool size was reached.
2020-06-04 08:51:10.4653|ERROR|WedigITCRM.Maintenance.SynchronizeDineroContactsService|Timeout expired.  The timeout period elapsed prior to obtaining a connection from the pool.  This may have occurred because all pooled connections were in use and max pool size was reached.nyxium stack trace:    at Microsoft.Data.ProviderBase.DbConnectionFactory.TryGetConnection(DbConnection owningConnection, TaskCompletionSource`1 retry, DbConnectionOptions userOptions, DbConnectionInternal oldConnection, DbConnectionInternal& connection)
   at Microsoft.Data.ProviderBase.DbConnectionInternal.TryOpenConnectionInternal(DbConnection outerConnection, DbConnectionFactory connectionFactory, TaskCompletionSource`1 retry, DbConnectionOptions userOptions)
   at Microsoft.Data.ProviderBase.DbConnectionClosed.TryOpenConnection(DbConnection outerConnection, DbConnectionFactory connectionFactory, TaskCompletionSource`1 retry, DbConnectionOptions userOptions)
   at Microsoft.Data.SqlClient.SqlConnection.TryOpen(TaskCompletionSource`1 retry)
   at Microsoft.Data.SqlClient.SqlConnection.Open()
   at Microsoft.EntityFrameworkCore.Storage.RelationalConnection.OpenDbConnection(Boolean errorsExpected)
   at Microsoft.EntityFrameworkCore.Storage.RelationalConnection.Open(Boolean errorsExpected)
   at Microsoft.EntityFrameworkCore.Storage.RelationalCommand.ExecuteReader(RelationalCommandParameterObject parameterObject)
   at Microsoft.EntityFrameworkCore.Query.Internal.QueryingEnumerable`1.Enumerator.InitializeReader(DbContext _, Boolean result)
   at Microsoft.EntityFrameworkCore.SqlServer.Storage.Internal.SqlServerExecutionStrategy.Execute[TState,TResult](TState state, Func`3 operation, Func`3 verifySucceeded)
   at Microsoft.EntityFrameworkCore.Query.Internal.QueryingEnumerable`1.Enumerator.MoveNext()
   at System.Collections.Generic.List`1..ctor(IEnumerable`1 collection)
   at System.Linq.Enumerable.ToList[TSource](IEnumerable`1 source)
   at WedigITCRM.Maintenance.SynchronizeDineroContactsService.SynchronizeDineroContacts(Object state) in C:\Users\John\source\repos\WedigITCRM\WedigITCRM\Maintenance\SynchronizeDineroService.cs:line 70
2020-06-04 08:51:10.2290|ERROR|Microsoft.EntityFrameworkCore.Query|An exception occurred while iterating over the results of a query for context type 'WedigITCRM.AppDbContext'.
System.InvalidOperationException: Timeout expired.  The timeout period elapsed prior to obtaining a connection from the pool.  This may have occurred because all pooled connections were in use and max pool size was reached.
   at Microsoft.Data.Common.ADP.ExceptionWithStackTrace(Exception e)
--- End of stack trace from previous location where exception was thrown ---
   at Microsoft.EntityFrameworkCore.Storage.RelationalConnection.OpenDbConnectionAsync(Boolean errorsExpected, CancellationToken cancellationToken)
   at Microsoft.EntityFrameworkCore.Storage.RelationalConnection.OpenDbConnectionAsync(Boolean errorsExpected, CancellationToken cancellationToken)
   at Microsoft.EntityFrameworkCore.Storage.RelationalConnection.OpenAsync(CancellationToken cancellationToken, Boolean errorsExpected)
   at Microsoft.EntityFrameworkCore.Storage.RelationalCommand.ExecuteReaderAsync(RelationalCommandParameterObject parameterObject, CancellationToken cancellationToken)
   at Microsoft.EntityFrameworkCore.Query.Internal.QueryingEnumerable`1.AsyncEnumerator.InitializeReaderAsync(DbContext _, Boolean result, CancellationToken cancellationToken)
   at Microsoft.EntityFrameworkCore.SqlServer.Storage.Internal.SqlServerExecutionStrategy.ExecuteAsync[TState,TResult](TState state, Func`4 operation, Func`4 verifySucceeded, CancellationToken cancellationToken)
   at Microsoft.EntityFrameworkCore.Query.Internal.QueryingEnumerable`1.AsyncEnumerator.MoveNextAsync()
2020-06-04 08:51:11.8189|ERROR|WedigITCRM.Maintenance.SetSuperAdministrator|One or more errors occurred. (Timeout expired.  The timeout period elapsed prior to obtaining a connection from the pool.  This may have occurred because all pooled connections were in use and max pool size was reached.)
2020-06-04 08:51:45.4492|ERROR|WedigITCRM.Controllers.HomeController|Entering index action in home controller
2020-06-04 08:51:47.4320|ERROR|WedigITCRM.Controllers.HomeController|index action in home controller redirecting to frontpage controller index action
2020-06-04 08:54:29.4052|ERROR|WedigITCRM.Startup|start of ConfigureServices
2020-06-04 08:54:30.2496|ERROR|WedigITCRM.Startup|end of ConfigureServices
2020-06-04 08:54:30.3290|ERROR|WedigITCRM.Startup|start of Configure method
2020-06-04 08:54:30.5323|ERROR|WedigITCRM.Startup|end of Configure method
2020-06-04 08:54:33.2644|ERROR|WedigITCRM.Controllers.HomeController|Entering index action in home controller
2020-06-04 08:54:33.3447|ERROR|WedigITCRM.Controllers.HomeController|index action in home controller redirecting to Customer controller AllCustomers action
2020-06-04 08:54:39.7719|ERROR|WedigITCRM.Controllers.HomeController|Entering index action in home controller
2020-06-04 08:54:39.8078|ERROR|WedigITCRM.Controllers.HomeController|index action in home controller redirecting to frontpage controller index action
2020-06-04 08:55:12.6682|ERROR|WedigITCRM.Controllers.HomeController|Entering index action in home controller
2020-06-04 08:55:16.4675|ERROR|WedigITCRM.Controllers.HomeController|index action in home controller redirecting to Customer controller AllCustomers action
2020-06-04 09:08:32.4090|ERROR|WedigITCRM.Startup|start of ConfigureServices
2020-06-04 09:08:33.3981|ERROR|WedigITCRM.Startup|end of ConfigureServices
2020-06-04 09:08:33.6136|ERROR|WedigITCRM.Startup|start of Configure method
2020-06-04 09:08:33.8552|ERROR|WedigITCRM.Startup|end of Configure method
2020-06-04 09:08:34.5359|ERROR|WedigITCRM.Controllers.HomeController|Entering index action in home controller
2020-06-04 09:08:34.6415|ERROR|WedigITCRM.Controllers.HomeController|index action in home controller redirecting to frontpage controller index action
2020-06-04 09:09:05.1771|ERROR|WedigITCRM.Controllers.HomeController|Entering index action in home controller
2020-06-04 09:09:05.1959|ERROR|WedigITCRM.Controllers.HomeController|index action in home controller redirecting to Customer controller AllCustomers action
2020-06-04 09:11:34.8331|ERROR|WedigITCRM.Startup|start of ConfigureServices
2020-06-04 09:11:35.8777|ERROR|WedigITCRM.Startup|end of ConfigureServices
2020-06-04 09:11:35.9550|ERROR|WedigITCRM.Startup|start of Configure method
2020-06-04 09:11:36.1740|ERROR|WedigITCRM.Startup|end of Configure method
2020-06-04 09:11:37.0831|ERROR|WedigITCRM.Controllers.HomeController|Entering index action in home controller
2020-06-04 09:11:37.3229|ERROR|WedigITCRM.Controllers.HomeController|index action in home controller redirecting to frontpage controller index action
2020-06-04 09:12:03.6507|ERROR|WedigITCRM.Controllers.HomeController|Entering index action in home controller
2020-06-04 09:12:03.6712|ERROR|WedigITCRM.Controllers.HomeController|index action in home controller redirecting to Customer controller AllCustomers action
2020-06-04 09:13:09.3359|ERROR|WedigITCRM.Controllers.HomeController|Entering index action in home controller
2020-06-04 09:13:09.3359|ERROR|WedigITCRM.Controllers.HomeController|index action in home controller redirecting to frontpage controller index action
2020-06-04 09:14:02.6661|ERROR|WedigITCRM.Controllers.HomeController|Entering index action in home controller
2020-06-04 09:14:02.7513|ERROR|WedigITCRM.Controllers.HomeController|index action in home controller redirecting to Customer controller AllCustomers action
2020-06-04 09:33:01.3778|ERROR|WedigITCRM.Startup|start of ConfigureServices
2020-06-04 09:33:02.5230|ERROR|WedigITCRM.Startup|end of ConfigureServices
2020-06-04 09:33:02.5893|ERROR|WedigITCRM.Startup|start of Configure method
2020-06-04 09:33:02.8209|ERROR|WedigITCRM.Startup|end of Configure method
2020-06-04 09:33:03.5187|ERROR|WedigITCRM.Controllers.HomeController|Entering index action in home controller
2020-06-04 09:33:03.5381|ERROR|WedigITCRM.Controllers.HomeController|index action in home controller redirecting to frontpage controller index action
2020-06-04 09:34:37.7567|ERROR|WedigITCRM.Controllers.HomeController|Entering index action in home controller
2020-06-04 09:34:37.7717|ERROR|WedigITCRM.Controllers.HomeController|index action in home controller redirecting to Customer controller AllCustomers action
2020-06-04 09:47:50.1387|ERROR|WedigITCRM.Controllers.HomeController|Entering index action in home controller
2020-06-04 09:47:50.1537|ERROR|WedigITCRM.Controllers.HomeController|index action in home controller redirecting to frontpage controller index action
2020-06-04 09:48:10.6955|ERROR|WedigITCRM.Controllers.HomeController|Entering index action in home controller
2020-06-04 09:48:10.7395|ERROR|WedigITCRM.Controllers.HomeController|index action in home controller redirecting to Customer controller AllCustomers action
2020-06-04 09:48:19.0606|ERROR|WedigITCRM.Controllers.HomeController|Entering index action in home controller
2020-06-04 09:48:19.0795|ERROR|WedigITCRM.Controllers.HomeController|index action in home controller redirecting to frontpage controller index action
2020-06-04 09:48:28.9936|ERROR|WedigITCRM.Controllers.HomeController|Entering index action in home controller
2020-06-04 09:48:29.0167|ERROR|WedigITCRM.Controllers.HomeController|index action in home controller redirecting to Customer controller AllCustomers action
2020-06-04 09:49:22.9643|ERROR|WedigITCRM.Controllers.HomeController|Entering index action in home controller
2020-06-04 09:49:22.9788|ERROR|WedigITCRM.Controllers.HomeController|index action in home controller redirecting to frontpage controller index action
2020-06-04 09:49:52.5826|ERROR|WedigITCRM.Controllers.HomeController|Entering index action in home controller
2020-06-04 09:49:57.5190|ERROR|WedigITCRM.Controllers.HomeController|index action in home controller redirecting to Customer controller AllCustomers action
2020-06-04 09:50:24.3563|ERROR|WedigITCRM.Controllers.HomeController|Entering index action in home controller
2020-06-04 09:50:24.3765|ERROR|WedigITCRM.Controllers.HomeController|index action in home controller redirecting to frontpage controller index action
2020-06-04 09:51:20.1243|ERROR|WedigITCRM.Startup|start of ConfigureServices
2020-06-04 09:51:21.1582|ERROR|WedigITCRM.Startup|end of ConfigureServices
2020-06-04 09:51:21.2350|ERROR|WedigITCRM.Startup|start of Configure method
2020-06-04 09:51:21.4718|ERROR|WedigITCRM.Startup|end of Configure method
2020-06-04 09:51:22.0914|ERROR|WedigITCRM.Controllers.HomeController|Entering index action in home controller
2020-06-04 09:51:22.1810|ERROR|WedigITCRM.Controllers.HomeController|index action in home controller redirecting to frontpage controller index action
2020-06-04 09:52:16.9977|ERROR|WedigITCRM.Controllers.HomeController|Entering index action in home controller
2020-06-04 09:52:17.0159|ERROR|WedigITCRM.Controllers.HomeController|index action in home controller redirecting to Customer controller AllCustomers action
2020-06-04 11:35:34.8088|ERROR|WedigITCRM.Startup|start of ConfigureServices
2020-06-04 11:35:35.5316|ERROR|WedigITCRM.Startup|end of ConfigureServices
2020-06-04 11:35:35.6735|ERROR|WedigITCRM.Startup|start of Configure method
2020-06-04 11:35:35.9100|ERROR|WedigITCRM.Startup|end of Configure method
2020-06-04 11:35:36.5142|ERROR|WedigITCRM.Controllers.HomeController|Entering index action in home controller
2020-06-04 11:35:36.5348|ERROR|WedigITCRM.Controllers.HomeController|index action in home controller redirecting to frontpage controller index action
2020-06-04 11:36:31.1511|ERROR|Microsoft.AspNetCore.Diagnostics.ExceptionHandlerMiddleware|An unhandled exception has occurred while executing the request.
2020-06-04 11:36:31.4768|ERROR|WedigITCRM.Startup|{"UserId":null,"UserName":null,"CompanyId":null,"CompanyName":null,"Type":null,"Title":"Unexpected Error","Status":500,"Detail":"Error converting value {null} to type 'System.Int32'. Path 'hits.hits[108]._source.Vrvirksomhed.virksomhedMetadata.nyesteBeliggenhedsadresse.postnummer', line 1, position 49966.\r\n                                         \r\n\r\n                                            at Newtonsoft.Json.Serialization.JsonSerializerInternalReader.EnsureType(JsonReader reader, Object value, CultureInfo culture, JsonContract contract, Type targetType)\r\n   at Newtonsoft.Json.Serialization.JsonSerializerInternalReader.SetPropertyValue(JsonProperty property, JsonConverter propertyConverter, JsonContainerContract containerContract, JsonProperty containerProperty, JsonReader reader, Object target)\r\n   at Newtonsoft.Json.Serialization.JsonSerializerInternalReader.PopulateObject(Object newObject, JsonReader reader, JsonObjectContract contract, JsonProperty member, String id)\r\n   at Newtonsoft.Json.Serialization.JsonSerializerInternalReader.CreateObject(JsonReader reader, Type objectType, JsonContract contract, JsonProperty member, JsonContainerContract containerContract, JsonProperty containerMember, Object existingValue)\r\n   at Newtonsoft.Json.Serialization.JsonSerializerInternalReader.SetPropertyValue(JsonProperty property, JsonConverter propertyConverter, JsonContainerContract containerContract, JsonProperty containerProperty, JsonReader reader, Object target)\r\n   at Newtonsoft.Json.Serialization.JsonSerializerInternalReader.PopulateObject(Object newObject, JsonReader reader, JsonObjectContract contract, JsonProperty member, String id)\r\n   at Newtonsoft.Json.Serialization.JsonSerializerInternalReader.CreateObject(JsonReader reader, Type objectType, JsonContract contract, JsonProperty member, JsonContainerContract containerContract, JsonProperty containerMember, Object existingValue)\r\n   at Newtonsoft.Json.Serialization.JsonSerializerInternalReader.SetPropertyValue(JsonProperty property, JsonConverter propertyConverter, JsonContainerContract containerContract, JsonProperty containerProperty, JsonReader reader, Object target)\r\n   at Newtonsoft.Json.Serialization.JsonSerializerInternalReader.PopulateObject(Object newObject, JsonReader reader, JsonObjectContract contract, JsonProperty member, String id)\r\n   at Newtonsoft.Json.Serialization.JsonSerializerInternalReader.CreateObject(JsonReader reader, Type objectType, JsonContract contract, JsonProperty member, JsonContainerContract containerContract, JsonProperty containerMember, Object existingValue)\r\n   at Newtonsoft.Json.Serialization.JsonSerializerInternalReader.SetPropertyValue(JsonProperty property, JsonConverter propertyConverter, JsonContainerContract containerContract, JsonProperty containerProperty, JsonReader reader, Object target)\r\n   at Newtonsoft.Json.Serialization.JsonSerializerInternalReader.PopulateObject(Object newObject, JsonReader reader, JsonObjectContract contract, JsonProperty member, String id)\r\n   at Newtonsoft.Json.Serialization.JsonSerializerInternalReader.CreateObject(JsonReader reader, Type objectType, JsonContract contract, JsonProperty member, JsonContainerContract containerContract, JsonProperty containerMember, Object existingValue)\r\n   at Newtonsoft.Json.Serialization.JsonSerializerInternalReader.SetPropertyValue(JsonProperty property, JsonConverter propertyConverter, JsonContainerContract containerContract, JsonProperty containerProperty, JsonReader reader, Object target)\r\n   at Newtonsoft.Json.Serialization.JsonSerializerInternalReader.PopulateObject(Object newObject, JsonReader reader, JsonObjectContract contract, JsonProperty member, String id)\r\n   at Newtonsoft.Json.Serialization.JsonSerializerInternalReader.CreateObject(JsonReader reader, Type objectType, JsonContract contract, JsonProperty member, JsonContainerContract containerContract, JsonProperty containerMember, Object existingValue)\r\n   at Newtonsoft.Json.Serialization.JsonSerializerInternalReader.PopulateList(IList list, JsonReader reader, JsonArrayContract contract, JsonProperty containerProperty, String id)\r\n   at Newtonsoft.Json.Serialization.JsonSerializerInternalReader.CreateList(JsonReader reader, Type objectType, JsonContract contract, JsonProperty member, Object existingValue, String id)\r\n   at Newtonsoft.Json.Serialization.JsonSerializerInternalReader.SetPropertyValue(JsonProperty property, JsonConverter propertyConverter, JsonContainerContract containerContract, JsonProperty containerProperty, JsonReader reader, Object target)\r\n   at Newtonsoft.Json.Serialization.JsonSerializerInternalReader.PopulateObject(Object newObject, JsonReader reader, JsonObjectContract contract, JsonProperty member, String id)\r\n   at Newtonsoft.Json.Serialization.JsonSerializerInternalReader.CreateObject(JsonReader reader, Type objectType, JsonContract contract, JsonProperty member, JsonContainerContract containerContract, JsonProperty containerMember, Object existingValue)\r\n   at Newtonsoft.Json.Serialization.JsonSerializerInternalReader.SetPropertyValue(JsonProperty property, JsonConverter propertyConverter, JsonContainerContract containerContract, JsonProperty containerProperty, JsonReader reader, Object target)\r\n   at Newtonsoft.Json.Serialization.JsonSerializerInternalReader.PopulateObject(Object newObject, JsonReader reader, JsonObjectContract contract, JsonProperty member, String id)\r\n   at Newtonsoft.Json.Serialization.JsonSerializerInternalReader.CreateObject(JsonReader reader, Type objectType, JsonContract contract, JsonProperty member, JsonContainerContract containerContract, JsonProperty containerMember, Object existingValue)\r\n   at Newtonsoft.Json.Serialization.JsonSerializerInternalReader.Deserialize(JsonReader reader, Type objectType, Boolean checkAdditionalContent)\r\n   at Newtonsoft.Json.JsonSerializer.DeserializeInternal(JsonReader reader, Type objectType)\r\n   at Newtonsoft.Json.JsonSerializer.Deserialize(JsonReader reader, Type objectType)\r\n   at Newtonsoft.Json.JsonConvert.DeserializeObject(String value, Type type, JsonSerializerSettings settings)\r\n   at Newtonsoft.Json.JsonConvert.DeserializeObject[T](String value, JsonSerializerSettings settings)\r\n   at Newtonsoft.Json.JsonConvert.DeserializeObject[T](String value)\r\n   at WedigITCRM.VirkAPI.Companies.search(VirkQuery virkquery) in C:\\Users\\John\\source\\repos\\WedigITCRM\\WedigITCRM\\VirkAPI\\Companies.cs:line 40\r\n   at WedigITCRM.Controllers.HomeController.searchInVirkByCompanyName(String term) in C:\\Users\\John\\source\\repos\\WedigITCRM\\WedigITCRM\\Controllers\\HomeController.cs:line 101\r\n   at Microsoft.AspNetCore.Mvc.Infrastructure.ActionMethodExecutor.TaskOfIActionResultExecutor.Execute(IActionResultTypeMapper mapper, ObjectMethodExecutor executor, Object controller, Object[] arguments)\r\n   at Microsoft.AspNetCore.Mvc.Infrastructure.ControllerActionInvoker.<InvokeActionMethodAsync>g__Awaited|12_0(ControllerActionInvoker invoker, ValueTask`1 actionResultValueTask)\r\n   at Microsoft.AspNetCore.Mvc.Infrastructure.ControllerActionInvoker.<InvokeNextActionFilterAsync>g__Awaited|10_0(ControllerActionInvoker invoker, Task lastTask, State next, Scope scope, Object state, Boolean isCompleted)\r\n   at Microsoft.AspNetCore.Mvc.Infrastructure.ControllerActionInvoker.Rethrow(ActionExecutedContextSealed context)\r\n   at Microsoft.AspNetCore.Mvc.Infrastructure.ControllerActionInvoker.Next(State& next, Scope& scope, Object& state, Boolean& isCompleted)\r\n   at Microsoft.AspNetCore.Mvc.Infrastructure.ControllerActionInvoker.InvokeInnerFilterAsync()\r\n--- End of stack trace from previous location where exception was thrown ---\r\n   at Microsoft.AspNetCore.Mvc.Infrastructure.ResourceInvoker.<InvokeNextResourceFilter>g__Awaited|24_0(ResourceInvoker invoker, Task lastTask, State next, Scope scope, Object state, Boolean isCompleted)\r\n   at Microsoft.AspNetCore.Mvc.Infrastructure.ResourceInvoker.Rethrow(ResourceExecutedContextSealed context)\r\n   at Microsoft.AspNetCore.Mvc.Infrastructure.ResourceInvoker.Next(State& next, Scope& scope, Object& state, Boolean& isCompleted)\r\n   at Microsoft.AspNetCore.Mvc.Infrastructure.ResourceInvoker.InvokeFilterPipelineAsync()\r\n--- End of stack trace from previous location where exception was thrown ---\r\n   at Microsoft.AspNetCore.Mvc.Infrastructure.ResourceInvoker.<InvokeAsync>g__Logged|17_1(ResourceInvoker invoker)\r\n   at Microsoft.AspNetCore.Builder.RouterMiddleware.Invoke(HttpContext httpContext)\r\n   at Microsoft.AspNetCore.Authentication.AuthenticationMiddleware.Invoke(HttpContext context)\r\n   at Microsoft.AspNetCore.Diagnostics.ExceptionHandlerMiddleware.<Invoke>g__Awaited|6_0(ExceptionHandlerMiddleware middleware, HttpContext context, Task task)","Instance":"50f7d372-bc0f-49b2-b8b0-0f4c2eaea63a","Extensions":{}}
2020-06-04 11:39:08.3340|ERROR|WedigITCRM.Controllers.HomeController|Entering index action in home controller
2020-06-04 11:39:08.3618|ERROR|WedigITCRM.Controllers.HomeController|index action in home controller redirecting to Customer controller AllCustomers action
2020-06-04 11:40:17.6156|ERROR|WedigITCRM.Controllers.HomeController|Entering index action in home controller
2020-06-04 11:40:17.6399|ERROR|WedigITCRM.Controllers.HomeController|index action in home controller redirecting to frontpage controller index action
2020-06-04 11:40:32.3368|ERROR|WedigITCRM.Controllers.HomeController|Entering index action in home controller
2020-06-04 11:40:32.3613|ERROR|WedigITCRM.Controllers.HomeController|index action in home controller redirecting to Customer controller AllCustomers action
2020-06-04 11:43:17.0613|ERROR|Microsoft.AspNetCore.Diagnostics.ExceptionHandlerMiddleware|An unhandled exception has occurred while executing the request.
2020-06-04 11:43:17.4503|ERROR|WedigITCRM.Startup|{"UserId":null,"UserName":null,"CompanyId":null,"CompanyName":null,"Type":null,"Title":"Unexpected Error","Status":500,"Detail":"Value cannot be null. (Parameter 'user')\r\n                                         \r\n\r\n                                            at Microsoft.AspNetCore.Identity.UserClaimsPrincipalFactory`1.CreateAsync(TUser user)\r\n   at Microsoft.AspNetCore.Identity.SignInManager`1.CreateUserPrincipalAsync(TUser user)\r\n   at WedigITCRM.Controllers.ImpersonationController.ImpersonateUser(String userId) in C:\\Users\\John\\source\\repos\\WedigITCRM\\WedigITCRM\\Controllers\\ImpersonationController.cs:line 30\r\n   at Microsoft.AspNetCore.Mvc.Infrastructure.ActionMethodExecutor.TaskOfIActionResultExecutor.Execute(IActionResultTypeMapper mapper, ObjectMethodExecutor executor, Object controller, Object[] arguments)\r\n   at Microsoft.AspNetCore.Mvc.Infrastructure.ControllerActionInvoker.<InvokeActionMethodAsync>g__Awaited|12_0(ControllerActionInvoker invoker, ValueTask`1 actionResultValueTask)\r\n   at Microsoft.AspNetCore.Mvc.Infrastructure.ControllerActionInvoker.<InvokeNextActionFilterAsync>g__Awaited|10_0(ControllerActionInvoker invoker, Task lastTask, State next, Scope scope, Object state, Boolean isCompleted)\r\n   at Microsoft.AspNetCore.Mvc.Infrastructure.ControllerActionInvoker.Rethrow(ActionExecutedContextSealed context)\r\n   at Microsoft.AspNetCore.Mvc.Infrastructure.ControllerActionInvoker.Next(State& next, Scope& scope, Object& state, Boolean& isCompleted)\r\n   at Microsoft.AspNetCore.Mvc.Infrastructure.ControllerActionInvoker.InvokeInnerFilterAsync()\r\n--- End of stack trace from previous location where exception was thrown ---\r\n   at Microsoft.AspNetCore.Mvc.Infrastructure.ResourceInvoker.<InvokeNextResourceFilter>g__Awaited|24_0(ResourceInvoker invoker, Task lastTask, State next, Scope scope, Object state, Boolean isCompleted)\r\n   at Microsoft.AspNetCore.Mvc.Infrastructure.ResourceInvoker.Rethrow(ResourceExecutedContextSealed context)\r\n   at Microsoft.AspNetCore.Mvc.Infrastructure.ResourceInvoker.Next(State& next, Scope& scope, Object& state, Boolean& isCompleted)\r\n   at Microsoft.AspNetCore.Mvc.Infrastructure.ResourceInvoker.InvokeFilterPipelineAsync()\r\n--- End of stack trace from previous location where exception was thrown ---\r\n   at Microsoft.AspNetCore.Mvc.Infrastructure.ResourceInvoker.<InvokeAsync>g__Logged|17_1(ResourceInvoker invoker)\r\n   at Microsoft.AspNetCore.Builder.RouterMiddleware.Invoke(HttpContext httpContext)\r\n   at Microsoft.AspNetCore.Authentication.AuthenticationMiddleware.Invoke(HttpContext context)\r\n   at Microsoft.AspNetCore.Diagnostics.ExceptionHandlerMiddleware.<Invoke>g__Awaited|6_0(ExceptionHandlerMiddleware middleware, HttpContext context, Task task)","Instance":"ae75f08b-baae-4be9-814e-27003fccf772","Extensions":{}}
2020-06-04 11:44:12.8891|ERROR|Microsoft.AspNetCore.Diagnostics.ExceptionHandlerMiddleware|An unhandled exception has occurred while executing the request.
2020-06-04 11:44:12.9135|ERROR|WedigITCRM.Startup|{"UserId":null,"UserName":null,"CompanyId":null,"CompanyName":null,"Type":null,"Title":"Unexpected Error","Status":500,"Detail":"Value cannot be null. (Parameter 'user')\r\n                                         \r\n\r\n                                            at Microsoft.AspNetCore.Identity.UserClaimsPrincipalFactory`1.CreateAsync(TUser user)\r\n   at Microsoft.AspNetCore.Identity.SignInManager`1.CreateUserPrincipalAsync(TUser user)\r\n   at WedigITCRM.Controllers.ImpersonationController.ImpersonateUser(String userId) in C:\\Users\\John\\source\\repos\\WedigITCRM\\WedigITCRM\\Controllers\\ImpersonationController.cs:line 30\r\n   at Microsoft.AspNetCore.Mvc.Infrastructure.ActionMethodExecutor.TaskOfIActionResultExecutor.Execute(IActionResultTypeMapper mapper, ObjectMethodExecutor executor, Object controller, Object[] arguments)\r\n   at Microsoft.AspNetCore.Mvc.Infrastructure.ControllerActionInvoker.<InvokeActionMethodAsync>g__Awaited|12_0(ControllerActionInvoker invoker, ValueTask`1 actionResultValueTask)\r\n   at Microsoft.AspNetCore.Mvc.Infrastructure.ControllerActionInvoker.<InvokeNextActionFilterAsync>g__Awaited|10_0(ControllerActionInvoker invoker, Task lastTask, State next, Scope scope, Object state, Boolean isCompleted)\r\n   at Microsoft.AspNetCore.Mvc.Infrastructure.ControllerActionInvoker.Rethrow(ActionExecutedContextSealed context)\r\n   at Microsoft.AspNetCore.Mvc.Infrastructure.ControllerActionInvoker.Next(State& next, Scope& scope, Object& state, Boolean& isCompleted)\r\n   at Microsoft.AspNetCore.Mvc.Infrastructure.ControllerActionInvoker.<InvokeInnerFilterAsync>g__Awaited|13_0(ControllerActionInvoker invoker, Task lastTask, State next, Scope scope, Object state, Boolean isCompleted)\r\n   at Microsoft.AspNetCore.Mvc.Infrastructure.ResourceInvoker.<InvokeNextResourceFilter>g__Awaited|24_0(ResourceInvoker invoker, Task lastTask, State next, Scope scope, Object state, Boolean isCompleted)\r\n   at Microsoft.AspNetCore.Mvc.Infrastructure.ResourceInvoker.Rethrow(ResourceExecutedContextSealed context)\r\n   at Microsoft.AspNetCore.Mvc.Infrastructure.ResourceInvoker.Next(State& next, Scope& scope, Object& state, Boolean& isCompleted)\r\n   at Microsoft.AspNetCore.Mvc.Infrastructure.ResourceInvoker.<InvokeFilterPipelineAsync>g__Awaited|19_0(ResourceInvoker invoker, Task lastTask, State next, Scope scope, Object state, Boolean isCompleted)\r\n   at Microsoft.AspNetCore.Mvc.Infrastructure.ResourceInvoker.<InvokeAsync>g__Logged|17_1(ResourceInvoker invoker)\r\n   at Microsoft.AspNetCore.Builder.RouterMiddleware.Invoke(HttpContext httpContext)\r\n   at Microsoft.AspNetCore.Authentication.AuthenticationMiddleware.Invoke(HttpContext context)\r\n   at Microsoft.AspNetCore.Diagnostics.ExceptionHandlerMiddleware.<Invoke>g__Awaited|6_0(ExceptionHandlerMiddleware middleware, HttpContext context, Task task)","Instance":"3409d743-4887-4b7f-9482-657818c01e0a","Extensions":{}}
2020-06-04 11:44:58.0170|ERROR|Microsoft.AspNetCore.Diagnostics.ExceptionHandlerMiddleware|An unhandled exception has occurred while executing the request.
2020-06-04 11:44:58.0318|ERROR|WedigITCRM.Startup|{"UserId":null,"UserName":null,"CompanyId":null,"CompanyName":null,"Type":null,"Title":"Unexpected Error","Status":500,"Detail":"Value cannot be null. (Parameter 'value')\r\n                                         \r\n\r\n                                            at System.Security.Claims.Claim..ctor(String type, String value, String valueType, String issuer, String originalIssuer, ClaimsIdentity subject, String propertyKey, String propertyValue)\r\n   at System.Security.Claims.Claim..ctor(String type, String value)\r\n   at WedigITCRM.Controllers.ImpersonationController.ImpersonateUser(String userId) in C:\\Users\\John\\source\\repos\\WedigITCRM\\WedigITCRM\\Controllers\\ImpersonationController.cs:line 32\r\n   at Microsoft.AspNetCore.Mvc.Infrastructure.ActionMethodExecutor.TaskOfIActionResultExecutor.Execute(IActionResultTypeMapper mapper, ObjectMethodExecutor executor, Object controller, Object[] arguments)\r\n   at Microsoft.AspNetCore.Mvc.Infrastructure.ControllerActionInvoker.<InvokeActionMethodAsync>g__Awaited|12_0(ControllerActionInvoker invoker, ValueTask`1 actionResultValueTask)\r\n   at Microsoft.AspNetCore.Mvc.Infrastructure.ControllerActionInvoker.<InvokeNextActionFilterAsync>g__Awaited|10_0(ControllerActionInvoker invoker, Task lastTask, State next, Scope scope, Object state, Boolean isCompleted)\r\n   at Microsoft.AspNetCore.Mvc.Infrastructure.ControllerActionInvoker.Rethrow(ActionExecutedContextSealed context)\r\n   at Microsoft.AspNetCore.Mvc.Infrastructure.ControllerActionInvoker.Next(State& next, Scope& scope, Object& state, Boolean& isCompleted)\r\n   at Microsoft.AspNetCore.Mvc.Infrastructure.ControllerActionInvoker.<InvokeInnerFilterAsync>g__Awaited|13_0(ControllerActionInvoker invoker, Task lastTask, State next, Scope scope, Object state, Boolean isCompleted)\r\n   at Microsoft.AspNetCore.Mvc.Infrastructure.ResourceInvoker.<InvokeNextResourceFilter>g__Awaited|24_0(ResourceInvoker invoker, Task lastTask, State next, Scope scope, Object state, Boolean isCompleted)\r\n   at Microsoft.AspNetCore.Mvc.Infrastructure.ResourceInvoker.Rethrow(ResourceExecutedContextSealed context)\r\n   at Microsoft.AspNetCore.Mvc.Infrastructure.ResourceInvoker.Next(State& next, Scope& scope, Object& state, Boolean& isCompleted)\r\n   at Microsoft.AspNetCore.Mvc.Infrastructure.ResourceInvoker.<InvokeFilterPipelineAsync>g__Awaited|19_0(ResourceInvoker invoker, Task lastTask, State next, Scope scope, Object state, Boolean isCompleted)\r\n   at Microsoft.AspNetCore.Mvc.Infrastructure.ResourceInvoker.<InvokeAsync>g__Logged|17_1(ResourceInvoker invoker)\r\n   at Microsoft.AspNetCore.Builder.RouterMiddleware.Invoke(HttpContext httpContext)\r\n   at Microsoft.AspNetCore.Authentication.AuthenticationMiddleware.Invoke(HttpContext context)\r\n   at Microsoft.AspNetCore.Diagnostics.ExceptionHandlerMiddleware.<Invoke>g__Awaited|6_0(ExceptionHandlerMiddleware middleware, HttpContext context, Task task)","Instance":"dbc9a288-046c-4608-bea0-dda7b58581dd","Extensions":{}}
2020-06-04 11:47:00.3827|ERROR|Microsoft.AspNetCore.Diagnostics.ExceptionHandlerMiddleware|An unhandled exception has occurred while executing the request.
2020-06-04 11:47:00.4002|ERROR|WedigITCRM.Startup|{"UserId":null,"UserName":null,"CompanyId":null,"CompanyName":null,"Type":null,"Title":"Unexpected Error","Status":500,"Detail":"Value cannot be null. (Parameter 'value')\r\n                                         \r\n\r\n                                            at System.Security.Claims.Claim..ctor(String type, String value, String valueType, String issuer, String originalIssuer, ClaimsIdentity subject, String propertyKey, String propertyValue)\r\n   at System.Security.Claims.Claim..ctor(String type, String value)\r\n   at WedigITCRM.Controllers.ImpersonationController.ImpersonateUser(String userId) in C:\\Users\\John\\source\\repos\\WedigITCRM\\WedigITCRM\\Controllers\\ImpersonationController.cs:line 32\r\n   at Microsoft.AspNetCore.Mvc.Infrastructure.ActionMethodExecutor.TaskOfIActionResultExecutor.Execute(IActionResultTypeMapper mapper, ObjectMethodExecutor executor, Object controller, Object[] arguments)\r\n   at Microsoft.AspNetCore.Mvc.Infrastructure.ControllerActionInvoker.<InvokeActionMethodAsync>g__Awaited|12_0(ControllerActionInvoker invoker, ValueTask`1 actionResultValueTask)\r\n   at Microsoft.AspNetCore.Mvc.Infrastructure.ControllerActionInvoker.<InvokeNextActionFilterAsync>g__Awaited|10_0(ControllerActionInvoker invoker, Task lastTask, State next, Scope scope, Object state, Boolean isCompleted)\r\n   at Microsoft.AspNetCore.Mvc.Infrastructure.ControllerActionInvoker.Rethrow(ActionExecutedContextSealed context)\r\n   at Microsoft.AspNetCore.Mvc.Infrastructure.ControllerActionInvoker.Next(State& next, Scope& scope, Object& state, Boolean& isCompleted)\r\n   at Microsoft.AspNetCore.Mvc.Infrastructure.ControllerActionInvoker.<InvokeInnerFilterAsync>g__Awaited|13_0(ControllerActionInvoker invoker, Task lastTask, State next, Scope scope, Object state, Boolean isCompleted)\r\n   at Microsoft.AspNetCore.Mvc.Infrastructure.ResourceInvoker.<InvokeNextResourceFilter>g__Awaited|24_0(ResourceInvoker invoker, Task lastTask, State next, Scope scope, Object state, Boolean isCompleted)\r\n   at Microsoft.AspNetCore.Mvc.Infrastructure.ResourceInvoker.Rethrow(ResourceExecutedContextSealed context)\r\n   at Microsoft.AspNetCore.Mvc.Infrastructure.ResourceInvoker.Next(State& next, Scope& scope, Object& state, Boolean& isCompleted)\r\n   at Microsoft.AspNetCore.Mvc.Infrastructure.ResourceInvoker.<InvokeFilterPipelineAsync>g__Awaited|19_0(ResourceInvoker invoker, Task lastTask, State next, Scope scope, Object state, Boolean isCompleted)\r\n   at Microsoft.AspNetCore.Mvc.Infrastructure.ResourceInvoker.<InvokeAsync>g__Logged|17_1(ResourceInvoker invoker)\r\n   at Microsoft.AspNetCore.Builder.RouterMiddleware.Invoke(HttpContext httpContext)\r\n   at Microsoft.AspNetCore.Authentication.AuthenticationMiddleware.Invoke(HttpContext context)\r\n   at Microsoft.AspNetCore.Diagnostics.ExceptionHandlerMiddleware.<Invoke>g__Awaited|6_0(ExceptionHandlerMiddleware middleware, HttpContext context, Task task)","Instance":"5123f40e-ea2b-41c7-92c0-6751ed13066a","Extensions":{}}
2020-06-04 12:04:00.3511|ERROR|WedigITCRM.Startup|start of ConfigureServices
2020-06-04 12:04:01.7679|ERROR|WedigITCRM.Startup|end of ConfigureServices
2020-06-04 12:04:01.9560|ERROR|WedigITCRM.Startup|start of Configure method
2020-06-04 12:04:02.3051|ERROR|WedigITCRM.Startup|end of Configure method
2020-06-04 12:04:06.8630|ERROR|WedigITCRM.Controllers.HomeController|Entering index action in home controller
2020-06-04 12:04:06.9864|ERROR|WedigITCRM.Controllers.HomeController|index action in home controller redirecting to frontpage controller index action
2020-06-04 12:04:28.2873|ERROR|WedigITCRM.Controllers.HomeController|Entering index action in home controller
2020-06-04 12:04:28.3066|ERROR|WedigITCRM.Controllers.HomeController|index action in home controller redirecting to Customer controller AllCustomers action
2020-06-04 12:05:22.5909|ERROR|WedigITCRM.Controllers.HomeController|Entering index action in home controller
2020-06-04 12:05:22.6081|ERROR|WedigITCRM.Controllers.HomeController|index action in home controller redirecting to frontpage controller index action
2020-06-04 12:05:49.1968|ERROR|WedigITCRM.Controllers.HomeController|Entering index action in home controller
2020-06-04 12:05:50.7435|ERROR|WedigITCRM.Controllers.HomeController|index action in home controller redirecting to frontpage controller index action
2020-06-04 12:17:14.0282|ERROR|WedigITCRM.Startup|start of ConfigureServices
2020-06-04 12:17:15.0756|ERROR|WedigITCRM.Startup|end of ConfigureServices
2020-06-04 12:17:15.2623|ERROR|WedigITCRM.Startup|start of Configure method
2020-06-04 12:17:15.6999|ERROR|WedigITCRM.Startup|end of Configure method
2020-06-04 12:17:17.0019|ERROR|WedigITCRM.Controllers.HomeController|Entering index action in home controller
2020-06-04 12:17:17.2170|ERROR|WedigITCRM.Controllers.HomeController|index action in home controller redirecting to frontpage controller index action
2020-06-04 12:17:38.9064|ERROR|WedigITCRM.Controllers.HomeController|Entering index action in home controller
2020-06-04 12:17:38.9526|ERROR|WedigITCRM.Controllers.HomeController|index action in home controller redirecting to Customer controller AllCustomers action
2020-06-04 12:18:03.6377|ERROR|WedigITCRM.Controllers.HomeController|Entering index action in home controller
2020-06-04 12:18:03.6595|ERROR|WedigITCRM.Controllers.HomeController|index action in home controller redirecting to Customer controller AllCustomers action
2020-06-04 21:54:02.7208|ERROR|WedigITCRM.Startup|start of ConfigureServices
2020-06-04 21:54:03.7444|ERROR|WedigITCRM.Startup|end of ConfigureServices
2020-06-04 21:54:03.8374|ERROR|WedigITCRM.Startup|start of Configure method
2020-06-04 21:54:04.2112|ERROR|WedigITCRM.Startup|end of Configure method
2020-06-04 21:54:07.0676|ERROR|WedigITCRM.Controllers.HomeController|Entering index action in home controller
2020-06-04 21:54:07.1344|ERROR|WedigITCRM.Controllers.HomeController|index action in home controller redirecting to frontpage controller index action
2020-06-04 21:54:58.1531|ERROR|WedigITCRM.Controllers.HomeController|Entering index action in home controller
2020-06-04 21:54:58.1656|ERROR|WedigITCRM.Controllers.HomeController|index action in home controller redirecting to Customer controller AllCustomers action
2020-06-04 21:56:11.2292|ERROR|WedigITCRM.Controllers.HomeController|Entering index action in home controller
2020-06-04 21:56:11.2548|ERROR|WedigITCRM.Controllers.HomeController|index action in home controller redirecting to Customer controller AllCustomers action
2020-06-04 21:57:12.6803|ERROR|Microsoft.AspNetCore.Diagnostics.ExceptionHandlerMiddleware|An unhandled exception has occurred while executing the request.
2020-06-04 21:57:12.8957|ERROR|WedigITCRM.Startup|{"UserId":"1345d06c-2be0-4701-8102-cfe8cfbb65bf","UserName":"jp@wedigit.dk","CompanyId":"14026","CompanyName":"Olivers Entreprenørfirma v/Kaj Oliver Hansen","Type":null,"Title":"Unexpected Error","Status":500,"Detail":"You are not impersonating now. Can't stop impersonation\r\n                                         \r\n\r\n                                            at WedigITCRM.Controllers.ImpersonationController.StopImpersonation() in C:\\Users\\John\\source\\repos\\WedigITCRM\\WedigITCRM\\Controllers\\ImpersonationController.cs:line 59\r\n   at Microsoft.AspNetCore.Mvc.Infrastructure.ActionMethodExecutor.TaskOfIActionResultExecutor.Execute(IActionResultTypeMapper mapper, ObjectMethodExecutor executor, Object controller, Object[] arguments)\r\n   at Microsoft.AspNetCore.Mvc.Infrastructure.ControllerActionInvoker.<InvokeActionMethodAsync>g__Awaited|12_0(ControllerActionInvoker invoker, ValueTask`1 actionResultValueTask)\r\n   at Microsoft.AspNetCore.Mvc.Infrastructure.ControllerActionInvoker.<InvokeNextActionFilterAsync>g__Awaited|10_0(ControllerActionInvoker invoker, Task lastTask, State next, Scope scope, Object state, Boolean isCompleted)\r\n   at Microsoft.AspNetCore.Mvc.Infrastructure.ControllerActionInvoker.Rethrow(ActionExecutedContextSealed context)\r\n   at Microsoft.AspNetCore.Mvc.Infrastructure.ControllerActionInvoker.Next(State& next, Scope& scope, Object& state, Boolean& isCompleted)\r\n   at Microsoft.AspNetCore.Mvc.Infrastructure.ControllerActionInvoker.InvokeInnerFilterAsync()\r\n--- End of stack trace from previous location where exception was thrown ---\r\n   at Microsoft.AspNetCore.Mvc.Infrastructure.ResourceInvoker.<InvokeNextResourceFilter>g__Awaited|24_0(ResourceInvoker invoker, Task lastTask, State next, Scope scope, Object state, Boolean isCompleted)\r\n   at Microsoft.AspNetCore.Mvc.Infrastructure.ResourceInvoker.Rethrow(ResourceExecutedContextSealed context)\r\n   at Microsoft.AspNetCore.Mvc.Infrastructure.ResourceInvoker.Next(State& next, Scope& scope, Object& state, Boolean& isCompleted)\r\n   at Microsoft.AspNetCore.Mvc.Infrastructure.ResourceInvoker.InvokeFilterPipelineAsync()\r\n--- End of stack trace from previous location where exception was thrown ---\r\n   at Microsoft.AspNetCore.Mvc.Infrastructure.ResourceInvoker.<InvokeAsync>g__Logged|17_1(ResourceInvoker invoker)\r\n   at Microsoft.AspNetCore.Builder.RouterMiddleware.Invoke(HttpContext httpContext)\r\n   at Microsoft.AspNetCore.Authentication.AuthenticationMiddleware.Invoke(HttpContext context)\r\n   at Microsoft.AspNetCore.Diagnostics.ExceptionHandlerMiddleware.<Invoke>g__Awaited|6_0(ExceptionHandlerMiddleware middleware, HttpContext context, Task task)","Instance":"e2afcfee-f41b-4e41-a7be-c68eef1decbe","Extensions":{}}
2020-06-04 22:01:11.9001|ERROR|WedigITCRM.Startup|start of ConfigureServices
2020-06-04 22:01:12.9765|ERROR|WedigITCRM.Startup|end of ConfigureServices
2020-06-04 22:01:13.2356|ERROR|WedigITCRM.Startup|start of Configure method
2020-06-04 22:01:13.4919|ERROR|WedigITCRM.Startup|end of Configure method
2020-06-04 22:01:17.5060|ERROR|WedigITCRM.Controllers.HomeController|Entering index action in home controller
2020-06-04 22:01:17.5060|ERROR|WedigITCRM.Controllers.HomeController|index action in home controller redirecting to Customer controller AllCustomers action
2020-06-04 22:01:29.2089|ERROR|WedigITCRM.Controllers.HomeController|Entering index action in home controller
2020-06-04 22:01:29.2089|ERROR|WedigITCRM.Controllers.HomeController|index action in home controller redirecting to frontpage controller index action
2020-06-04 22:01:42.9273|ERROR|WedigITCRM.Controllers.HomeController|Entering index action in home controller
2020-06-04 22:01:42.9273|ERROR|WedigITCRM.Controllers.HomeController|index action in home controller redirecting to Customer controller AllCustomers action
2020-06-04 22:02:10.7151|ERROR|WedigITCRM.Controllers.HomeController|Entering index action in home controller
2020-06-04 22:02:10.7378|ERROR|WedigITCRM.Controllers.HomeController|index action in home controller redirecting to Customer controller AllCustomers action
2020-06-04 22:07:24.7503|ERROR|WedigITCRM.Startup|start of ConfigureServices
2020-06-04 22:07:25.7857|ERROR|WedigITCRM.Startup|end of ConfigureServices
2020-06-04 22:07:25.8589|ERROR|WedigITCRM.Startup|start of Configure method
2020-06-04 22:07:26.2799|ERROR|WedigITCRM.Startup|end of Configure method
2020-06-04 22:07:30.2800|ERROR|WedigITCRM.Controllers.HomeController|Entering index action in home controller
2020-06-04 22:07:30.3145|ERROR|WedigITCRM.Controllers.HomeController|index action in home controller redirecting to Customer controller AllCustomers action
2020-06-04 22:07:35.9147|ERROR|WedigITCRM.Controllers.HomeController|Entering index action in home controller
2020-06-04 22:07:35.9350|ERROR|WedigITCRM.Controllers.HomeController|index action in home controller redirecting to frontpage controller index action
2020-06-04 22:07:54.3936|ERROR|WedigITCRM.Controllers.HomeController|Entering index action in home controller
2020-06-04 22:07:54.5901|ERROR|WedigITCRM.Controllers.HomeController|index action in home controller redirecting to Customer controller AllCustomers action
2020-06-04 22:08:09.2761|ERROR|WedigITCRM.Controllers.HomeController|Entering index action in home controller
2020-06-04 22:08:09.2982|ERROR|WedigITCRM.Controllers.HomeController|index action in home controller redirecting to Customer controller AllCustomers action
2020-06-04 22:08:35.6819|ERROR|Microsoft.AspNetCore.Diagnostics.ExceptionHandlerMiddleware|An unhandled exception has occurred while executing the request.
2020-06-04 22:08:35.8043|ERROR|WedigITCRM.Startup|{"UserId":"1345d06c-2be0-4701-8102-cfe8cfbb65bf","UserName":"jp@wedigit.dk","CompanyId":"14026","CompanyName":"Olivers Entreprenørfirma v/Kaj Oliver Hansen","Type":null,"Title":"Unexpected Error","Status":500,"Detail":"You are not impersonating now. Can't stop impersonation\r\n                                         \r\n\r\n                                            at WedigITCRM.Controllers.ImpersonationController.StopImpersonation() in C:\\Users\\John\\source\\repos\\WedigITCRM\\WedigITCRM\\Controllers\\ImpersonationController.cs:line 62\r\n   at Microsoft.AspNetCore.Mvc.Infrastructure.ActionMethodExecutor.TaskOfIActionResultExecutor.Execute(IActionResultTypeMapper mapper, ObjectMethodExecutor executor, Object controller, Object[] arguments)\r\n   at Microsoft.AspNetCore.Mvc.Infrastructure.ControllerActionInvoker.<InvokeActionMethodAsync>g__Awaited|12_0(ControllerActionInvoker invoker, ValueTask`1 actionResultValueTask)\r\n   at Microsoft.AspNetCore.Mvc.Infrastructure.ControllerActionInvoker.<InvokeNextActionFilterAsync>g__Awaited|10_0(ControllerActionInvoker invoker, Task lastTask, State next, Scope scope, Object state, Boolean isCompleted)\r\n   at Microsoft.AspNetCore.Mvc.Infrastructure.ControllerActionInvoker.Rethrow(ActionExecutedContextSealed context)\r\n   at Microsoft.AspNetCore.Mvc.Infrastructure.ControllerActionInvoker.Next(State& next, Scope& scope, Object& state, Boolean& isCompleted)\r\n   at Microsoft.AspNetCore.Mvc.Infrastructure.ControllerActionInvoker.InvokeInnerFilterAsync()\r\n--- End of stack trace from previous location where exception was thrown ---\r\n   at Microsoft.AspNetCore.Mvc.Infrastructure.ResourceInvoker.<InvokeNextResourceFilter>g__Awaited|24_0(ResourceInvoker invoker, Task lastTask, State next, Scope scope, Object state, Boolean isCompleted)\r\n   at Microsoft.AspNetCore.Mvc.Infrastructure.ResourceInvoker.Rethrow(ResourceExecutedContextSealed context)\r\n   at Microsoft.AspNetCore.Mvc.Infrastructure.ResourceInvoker.Next(State& next, Scope& scope, Object& state, Boolean& isCompleted)\r\n   at Microsoft.AspNetCore.Mvc.Infrastructure.ResourceInvoker.InvokeFilterPipelineAsync()\r\n--- End of stack trace from previous location where exception was thrown ---\r\n   at Microsoft.AspNetCore.Mvc.Infrastructure.ResourceInvoker.<InvokeAsync>g__Logged|17_1(ResourceInvoker invoker)\r\n   at Microsoft.AspNetCore.Builder.RouterMiddleware.Invoke(HttpContext httpContext)\r\n   at Microsoft.AspNetCore.Authentication.AuthenticationMiddleware.Invoke(HttpContext context)\r\n   at Microsoft.AspNetCore.Diagnostics.ExceptionHandlerMiddleware.<Invoke>g__Awaited|6_0(ExceptionHandlerMiddleware middleware, HttpContext context, Task task)","Instance":"a56837e0-3f3e-4398-bd32-bf715a136f41","Extensions":{}}
2020-06-04 22:08:41.5082|ERROR|WedigITCRM.Controllers.HomeController|Entering index action in home controller
2020-06-04 22:08:41.5307|ERROR|WedigITCRM.Controllers.HomeController|index action in home controller redirecting to frontpage controller index action
2020-06-04 22:09:39.3004|ERROR|WedigITCRM.Startup|start of ConfigureServices
2020-06-04 22:09:40.0467|ERROR|WedigITCRM.Startup|end of ConfigureServices
2020-06-04 22:09:40.1249|ERROR|WedigITCRM.Startup|start of Configure method
2020-06-04 22:09:40.6571|ERROR|WedigITCRM.Startup|end of Configure method
2020-06-04 22:09:42.3279|ERROR|WedigITCRM.Controllers.HomeController|Entering index action in home controller
2020-06-04 22:09:42.4640|ERROR|WedigITCRM.Controllers.HomeController|index action in home controller redirecting to frontpage controller index action
2020-06-04 22:10:21.6042|ERROR|WedigITCRM.Controllers.HomeController|Entering index action in home controller
2020-06-04 22:10:21.6163|ERROR|WedigITCRM.Controllers.HomeController|index action in home controller redirecting to Customer controller AllCustomers action
2020-06-04 22:10:41.2916|ERROR|WedigITCRM.Controllers.HomeController|Entering index action in home controller
2020-06-04 22:10:41.3049|ERROR|WedigITCRM.Controllers.HomeController|index action in home controller redirecting to Customer controller AllCustomers action
2020-06-04 22:11:00.2410|ERROR|WedigITCRM.Controllers.HomeController|Entering index action in home controller
2020-06-04 22:11:00.2611|ERROR|WedigITCRM.Controllers.HomeController|index action in home controller redirecting to Customer controller AllCustomers action
2020-06-04 22:16:50.2817|ERROR|WedigITCRM.Startup|start of ConfigureServices
2020-06-04 22:16:50.3799|ERROR|WedigITCRM.Startup|end of ConfigureServices
2020-06-04 23:41:52.1730|ERROR|WedigITCRM.Startup|start of ConfigureServices
2020-06-04 23:41:53.5734|ERROR|WedigITCRM.Startup|end of ConfigureServices
2020-06-04 23:41:53.6589|ERROR|WedigITCRM.Startup|start of Configure method
2020-06-04 23:41:54.2042|ERROR|WedigITCRM.Startup|end of Configure method
2020-06-04 23:41:55.5196|ERROR|WedigITCRM.Controllers.HomeController|Entering index action in home controller
2020-06-04 23:41:55.7733|ERROR|WedigITCRM.Controllers.HomeController|index action in home controller redirecting to frontpage controller index action
2020-06-04 23:42:15.2673|ERROR|WedigITCRM.Controllers.HomeController|Entering index action in home controller
2020-06-04 23:42:15.4039|ERROR|WedigITCRM.Controllers.HomeController|index action in home controller redirecting to Customer controller AllCustomers action
2020-06-04 23:49:46.4315|ERROR|WedigITCRM.Startup|start of ConfigureServices
2020-06-04 23:49:47.2625|ERROR|WedigITCRM.Startup|end of ConfigureServices
2020-06-04 23:49:47.3294|ERROR|WedigITCRM.Startup|start of Configure method
2020-06-04 23:49:47.5372|ERROR|WedigITCRM.Startup|end of Configure method
2020-06-04 23:49:50.5815|ERROR|WedigITCRM.Controllers.HomeController|Entering index action in home controller
2020-06-04 23:49:50.6198|ERROR|WedigITCRM.Controllers.HomeController|index action in home controller redirecting to Customer controller AllCustomers action
