2021-01-02 15:35:09.7973|ERROR|WedigITCRM.Startup|start of ConfigureServices
2021-01-02 15:35:09.9794|ERROR|WedigITCRM.Startup|end of ConfigureServices
2021-01-02 15:35:11.0089|WARN|Microsoft.EntityFrameworkCore.Model.Validation|No type was specified for the decimal column 'OurUnitSalesPrice' on entity type 'PurchaseOrderLine'. This will cause values to be silently truncated if they do not fit in the default precision and scale. Explicitly specify the SQL server column type that can accommodate all the values using 'HasColumnType()'.
2021-01-02 15:35:11.0477|WARN|Microsoft.EntityFrameworkCore.Model.Validation|No type was specified for the decimal column 'QuantityReceivedUntillNow' on entity type 'PurchaseOrderLine'. This will cause values to be silently truncated if they do not fit in the default precision and scale. Explicitly specify the SQL server column type that can accommodate all the values using 'HasColumnType()'.
2021-01-02 15:35:11.0747|WARN|Microsoft.EntityFrameworkCore.Model.Validation|No type was specified for the decimal column 'NumberInStock' on entity type 'StockItem'. This will cause values to be silently truncated if they do not fit in the default precision and scale. Explicitly specify the SQL server column type that can accommodate all the values using 'HasColumnType()'.
2021-01-02 15:35:11.1682|INFO|Microsoft.EntityFrameworkCore.Infrastructure|Entity Framework Core 3.1.4 initialized 'AppDbContext' using provider 'Microsoft.EntityFrameworkCore.SqlServer' with options: MaxPoolSize=128 
2021-01-02 15:46:47.9297|ERROR|WedigITCRM.Startup|start of ConfigureServices
2021-01-02 15:46:49.0700|ERROR|WedigITCRM.Startup|end of ConfigureServices
2021-01-02 15:46:49.2090|ERROR|WedigITCRM.Startup|start of Configure method
2021-01-02 15:46:49.8221|INFO|Microsoft.AspNetCore.DataProtection.KeyManagement.XmlKeyManager|User profile is available. Using 'C:\Users\John\AppData\Local\ASP.NET\DataProtection-Keys' as key repository and Windows DPAPI to encrypt keys at rest.
2021-01-02 15:46:49.8644|ERROR|WedigITCRM.Startup|end of Configure method
2021-01-02 15:46:51.0180|INFO|Microsoft.AspNetCore.Hosting.Diagnostics|Request starting HTTP/2.0 GET https://localhost:44395/  
2021-01-02 15:46:51.2200|WARN|Microsoft.EntityFrameworkCore.Model.Validation|No type was specified for the decimal column 'OurUnitSalesPrice' on entity type 'PurchaseOrderLine'. This will cause values to be silently truncated if they do not fit in the default precision and scale. Explicitly specify the SQL server column type that can accommodate all the values using 'HasColumnType()'.
2021-01-02 15:46:51.2635|WARN|Microsoft.EntityFrameworkCore.Model.Validation|No type was specified for the decimal column 'QuantityReceivedUntillNow' on entity type 'PurchaseOrderLine'. This will cause values to be silently truncated if they do not fit in the default precision and scale. Explicitly specify the SQL server column type that can accommodate all the values using 'HasColumnType()'.
2021-01-02 15:46:51.3166|WARN|Microsoft.EntityFrameworkCore.Model.Validation|No type was specified for the decimal column 'NumberInStock' on entity type 'StockItem'. This will cause values to be silently truncated if they do not fit in the default precision and scale. Explicitly specify the SQL server column type that can accommodate all the values using 'HasColumnType()'.
2021-01-02 15:46:51.4456|INFO|Microsoft.EntityFrameworkCore.Infrastructure|Entity Framework Core 3.1.4 initialized 'AppDbContext' using provider 'Microsoft.EntityFrameworkCore.SqlServer' with options: MaxPoolSize=128 
2021-01-02 15:46:51.4456|INFO|Microsoft.EntityFrameworkCore.Infrastructure|Entity Framework Core 3.1.4 initialized 'AppDbContext' using provider 'Microsoft.EntityFrameworkCore.SqlServer' with options: MaxPoolSize=128 
2021-01-02 15:46:51.4456|INFO|Microsoft.EntityFrameworkCore.Infrastructure|Entity Framework Core 3.1.4 initialized 'AppDbContext' using provider 'Microsoft.EntityFrameworkCore.SqlServer' with options: MaxPoolSize=128 
2021-01-02 15:46:51.4456|INFO|Microsoft.EntityFrameworkCore.Infrastructure|Entity Framework Core 3.1.4 initialized 'AppDbContext' using provider 'Microsoft.EntityFrameworkCore.SqlServer' with options: MaxPoolSize=128 
2021-01-02 15:46:51.6522|INFO|Microsoft.AspNetCore.Mvc.Infrastructure.ControllerActionInvoker|Route matched with {action = "Index", controller = "Home"}. Executing controller action with signature Microsoft.AspNetCore.Mvc.IActionResult Index(WedigITCRM.CompanyAccount) on controller WedigITCRM.Controllers.HomeController (WedigITCRM).
2021-01-02 15:46:51.8292|ERROR|WedigITCRM.Controllers.HomeController|Entering index action in home controller
2021-01-02 15:46:51.9031|ERROR|WedigITCRM.Controllers.HomeController|index action in home controller redirecting to frontpage controller index action
2021-01-02 15:46:51.9624|INFO|Microsoft.AspNetCore.Mvc.RedirectToActionResult|Executing RedirectResult, redirecting to /FrontPage.
2021-01-02 15:46:52.0221|INFO|Microsoft.AspNetCore.Mvc.Infrastructure.ControllerActionInvoker|Executed action WedigITCRM.Controllers.HomeController.Index (WedigITCRM) in 279.6389ms
2021-01-02 15:46:52.0999|INFO|Microsoft.AspNetCore.Hosting.Diagnostics|Request finished in 1078.7972ms 302 
2021-01-02 15:46:52.1852|INFO|Microsoft.AspNetCore.Hosting.Diagnostics|Request starting HTTP/2.0 GET https://localhost:44395/FrontPage  
2021-01-02 15:46:52.2382|INFO|Microsoft.AspNetCore.Mvc.Infrastructure.ControllerActionInvoker|Route matched with {action = "Index", controller = "FrontPage"}. Executing controller action with signature Microsoft.AspNetCore.Mvc.IActionResult Index() on controller WedigITCRM.Controllers.FrontPageController (WedigITCRM).
2021-01-02 15:46:52.3806|INFO|Microsoft.AspNetCore.Mvc.ViewFeatures.ViewResultExecutor|Executing ViewResult, running view Index.
2021-01-02 15:46:52.5565|INFO|Microsoft.AspNetCore.Mvc.ViewFeatures.ViewResultExecutor|Executed ViewResult - view Index executed in 219.6402ms.
2021-01-02 15:46:52.5804|INFO|Microsoft.AspNetCore.Mvc.Infrastructure.ControllerActionInvoker|Executed action WedigITCRM.Controllers.FrontPageController.Index (WedigITCRM) in 289.862ms
2021-01-02 15:46:52.5958|INFO|Microsoft.AspNetCore.Hosting.Diagnostics|Request finished in 419.5591ms 200 text/html; charset=utf-8
2021-01-02 15:46:53.0285|INFO|Microsoft.AspNetCore.Hosting.Diagnostics|Request starting HTTP/2.0 GET https://localhost:44395/frontpage/img/pngs/icons/smile.png  
2021-01-02 15:46:53.0854|INFO|Microsoft.AspNetCore.StaticFiles.StaticFileMiddleware|Sending file. Request path: '/frontpage/img/pngs/icons/smile.png'. Physical path: 'C:\Users\John\source\repos\WedigITCRM\WedigITCRM\wwwroot\frontpage\img\pngs\icons\smile.png'
2021-01-02 15:46:53.1176|INFO|Microsoft.AspNetCore.Hosting.Diagnostics|Request finished in 91.2396ms 200 image/png
2021-01-02 15:46:53.1618|INFO|Microsoft.AspNetCore.Hosting.Diagnostics|Request starting HTTP/2.0 GET https://localhost:44395/frontpage/img/pngs/icons/bg-rocket.png  
2021-01-02 15:46:53.1850|INFO|Microsoft.AspNetCore.StaticFiles.StaticFileMiddleware|Sending file. Request path: '/frontpage/img/pngs/icons/bg-rocket.png'. Physical path: 'C:\Users\John\source\repos\WedigITCRM\WedigITCRM\wwwroot\frontpage\img\pngs\icons\bg-rocket.png'
2021-01-02 15:46:53.2055|INFO|Microsoft.AspNetCore.Hosting.Diagnostics|Request finished in 44.875ms 200 image/png
2021-01-02 15:46:54.1983|INFO|Microsoft.AspNetCore.Hosting.Diagnostics|Request starting HTTP/2.0 GET https://localhost:44395/favicon.ico  
2021-01-02 15:46:54.2304|INFO|Microsoft.AspNetCore.Hosting.Diagnostics|Request finished in 38.383ms 404 
2021-01-02 15:46:54.6738|INFO|Microsoft.EntityFrameworkCore.Database.Command|Executed DbCommand (62ms) [Parameters=[], CommandType='Text', CommandTimeout='30']
SELECT [a].[Id], [a].[CompanyId], [a].[CreatedDate], [a].[Date], [a].[Description], [a].[LastEditedDate], [a].[NotificationIsSent], [a].[NotifyOffset], [a].[Subject], [a].[UserId], [a].[companyAccountId], [a].[contactPersonId]
FROM [Activities] AS [a]
2021-01-02 15:46:54.6738|INFO|Microsoft.EntityFrameworkCore.Database.Command|Executed DbCommand (90ms) [Parameters=[], CommandType='Text', CommandTimeout='30']
SELECT [c].[companyAccountId], [c].[AmountToPayForLicense], [c].[Booking], [c].[CompanyCVRNumber], [c].[CompanyCity], [c].[CompanyCountryCode], [c].[CompanyName], [c].[CompanyStreet], [c].[CompanyZip], [c].[Companyidentifier], [c].[ContactsToDineroLastSynchronizationDate], [c].[ContactsToNyxiumLastSynchronizationDate], [c].[DineroAPIOrganization], [c].[DineroAPIOrganizationKey], [c].[IntegrationDinero], [c].[LogoAttachmentIds], [c].[NyxiumLicenseTypeId], [c].[NyxiumLicenseTypeName], [c].[RepaySubscriptionId], [c].[SalesStatistic], [c].[StockItemsToDineroLastSynchronizationDate], [c].[StockItemsToNyxiumSynchronizationDate], [c].[SubscriptionCRM], [c].[SubscriptionInventory], [c].[SubscriptionProcurement], [c].[SubscriptionVendor], [c].[VendorsItemsToDineroLastSynchronizationDate], [c].[activationDate], [c].[activationKey], [c].[registrationDate], [c].[synchronizeCustomerFromDineroToNyxium], [c].[synchronizeCustomerFromNyxiumToDinero], [c].[synchronizeStockItemFromDineroToNyxium], [c].[synchronizeStockItemFromNyxiumToDinero]
FROM [companyAccounts] AS [c]
2021-01-02 15:46:54.6738|INFO|Microsoft.EntityFrameworkCore.Database.Command|Executed DbCommand (81ms) [Parameters=[], CommandType='Text', CommandTimeout='30']
SELECT [c].[companyAccountId], [c].[AmountToPayForLicense], [c].[Booking], [c].[CompanyCVRNumber], [c].[CompanyCity], [c].[CompanyCountryCode], [c].[CompanyName], [c].[CompanyStreet], [c].[CompanyZip], [c].[Companyidentifier], [c].[ContactsToDineroLastSynchronizationDate], [c].[ContactsToNyxiumLastSynchronizationDate], [c].[DineroAPIOrganization], [c].[DineroAPIOrganizationKey], [c].[IntegrationDinero], [c].[LogoAttachmentIds], [c].[NyxiumLicenseTypeId], [c].[NyxiumLicenseTypeName], [c].[RepaySubscriptionId], [c].[SalesStatistic], [c].[StockItemsToDineroLastSynchronizationDate], [c].[StockItemsToNyxiumSynchronizationDate], [c].[SubscriptionCRM], [c].[SubscriptionInventory], [c].[SubscriptionProcurement], [c].[SubscriptionVendor], [c].[VendorsItemsToDineroLastSynchronizationDate], [c].[activationDate], [c].[activationKey], [c].[registrationDate], [c].[synchronizeCustomerFromDineroToNyxium], [c].[synchronizeCustomerFromNyxiumToDinero], [c].[synchronizeStockItemFromDineroToNyxium], [c].[synchronizeStockItemFromNyxiumToDinero]
FROM [companyAccounts] AS [c]
2021-01-02 15:46:54.8709|INFO|Microsoft.EntityFrameworkCore.Database.Command|Executed DbCommand (237ms) [Parameters=[@__normalizedName_0='?' (Size = 256)], CommandType='Text', CommandTimeout='30']
SELECT TOP(1) [a].[Id], [a].[ConcurrencyStamp], [a].[Name], [a].[NormalizedName]
FROM [AspNetRoles] AS [a]
WHERE [a].[NormalizedName] = @__normalizedName_0
2021-01-02 15:46:55.3936|INFO|Microsoft.EntityFrameworkCore.Database.Command|Executed DbCommand (201ms) [Parameters=[@__normalizedName_0='?' (Size = 256)], CommandType='Text', CommandTimeout='30']
SELECT TOP(1) [a].[Id], [a].[ConcurrencyStamp], [a].[Name], [a].[NormalizedName]
FROM [AspNetRoles] AS [a]
WHERE [a].[NormalizedName] = @__normalizedName_0
2021-01-02 15:46:55.4653|INFO|Microsoft.EntityFrameworkCore.Database.Command|Executed DbCommand (17ms) [Parameters=[@__normalizedUserName_0='?' (Size = 256)], CommandType='Text', CommandTimeout='30']
SELECT TOP(1) [a].[Id], [a].[AccessFailedCount], [a].[ConcurrencyStamp], [a].[Email], [a].[EmailConfirmed], [a].[LockoutEnabled], [a].[LockoutEnd], [a].[NormalizedEmail], [a].[NormalizedUserName], [a].[PasswordHash], [a].[PhoneNumber], [a].[PhoneNumberConfirmed], [a].[SecurityStamp], [a].[TwoFactorEnabled], [a].[UserName]
FROM [AspNetUsers] AS [a]
WHERE [a].[NormalizedUserName] = @__normalizedUserName_0
2021-01-02 15:46:55.6119|INFO|Microsoft.EntityFrameworkCore.Database.Command|Executed DbCommand (58ms) [Parameters=[@p33='?' (DbType = Int32), @p0='?' (DbType = Decimal), @p1='?' (DbType = Boolean), @p2='?' (Size = 4000), @p3='?' (Size = 4000), @p4='?' (Size = 4000), @p5='?' (Size = 4000), @p6='?' (Size = 4000), @p7='?' (Size = 4000), @p8='?' (Size = 4000), @p9='?' (DbType = DateTime2), @p10='?' (DbType = DateTime2), @p11='?' (Size = 4000), @p12='?' (Size = 4000), @p13='?' (DbType = Boolean), @p14='?' (Size = 4000), @p15='?' (DbType = Int32), @p16='?' (Size = 4000), @p17='?' (Size = 4000), @p18='?' (DbType = Boolean), @p19='?' (DbType = DateTime2), @p20='?' (DbType = DateTime2), @p21='?' (DbType = Boolean), @p22='?' (DbType = Boolean), @p23='?' (DbType = Boolean), @p24='?' (DbType = Boolean), @p25='?' (DbType = DateTime2), @p26='?' (DbType = DateTime2), @p27='?' (DbType = Guid), @p28='?' (DbType = DateTime2), @p29='?' (DbType = Boolean), @p30='?' (DbType = Boolean), @p31='?' (DbType = Boolean), @p32='?' (DbType = Boolean)], CommandType='Text', CommandTimeout='30']
SET NOCOUNT ON;
UPDATE [companyAccounts] SET [AmountToPayForLicense] = @p0, [Booking] = @p1, [CompanyCVRNumber] = @p2, [CompanyCity] = @p3, [CompanyCountryCode] = @p4, [CompanyName] = @p5, [CompanyStreet] = @p6, [CompanyZip] = @p7, [Companyidentifier] = @p8, [ContactsToDineroLastSynchronizationDate] = @p9, [ContactsToNyxiumLastSynchronizationDate] = @p10, [DineroAPIOrganization] = @p11, [DineroAPIOrganizationKey] = @p12, [IntegrationDinero] = @p13, [LogoAttachmentIds] = @p14, [NyxiumLicenseTypeId] = @p15, [NyxiumLicenseTypeName] = @p16, [RepaySubscriptionId] = @p17, [SalesStatistic] = @p18, [StockItemsToDineroLastSynchronizationDate] = @p19, [StockItemsToNyxiumSynchronizationDate] = @p20, [SubscriptionCRM] = @p21, [SubscriptionInventory] = @p22, [SubscriptionProcurement] = @p23, [SubscriptionVendor] = @p24, [VendorsItemsToDineroLastSynchronizationDate] = @p25, [activationDate] = @p26, [activationKey] = @p27, [registrationDate] = @p28, [synchronizeCustomerFromDineroToNyxium] = @p29, [synchronizeCustomerFromNyxiumToDinero] = @p30, [synchronizeStockItemFromDineroToNyxium] = @p31, [synchronizeStockItemFromNyxiumToDinero] = @p32
WHERE [companyAccountId] = @p33;
SELECT @@ROWCOUNT;
2021-01-02 15:46:55.6962|INFO|Microsoft.EntityFrameworkCore.Database.Command|Executed DbCommand (1ms) [Parameters=[@p33='?' (DbType = Int32), @p0='?' (DbType = Decimal), @p1='?' (DbType = Boolean), @p2='?' (Size = 4000), @p3='?' (Size = 4000), @p4='?' (Size = 4000), @p5='?' (Size = 4000), @p6='?' (Size = 4000), @p7='?' (Size = 4000), @p8='?' (Size = 4000), @p9='?' (DbType = DateTime2), @p10='?' (DbType = DateTime2), @p11='?' (Size = 4000), @p12='?' (Size = 4000), @p13='?' (DbType = Boolean), @p14='?' (Size = 4000), @p15='?' (DbType = Int32), @p16='?' (Size = 4000), @p17='?' (Size = 4000), @p18='?' (DbType = Boolean), @p19='?' (DbType = DateTime2), @p20='?' (DbType = DateTime2), @p21='?' (DbType = Boolean), @p22='?' (DbType = Boolean), @p23='?' (DbType = Boolean), @p24='?' (DbType = Boolean), @p25='?' (DbType = DateTime2), @p26='?' (DbType = DateTime2), @p27='?' (DbType = Guid), @p28='?' (DbType = DateTime2), @p29='?' (DbType = Boolean), @p30='?' (DbType = Boolean), @p31='?' (DbType = Boolean), @p32='?' (DbType = Boolean)], CommandType='Text', CommandTimeout='30']
SET NOCOUNT ON;
UPDATE [companyAccounts] SET [AmountToPayForLicense] = @p0, [Booking] = @p1, [CompanyCVRNumber] = @p2, [CompanyCity] = @p3, [CompanyCountryCode] = @p4, [CompanyName] = @p5, [CompanyStreet] = @p6, [CompanyZip] = @p7, [Companyidentifier] = @p8, [ContactsToDineroLastSynchronizationDate] = @p9, [ContactsToNyxiumLastSynchronizationDate] = @p10, [DineroAPIOrganization] = @p11, [DineroAPIOrganizationKey] = @p12, [IntegrationDinero] = @p13, [LogoAttachmentIds] = @p14, [NyxiumLicenseTypeId] = @p15, [NyxiumLicenseTypeName] = @p16, [RepaySubscriptionId] = @p17, [SalesStatistic] = @p18, [StockItemsToDineroLastSynchronizationDate] = @p19, [StockItemsToNyxiumSynchronizationDate] = @p20, [SubscriptionCRM] = @p21, [SubscriptionInventory] = @p22, [SubscriptionProcurement] = @p23, [SubscriptionVendor] = @p24, [VendorsItemsToDineroLastSynchronizationDate] = @p25, [activationDate] = @p26, [activationKey] = @p27, [registrationDate] = @p28, [synchronizeCustomerFromDineroToNyxium] = @p29, [synchronizeCustomerFromNyxiumToDinero] = @p30, [synchronizeStockItemFromDineroToNyxium] = @p31, [synchronizeStockItemFromNyxiumToDinero] = @p32
WHERE [companyAccountId] = @p33;
SELECT @@ROWCOUNT;
2021-01-02 15:46:55.7274|INFO|Microsoft.EntityFrameworkCore.Database.Command|Executed DbCommand (1ms) [Parameters=[@p33='?' (DbType = Int32), @p0='?' (DbType = Decimal), @p1='?' (DbType = Boolean), @p2='?' (Size = 4000), @p3='?' (Size = 4000), @p4='?' (Size = 4000), @p5='?' (Size = 4000), @p6='?' (Size = 4000), @p7='?' (Size = 4000), @p8='?' (Size = 4000), @p9='?' (DbType = DateTime2), @p10='?' (DbType = DateTime2), @p11='?' (Size = 4000), @p12='?' (Size = 4000), @p13='?' (DbType = Boolean), @p14='?' (Size = 4000), @p15='?' (DbType = Int32), @p16='?' (Size = 4000), @p17='?' (Size = 4000), @p18='?' (DbType = Boolean), @p19='?' (DbType = DateTime2), @p20='?' (DbType = DateTime2), @p21='?' (DbType = Boolean), @p22='?' (DbType = Boolean), @p23='?' (DbType = Boolean), @p24='?' (DbType = Boolean), @p25='?' (DbType = DateTime2), @p26='?' (DbType = DateTime2), @p27='?' (DbType = Guid), @p28='?' (DbType = DateTime2), @p29='?' (DbType = Boolean), @p30='?' (DbType = Boolean), @p31='?' (DbType = Boolean), @p32='?' (DbType = Boolean)], CommandType='Text', CommandTimeout='30']
SET NOCOUNT ON;
UPDATE [companyAccounts] SET [AmountToPayForLicense] = @p0, [Booking] = @p1, [CompanyCVRNumber] = @p2, [CompanyCity] = @p3, [CompanyCountryCode] = @p4, [CompanyName] = @p5, [CompanyStreet] = @p6, [CompanyZip] = @p7, [Companyidentifier] = @p8, [ContactsToDineroLastSynchronizationDate] = @p9, [ContactsToNyxiumLastSynchronizationDate] = @p10, [DineroAPIOrganization] = @p11, [DineroAPIOrganizationKey] = @p12, [IntegrationDinero] = @p13, [LogoAttachmentIds] = @p14, [NyxiumLicenseTypeId] = @p15, [NyxiumLicenseTypeName] = @p16, [RepaySubscriptionId] = @p17, [SalesStatistic] = @p18, [StockItemsToDineroLastSynchronizationDate] = @p19, [StockItemsToNyxiumSynchronizationDate] = @p20, [SubscriptionCRM] = @p21, [SubscriptionInventory] = @p22, [SubscriptionProcurement] = @p23, [SubscriptionVendor] = @p24, [VendorsItemsToDineroLastSynchronizationDate] = @p25, [activationDate] = @p26, [activationKey] = @p27, [registrationDate] = @p28, [synchronizeCustomerFromDineroToNyxium] = @p29, [synchronizeCustomerFromNyxiumToDinero] = @p30, [synchronizeStockItemFromDineroToNyxium] = @p31, [synchronizeStockItemFromNyxiumToDinero] = @p32
WHERE [companyAccountId] = @p33;
SELECT @@ROWCOUNT;
2021-01-02 15:46:55.7773|INFO|Microsoft.EntityFrameworkCore.Database.Command|Executed DbCommand (2ms) [Parameters=[@p33='?' (DbType = Int32), @p0='?' (DbType = Decimal), @p1='?' (DbType = Boolean), @p2='?' (Size = 4000), @p3='?' (Size = 4000), @p4='?' (Size = 4000), @p5='?' (Size = 4000), @p6='?' (Size = 4000), @p7='?' (Size = 4000), @p8='?' (Size = 4000), @p9='?' (DbType = DateTime2), @p10='?' (DbType = DateTime2), @p11='?' (Size = 4000), @p12='?' (Size = 4000), @p13='?' (DbType = Boolean), @p14='?' (Size = 4000), @p15='?' (DbType = Int32), @p16='?' (Size = 4000), @p17='?' (Size = 4000), @p18='?' (DbType = Boolean), @p19='?' (DbType = DateTime2), @p20='?' (DbType = DateTime2), @p21='?' (DbType = Boolean), @p22='?' (DbType = Boolean), @p23='?' (DbType = Boolean), @p24='?' (DbType = Boolean), @p25='?' (DbType = DateTime2), @p26='?' (DbType = DateTime2), @p27='?' (DbType = Guid), @p28='?' (DbType = DateTime2), @p29='?' (DbType = Boolean), @p30='?' (DbType = Boolean), @p31='?' (DbType = Boolean), @p32='?' (DbType = Boolean)], CommandType='Text', CommandTimeout='30']
SET NOCOUNT ON;
UPDATE [companyAccounts] SET [AmountToPayForLicense] = @p0, [Booking] = @p1, [CompanyCVRNumber] = @p2, [CompanyCity] = @p3, [CompanyCountryCode] = @p4, [CompanyName] = @p5, [CompanyStreet] = @p6, [CompanyZip] = @p7, [Companyidentifier] = @p8, [ContactsToDineroLastSynchronizationDate] = @p9, [ContactsToNyxiumLastSynchronizationDate] = @p10, [DineroAPIOrganization] = @p11, [DineroAPIOrganizationKey] = @p12, [IntegrationDinero] = @p13, [LogoAttachmentIds] = @p14, [NyxiumLicenseTypeId] = @p15, [NyxiumLicenseTypeName] = @p16, [RepaySubscriptionId] = @p17, [SalesStatistic] = @p18, [StockItemsToDineroLastSynchronizationDate] = @p19, [StockItemsToNyxiumSynchronizationDate] = @p20, [SubscriptionCRM] = @p21, [SubscriptionInventory] = @p22, [SubscriptionProcurement] = @p23, [SubscriptionVendor] = @p24, [VendorsItemsToDineroLastSynchronizationDate] = @p25, [activationDate] = @p26, [activationKey] = @p27, [registrationDate] = @p28, [synchronizeCustomerFromDineroToNyxium] = @p29, [synchronizeCustomerFromNyxiumToDinero] = @p30, [synchronizeStockItemFromDineroToNyxium] = @p31, [synchronizeStockItemFromNyxiumToDinero] = @p32
WHERE [companyAccountId] = @p33;
SELECT @@ROWCOUNT;
2021-01-02 15:46:55.8149|INFO|Microsoft.EntityFrameworkCore.Database.Command|Executed DbCommand (1ms) [Parameters=[@p33='?' (DbType = Int32), @p0='?' (DbType = Decimal), @p1='?' (DbType = Boolean), @p2='?' (Size = 4000), @p3='?' (Size = 4000), @p4='?' (Size = 4000), @p5='?' (Size = 4000), @p6='?' (Size = 4000), @p7='?' (Size = 4000), @p8='?' (Size = 4000), @p9='?' (DbType = DateTime2), @p10='?' (DbType = DateTime2), @p11='?' (Size = 4000), @p12='?' (Size = 4000), @p13='?' (DbType = Boolean), @p14='?' (Size = 4000), @p15='?' (DbType = Int32), @p16='?' (Size = 4000), @p17='?' (Size = 4000), @p18='?' (DbType = Boolean), @p19='?' (DbType = DateTime2), @p20='?' (DbType = DateTime2), @p21='?' (DbType = Boolean), @p22='?' (DbType = Boolean), @p23='?' (DbType = Boolean), @p24='?' (DbType = Boolean), @p25='?' (DbType = DateTime2), @p26='?' (DbType = DateTime2), @p27='?' (DbType = Guid), @p28='?' (DbType = DateTime2), @p29='?' (DbType = Boolean), @p30='?' (DbType = Boolean), @p31='?' (DbType = Boolean), @p32='?' (DbType = Boolean)], CommandType='Text', CommandTimeout='30']
SET NOCOUNT ON;
UPDATE [companyAccounts] SET [AmountToPayForLicense] = @p0, [Booking] = @p1, [CompanyCVRNumber] = @p2, [CompanyCity] = @p3, [CompanyCountryCode] = @p4, [CompanyName] = @p5, [CompanyStreet] = @p6, [CompanyZip] = @p7, [Companyidentifier] = @p8, [ContactsToDineroLastSynchronizationDate] = @p9, [ContactsToNyxiumLastSynchronizationDate] = @p10, [DineroAPIOrganization] = @p11, [DineroAPIOrganizationKey] = @p12, [IntegrationDinero] = @p13, [LogoAttachmentIds] = @p14, [NyxiumLicenseTypeId] = @p15, [NyxiumLicenseTypeName] = @p16, [RepaySubscriptionId] = @p17, [SalesStatistic] = @p18, [StockItemsToDineroLastSynchronizationDate] = @p19, [StockItemsToNyxiumSynchronizationDate] = @p20, [SubscriptionCRM] = @p21, [SubscriptionInventory] = @p22, [SubscriptionProcurement] = @p23, [SubscriptionVendor] = @p24, [VendorsItemsToDineroLastSynchronizationDate] = @p25, [activationDate] = @p26, [activationKey] = @p27, [registrationDate] = @p28, [synchronizeCustomerFromDineroToNyxium] = @p29, [synchronizeCustomerFromNyxiumToDinero] = @p30, [synchronizeStockItemFromDineroToNyxium] = @p31, [synchronizeStockItemFromNyxiumToDinero] = @p32
WHERE [companyAccountId] = @p33;
SELECT @@ROWCOUNT;
2021-01-02 15:46:55.8695|INFO|Microsoft.EntityFrameworkCore.Database.Command|Executed DbCommand (1ms) [Parameters=[@p33='?' (DbType = Int32), @p0='?' (DbType = Decimal), @p1='?' (DbType = Boolean), @p2='?' (Size = 4000), @p3='?' (Size = 4000), @p4='?' (Size = 4000), @p5='?' (Size = 4000), @p6='?' (Size = 4000), @p7='?' (Size = 4000), @p8='?' (Size = 4000), @p9='?' (DbType = DateTime2), @p10='?' (DbType = DateTime2), @p11='?' (Size = 4000), @p12='?' (Size = 4000), @p13='?' (DbType = Boolean), @p14='?' (Size = 4000), @p15='?' (DbType = Int32), @p16='?' (Size = 4000), @p17='?' (Size = 4000), @p18='?' (DbType = Boolean), @p19='?' (DbType = DateTime2), @p20='?' (DbType = DateTime2), @p21='?' (DbType = Boolean), @p22='?' (DbType = Boolean), @p23='?' (DbType = Boolean), @p24='?' (DbType = Boolean), @p25='?' (DbType = DateTime2), @p26='?' (DbType = DateTime2), @p27='?' (DbType = Guid), @p28='?' (DbType = DateTime2), @p29='?' (DbType = Boolean), @p30='?' (DbType = Boolean), @p31='?' (DbType = Boolean), @p32='?' (DbType = Boolean)], CommandType='Text', CommandTimeout='30']
SET NOCOUNT ON;
UPDATE [companyAccounts] SET [AmountToPayForLicense] = @p0, [Booking] = @p1, [CompanyCVRNumber] = @p2, [CompanyCity] = @p3, [CompanyCountryCode] = @p4, [CompanyName] = @p5, [CompanyStreet] = @p6, [CompanyZip] = @p7, [Companyidentifier] = @p8, [ContactsToDineroLastSynchronizationDate] = @p9, [ContactsToNyxiumLastSynchronizationDate] = @p10, [DineroAPIOrganization] = @p11, [DineroAPIOrganizationKey] = @p12, [IntegrationDinero] = @p13, [LogoAttachmentIds] = @p14, [NyxiumLicenseTypeId] = @p15, [NyxiumLicenseTypeName] = @p16, [RepaySubscriptionId] = @p17, [SalesStatistic] = @p18, [StockItemsToDineroLastSynchronizationDate] = @p19, [StockItemsToNyxiumSynchronizationDate] = @p20, [SubscriptionCRM] = @p21, [SubscriptionInventory] = @p22, [SubscriptionProcurement] = @p23, [SubscriptionVendor] = @p24, [VendorsItemsToDineroLastSynchronizationDate] = @p25, [activationDate] = @p26, [activationKey] = @p27, [registrationDate] = @p28, [synchronizeCustomerFromDineroToNyxium] = @p29, [synchronizeCustomerFromNyxiumToDinero] = @p30, [synchronizeStockItemFromDineroToNyxium] = @p31, [synchronizeStockItemFromNyxiumToDinero] = @p32
WHERE [companyAccountId] = @p33;
SELECT @@ROWCOUNT;
2021-01-02 15:47:50.0306|INFO|Microsoft.EntityFrameworkCore.Infrastructure|Entity Framework Core 3.1.4 initialized 'AppDbContext' using provider 'Microsoft.EntityFrameworkCore.SqlServer' with options: MaxPoolSize=128 
2021-01-02 15:47:50.0368|INFO|Microsoft.EntityFrameworkCore.Infrastructure|Entity Framework Core 3.1.4 initialized 'AppDbContext' using provider 'Microsoft.EntityFrameworkCore.SqlServer' with options: MaxPoolSize=128 
2021-01-02 15:47:50.1305|INFO|Microsoft.EntityFrameworkCore.Database.Command|Executed DbCommand (31ms) [Parameters=[@__normalizedName_0='?' (Size = 256)], CommandType='Text', CommandTimeout='30']
SELECT TOP(1) [a].[Id], [a].[ConcurrencyStamp], [a].[Name], [a].[NormalizedName]
FROM [AspNetRoles] AS [a]
WHERE [a].[NormalizedName] = @__normalizedName_0
2021-01-02 15:47:50.1551|INFO|Microsoft.EntityFrameworkCore.Database.Command|Executed DbCommand (25ms) [Parameters=[], CommandType='Text', CommandTimeout='30']
SELECT [a].[Id], [a].[CompanyId], [a].[CreatedDate], [a].[Date], [a].[Description], [a].[LastEditedDate], [a].[NotificationIsSent], [a].[NotifyOffset], [a].[Subject], [a].[UserId], [a].[companyAccountId], [a].[contactPersonId]
FROM [Activities] AS [a]
2021-01-02 15:47:50.2567|INFO|Microsoft.EntityFrameworkCore.Database.Command|Executed DbCommand (23ms) [Parameters=[@__normalizedName_0='?' (Size = 256)], CommandType='Text', CommandTimeout='30']
SELECT TOP(1) [a].[Id], [a].[ConcurrencyStamp], [a].[Name], [a].[NormalizedName]
FROM [AspNetRoles] AS [a]
WHERE [a].[NormalizedName] = @__normalizedName_0
2021-01-02 15:47:50.2938|INFO|Microsoft.EntityFrameworkCore.Database.Command|Executed DbCommand (1ms) [Parameters=[@__normalizedUserName_0='?' (Size = 256)], CommandType='Text', CommandTimeout='30']
SELECT TOP(1) [a].[Id], [a].[AccessFailedCount], [a].[ConcurrencyStamp], [a].[Email], [a].[EmailConfirmed], [a].[LockoutEnabled], [a].[LockoutEnd], [a].[NormalizedEmail], [a].[NormalizedUserName], [a].[PasswordHash], [a].[PhoneNumber], [a].[PhoneNumberConfirmed], [a].[SecurityStamp], [a].[TwoFactorEnabled], [a].[UserName]
FROM [AspNetUsers] AS [a]
WHERE [a].[NormalizedUserName] = @__normalizedUserName_0
2021-01-02 15:48:49.9502|INFO|Microsoft.EntityFrameworkCore.Infrastructure|Entity Framework Core 3.1.4 initialized 'AppDbContext' using provider 'Microsoft.EntityFrameworkCore.SqlServer' with options: MaxPoolSize=128 
2021-01-02 15:48:49.9502|INFO|Microsoft.EntityFrameworkCore.Infrastructure|Entity Framework Core 3.1.4 initialized 'AppDbContext' using provider 'Microsoft.EntityFrameworkCore.SqlServer' with options: MaxPoolSize=128 
2021-01-02 15:48:49.9753|INFO|Microsoft.EntityFrameworkCore.Database.Command|Executed DbCommand (4ms) [Parameters=[@__normalizedName_0='?' (Size = 256)], CommandType='Text', CommandTimeout='30']
SELECT TOP(1) [a].[Id], [a].[ConcurrencyStamp], [a].[Name], [a].[NormalizedName]
FROM [AspNetRoles] AS [a]
WHERE [a].[NormalizedName] = @__normalizedName_0
2021-01-02 15:48:49.9942|INFO|Microsoft.EntityFrameworkCore.Database.Command|Executed DbCommand (2ms) [Parameters=[], CommandType='Text', CommandTimeout='30']
SELECT [a].[Id], [a].[CompanyId], [a].[CreatedDate], [a].[Date], [a].[Description], [a].[LastEditedDate], [a].[NotificationIsSent], [a].[NotifyOffset], [a].[Subject], [a].[UserId], [a].[companyAccountId], [a].[contactPersonId]
FROM [Activities] AS [a]
2021-01-02 15:48:50.0140|INFO|Microsoft.EntityFrameworkCore.Database.Command|Executed DbCommand (1ms) [Parameters=[@__normalizedName_0='?' (Size = 256)], CommandType='Text', CommandTimeout='30']
SELECT TOP(1) [a].[Id], [a].[ConcurrencyStamp], [a].[Name], [a].[NormalizedName]
FROM [AspNetRoles] AS [a]
WHERE [a].[NormalizedName] = @__normalizedName_0
2021-01-02 15:48:50.0502|INFO|Microsoft.EntityFrameworkCore.Database.Command|Executed DbCommand (3ms) [Parameters=[@__normalizedUserName_0='?' (Size = 256)], CommandType='Text', CommandTimeout='30']
SELECT TOP(1) [a].[Id], [a].[AccessFailedCount], [a].[ConcurrencyStamp], [a].[Email], [a].[EmailConfirmed], [a].[LockoutEnabled], [a].[LockoutEnd], [a].[NormalizedEmail], [a].[NormalizedUserName], [a].[PasswordHash], [a].[PhoneNumber], [a].[PhoneNumberConfirmed], [a].[SecurityStamp], [a].[TwoFactorEnabled], [a].[UserName]
FROM [AspNetUsers] AS [a]
WHERE [a].[NormalizedUserName] = @__normalizedUserName_0
2021-01-02 15:49:49.9642|INFO|Microsoft.EntityFrameworkCore.Infrastructure|Entity Framework Core 3.1.4 initialized 'AppDbContext' using provider 'Microsoft.EntityFrameworkCore.SqlServer' with options: MaxPoolSize=128 
2021-01-02 15:49:49.9698|INFO|Microsoft.EntityFrameworkCore.Infrastructure|Entity Framework Core 3.1.4 initialized 'AppDbContext' using provider 'Microsoft.EntityFrameworkCore.SqlServer' with options: MaxPoolSize=128 
2021-01-02 15:49:49.9947|INFO|Microsoft.EntityFrameworkCore.Database.Command|Executed DbCommand (5ms) [Parameters=[], CommandType='Text', CommandTimeout='30']
SELECT [a].[Id], [a].[CompanyId], [a].[CreatedDate], [a].[Date], [a].[Description], [a].[LastEditedDate], [a].[NotificationIsSent], [a].[NotifyOffset], [a].[Subject], [a].[UserId], [a].[companyAccountId], [a].[contactPersonId]
FROM [Activities] AS [a]
2021-01-02 15:49:50.0330|INFO|Microsoft.EntityFrameworkCore.Database.Command|Executed DbCommand (5ms) [Parameters=[@__normalizedName_0='?' (Size = 256)], CommandType='Text', CommandTimeout='30']
SELECT TOP(1) [a].[Id], [a].[ConcurrencyStamp], [a].[Name], [a].[NormalizedName]
FROM [AspNetRoles] AS [a]
WHERE [a].[NormalizedName] = @__normalizedName_0
2021-01-02 15:49:50.0581|INFO|Microsoft.EntityFrameworkCore.Database.Command|Executed DbCommand (2ms) [Parameters=[@__normalizedName_0='?' (Size = 256)], CommandType='Text', CommandTimeout='30']
SELECT TOP(1) [a].[Id], [a].[ConcurrencyStamp], [a].[Name], [a].[NormalizedName]
FROM [AspNetRoles] AS [a]
WHERE [a].[NormalizedName] = @__normalizedName_0
2021-01-02 15:49:50.0817|INFO|Microsoft.EntityFrameworkCore.Database.Command|Executed DbCommand (3ms) [Parameters=[@__normalizedUserName_0='?' (Size = 256)], CommandType='Text', CommandTimeout='30']
SELECT TOP(1) [a].[Id], [a].[AccessFailedCount], [a].[ConcurrencyStamp], [a].[Email], [a].[EmailConfirmed], [a].[LockoutEnabled], [a].[LockoutEnd], [a].[NormalizedEmail], [a].[NormalizedUserName], [a].[PasswordHash], [a].[PhoneNumber], [a].[PhoneNumberConfirmed], [a].[SecurityStamp], [a].[TwoFactorEnabled], [a].[UserName]
FROM [AspNetUsers] AS [a]
WHERE [a].[NormalizedUserName] = @__normalizedUserName_0
2021-01-02 15:52:12.2764|ERROR|WedigITCRM.Startup|start of ConfigureServices
2021-01-02 15:52:12.4289|ERROR|WedigITCRM.Startup|end of ConfigureServices
2021-01-02 15:52:13.2366|WARN|Microsoft.EntityFrameworkCore.Model.Validation|No type was specified for the decimal column 'OurUnitSalesPrice' on entity type 'PurchaseOrderLine'. This will cause values to be silently truncated if they do not fit in the default precision and scale. Explicitly specify the SQL server column type that can accommodate all the values using 'HasColumnType()'.
2021-01-02 15:52:13.2610|WARN|Microsoft.EntityFrameworkCore.Model.Validation|No type was specified for the decimal column 'QuantityReceivedUntillNow' on entity type 'PurchaseOrderLine'. This will cause values to be silently truncated if they do not fit in the default precision and scale. Explicitly specify the SQL server column type that can accommodate all the values using 'HasColumnType()'.
2021-01-02 15:52:13.2798|WARN|Microsoft.EntityFrameworkCore.Model.Validation|No type was specified for the decimal column 'NumberInStock' on entity type 'StockItem'. This will cause values to be silently truncated if they do not fit in the default precision and scale. Explicitly specify the SQL server column type that can accommodate all the values using 'HasColumnType()'.
2021-01-02 15:52:13.3410|INFO|Microsoft.EntityFrameworkCore.Infrastructure|Entity Framework Core 3.1.4 initialized 'AppDbContext' using provider 'Microsoft.EntityFrameworkCore.SqlServer' with options: MaxPoolSize=128 
