2020-11-18 23:26:05.0559|ERROR|WedigITCRM.Startup|start of ConfigureServices
2020-11-18 23:26:07.5226|ERROR|WedigITCRM.Startup|end of ConfigureServices
2020-11-18 23:26:07.7281|ERROR|WedigITCRM.Startup|start of Configure method
2020-11-18 23:26:09.3012|ERROR|WedigITCRM.Startup|end of Configure method
2020-11-18 23:26:13.5763|ERROR|WedigITCRM.Controllers.HomeController|Entering index action in home controller
2020-11-18 23:26:14.8708|ERROR|WedigITCRM.Controllers.HomeController|index action in home controller redirecting to frontpage controller index action
2020-11-18 23:29:19.3154|ERROR|Microsoft.AspNetCore.Diagnostics.ExceptionHandlerMiddleware|An unhandled exception has occurred while executing the request.
2020-11-18 23:29:20.0285|ERROR|WedigITCRM.Startup|{"UserId":null,"UserName":null,"CompanyId":null,"CompanyName":null,"Type":null,"Title":"Unexpected Error","Status":500,"Detail":"Cannot return null from an action method with a return type of 'Microsoft.AspNetCore.Mvc.ActionResult'.\r\n                                         \r\n\r\n                                            at Microsoft.AspNetCore.Mvc.Infrastructure.ActionMethodExecutor.EnsureActionResultNotNull(ObjectMethodExecutor executor, IActionResult actionResult)\r\n   at Microsoft.AspNetCore.Mvc.Infrastructure.ActionMethodExecutor.TaskOfActionResultExecutor.Execute(IActionResultTypeMapper mapper, ObjectMethodExecutor executor, Object controller, Object[] arguments)\r\n   at Microsoft.AspNetCore.Mvc.Infrastructure.ControllerActionInvoker.<InvokeActionMethodAsync>g__Awaited|12_0(ControllerActionInvoker invoker, ValueTask`1 actionResultValueTask)\r\n   at Microsoft.AspNetCore.Mvc.Infrastructure.ControllerActionInvoker.<InvokeNextActionFilterAsync>g__Awaited|10_0(ControllerActionInvoker invoker, Task lastTask, State next, Scope scope, Object state, Boolean isCompleted)\r\n   at Microsoft.AspNetCore.Mvc.Infrastructure.ControllerActionInvoker.Rethrow(ActionExecutedContextSealed context)\r\n   at Microsoft.AspNetCore.Mvc.Infrastructure.ControllerActionInvoker.Next(State& next, Scope& scope, Object& state, Boolean& isCompleted)\r\n   at Microsoft.AspNetCore.Mvc.Infrastructure.ControllerActionInvoker.<InvokeInnerFilterAsync>g__Awaited|13_0(ControllerActionInvoker invoker, Task lastTask, State next, Scope scope, Object state, Boolean isCompleted)\r\n   at Microsoft.AspNetCore.Mvc.Infrastructure.ResourceInvoker.<InvokeNextResourceFilter>g__Awaited|24_0(ResourceInvoker invoker, Task lastTask, State next, Scope scope, Object state, Boolean isCompleted)\r\n   at Microsoft.AspNetCore.Mvc.Infrastructure.ResourceInvoker.Rethrow(ResourceExecutedContextSealed context)\r\n   at Microsoft.AspNetCore.Mvc.Infrastructure.ResourceInvoker.Next(State& next, Scope& scope, Object& state, Boolean& isCompleted)\r\n   at Microsoft.AspNetCore.Mvc.Infrastructure.ResourceInvoker.<InvokeFilterPipelineAsync>g__Awaited|19_0(ResourceInvoker invoker, Task lastTask, State next, Scope scope, Object state, Boolean isCompleted)\r\n   at Microsoft.AspNetCore.Mvc.Infrastructure.ResourceInvoker.<InvokeAsync>g__Logged|17_1(ResourceInvoker invoker)\r\n   at Microsoft.AspNetCore.Builder.RouterMiddleware.Invoke(HttpContext httpContext)\r\n   at Microsoft.AspNetCore.Authentication.AuthenticationMiddleware.Invoke(HttpContext context)\r\n   at Microsoft.AspNetCore.Diagnostics.ExceptionHandlerMiddleware.<Invoke>g__Awaited|6_0(ExceptionHandlerMiddleware middleware, HttpContext context, Task task)","Instance":"9b42ac1b-f2fe-466f-b053-72cafdc9227d","Extensions":{}}
2020-11-18 23:30:44.4802|ERROR|WedigITCRM.Controllers.HomeController|Entering index action in home controller
2020-11-18 23:30:44.5739|ERROR|WedigITCRM.Controllers.HomeController|index action in home controller redirecting to frontpage controller index action
2020-11-18 23:56:31.2505|ERROR|WedigITCRM.Startup|start of ConfigureServices
2020-11-18 23:56:32.9220|ERROR|WedigITCRM.Startup|end of ConfigureServices
2020-11-18 23:56:33.0189|ERROR|WedigITCRM.Startup|start of Configure method
2020-11-18 23:56:33.8266|ERROR|WedigITCRM.Startup|end of Configure method
2020-11-18 23:56:36.6695|ERROR|WedigITCRM.Controllers.HomeController|Entering index action in home controller
2020-11-18 23:56:36.7288|ERROR|WedigITCRM.Controllers.HomeController|index action in home controller redirecting to frontpage controller index action
2020-11-18 23:57:22.1870|ERROR|WedigITCRM.Controllers.HomeController|Entering index action in home controller
2020-11-18 23:57:22.2544|ERROR|WedigITCRM.Controllers.HomeController|index action in home controller redirecting to Customer controller AllCustomers action
2020-11-18 23:57:34.1240|ERROR|WedigITCRM.Controllers.HomeController|Entering index action in home controller
2020-11-18 23:57:34.1550|ERROR|WedigITCRM.Controllers.HomeController|index action in home controller redirecting to frontpage controller index action
