2020-11-24 00:02:52.7674|ERROR|WedigITCRM.Startup|start of ConfigureServices
2020-11-24 00:02:54.3198|ERROR|WedigITCRM.Startup|end of ConfigureServices
2020-11-24 00:02:54.5096|ERROR|WedigITCRM.Startup|start of Configure method
2020-11-24 00:02:55.1813|ERROR|WedigITCRM.Startup|end of Configure method
2020-11-24 00:02:56.8898|ERROR|WedigITCRM.Controllers.HomeController|Entering index action in home controller
2020-11-24 00:02:56.9248|ERROR|WedigITCRM.Controllers.HomeController|index action in home controller redirecting to frontpage controller index action
2020-11-24 03:48:02.9493|ERROR|WedigITCRM.Startup|start of ConfigureServices
2020-11-24 03:48:04.3837|ERROR|WedigITCRM.Startup|end of ConfigureServices
2020-11-24 03:48:04.4660|ERROR|WedigITCRM.Startup|start of Configure method
2020-11-24 03:48:05.1448|ERROR|WedigITCRM.Startup|end of Configure method
2020-11-24 03:48:06.5627|ERROR|WedigITCRM.Controllers.HomeController|Entering index action in home controller
2020-11-24 03:48:06.8311|ERROR|WedigITCRM.Controllers.HomeController|index action in home controller redirecting to frontpage controller index action
2020-11-24 03:50:43.8951|ERROR|Microsoft.AspNetCore.Diagnostics.ExceptionHandlerMiddleware|An unhandled exception has occurred while executing the request.
2020-11-24 03:50:43.9950|ERROR|WedigITCRM.Startup|{"UserId":null,"UserName":null,"CompanyId":null,"CompanyName":null,"Type":null,"Title":"Unexpected Error","Status":500,"Detail":"Object reference not set to an instance of an object.\r\n                                         \r\n\r\n                                            at WedigITCRM.Controllers.PaymentController.Subscription(SubscriptionSelectedModel model, CompanyAccount companyAccount) in C:\\Users\\John\\source\\repos\\WedigITCRM\\WedigITCRM\\Controllers\\PaymentController.cs:line 88\r\n   at Microsoft.AspNetCore.Mvc.Infrastructure.ActionMethodExecutor.TaskOfIActionResultExecutor.Execute(IActionResultTypeMapper mapper, ObjectMethodExecutor executor, Object controller, Object[] arguments)\r\n   at Microsoft.AspNetCore.Mvc.Infrastructure.ControllerActionInvoker.<InvokeActionMethodAsync>g__Awaited|12_0(ControllerActionInvoker invoker, ValueTask`1 actionResultValueTask)\r\n   at Microsoft.AspNetCore.Mvc.Infrastructure.ControllerActionInvoker.<InvokeNextActionFilterAsync>g__Awaited|10_0(ControllerActionInvoker invoker, Task lastTask, State next, Scope scope, Object state, Boolean isCompleted)\r\n   at Microsoft.AspNetCore.Mvc.Infrastructure.ControllerActionInvoker.Rethrow(ActionExecutedContextSealed context)\r\n   at Microsoft.AspNetCore.Mvc.Infrastructure.ControllerActionInvoker.Next(State& next, Scope& scope, Object& state, Boolean& isCompleted)\r\n   at Microsoft.AspNetCore.Mvc.Infrastructure.ControllerActionInvoker.<InvokeInnerFilterAsync>g__Awaited|13_0(ControllerActionInvoker invoker, Task lastTask, State next, Scope scope, Object state, Boolean isCompleted)\r\n   at Microsoft.AspNetCore.Mvc.Infrastructure.ResourceInvoker.<InvokeNextResourceFilter>g__Awaited|24_0(ResourceInvoker invoker, Task lastTask, State next, Scope scope, Object state, Boolean isCompleted)\r\n   at Microsoft.AspNetCore.Mvc.Infrastructure.ResourceInvoker.Rethrow(ResourceExecutedContextSealed context)\r\n   at Microsoft.AspNetCore.Mvc.Infrastructure.ResourceInvoker.Next(State& next, Scope& scope, Object& state, Boolean& isCompleted)\r\n   at Microsoft.AspNetCore.Mvc.Infrastructure.ResourceInvoker.<InvokeFilterPipelineAsync>g__Awaited|19_0(ResourceInvoker invoker, Task lastTask, State next, Scope scope, Object state, Boolean isCompleted)\r\n   at Microsoft.AspNetCore.Mvc.Infrastructure.ResourceInvoker.<InvokeAsync>g__Logged|17_1(ResourceInvoker invoker)\r\n   at Microsoft.AspNetCore.Builder.RouterMiddleware.Invoke(HttpContext httpContext)\r\n   at Microsoft.AspNetCore.Authentication.AuthenticationMiddleware.Invoke(HttpContext context)\r\n   at Microsoft.AspNetCore.Diagnostics.ExceptionHandlerMiddleware.<Invoke>g__Awaited|6_0(ExceptionHandlerMiddleware middleware, HttpContext context, Task task)","Instance":"d5d2eb8b-dbab-4b1f-87f9-5d77e83ac728","Extensions":{}}
2020-11-24 03:56:43.8708|ERROR|WedigITCRM.Startup|start of ConfigureServices
2020-11-24 03:56:45.1541|ERROR|WedigITCRM.Startup|end of ConfigureServices
2020-11-24 03:56:45.2772|ERROR|WedigITCRM.Startup|start of Configure method
2020-11-24 03:56:45.8337|ERROR|WedigITCRM.Startup|end of Configure method
2020-11-24 03:56:46.5880|ERROR|WedigITCRM.Controllers.HomeController|Entering index action in home controller
2020-11-24 03:56:46.6240|ERROR|WedigITCRM.Controllers.HomeController|index action in home controller redirecting to frontpage controller index action
2020-11-24 03:59:06.9358|ERROR|WedigITCRM.Startup|start of ConfigureServices
2020-11-24 03:59:08.1359|ERROR|WedigITCRM.Startup|end of ConfigureServices
2020-11-24 03:59:08.2286|ERROR|WedigITCRM.Startup|start of Configure method
2020-11-24 03:59:08.9587|ERROR|WedigITCRM.Startup|end of Configure method
2020-11-24 03:59:10.5690|ERROR|WedigITCRM.Controllers.HomeController|Entering index action in home controller
2020-11-24 03:59:10.5868|ERROR|WedigITCRM.Controllers.HomeController|index action in home controller redirecting to frontpage controller index action
2020-11-24 04:00:22.5066|ERROR|Microsoft.AspNetCore.Diagnostics.ExceptionHandlerMiddleware|An unhandled exception has occurred while executing the request.
2020-11-24 04:00:22.5733|ERROR|WedigITCRM.Startup|{"UserId":null,"UserName":null,"CompanyId":null,"CompanyName":null,"Type":null,"Title":"Unexpected Error","Status":500,"Detail":"Object reference not set to an instance of an object.\r\n                                         \r\n\r\n                                            at WedigITCRM.Controllers.PaymentController.Subscription(SubscriptionSelectedModel model, CompanyAccount companyAccount) in C:\\Users\\John\\source\\repos\\WedigITCRM\\WedigITCRM\\Controllers\\PaymentController.cs:line 88\r\n   at Microsoft.AspNetCore.Mvc.Infrastructure.ActionMethodExecutor.TaskOfIActionResultExecutor.Execute(IActionResultTypeMapper mapper, ObjectMethodExecutor executor, Object controller, Object[] arguments)\r\n   at Microsoft.AspNetCore.Mvc.Infrastructure.ControllerActionInvoker.<InvokeActionMethodAsync>g__Awaited|12_0(ControllerActionInvoker invoker, ValueTask`1 actionResultValueTask)\r\n   at Microsoft.AspNetCore.Mvc.Infrastructure.ControllerActionInvoker.<InvokeNextActionFilterAsync>g__Awaited|10_0(ControllerActionInvoker invoker, Task lastTask, State next, Scope scope, Object state, Boolean isCompleted)\r\n   at Microsoft.AspNetCore.Mvc.Infrastructure.ControllerActionInvoker.Rethrow(ActionExecutedContextSealed context)\r\n   at Microsoft.AspNetCore.Mvc.Infrastructure.ControllerActionInvoker.Next(State& next, Scope& scope, Object& state, Boolean& isCompleted)\r\n   at Microsoft.AspNetCore.Mvc.Infrastructure.ControllerActionInvoker.<InvokeInnerFilterAsync>g__Awaited|13_0(ControllerActionInvoker invoker, Task lastTask, State next, Scope scope, Object state, Boolean isCompleted)\r\n   at Microsoft.AspNetCore.Mvc.Infrastructure.ResourceInvoker.<InvokeNextResourceFilter>g__Awaited|24_0(ResourceInvoker invoker, Task lastTask, State next, Scope scope, Object state, Boolean isCompleted)\r\n   at Microsoft.AspNetCore.Mvc.Infrastructure.ResourceInvoker.Rethrow(ResourceExecutedContextSealed context)\r\n   at Microsoft.AspNetCore.Mvc.Infrastructure.ResourceInvoker.Next(State& next, Scope& scope, Object& state, Boolean& isCompleted)\r\n   at Microsoft.AspNetCore.Mvc.Infrastructure.ResourceInvoker.<InvokeFilterPipelineAsync>g__Awaited|19_0(ResourceInvoker invoker, Task lastTask, State next, Scope scope, Object state, Boolean isCompleted)\r\n   at Microsoft.AspNetCore.Mvc.Infrastructure.ResourceInvoker.<InvokeAsync>g__Logged|17_1(ResourceInvoker invoker)\r\n   at Microsoft.AspNetCore.Builder.RouterMiddleware.Invoke(HttpContext httpContext)\r\n   at Microsoft.AspNetCore.Authentication.AuthenticationMiddleware.Invoke(HttpContext context)\r\n   at Microsoft.AspNetCore.Diagnostics.ExceptionHandlerMiddleware.<Invoke>g__Awaited|6_0(ExceptionHandlerMiddleware middleware, HttpContext context, Task task)","Instance":"4c4d6e94-4bf0-407d-b80d-1c949c93bf51","Extensions":{}}
2020-11-24 04:05:24.1296|ERROR|WedigITCRM.Startup|start of ConfigureServices
2020-11-24 04:05:25.4079|ERROR|WedigITCRM.Startup|end of ConfigureServices
2020-11-24 04:05:25.4779|ERROR|WedigITCRM.Startup|start of Configure method
2020-11-24 04:05:26.0321|ERROR|WedigITCRM.Startup|end of Configure method
2020-11-24 04:05:26.9779|ERROR|WedigITCRM.Controllers.HomeController|Entering index action in home controller
2020-11-24 04:05:27.4655|ERROR|WedigITCRM.Controllers.HomeController|index action in home controller redirecting to frontpage controller index action
2020-11-24 04:07:26.0485|ERROR|Microsoft.AspNetCore.Diagnostics.ExceptionHandlerMiddleware|An unhandled exception has occurred while executing the request.
2020-11-24 04:07:26.1553|ERROR|WedigITCRM.Startup|{"UserId":null,"UserName":null,"CompanyId":null,"CompanyName":null,"Type":null,"Title":"Unexpected Error","Status":500,"Detail":"Object reference not set to an instance of an object.\r\n                                         \r\n\r\n                                            at WedigITCRM.Controllers.PaymentController.Subscription(SubscriptionSelectedModel model, Int32 companyAccountId) in C:\\Users\\John\\source\\repos\\WedigITCRM\\WedigITCRM\\Controllers\\PaymentController.cs:line 88\r\n   at Microsoft.AspNetCore.Mvc.Infrastructure.ActionMethodExecutor.TaskOfIActionResultExecutor.Execute(IActionResultTypeMapper mapper, ObjectMethodExecutor executor, Object controller, Object[] arguments)\r\n   at Microsoft.AspNetCore.Mvc.Infrastructure.ControllerActionInvoker.<InvokeActionMethodAsync>g__Awaited|12_0(ControllerActionInvoker invoker, ValueTask`1 actionResultValueTask)\r\n   at Microsoft.AspNetCore.Mvc.Infrastructure.ControllerActionInvoker.<InvokeNextActionFilterAsync>g__Awaited|10_0(ControllerActionInvoker invoker, Task lastTask, State next, Scope scope, Object state, Boolean isCompleted)\r\n   at Microsoft.AspNetCore.Mvc.Infrastructure.ControllerActionInvoker.Rethrow(ActionExecutedContextSealed context)\r\n   at Microsoft.AspNetCore.Mvc.Infrastructure.ControllerActionInvoker.Next(State& next, Scope& scope, Object& state, Boolean& isCompleted)\r\n   at Microsoft.AspNetCore.Mvc.Infrastructure.ControllerActionInvoker.<InvokeInnerFilterAsync>g__Awaited|13_0(ControllerActionInvoker invoker, Task lastTask, State next, Scope scope, Object state, Boolean isCompleted)\r\n   at Microsoft.AspNetCore.Mvc.Infrastructure.ResourceInvoker.<InvokeNextResourceFilter>g__Awaited|24_0(ResourceInvoker invoker, Task lastTask, State next, Scope scope, Object state, Boolean isCompleted)\r\n   at Microsoft.AspNetCore.Mvc.Infrastructure.ResourceInvoker.Rethrow(ResourceExecutedContextSealed context)\r\n   at Microsoft.AspNetCore.Mvc.Infrastructure.ResourceInvoker.Next(State& next, Scope& scope, Object& state, Boolean& isCompleted)\r\n   at Microsoft.AspNetCore.Mvc.Infrastructure.ResourceInvoker.<InvokeFilterPipelineAsync>g__Awaited|19_0(ResourceInvoker invoker, Task lastTask, State next, Scope scope, Object state, Boolean isCompleted)\r\n   at Microsoft.AspNetCore.Mvc.Infrastructure.ResourceInvoker.<InvokeAsync>g__Logged|17_1(ResourceInvoker invoker)\r\n   at Microsoft.AspNetCore.Builder.RouterMiddleware.Invoke(HttpContext httpContext)\r\n   at Microsoft.AspNetCore.Authentication.AuthenticationMiddleware.Invoke(HttpContext context)\r\n   at Microsoft.AspNetCore.Diagnostics.ExceptionHandlerMiddleware.<Invoke>g__Awaited|6_0(ExceptionHandlerMiddleware middleware, HttpContext context, Task task)","Instance":"cfa663a5-df52-416f-9c3e-04c9890ab0c2","Extensions":{}}
2020-11-24 04:09:05.0920|ERROR|Microsoft.AspNetCore.Diagnostics.ExceptionHandlerMiddleware|An unhandled exception has occurred while executing the request.
2020-11-24 04:09:05.1179|ERROR|WedigITCRM.Startup|{"UserId":null,"UserName":null,"CompanyId":null,"CompanyName":null,"Type":null,"Title":"Unexpected Error","Status":500,"Detail":"Object reference not set to an instance of an object.\r\n                                         \r\n\r\n                                            at WedigITCRM.Controllers.PaymentController.Subscription(SubscriptionSelectedModel model, Int32 companyAccountId) in C:\\Users\\John\\source\\repos\\WedigITCRM\\WedigITCRM\\Controllers\\PaymentController.cs:line 88\r\n   at Microsoft.AspNetCore.Mvc.Infrastructure.ActionMethodExecutor.TaskOfIActionResultExecutor.Execute(IActionResultTypeMapper mapper, ObjectMethodExecutor executor, Object controller, Object[] arguments)\r\n   at Microsoft.AspNetCore.Mvc.Infrastructure.ControllerActionInvoker.<InvokeActionMethodAsync>g__Awaited|12_0(ControllerActionInvoker invoker, ValueTask`1 actionResultValueTask)\r\n   at Microsoft.AspNetCore.Mvc.Infrastructure.ControllerActionInvoker.<InvokeNextActionFilterAsync>g__Awaited|10_0(ControllerActionInvoker invoker, Task lastTask, State next, Scope scope, Object state, Boolean isCompleted)\r\n   at Microsoft.AspNetCore.Mvc.Infrastructure.ControllerActionInvoker.Rethrow(ActionExecutedContextSealed context)\r\n   at Microsoft.AspNetCore.Mvc.Infrastructure.ControllerActionInvoker.Next(State& next, Scope& scope, Object& state, Boolean& isCompleted)\r\n   at Microsoft.AspNetCore.Mvc.Infrastructure.ControllerActionInvoker.<InvokeInnerFilterAsync>g__Awaited|13_0(ControllerActionInvoker invoker, Task lastTask, State next, Scope scope, Object state, Boolean isCompleted)\r\n   at Microsoft.AspNetCore.Mvc.Infrastructure.ResourceInvoker.<InvokeNextResourceFilter>g__Awaited|24_0(ResourceInvoker invoker, Task lastTask, State next, Scope scope, Object state, Boolean isCompleted)\r\n   at Microsoft.AspNetCore.Mvc.Infrastructure.ResourceInvoker.Rethrow(ResourceExecutedContextSealed context)\r\n   at Microsoft.AspNetCore.Mvc.Infrastructure.ResourceInvoker.Next(State& next, Scope& scope, Object& state, Boolean& isCompleted)\r\n   at Microsoft.AspNetCore.Mvc.Infrastructure.ResourceInvoker.<InvokeFilterPipelineAsync>g__Awaited|19_0(ResourceInvoker invoker, Task lastTask, State next, Scope scope, Object state, Boolean isCompleted)\r\n   at Microsoft.AspNetCore.Mvc.Infrastructure.ResourceInvoker.<InvokeAsync>g__Logged|17_1(ResourceInvoker invoker)\r\n   at Microsoft.AspNetCore.Builder.RouterMiddleware.Invoke(HttpContext httpContext)\r\n   at Microsoft.AspNetCore.Authentication.AuthenticationMiddleware.Invoke(HttpContext context)\r\n   at Microsoft.AspNetCore.Diagnostics.ExceptionHandlerMiddleware.<Invoke>g__Awaited|6_0(ExceptionHandlerMiddleware middleware, HttpContext context, Task task)","Instance":"2c42f8c9-0d5c-4964-95f0-c149965e0a27","Extensions":{}}
2020-11-24 04:21:58.5779|ERROR|WedigITCRM.Startup|start of ConfigureServices
2020-11-24 04:21:59.8212|ERROR|WedigITCRM.Startup|end of ConfigureServices
2020-11-24 04:21:59.9590|ERROR|WedigITCRM.Startup|start of Configure method
2020-11-24 04:22:00.5283|ERROR|WedigITCRM.Startup|end of Configure method
2020-11-24 04:22:01.3338|ERROR|WedigITCRM.Controllers.HomeController|Entering index action in home controller
2020-11-24 04:22:01.3544|ERROR|WedigITCRM.Controllers.HomeController|index action in home controller redirecting to frontpage controller index action
2020-11-24 04:28:54.7707|ERROR|WedigITCRM.Startup|start of ConfigureServices
2020-11-24 04:28:56.0477|ERROR|WedigITCRM.Startup|end of ConfigureServices
2020-11-24 04:28:56.1366|ERROR|WedigITCRM.Startup|start of Configure method
2020-11-24 04:28:56.7626|ERROR|WedigITCRM.Startup|end of Configure method
2020-11-24 04:28:58.3255|ERROR|WedigITCRM.Controllers.HomeController|Entering index action in home controller
2020-11-24 04:28:58.3780|ERROR|WedigITCRM.Controllers.HomeController|index action in home controller redirecting to frontpage controller index action
2020-11-24 04:34:51.1322|ERROR|WedigITCRM.Startup|start of ConfigureServices
2020-11-24 04:34:52.3020|ERROR|WedigITCRM.Startup|end of ConfigureServices
2020-11-24 04:34:52.3768|ERROR|WedigITCRM.Startup|start of Configure method
2020-11-24 04:34:52.9550|ERROR|WedigITCRM.Startup|end of Configure method
2020-11-24 04:34:53.7926|ERROR|WedigITCRM.Controllers.HomeController|Entering index action in home controller
2020-11-24 04:34:53.8246|ERROR|WedigITCRM.Controllers.HomeController|index action in home controller redirecting to frontpage controller index action
2020-11-24 04:50:36.4480|ERROR|WedigITCRM.Startup|start of ConfigureServices
2020-11-24 04:50:37.8098|ERROR|WedigITCRM.Startup|end of ConfigureServices
2020-11-24 04:50:37.9098|ERROR|WedigITCRM.Startup|start of Configure method
2020-11-24 04:50:38.5835|ERROR|WedigITCRM.Startup|end of Configure method
2020-11-24 04:50:40.8952|ERROR|WedigITCRM.Controllers.HomeController|Entering index action in home controller
2020-11-24 04:50:40.9245|ERROR|WedigITCRM.Controllers.HomeController|index action in home controller redirecting to frontpage controller index action
2020-11-24 04:53:40.7527|ERROR|WedigITCRM.Startup|start of ConfigureServices
2020-11-24 04:53:42.0099|ERROR|WedigITCRM.Startup|end of ConfigureServices
2020-11-24 04:53:42.0954|ERROR|WedigITCRM.Startup|start of Configure method
2020-11-24 04:53:42.6620|ERROR|WedigITCRM.Startup|end of Configure method
2020-11-24 04:53:43.5029|ERROR|WedigITCRM.Controllers.HomeController|Entering index action in home controller
2020-11-24 04:53:43.5357|ERROR|WedigITCRM.Controllers.HomeController|index action in home controller redirecting to frontpage controller index action
2020-11-24 05:26:04.6949|ERROR|WedigITCRM.Startup|start of ConfigureServices
2020-11-24 05:26:06.0382|ERROR|WedigITCRM.Startup|end of ConfigureServices
2020-11-24 05:26:06.1189|ERROR|WedigITCRM.Startup|start of Configure method
2020-11-24 05:26:06.7749|ERROR|WedigITCRM.Startup|end of Configure method
2020-11-24 05:26:09.0098|ERROR|WedigITCRM.Controllers.HomeController|Entering index action in home controller
2020-11-24 05:26:09.0317|ERROR|WedigITCRM.Controllers.HomeController|index action in home controller redirecting to frontpage controller index action
2020-11-24 05:32:57.9831|ERROR|WedigITCRM.Startup|start of ConfigureServices
2020-11-24 05:32:59.2565|ERROR|WedigITCRM.Startup|end of ConfigureServices
2020-11-24 05:32:59.3497|ERROR|WedigITCRM.Startup|start of Configure method
2020-11-24 05:32:59.9553|ERROR|WedigITCRM.Startup|end of Configure method
2020-11-24 05:33:00.8277|ERROR|WedigITCRM.Controllers.HomeController|Entering index action in home controller
2020-11-24 05:33:00.8502|ERROR|WedigITCRM.Controllers.HomeController|index action in home controller redirecting to frontpage controller index action
2020-11-24 05:38:14.9336|ERROR|WedigITCRM.Startup|start of ConfigureServices
2020-11-24 05:38:16.2165|ERROR|WedigITCRM.Startup|end of ConfigureServices
2020-11-24 05:38:16.3207|ERROR|WedigITCRM.Startup|start of Configure method
2020-11-24 05:38:16.9335|ERROR|WedigITCRM.Startup|end of Configure method
2020-11-24 05:38:17.7213|ERROR|WedigITCRM.Controllers.HomeController|Entering index action in home controller
2020-11-24 05:38:17.7588|ERROR|WedigITCRM.Controllers.HomeController|index action in home controller redirecting to frontpage controller index action
2020-11-24 05:42:11.3344|ERROR|WedigITCRM.Startup|start of ConfigureServices
2020-11-24 05:42:12.7324|ERROR|WedigITCRM.Startup|end of ConfigureServices
2020-11-24 05:42:12.8312|ERROR|WedigITCRM.Startup|start of Configure method
2020-11-24 05:42:13.4053|ERROR|WedigITCRM.Startup|end of Configure method
2020-11-24 05:42:14.3609|ERROR|WedigITCRM.Controllers.HomeController|Entering index action in home controller
2020-11-24 05:42:14.9262|ERROR|WedigITCRM.Controllers.HomeController|index action in home controller redirecting to frontpage controller index action
