2020-07-16 00:50:41.9655|ERROR|WedigITCRM.Startup|start of ConfigureServices
2020-07-16 00:50:44.5651|ERROR|WedigITCRM.Startup|end of ConfigureServices
2020-07-16 00:50:44.8428|ERROR|WedigITCRM.Startup|start of Configure method
2020-07-16 00:50:47.4553|ERROR|WedigITCRM.Startup|end of Configure method
2020-07-16 00:50:52.6603|WARN|Microsoft.EntityFrameworkCore.Model.Validation|No type was specified for the decimal column 'OurUnitSalesPrice' on entity type 'PurchaseOrderLine'. This will cause values to be silently truncated if they do not fit in the default precision and scale. Explicitly specify the SQL server column type that can accommodate all the values using 'HasColumnType()'.
2020-07-16 00:50:52.7423|WARN|Microsoft.EntityFrameworkCore.Model.Validation|No type was specified for the decimal column 'QuantityReceivedUntillNow' on entity type 'PurchaseOrderLine'. This will cause values to be silently truncated if they do not fit in the default precision and scale. Explicitly specify the SQL server column type that can accommodate all the values using 'HasColumnType()'.
2020-07-16 00:50:52.8507|WARN|Microsoft.EntityFrameworkCore.Model.Validation|No type was specified for the decimal column 'NumberInStock' on entity type 'StockItem'. This will cause values to be silently truncated if they do not fit in the default precision and scale. Explicitly specify the SQL server column type that can accommodate all the values using 'HasColumnType()'.
2020-07-16 00:50:53.5454|ERROR|WedigITCRM.Controllers.HomeController|Entering index action in home controller
2020-07-16 00:50:53.9442|ERROR|WedigITCRM.Controllers.HomeController|index action in home controller redirecting to frontpage controller index action
2020-07-16 00:51:05.5249|ERROR|WedigITCRM.Controllers.HomeController|Entering index action in home controller
2020-07-16 00:51:05.5484|ERROR|WedigITCRM.Controllers.HomeController|index action in home controller redirecting to Customer controller AllCustomers action
2020-07-16 11:21:21.4324|ERROR|WedigITCRM.Startup|start of ConfigureServices
2020-07-16 11:21:22.9676|ERROR|WedigITCRM.Startup|end of ConfigureServices
2020-07-16 11:21:23.0908|ERROR|WedigITCRM.Startup|start of Configure method
2020-07-16 11:21:23.7529|ERROR|WedigITCRM.Startup|end of Configure method
2020-07-16 11:21:25.7122|ERROR|WedigITCRM.Controllers.HomeController|Entering index action in home controller
2020-07-16 11:21:25.7552|ERROR|WedigITCRM.Controllers.HomeController|index action in home controller redirecting to frontpage controller index action
2020-07-16 11:21:25.8354|WARN|Microsoft.EntityFrameworkCore.Model.Validation|No type was specified for the decimal column 'OurUnitSalesPrice' on entity type 'PurchaseOrderLine'. This will cause values to be silently truncated if they do not fit in the default precision and scale. Explicitly specify the SQL server column type that can accommodate all the values using 'HasColumnType()'.
2020-07-16 11:21:25.8814|WARN|Microsoft.EntityFrameworkCore.Model.Validation|No type was specified for the decimal column 'QuantityReceivedUntillNow' on entity type 'PurchaseOrderLine'. This will cause values to be silently truncated if they do not fit in the default precision and scale. Explicitly specify the SQL server column type that can accommodate all the values using 'HasColumnType()'.
2020-07-16 11:21:25.9099|WARN|Microsoft.EntityFrameworkCore.Model.Validation|No type was specified for the decimal column 'NumberInStock' on entity type 'StockItem'. This will cause values to be silently truncated if they do not fit in the default precision and scale. Explicitly specify the SQL server column type that can accommodate all the values using 'HasColumnType()'.
2020-07-16 11:21:37.5065|ERROR|WedigITCRM.Controllers.HomeController|Entering index action in home controller
2020-07-16 11:21:37.5393|ERROR|WedigITCRM.Controllers.HomeController|index action in home controller redirecting to Customer controller AllCustomers action
2020-07-16 11:22:12.2407|ERROR|Microsoft.AspNetCore.Diagnostics.ExceptionHandlerMiddleware|An unhandled exception has occurred while executing the request.
2020-07-16 11:22:12.6412|ERROR|WedigITCRM.Startup|{"UserId":"6c1e27cf-820e-4335-b9a5-7ed1142c531c","UserName":"johnpetersen1959@gmail.com","CompanyId":"13024","CompanyName":"wedigIT ApS","Type":null,"Title":"Unexpected Error","Status":500,"Detail":"The remote server returned an error: (502) Bad Gateway.\r\n                                         \r\n\r\n                                            at System.Net.HttpWebRequest.GetResponse()\r\n   at System.Net.WebClient.GetWebResponse(WebRequest request)\r\n   at System.Net.WebClient.DownloadBits(WebRequest request, Stream writeStream)\r\n   at System.Net.WebClient.DownloadDataInternal(Uri address, WebRequest& request)\r\n   at System.Net.WebClient.DownloadString(Uri address)\r\n   at System.Net.WebClient.DownloadString(String address)\r\n   at WedigITCRM.DineroAPI.DineroInvoice.getInvoiceLinesFromDinero(String invoiceGuid) in C:\\Users\\John\\source\\repos\\WedigITCRM\\WedigITCRM\\DineroAPI\\DineroInvoice.cs:line 61\r\n   at WedigITCRM.Controllers.PurchaseOrderController.getTotalSoldAmountForStockItem(DateTime fromDate, DateTime toDate, Guid DineroStockitemId, CompanyAccount companyAccount) in C:\\Users\\John\\source\\repos\\WedigITCRM\\WedigITCRM\\Controllers\\PurchaseOrderController.cs:line 988\r\n   at WedigITCRM.Controllers.PurchaseOrderController.createBudgetLineFromItemLine(PurchaseBudgetLineModel model, CompanyAccount companyAccount) in C:\\Users\\John\\source\\repos\\WedigITCRM\\WedigITCRM\\Controllers\\PurchaseOrderController.cs:line 963\r\n   at lambda_method(Closure , Object , Object[] )\r\n   at Microsoft.Extensions.Internal.ObjectMethodExecutor.Execute(Object target, Object[] parameters)\r\n   at Microsoft.AspNetCore.Mvc.Infrastructure.ActionMethodExecutor.SyncActionResultExecutor.Execute(IActionResultTypeMapper mapper, ObjectMethodExecutor executor, Object controller, Object[] arguments)\r\n   at Microsoft.AspNetCore.Mvc.Infrastructure.ControllerActionInvoker.InvokeActionMethodAsync()\r\n   at Microsoft.AspNetCore.Mvc.Infrastructure.ControllerActionInvoker.Next(State& next, Scope& scope, Object& state, Boolean& isCompleted)\r\n   at Microsoft.AspNetCore.Mvc.Infrastructure.ControllerActionInvoker.InvokeNextActionFilterAsync()\r\n--- End of stack trace from previous location where exception was thrown ---\r\n   at Microsoft.AspNetCore.Mvc.Infrastructure.ControllerActionInvoker.Rethrow(ActionExecutedContextSealed context)\r\n   at Microsoft.AspNetCore.Mvc.Infrastructure.ControllerActionInvoker.Next(State& next, Scope& scope, Object& state, Boolean& isCompleted)\r\n   at Microsoft.AspNetCore.Mvc.Infrastructure.ControllerActionInvoker.InvokeInnerFilterAsync()\r\n--- End of stack trace from previous location where exception was thrown ---\r\n   at Microsoft.AspNetCore.Mvc.Infrastructure.ResourceInvoker.<InvokeNextResourceFilter>g__Awaited|24_0(ResourceInvoker invoker, Task lastTask, State next, Scope scope, Object state, Boolean isCompleted)\r\n   at Microsoft.AspNetCore.Mvc.Infrastructure.ResourceInvoker.Rethrow(ResourceExecutedContextSealed context)\r\n   at Microsoft.AspNetCore.Mvc.Infrastructure.ResourceInvoker.Next(State& next, Scope& scope, Object& state, Boolean& isCompleted)\r\n   at Microsoft.AspNetCore.Mvc.Infrastructure.ResourceInvoker.InvokeFilterPipelineAsync()\r\n--- End of stack trace from previous location where exception was thrown ---\r\n   at Microsoft.AspNetCore.Mvc.Infrastructure.ResourceInvoker.<InvokeAsync>g__Logged|17_1(ResourceInvoker invoker)\r\n   at Microsoft.AspNetCore.Builder.RouterMiddleware.Invoke(HttpContext httpContext)\r\n   at Microsoft.AspNetCore.Authentication.AuthenticationMiddleware.Invoke(HttpContext context)\r\n   at Microsoft.AspNetCore.Diagnostics.ExceptionHandlerMiddleware.<Invoke>g__Awaited|6_0(ExceptionHandlerMiddleware middleware, HttpContext context, Task task)","Instance":"4b936a78-10db-46c9-b072-3b574f98432e","Extensions":{}}
2020-07-16 13:28:31.0004|ERROR|Microsoft.AspNetCore.Diagnostics.ExceptionHandlerMiddleware|An unhandled exception has occurred while executing the request.
2020-07-16 13:28:31.4261|ERROR|WedigITCRM.Startup|{"UserId":"6c1e27cf-820e-4335-b9a5-7ed1142c531c","UserName":"johnpetersen1959@gmail.com","CompanyId":"13024","CompanyName":"wedigIT ApS","Type":null,"Title":"Unexpected Error","Status":500,"Detail":"Input string was not in a correct format.\r\n                                         \r\n\r\n                                            at System.Number.ThrowOverflowOrFormatException(ParsingStatus status, TypeCode type)\r\n   at System.Number.ParseDecimal(ReadOnlySpan`1 value, NumberStyles styles, NumberFormatInfo info)\r\n   at System.Decimal.Parse(String s)\r\n   at WedigITCRM.Controllers.PurchaseOrderController.updateBudgetLineQuantity(PurchaseBudgetLineModel model, CompanyAccount companyAccount) in C:\\Users\\John\\source\\repos\\WedigITCRM\\WedigITCRM\\Controllers\\PurchaseOrderController.cs:line 1072\r\n   at lambda_method(Closure , Object , Object[] )\r\n   at Microsoft.AspNetCore.Mvc.Infrastructure.ActionMethodExecutor.SyncActionResultExecutor.Execute(IActionResultTypeMapper mapper, ObjectMethodExecutor executor, Object controller, Object[] arguments)\r\n   at Microsoft.AspNetCore.Mvc.Infrastructure.ControllerActionInvoker.InvokeActionMethodAsync()\r\n   at Microsoft.AspNetCore.Mvc.Infrastructure.ControllerActionInvoker.Next(State& next, Scope& scope, Object& state, Boolean& isCompleted)\r\n   at Microsoft.AspNetCore.Mvc.Infrastructure.ControllerActionInvoker.InvokeNextActionFilterAsync()\r\n--- End of stack trace from previous location where exception was thrown ---\r\n   at Microsoft.AspNetCore.Mvc.Infrastructure.ControllerActionInvoker.Rethrow(ActionExecutedContextSealed context)\r\n   at Microsoft.AspNetCore.Mvc.Infrastructure.ControllerActionInvoker.Next(State& next, Scope& scope, Object& state, Boolean& isCompleted)\r\n   at Microsoft.AspNetCore.Mvc.Infrastructure.ControllerActionInvoker.InvokeInnerFilterAsync()\r\n--- End of stack trace from previous location where exception was thrown ---\r\n   at Microsoft.AspNetCore.Mvc.Infrastructure.ResourceInvoker.<InvokeNextResourceFilter>g__Awaited|24_0(ResourceInvoker invoker, Task lastTask, State next, Scope scope, Object state, Boolean isCompleted)\r\n   at Microsoft.AspNetCore.Mvc.Infrastructure.ResourceInvoker.Rethrow(ResourceExecutedContextSealed context)\r\n   at Microsoft.AspNetCore.Mvc.Infrastructure.ResourceInvoker.Next(State& next, Scope& scope, Object& state, Boolean& isCompleted)\r\n   at Microsoft.AspNetCore.Mvc.Infrastructure.ResourceInvoker.InvokeFilterPipelineAsync()\r\n--- End of stack trace from previous location where exception was thrown ---\r\n   at Microsoft.AspNetCore.Mvc.Infrastructure.ResourceInvoker.<InvokeAsync>g__Logged|17_1(ResourceInvoker invoker)\r\n   at Microsoft.AspNetCore.Builder.RouterMiddleware.Invoke(HttpContext httpContext)\r\n   at Microsoft.AspNetCore.Authentication.AuthenticationMiddleware.Invoke(HttpContext context)\r\n   at Microsoft.AspNetCore.Diagnostics.ExceptionHandlerMiddleware.<Invoke>g__Awaited|6_0(ExceptionHandlerMiddleware middleware, HttpContext context, Task task)","Instance":"47de02d4-d6b2-459d-b392-09b8eb6eb02f","Extensions":{}}
2020-07-16 14:47:36.1203|ERROR|WedigITCRM.Startup|start of ConfigureServices
2020-07-16 14:47:37.2551|ERROR|WedigITCRM.Startup|end of ConfigureServices
2020-07-16 14:47:37.3536|ERROR|WedigITCRM.Startup|start of Configure method
2020-07-16 14:47:37.9174|ERROR|WedigITCRM.Startup|end of Configure method
2020-07-16 14:47:39.9891|WARN|Microsoft.EntityFrameworkCore.Model.Validation|No type was specified for the decimal column 'OurUnitSalesPrice' on entity type 'PurchaseOrderLine'. This will cause values to be silently truncated if they do not fit in the default precision and scale. Explicitly specify the SQL server column type that can accommodate all the values using 'HasColumnType()'.
2020-07-16 14:47:40.0772|WARN|Microsoft.EntityFrameworkCore.Model.Validation|No type was specified for the decimal column 'QuantityReceivedUntillNow' on entity type 'PurchaseOrderLine'. This will cause values to be silently truncated if they do not fit in the default precision and scale. Explicitly specify the SQL server column type that can accommodate all the values using 'HasColumnType()'.
2020-07-16 14:47:40.1422|WARN|Microsoft.EntityFrameworkCore.Model.Validation|No type was specified for the decimal column 'NumberInStock' on entity type 'StockItem'. This will cause values to be silently truncated if they do not fit in the default precision and scale. Explicitly specify the SQL server column type that can accommodate all the values using 'HasColumnType()'.
2020-07-16 14:47:40.1608|ERROR|WedigITCRM.Controllers.HomeController|Entering index action in home controller
2020-07-16 14:47:40.2004|ERROR|WedigITCRM.Controllers.HomeController|index action in home controller redirecting to frontpage controller index action
2020-07-16 14:47:49.2404|ERROR|WedigITCRM.Controllers.HomeController|Entering index action in home controller
2020-07-16 14:47:49.2715|ERROR|WedigITCRM.Controllers.HomeController|index action in home controller redirecting to Customer controller AllCustomers action
2020-07-16 15:21:31.6307|ERROR|WedigITCRM.Startup|start of ConfigureServices
2020-07-16 15:21:32.8179|ERROR|WedigITCRM.Startup|end of ConfigureServices
2020-07-16 15:21:32.9231|ERROR|WedigITCRM.Startup|start of Configure method
2020-07-16 15:21:33.5647|ERROR|WedigITCRM.Startup|end of Configure method
2020-07-16 15:21:35.6418|WARN|Microsoft.EntityFrameworkCore.Model.Validation|No type was specified for the decimal column 'OurUnitSalesPrice' on entity type 'PurchaseOrderLine'. This will cause values to be silently truncated if they do not fit in the default precision and scale. Explicitly specify the SQL server column type that can accommodate all the values using 'HasColumnType()'.
2020-07-16 15:21:35.6562|WARN|Microsoft.EntityFrameworkCore.Model.Validation|No type was specified for the decimal column 'QuantityReceivedUntillNow' on entity type 'PurchaseOrderLine'. This will cause values to be silently truncated if they do not fit in the default precision and scale. Explicitly specify the SQL server column type that can accommodate all the values using 'HasColumnType()'.
2020-07-16 15:21:35.6712|WARN|Microsoft.EntityFrameworkCore.Model.Validation|No type was specified for the decimal column 'NumberInStock' on entity type 'StockItem'. This will cause values to be silently truncated if they do not fit in the default precision and scale. Explicitly specify the SQL server column type that can accommodate all the values using 'HasColumnType()'.
2020-07-16 15:21:40.8766|ERROR|WedigITCRM.Controllers.HomeController|Entering index action in home controller
2020-07-16 15:21:40.9343|ERROR|WedigITCRM.Controllers.HomeController|index action in home controller redirecting to Customer controller AllCustomers action
2020-07-16 16:07:13.7099|ERROR|WedigITCRM.Startup|start of ConfigureServices
2020-07-16 16:07:17.0515|ERROR|WedigITCRM.Startup|end of ConfigureServices
2020-07-16 16:07:17.2373|ERROR|WedigITCRM.Startup|start of Configure method
2020-07-16 16:07:19.2839|ERROR|WedigITCRM.Startup|end of Configure method
2020-07-16 16:07:22.4848|WARN|Microsoft.EntityFrameworkCore.Model.Validation|No type was specified for the decimal column 'OurUnitSalesPrice' on entity type 'PurchaseOrderLine'. This will cause values to be silently truncated if they do not fit in the default precision and scale. Explicitly specify the SQL server column type that can accommodate all the values using 'HasColumnType()'.
2020-07-16 16:07:22.5393|WARN|Microsoft.EntityFrameworkCore.Model.Validation|No type was specified for the decimal column 'QuantityReceivedUntillNow' on entity type 'PurchaseOrderLine'. This will cause values to be silently truncated if they do not fit in the default precision and scale. Explicitly specify the SQL server column type that can accommodate all the values using 'HasColumnType()'.
2020-07-16 16:07:22.5851|WARN|Microsoft.EntityFrameworkCore.Model.Validation|No type was specified for the decimal column 'NumberInStock' on entity type 'StockItem'. This will cause values to be silently truncated if they do not fit in the default precision and scale. Explicitly specify the SQL server column type that can accommodate all the values using 'HasColumnType()'.
2020-07-16 16:07:24.8053|ERROR|WedigITCRM.Controllers.HomeController|Entering index action in home controller
2020-07-16 16:07:24.8563|ERROR|WedigITCRM.Controllers.HomeController|index action in home controller redirecting to frontpage controller index action
2020-07-16 16:07:35.2230|ERROR|WedigITCRM.Controllers.HomeController|Entering index action in home controller
2020-07-16 16:07:35.2620|ERROR|WedigITCRM.Controllers.HomeController|index action in home controller redirecting to Customer controller AllCustomers action
