2020-12-05 21:55:32.4399|ERROR|WedigITCRM.Startup|start of ConfigureServices
2020-12-05 21:55:33.9433|ERROR|WedigITCRM.Startup|end of ConfigureServices
2020-12-05 21:55:34.0373|ERROR|WedigITCRM.Startup|start of Configure method
2020-12-05 21:55:34.7253|ERROR|WedigITCRM.Startup|end of Configure method
2020-12-05 21:55:36.5200|WARN|Microsoft.EntityFrameworkCore.Model.Validation|No type was specified for the decimal column 'OurUnitSalesPrice' on entity type 'PurchaseOrderLine'. This will cause values to be silently truncated if they do not fit in the default precision and scale. Explicitly specify the SQL server column type that can accommodate all the values using 'HasColumnType()'.
2020-12-05 21:55:36.5490|WARN|Microsoft.EntityFrameworkCore.Model.Validation|No type was specified for the decimal column 'QuantityReceivedUntillNow' on entity type 'PurchaseOrderLine'. This will cause values to be silently truncated if they do not fit in the default precision and scale. Explicitly specify the SQL server column type that can accommodate all the values using 'HasColumnType()'.
2020-12-05 21:55:36.5699|WARN|Microsoft.EntityFrameworkCore.Model.Validation|No type was specified for the decimal column 'NumberInStock' on entity type 'StockItem'. This will cause values to be silently truncated if they do not fit in the default precision and scale. Explicitly specify the SQL server column type that can accommodate all the values using 'HasColumnType()'.
2020-12-05 21:55:39.2207|ERROR|WedigITCRM.Controllers.HomeController|Entering index action in home controller
2020-12-05 21:55:39.2519|ERROR|WedigITCRM.Controllers.HomeController|index action in home controller redirecting to frontpage controller index action
2020-12-05 22:59:03.2524|ERROR|WedigITCRM.Startup|start of ConfigureServices
2020-12-05 22:59:04.5144|ERROR|WedigITCRM.Startup|end of ConfigureServices
2020-12-05 22:59:04.6169|ERROR|WedigITCRM.Startup|start of Configure method
2020-12-05 22:59:05.2957|ERROR|WedigITCRM.Startup|end of Configure method
2020-12-05 22:59:06.7340|ERROR|WedigITCRM.Controllers.HomeController|Entering index action in home controller
2020-12-05 22:59:06.7603|ERROR|WedigITCRM.Controllers.HomeController|index action in home controller redirecting to frontpage controller index action
2020-12-05 22:59:07.6364|WARN|Microsoft.EntityFrameworkCore.Model.Validation|No type was specified for the decimal column 'OurUnitSalesPrice' on entity type 'PurchaseOrderLine'. This will cause values to be silently truncated if they do not fit in the default precision and scale. Explicitly specify the SQL server column type that can accommodate all the values using 'HasColumnType()'.
2020-12-05 22:59:07.6567|WARN|Microsoft.EntityFrameworkCore.Model.Validation|No type was specified for the decimal column 'QuantityReceivedUntillNow' on entity type 'PurchaseOrderLine'. This will cause values to be silently truncated if they do not fit in the default precision and scale. Explicitly specify the SQL server column type that can accommodate all the values using 'HasColumnType()'.
2020-12-05 22:59:07.6777|WARN|Microsoft.EntityFrameworkCore.Model.Validation|No type was specified for the decimal column 'NumberInStock' on entity type 'StockItem'. This will cause values to be silently truncated if they do not fit in the default precision and scale. Explicitly specify the SQL server column type that can accommodate all the values using 'HasColumnType()'.
2020-12-05 23:10:19.8404|ERROR|WedigITCRM.Controllers.HomeController|Entering index action in home controller
2020-12-05 23:10:19.8956|ERROR|WedigITCRM.Controllers.HomeController|index action in home controller redirecting to frontpage controller index action
2020-12-05 23:14:26.4876|ERROR|WedigITCRM.Controllers.HomeController|Entering index action in home controller
2020-12-05 23:14:26.5145|ERROR|WedigITCRM.Controllers.HomeController|index action in home controller redirecting to frontpage controller index action
