2020-11-16 00:03:23.2178|ERROR|WedigITCRM.Startup|start of ConfigureServices
2020-11-16 00:03:25.3987|ERROR|WedigITCRM.Startup|end of ConfigureServices
2020-11-16 00:03:25.5633|ERROR|WedigITCRM.Startup|start of Configure method
2020-11-16 00:03:27.5516|ERROR|WedigITCRM.Startup|end of Configure method
2020-11-16 00:03:29.2030|WARN|Microsoft.EntityFrameworkCore.Model.Validation|No type was specified for the decimal column 'OurUnitSalesPrice' on entity type 'PurchaseOrderLine'. This will cause values to be silently truncated if they do not fit in the default precision and scale. Explicitly specify the SQL server column type that can accommodate all the values using 'HasColumnType()'.
2020-11-16 00:03:29.2321|WARN|Microsoft.EntityFrameworkCore.Model.Validation|No type was specified for the decimal column 'QuantityReceivedUntillNow' on entity type 'PurchaseOrderLine'. This will cause values to be silently truncated if they do not fit in the default precision and scale. Explicitly specify the SQL server column type that can accommodate all the values using 'HasColumnType()'.
2020-11-16 00:03:29.2725|WARN|Microsoft.EntityFrameworkCore.Model.Validation|No type was specified for the decimal column 'NumberInStock' on entity type 'StockItem'. This will cause values to be silently truncated if they do not fit in the default precision and scale. Explicitly specify the SQL server column type that can accommodate all the values using 'HasColumnType()'.
2020-11-16 00:03:30.9742|ERROR|WedigITCRM.Controllers.HomeController|Entering index action in home controller
2020-11-16 00:03:31.0033|ERROR|WedigITCRM.Controllers.HomeController|index action in home controller redirecting to frontpage controller index action
2020-11-16 00:06:11.1931|ERROR|WedigITCRM.Startup|start of ConfigureServices
2020-11-16 00:06:12.6627|ERROR|WedigITCRM.Startup|end of ConfigureServices
2020-11-16 00:06:12.8080|ERROR|WedigITCRM.Startup|start of Configure method
2020-11-16 00:06:13.5723|ERROR|WedigITCRM.Startup|end of Configure method
2020-11-16 00:06:15.8378|ERROR|WedigITCRM.Controllers.HomeController|Entering index action in home controller
2020-11-16 00:06:15.8823|ERROR|WedigITCRM.Controllers.HomeController|index action in home controller redirecting to frontpage controller index action
2020-11-16 00:06:16.4313|WARN|Microsoft.EntityFrameworkCore.Model.Validation|No type was specified for the decimal column 'OurUnitSalesPrice' on entity type 'PurchaseOrderLine'. This will cause values to be silently truncated if they do not fit in the default precision and scale. Explicitly specify the SQL server column type that can accommodate all the values using 'HasColumnType()'.
2020-11-16 00:06:16.4711|WARN|Microsoft.EntityFrameworkCore.Model.Validation|No type was specified for the decimal column 'QuantityReceivedUntillNow' on entity type 'PurchaseOrderLine'. This will cause values to be silently truncated if they do not fit in the default precision and scale. Explicitly specify the SQL server column type that can accommodate all the values using 'HasColumnType()'.
2020-11-16 00:06:16.5142|WARN|Microsoft.EntityFrameworkCore.Model.Validation|No type was specified for the decimal column 'NumberInStock' on entity type 'StockItem'. This will cause values to be silently truncated if they do not fit in the default precision and scale. Explicitly specify the SQL server column type that can accommodate all the values using 'HasColumnType()'.
2020-11-16 00:54:50.2665|ERROR|WedigITCRM.Startup|start of ConfigureServices
2020-11-16 00:54:52.8202|ERROR|WedigITCRM.Startup|end of ConfigureServices
2020-11-16 00:54:52.9824|ERROR|WedigITCRM.Startup|start of Configure method
2020-11-16 00:54:55.6654|ERROR|WedigITCRM.Startup|end of Configure method
2020-11-16 00:54:58.8463|WARN|Microsoft.EntityFrameworkCore.Model.Validation|No type was specified for the decimal column 'OurUnitSalesPrice' on entity type 'PurchaseOrderLine'. This will cause values to be silently truncated if they do not fit in the default precision and scale. Explicitly specify the SQL server column type that can accommodate all the values using 'HasColumnType()'.
2020-11-16 00:54:58.9670|WARN|Microsoft.EntityFrameworkCore.Model.Validation|No type was specified for the decimal column 'QuantityReceivedUntillNow' on entity type 'PurchaseOrderLine'. This will cause values to be silently truncated if they do not fit in the default precision and scale. Explicitly specify the SQL server column type that can accommodate all the values using 'HasColumnType()'.
2020-11-16 00:54:59.0736|WARN|Microsoft.EntityFrameworkCore.Model.Validation|No type was specified for the decimal column 'NumberInStock' on entity type 'StockItem'. This will cause values to be silently truncated if they do not fit in the default precision and scale. Explicitly specify the SQL server column type that can accommodate all the values using 'HasColumnType()'.
2020-11-16 00:55:01.2570|ERROR|WedigITCRM.Controllers.HomeController|Entering index action in home controller
2020-11-16 00:55:01.3101|ERROR|WedigITCRM.Controllers.HomeController|index action in home controller redirecting to frontpage controller index action
2020-11-16 00:56:35.1674|ERROR|WedigITCRM.Startup|start of ConfigureServices
2020-11-16 00:56:36.6184|ERROR|WedigITCRM.Startup|end of ConfigureServices
2020-11-16 00:56:36.7258|ERROR|WedigITCRM.Startup|start of Configure method
2020-11-16 00:56:37.5287|ERROR|WedigITCRM.Startup|end of Configure method
2020-11-16 00:56:39.3814|ERROR|WedigITCRM.Controllers.HomeController|Entering index action in home controller
2020-11-16 00:56:39.4097|ERROR|WedigITCRM.Controllers.HomeController|index action in home controller redirecting to frontpage controller index action
2020-11-16 00:56:40.2296|WARN|Microsoft.EntityFrameworkCore.Model.Validation|No type was specified for the decimal column 'OurUnitSalesPrice' on entity type 'PurchaseOrderLine'. This will cause values to be silently truncated if they do not fit in the default precision and scale. Explicitly specify the SQL server column type that can accommodate all the values using 'HasColumnType()'.
2020-11-16 00:56:40.2857|WARN|Microsoft.EntityFrameworkCore.Model.Validation|No type was specified for the decimal column 'QuantityReceivedUntillNow' on entity type 'PurchaseOrderLine'. This will cause values to be silently truncated if they do not fit in the default precision and scale. Explicitly specify the SQL server column type that can accommodate all the values using 'HasColumnType()'.
2020-11-16 00:56:40.3611|WARN|Microsoft.EntityFrameworkCore.Model.Validation|No type was specified for the decimal column 'NumberInStock' on entity type 'StockItem'. This will cause values to be silently truncated if they do not fit in the default precision and scale. Explicitly specify the SQL server column type that can accommodate all the values using 'HasColumnType()'.
2020-11-16 01:27:35.9854|ERROR|WedigITCRM.Startup|start of ConfigureServices
2020-11-16 01:27:37.6893|ERROR|WedigITCRM.Startup|end of ConfigureServices
2020-11-16 01:27:37.8526|ERROR|WedigITCRM.Startup|start of Configure method
2020-11-16 01:27:38.6304|ERROR|WedigITCRM.Startup|end of Configure method
2020-11-16 01:27:40.9914|WARN|Microsoft.EntityFrameworkCore.Model.Validation|No type was specified for the decimal column 'OurUnitSalesPrice' on entity type 'PurchaseOrderLine'. This will cause values to be silently truncated if they do not fit in the default precision and scale. Explicitly specify the SQL server column type that can accommodate all the values using 'HasColumnType()'.
2020-11-16 01:27:41.0302|WARN|Microsoft.EntityFrameworkCore.Model.Validation|No type was specified for the decimal column 'QuantityReceivedUntillNow' on entity type 'PurchaseOrderLine'. This will cause values to be silently truncated if they do not fit in the default precision and scale. Explicitly specify the SQL server column type that can accommodate all the values using 'HasColumnType()'.
2020-11-16 01:27:41.0549|WARN|Microsoft.EntityFrameworkCore.Model.Validation|No type was specified for the decimal column 'NumberInStock' on entity type 'StockItem'. This will cause values to be silently truncated if they do not fit in the default precision and scale. Explicitly specify the SQL server column type that can accommodate all the values using 'HasColumnType()'.
2020-11-16 01:27:44.0604|ERROR|WedigITCRM.Controllers.HomeController|Entering index action in home controller
2020-11-16 01:27:44.1125|ERROR|WedigITCRM.Controllers.HomeController|index action in home controller redirecting to frontpage controller index action
2020-11-16 01:31:07.8836|ERROR|WedigITCRM.Startup|start of ConfigureServices
2020-11-16 01:31:09.7732|ERROR|WedigITCRM.Startup|end of ConfigureServices
2020-11-16 01:31:09.9782|ERROR|WedigITCRM.Startup|start of Configure method
2020-11-16 01:31:11.2085|ERROR|WedigITCRM.Startup|end of Configure method
2020-11-16 01:31:14.1294|WARN|Microsoft.EntityFrameworkCore.Model.Validation|No type was specified for the decimal column 'OurUnitSalesPrice' on entity type 'PurchaseOrderLine'. This will cause values to be silently truncated if they do not fit in the default precision and scale. Explicitly specify the SQL server column type that can accommodate all the values using 'HasColumnType()'.
2020-11-16 01:31:14.1803|WARN|Microsoft.EntityFrameworkCore.Model.Validation|No type was specified for the decimal column 'QuantityReceivedUntillNow' on entity type 'PurchaseOrderLine'. This will cause values to be silently truncated if they do not fit in the default precision and scale. Explicitly specify the SQL server column type that can accommodate all the values using 'HasColumnType()'.
2020-11-16 01:31:14.2048|WARN|Microsoft.EntityFrameworkCore.Model.Validation|No type was specified for the decimal column 'NumberInStock' on entity type 'StockItem'. This will cause values to be silently truncated if they do not fit in the default precision and scale. Explicitly specify the SQL server column type that can accommodate all the values using 'HasColumnType()'.
2020-11-16 01:31:16.6862|ERROR|WedigITCRM.Controllers.HomeController|Entering index action in home controller
2020-11-16 01:31:16.7415|ERROR|WedigITCRM.Controllers.HomeController|index action in home controller redirecting to frontpage controller index action
2020-11-16 01:32:04.1298|ERROR|Microsoft.AspNetCore.Mvc.ViewFeatures.ViewResultExecutor|The view 'Charge' was not found. Searched locations: /Views/Payment/Charge.cshtml, /Views/Shared/Charge.cshtml, /Pages/Shared/Charge.cshtml
2020-11-16 01:32:05.0086|ERROR|Microsoft.AspNetCore.Diagnostics.ExceptionHandlerMiddleware|An unhandled exception has occurred while executing the request.
2020-11-16 01:32:05.2582|ERROR|WedigITCRM.Startup|{"UserId":null,"UserName":null,"CompanyId":null,"CompanyName":null,"Type":null,"Title":"Unexpected Error","Status":500,"Detail":"The view 'Charge' was not found. The following locations were searched:\r\n/Views/Payment/Charge.cshtml\r\n/Views/Shared/Charge.cshtml\r\n/Pages/Shared/Charge.cshtml\r\n                                         \r\n\r\n                                            at Microsoft.AspNetCore.Mvc.ViewEngines.ViewEngineResult.EnsureSuccessful(IEnumerable`1 originalLocations)\r\n   at Microsoft.AspNetCore.Mvc.ViewFeatures.ViewResultExecutor.ExecuteAsync(ActionContext context, ViewResult result)\r\n   at Microsoft.AspNetCore.Mvc.ViewResult.ExecuteResultAsync(ActionContext context)\r\n   at Microsoft.AspNetCore.Mvc.Infrastructure.ResourceInvoker.<InvokeNextResultFilterAsync>g__Awaited|29_0[TFilter,TFilterAsync](ResourceInvoker invoker, Task lastTask, State next, Scope scope, Object state, Boolean isCompleted)\r\n   at Microsoft.AspNetCore.Mvc.Infrastructure.ResourceInvoker.Rethrow(ResultExecutedContextSealed context)\r\n   at Microsoft.AspNetCore.Mvc.Infrastructure.ResourceInvoker.ResultNext[TFilter,TFilterAsync](State& next, Scope& scope, Object& state, Boolean& isCompleted)\r\n   at Microsoft.AspNetCore.Mvc.Infrastructure.ResourceInvoker.InvokeResultFilters()\r\n--- End of stack trace from previous location where exception was thrown ---\r\n   at Microsoft.AspNetCore.Mvc.Infrastructure.ResourceInvoker.<InvokeNextResourceFilter>g__Awaited|24_0(ResourceInvoker invoker, Task lastTask, State next, Scope scope, Object state, Boolean isCompleted)\r\n   at Microsoft.AspNetCore.Mvc.Infrastructure.ResourceInvoker.Rethrow(ResourceExecutedContextSealed context)\r\n   at Microsoft.AspNetCore.Mvc.Infrastructure.ResourceInvoker.Next(State& next, Scope& scope, Object& state, Boolean& isCompleted)\r\n   at Microsoft.AspNetCore.Mvc.Infrastructure.ResourceInvoker.<InvokeFilterPipelineAsync>g__Awaited|19_0(ResourceInvoker invoker, Task lastTask, State next, Scope scope, Object state, Boolean isCompleted)\r\n   at Microsoft.AspNetCore.Mvc.Infrastructure.ResourceInvoker.<InvokeAsync>g__Logged|17_1(ResourceInvoker invoker)\r\n   at Microsoft.AspNetCore.Builder.RouterMiddleware.Invoke(HttpContext httpContext)\r\n   at Microsoft.AspNetCore.Authentication.AuthenticationMiddleware.Invoke(HttpContext context)\r\n   at Microsoft.AspNetCore.Diagnostics.ExceptionHandlerMiddleware.<Invoke>g__Awaited|6_0(ExceptionHandlerMiddleware middleware, HttpContext context, Task task)","Instance":"c39f48c7-1dd5-421c-8b51-aeb937117742","Extensions":{}}
2020-11-16 01:43:43.6165|ERROR|WedigITCRM.Startup|start of ConfigureServices
2020-11-16 01:43:45.3546|ERROR|WedigITCRM.Startup|end of ConfigureServices
2020-11-16 01:43:45.5259|ERROR|WedigITCRM.Startup|start of Configure method
2020-11-16 01:43:46.4696|ERROR|WedigITCRM.Startup|end of Configure method
2020-11-16 01:43:49.0056|WARN|Microsoft.EntityFrameworkCore.Model.Validation|No type was specified for the decimal column 'OurUnitSalesPrice' on entity type 'PurchaseOrderLine'. This will cause values to be silently truncated if they do not fit in the default precision and scale. Explicitly specify the SQL server column type that can accommodate all the values using 'HasColumnType()'.
2020-11-16 01:43:49.0501|WARN|Microsoft.EntityFrameworkCore.Model.Validation|No type was specified for the decimal column 'QuantityReceivedUntillNow' on entity type 'PurchaseOrderLine'. This will cause values to be silently truncated if they do not fit in the default precision and scale. Explicitly specify the SQL server column type that can accommodate all the values using 'HasColumnType()'.
2020-11-16 01:43:49.0976|WARN|Microsoft.EntityFrameworkCore.Model.Validation|No type was specified for the decimal column 'NumberInStock' on entity type 'StockItem'. This will cause values to be silently truncated if they do not fit in the default precision and scale. Explicitly specify the SQL server column type that can accommodate all the values using 'HasColumnType()'.
2020-11-16 01:43:52.0439|ERROR|WedigITCRM.Controllers.HomeController|Entering index action in home controller
2020-11-16 01:43:52.1165|ERROR|WedigITCRM.Controllers.HomeController|index action in home controller redirecting to frontpage controller index action
2020-11-16 02:11:15.3713|ERROR|WedigITCRM.Startup|start of ConfigureServices
2020-11-16 02:11:17.6272|ERROR|WedigITCRM.Startup|end of ConfigureServices
2020-11-16 02:11:17.7768|ERROR|WedigITCRM.Startup|start of Configure method
2020-11-16 02:11:19.4516|ERROR|WedigITCRM.Startup|end of Configure method
2020-11-16 02:11:22.2312|WARN|Microsoft.EntityFrameworkCore.Model.Validation|No type was specified for the decimal column 'OurUnitSalesPrice' on entity type 'PurchaseOrderLine'. This will cause values to be silently truncated if they do not fit in the default precision and scale. Explicitly specify the SQL server column type that can accommodate all the values using 'HasColumnType()'.
2020-11-16 02:11:22.2651|WARN|Microsoft.EntityFrameworkCore.Model.Validation|No type was specified for the decimal column 'QuantityReceivedUntillNow' on entity type 'PurchaseOrderLine'. This will cause values to be silently truncated if they do not fit in the default precision and scale. Explicitly specify the SQL server column type that can accommodate all the values using 'HasColumnType()'.
2020-11-16 02:11:22.3073|WARN|Microsoft.EntityFrameworkCore.Model.Validation|No type was specified for the decimal column 'NumberInStock' on entity type 'StockItem'. This will cause values to be silently truncated if they do not fit in the default precision and scale. Explicitly specify the SQL server column type that can accommodate all the values using 'HasColumnType()'.
2020-11-16 02:11:24.2492|ERROR|WedigITCRM.Controllers.HomeController|Entering index action in home controller
2020-11-16 02:11:24.3154|ERROR|WedigITCRM.Controllers.HomeController|index action in home controller redirecting to frontpage controller index action
2020-11-16 02:13:21.3108|ERROR|WedigITCRM.Startup|start of ConfigureServices
2020-11-16 02:13:23.5119|ERROR|WedigITCRM.Startup|end of ConfigureServices
2020-11-16 02:13:23.7033|ERROR|WedigITCRM.Startup|start of Configure method
2020-11-16 02:13:24.7263|ERROR|WedigITCRM.Startup|end of Configure method
2020-11-16 02:13:27.3035|WARN|Microsoft.EntityFrameworkCore.Model.Validation|No type was specified for the decimal column 'OurUnitSalesPrice' on entity type 'PurchaseOrderLine'. This will cause values to be silently truncated if they do not fit in the default precision and scale. Explicitly specify the SQL server column type that can accommodate all the values using 'HasColumnType()'.
2020-11-16 02:13:27.3525|WARN|Microsoft.EntityFrameworkCore.Model.Validation|No type was specified for the decimal column 'QuantityReceivedUntillNow' on entity type 'PurchaseOrderLine'. This will cause values to be silently truncated if they do not fit in the default precision and scale. Explicitly specify the SQL server column type that can accommodate all the values using 'HasColumnType()'.
2020-11-16 02:13:27.4082|WARN|Microsoft.EntityFrameworkCore.Model.Validation|No type was specified for the decimal column 'NumberInStock' on entity type 'StockItem'. This will cause values to be silently truncated if they do not fit in the default precision and scale. Explicitly specify the SQL server column type that can accommodate all the values using 'HasColumnType()'.
2020-11-16 02:13:30.6473|ERROR|WedigITCRM.Controllers.HomeController|Entering index action in home controller
2020-11-16 02:13:30.7415|ERROR|WedigITCRM.Controllers.HomeController|index action in home controller redirecting to frontpage controller index action
2020-11-16 02:16:18.8530|ERROR|WedigITCRM.Startup|start of ConfigureServices
2020-11-16 02:16:20.6914|ERROR|WedigITCRM.Startup|end of ConfigureServices
2020-11-16 02:16:20.9039|ERROR|WedigITCRM.Startup|start of Configure method
2020-11-16 02:16:21.7988|ERROR|WedigITCRM.Startup|end of Configure method
2020-11-16 02:16:24.4696|WARN|Microsoft.EntityFrameworkCore.Model.Validation|No type was specified for the decimal column 'OurUnitSalesPrice' on entity type 'PurchaseOrderLine'. This will cause values to be silently truncated if they do not fit in the default precision and scale. Explicitly specify the SQL server column type that can accommodate all the values using 'HasColumnType()'.
2020-11-16 02:16:24.5093|WARN|Microsoft.EntityFrameworkCore.Model.Validation|No type was specified for the decimal column 'QuantityReceivedUntillNow' on entity type 'PurchaseOrderLine'. This will cause values to be silently truncated if they do not fit in the default precision and scale. Explicitly specify the SQL server column type that can accommodate all the values using 'HasColumnType()'.
2020-11-16 02:16:24.5545|WARN|Microsoft.EntityFrameworkCore.Model.Validation|No type was specified for the decimal column 'NumberInStock' on entity type 'StockItem'. This will cause values to be silently truncated if they do not fit in the default precision and scale. Explicitly specify the SQL server column type that can accommodate all the values using 'HasColumnType()'.
2020-11-16 02:16:27.9999|ERROR|WedigITCRM.Controllers.HomeController|Entering index action in home controller
2020-11-16 02:16:28.1140|ERROR|WedigITCRM.Controllers.HomeController|index action in home controller redirecting to frontpage controller index action
2020-11-16 02:19:21.3338|ERROR|Microsoft.AspNetCore.Mvc.ViewFeatures.ViewResultExecutor|The view 'Charge' was not found. Searched locations: /Views/Payment/Charge.cshtml, /Views/Shared/Charge.cshtml, /Pages/Shared/Charge.cshtml
2020-11-16 02:19:22.7641|ERROR|Microsoft.AspNetCore.Diagnostics.ExceptionHandlerMiddleware|An unhandled exception has occurred while executing the request.
2020-11-16 02:19:22.8762|ERROR|WedigITCRM.Startup|{"UserId":null,"UserName":null,"CompanyId":null,"CompanyName":null,"Type":null,"Title":"Unexpected Error","Status":500,"Detail":"The view 'Charge' was not found. The following locations were searched:\r\n/Views/Payment/Charge.cshtml\r\n/Views/Shared/Charge.cshtml\r\n/Pages/Shared/Charge.cshtml\r\n                                         \r\n\r\n                                            at Microsoft.AspNetCore.Mvc.ViewEngines.ViewEngineResult.EnsureSuccessful(IEnumerable`1 originalLocations)\r\n   at Microsoft.AspNetCore.Mvc.ViewFeatures.ViewResultExecutor.ExecuteAsync(ActionContext context, ViewResult result)\r\n   at Microsoft.AspNetCore.Mvc.ViewResult.ExecuteResultAsync(ActionContext context)\r\n   at Microsoft.AspNetCore.Mvc.Infrastructure.ResourceInvoker.<InvokeNextResultFilterAsync>g__Awaited|29_0[TFilter,TFilterAsync](ResourceInvoker invoker, Task lastTask, State next, Scope scope, Object state, Boolean isCompleted)\r\n   at Microsoft.AspNetCore.Mvc.Infrastructure.ResourceInvoker.Rethrow(ResultExecutedContextSealed context)\r\n   at Microsoft.AspNetCore.Mvc.Infrastructure.ResourceInvoker.ResultNext[TFilter,TFilterAsync](State& next, Scope& scope, Object& state, Boolean& isCompleted)\r\n   at Microsoft.AspNetCore.Mvc.Infrastructure.ResourceInvoker.InvokeResultFilters()\r\n--- End of stack trace from previous location where exception was thrown ---\r\n   at Microsoft.AspNetCore.Mvc.Infrastructure.ResourceInvoker.<InvokeNextResourceFilter>g__Awaited|24_0(ResourceInvoker invoker, Task lastTask, State next, Scope scope, Object state, Boolean isCompleted)\r\n   at Microsoft.AspNetCore.Mvc.Infrastructure.ResourceInvoker.Rethrow(ResourceExecutedContextSealed context)\r\n   at Microsoft.AspNetCore.Mvc.Infrastructure.ResourceInvoker.Next(State& next, Scope& scope, Object& state, Boolean& isCompleted)\r\n   at Microsoft.AspNetCore.Mvc.Infrastructure.ResourceInvoker.<InvokeFilterPipelineAsync>g__Awaited|19_0(ResourceInvoker invoker, Task lastTask, State next, Scope scope, Object state, Boolean isCompleted)\r\n   at Microsoft.AspNetCore.Mvc.Infrastructure.ResourceInvoker.<InvokeAsync>g__Logged|17_1(ResourceInvoker invoker)\r\n   at Microsoft.AspNetCore.Builder.RouterMiddleware.Invoke(HttpContext httpContext)\r\n   at Microsoft.AspNetCore.Authentication.AuthenticationMiddleware.Invoke(HttpContext context)\r\n   at Microsoft.AspNetCore.Diagnostics.ExceptionHandlerMiddleware.<Invoke>g__Awaited|6_0(ExceptionHandlerMiddleware middleware, HttpContext context, Task task)","Instance":"4c638530-2a33-401a-843e-79bb63ce780b","Extensions":{}}
2020-11-16 02:20:43.4997|ERROR|Microsoft.AspNetCore.Mvc.ViewFeatures.ViewResultExecutor|The view 'Charge' was not found. Searched locations: /Views/Payment/Charge.cshtml, /Views/Shared/Charge.cshtml, /Pages/Shared/Charge.cshtml
2020-11-16 02:20:43.5969|ERROR|Microsoft.AspNetCore.Diagnostics.ExceptionHandlerMiddleware|An unhandled exception has occurred while executing the request.
2020-11-16 02:20:44.2038|ERROR|WedigITCRM.Startup|{"UserId":null,"UserName":null,"CompanyId":null,"CompanyName":null,"Type":null,"Title":"Unexpected Error","Status":500,"Detail":"The view 'Charge' was not found. The following locations were searched:\r\n/Views/Payment/Charge.cshtml\r\n/Views/Shared/Charge.cshtml\r\n/Pages/Shared/Charge.cshtml\r\n                                         \r\n\r\n                                            at Microsoft.AspNetCore.Mvc.ViewEngines.ViewEngineResult.EnsureSuccessful(IEnumerable`1 originalLocations)\r\n   at Microsoft.AspNetCore.Mvc.ViewFeatures.ViewResultExecutor.ExecuteAsync(ActionContext context, ViewResult result)\r\n   at Microsoft.AspNetCore.Mvc.ViewResult.ExecuteResultAsync(ActionContext context)\r\n   at Microsoft.AspNetCore.Mvc.Infrastructure.ResourceInvoker.<InvokeNextResultFilterAsync>g__Awaited|29_0[TFilter,TFilterAsync](ResourceInvoker invoker, Task lastTask, State next, Scope scope, Object state, Boolean isCompleted)\r\n   at Microsoft.AspNetCore.Mvc.Infrastructure.ResourceInvoker.Rethrow(ResultExecutedContextSealed context)\r\n   at Microsoft.AspNetCore.Mvc.Infrastructure.ResourceInvoker.ResultNext[TFilter,TFilterAsync](State& next, Scope& scope, Object& state, Boolean& isCompleted)\r\n   at Microsoft.AspNetCore.Mvc.Infrastructure.ResourceInvoker.InvokeResultFilters()\r\n--- End of stack trace from previous location where exception was thrown ---\r\n   at Microsoft.AspNetCore.Mvc.Infrastructure.ResourceInvoker.<InvokeNextResourceFilter>g__Awaited|24_0(ResourceInvoker invoker, Task lastTask, State next, Scope scope, Object state, Boolean isCompleted)\r\n   at Microsoft.AspNetCore.Mvc.Infrastructure.ResourceInvoker.Rethrow(ResourceExecutedContextSealed context)\r\n   at Microsoft.AspNetCore.Mvc.Infrastructure.ResourceInvoker.Next(State& next, Scope& scope, Object& state, Boolean& isCompleted)\r\n   at Microsoft.AspNetCore.Mvc.Infrastructure.ResourceInvoker.<InvokeFilterPipelineAsync>g__Awaited|19_0(ResourceInvoker invoker, Task lastTask, State next, Scope scope, Object state, Boolean isCompleted)\r\n   at Microsoft.AspNetCore.Mvc.Infrastructure.ResourceInvoker.<InvokeAsync>g__Logged|17_1(ResourceInvoker invoker)\r\n   at Microsoft.AspNetCore.Builder.RouterMiddleware.Invoke(HttpContext httpContext)\r\n   at Microsoft.AspNetCore.Authentication.AuthenticationMiddleware.Invoke(HttpContext context)\r\n   at Microsoft.AspNetCore.Diagnostics.ExceptionHandlerMiddleware.<Invoke>g__Awaited|6_0(ExceptionHandlerMiddleware middleware, HttpContext context, Task task)","Instance":"7c213066-47e0-4e90-b993-817a69d436af","Extensions":{}}
2020-11-16 02:22:58.3110|ERROR|WedigITCRM.Startup|start of ConfigureServices
2020-11-16 02:22:59.6349|ERROR|WedigITCRM.Startup|end of ConfigureServices
2020-11-16 02:22:59.7484|ERROR|WedigITCRM.Startup|start of Configure method
2020-11-16 02:23:00.5615|ERROR|WedigITCRM.Startup|end of Configure method
2020-11-16 02:23:03.2622|ERROR|WedigITCRM.Controllers.HomeController|Entering index action in home controller
2020-11-16 02:23:03.3200|ERROR|WedigITCRM.Controllers.HomeController|index action in home controller redirecting to frontpage controller index action
2020-11-16 02:23:03.4809|WARN|Microsoft.EntityFrameworkCore.Model.Validation|No type was specified for the decimal column 'OurUnitSalesPrice' on entity type 'PurchaseOrderLine'. This will cause values to be silently truncated if they do not fit in the default precision and scale. Explicitly specify the SQL server column type that can accommodate all the values using 'HasColumnType()'.
2020-11-16 02:23:03.5948|WARN|Microsoft.EntityFrameworkCore.Model.Validation|No type was specified for the decimal column 'QuantityReceivedUntillNow' on entity type 'PurchaseOrderLine'. This will cause values to be silently truncated if they do not fit in the default precision and scale. Explicitly specify the SQL server column type that can accommodate all the values using 'HasColumnType()'.
2020-11-16 02:23:03.6485|WARN|Microsoft.EntityFrameworkCore.Model.Validation|No type was specified for the decimal column 'NumberInStock' on entity type 'StockItem'. This will cause values to be silently truncated if they do not fit in the default precision and scale. Explicitly specify the SQL server column type that can accommodate all the values using 'HasColumnType()'.
2020-11-16 02:33:45.9749|ERROR|WedigITCRM.Startup|start of ConfigureServices
2020-11-16 02:33:48.0352|ERROR|WedigITCRM.Startup|end of ConfigureServices
2020-11-16 02:33:48.2838|ERROR|WedigITCRM.Startup|start of Configure method
2020-11-16 02:33:50.7991|ERROR|WedigITCRM.Startup|end of Configure method
2020-11-16 02:33:52.8072|WARN|Microsoft.EntityFrameworkCore.Model.Validation|No type was specified for the decimal column 'OurUnitSalesPrice' on entity type 'PurchaseOrderLine'. This will cause values to be silently truncated if they do not fit in the default precision and scale. Explicitly specify the SQL server column type that can accommodate all the values using 'HasColumnType()'.
2020-11-16 02:33:52.8350|WARN|Microsoft.EntityFrameworkCore.Model.Validation|No type was specified for the decimal column 'QuantityReceivedUntillNow' on entity type 'PurchaseOrderLine'. This will cause values to be silently truncated if they do not fit in the default precision and scale. Explicitly specify the SQL server column type that can accommodate all the values using 'HasColumnType()'.
2020-11-16 02:33:52.8785|WARN|Microsoft.EntityFrameworkCore.Model.Validation|No type was specified for the decimal column 'NumberInStock' on entity type 'StockItem'. This will cause values to be silently truncated if they do not fit in the default precision and scale. Explicitly specify the SQL server column type that can accommodate all the values using 'HasColumnType()'.
2020-11-16 02:33:54.0137|ERROR|WedigITCRM.Controllers.HomeController|Entering index action in home controller
2020-11-16 02:33:54.5497|ERROR|WedigITCRM.Controllers.HomeController|index action in home controller redirecting to frontpage controller index action
2020-11-16 02:35:19.2717|ERROR|Microsoft.AspNetCore.Mvc.ViewFeatures.ViewResultExecutor|The view 'Charge' was not found. Searched locations: /Views/Payment/Charge.cshtml, /Views/Shared/Charge.cshtml, /Pages/Shared/Charge.cshtml
2020-11-16 02:35:20.0210|ERROR|Microsoft.AspNetCore.Diagnostics.ExceptionHandlerMiddleware|An unhandled exception has occurred while executing the request.
2020-11-16 02:35:20.1821|ERROR|WedigITCRM.Startup|{"UserId":null,"UserName":null,"CompanyId":null,"CompanyName":null,"Type":null,"Title":"Unexpected Error","Status":500,"Detail":"The view 'Charge' was not found. The following locations were searched:\r\n/Views/Payment/Charge.cshtml\r\n/Views/Shared/Charge.cshtml\r\n/Pages/Shared/Charge.cshtml\r\n                                         \r\n\r\n                                            at Microsoft.AspNetCore.Mvc.ViewEngines.ViewEngineResult.EnsureSuccessful(IEnumerable`1 originalLocations)\r\n   at Microsoft.AspNetCore.Mvc.ViewFeatures.ViewResultExecutor.ExecuteAsync(ActionContext context, ViewResult result)\r\n   at Microsoft.AspNetCore.Mvc.ViewResult.ExecuteResultAsync(ActionContext context)\r\n   at Microsoft.AspNetCore.Mvc.Infrastructure.ResourceInvoker.<InvokeNextResultFilterAsync>g__Awaited|29_0[TFilter,TFilterAsync](ResourceInvoker invoker, Task lastTask, State next, Scope scope, Object state, Boolean isCompleted)\r\n   at Microsoft.AspNetCore.Mvc.Infrastructure.ResourceInvoker.Rethrow(ResultExecutedContextSealed context)\r\n   at Microsoft.AspNetCore.Mvc.Infrastructure.ResourceInvoker.ResultNext[TFilter,TFilterAsync](State& next, Scope& scope, Object& state, Boolean& isCompleted)\r\n   at Microsoft.AspNetCore.Mvc.Infrastructure.ResourceInvoker.InvokeResultFilters()\r\n--- End of stack trace from previous location where exception was thrown ---\r\n   at Microsoft.AspNetCore.Mvc.Infrastructure.ResourceInvoker.<InvokeNextResourceFilter>g__Awaited|24_0(ResourceInvoker invoker, Task lastTask, State next, Scope scope, Object state, Boolean isCompleted)\r\n   at Microsoft.AspNetCore.Mvc.Infrastructure.ResourceInvoker.Rethrow(ResourceExecutedContextSealed context)\r\n   at Microsoft.AspNetCore.Mvc.Infrastructure.ResourceInvoker.Next(State& next, Scope& scope, Object& state, Boolean& isCompleted)\r\n   at Microsoft.AspNetCore.Mvc.Infrastructure.ResourceInvoker.<InvokeFilterPipelineAsync>g__Awaited|19_0(ResourceInvoker invoker, Task lastTask, State next, Scope scope, Object state, Boolean isCompleted)\r\n   at Microsoft.AspNetCore.Mvc.Infrastructure.ResourceInvoker.<InvokeAsync>g__Logged|17_1(ResourceInvoker invoker)\r\n   at Microsoft.AspNetCore.Builder.RouterMiddleware.Invoke(HttpContext httpContext)\r\n   at Microsoft.AspNetCore.Authentication.AuthenticationMiddleware.Invoke(HttpContext context)\r\n   at Microsoft.AspNetCore.Diagnostics.ExceptionHandlerMiddleware.<Invoke>g__Awaited|6_0(ExceptionHandlerMiddleware middleware, HttpContext context, Task task)","Instance":"bb7d43d6-bf5a-4048-bbec-3d6907500170","Extensions":{}}
2020-11-16 02:41:34.4792|ERROR|WedigITCRM.Startup|start of ConfigureServices
2020-11-16 02:41:37.4935|ERROR|WedigITCRM.Startup|end of ConfigureServices
2020-11-16 02:41:38.3575|ERROR|WedigITCRM.Startup|start of Configure method
2020-11-16 02:41:40.5306|ERROR|WedigITCRM.Startup|end of Configure method
2020-11-16 02:41:43.1990|WARN|Microsoft.EntityFrameworkCore.Model.Validation|No type was specified for the decimal column 'OurUnitSalesPrice' on entity type 'PurchaseOrderLine'. This will cause values to be silently truncated if they do not fit in the default precision and scale. Explicitly specify the SQL server column type that can accommodate all the values using 'HasColumnType()'.
2020-11-16 02:41:43.5799|WARN|Microsoft.EntityFrameworkCore.Model.Validation|No type was specified for the decimal column 'QuantityReceivedUntillNow' on entity type 'PurchaseOrderLine'. This will cause values to be silently truncated if they do not fit in the default precision and scale. Explicitly specify the SQL server column type that can accommodate all the values using 'HasColumnType()'.
2020-11-16 02:41:43.6736|WARN|Microsoft.EntityFrameworkCore.Model.Validation|No type was specified for the decimal column 'NumberInStock' on entity type 'StockItem'. This will cause values to be silently truncated if they do not fit in the default precision and scale. Explicitly specify the SQL server column type that can accommodate all the values using 'HasColumnType()'.
2020-11-16 02:41:47.5571|ERROR|WedigITCRM.Controllers.HomeController|Entering index action in home controller
2020-11-16 02:41:47.6627|ERROR|WedigITCRM.Controllers.HomeController|index action in home controller redirecting to frontpage controller index action
2020-11-16 02:45:37.0478|ERROR|WedigITCRM.Startup|start of ConfigureServices
2020-11-16 02:45:39.8215|ERROR|WedigITCRM.Startup|end of ConfigureServices
2020-11-16 02:45:40.0589|ERROR|WedigITCRM.Startup|start of Configure method
2020-11-16 02:45:42.2144|ERROR|WedigITCRM.Startup|end of Configure method
2020-11-16 02:45:44.9842|WARN|Microsoft.EntityFrameworkCore.Model.Validation|No type was specified for the decimal column 'OurUnitSalesPrice' on entity type 'PurchaseOrderLine'. This will cause values to be silently truncated if they do not fit in the default precision and scale. Explicitly specify the SQL server column type that can accommodate all the values using 'HasColumnType()'.
2020-11-16 02:45:45.3813|WARN|Microsoft.EntityFrameworkCore.Model.Validation|No type was specified for the decimal column 'QuantityReceivedUntillNow' on entity type 'PurchaseOrderLine'. This will cause values to be silently truncated if they do not fit in the default precision and scale. Explicitly specify the SQL server column type that can accommodate all the values using 'HasColumnType()'.
2020-11-16 02:45:45.4380|WARN|Microsoft.EntityFrameworkCore.Model.Validation|No type was specified for the decimal column 'NumberInStock' on entity type 'StockItem'. This will cause values to be silently truncated if they do not fit in the default precision and scale. Explicitly specify the SQL server column type that can accommodate all the values using 'HasColumnType()'.
2020-11-16 02:45:47.9153|ERROR|WedigITCRM.Controllers.HomeController|Entering index action in home controller
2020-11-16 02:45:48.0788|ERROR|WedigITCRM.Controllers.HomeController|index action in home controller redirecting to frontpage controller index action
2020-11-16 02:46:02.6471|ERROR|Microsoft.AspNetCore.Diagnostics.ExceptionHandlerMiddleware|An unhandled exception has occurred while executing the request.
2020-11-16 02:46:02.7619|ERROR|WedigITCRM.Startup|{"UserId":null,"UserName":null,"CompanyId":null,"CompanyName":null,"Type":null,"Title":"Unexpected Error","Status":500,"Detail":"The model item passed into the ViewDataDictionary is of type 'WedigITCRM.ReepayAPI.OrderModel', but this ViewDataDictionary instance requires a model item of type 'WedigITCRM.ReepayAPI.PaymentViewModel'.\r\n                                         \r\n\r\n                                            at Microsoft.AspNetCore.Mvc.ViewFeatures.ViewDataDictionary.EnsureCompatible(Object value)\r\n   at Microsoft.AspNetCore.Mvc.ViewFeatures.ViewDataDictionary..ctor(ViewDataDictionary source, Object model, Type declaredModelType)\r\n   at lambda_method(Closure , ViewDataDictionary )\r\n   at Microsoft.AspNetCore.Mvc.Razor.RazorPagePropertyActivator.CreateViewDataDictionary(ViewContext context)\r\n   at Microsoft.AspNetCore.Mvc.Razor.RazorPagePropertyActivator.Activate(Object page, ViewContext context)\r\n   at Microsoft.AspNetCore.Mvc.Razor.RazorPageActivator.Activate(IRazorPage page, ViewContext context)\r\n   at Microsoft.AspNetCore.Mvc.Razor.RazorView.RenderPageCoreAsync(IRazorPage page, ViewContext context)\r\n   at Microsoft.AspNetCore.Mvc.Razor.RazorView.RenderPageAsync(IRazorPage page, ViewContext context, Boolean invokeViewStarts)\r\n   at Microsoft.AspNetCore.Mvc.Razor.RazorView.RenderAsync(ViewContext context)\r\n   at Microsoft.AspNetCore.Mvc.ViewFeatures.ViewExecutor.ExecuteAsync(ViewContext viewContext, String contentType, Nullable`1 statusCode)\r\n   at Microsoft.AspNetCore.Mvc.ViewFeatures.ViewExecutor.ExecuteAsync(ViewContext viewContext, String contentType, Nullable`1 statusCode)\r\n   at Microsoft.AspNetCore.Mvc.ViewFeatures.ViewExecutor.ExecuteAsync(ActionContext actionContext, IView view, ViewDataDictionary viewData, ITempDataDictionary tempData, String contentType, Nullable`1 statusCode)\r\n   at Microsoft.AspNetCore.Mvc.ViewFeatures.ViewResultExecutor.ExecuteAsync(ActionContext context, ViewResult result)\r\n   at Microsoft.AspNetCore.Mvc.ViewResult.ExecuteResultAsync(ActionContext context)\r\n   at Microsoft.AspNetCore.Mvc.Infrastructure.ResourceInvoker.<InvokeNextResultFilterAsync>g__Awaited|29_0[TFilter,TFilterAsync](ResourceInvoker invoker, Task lastTask, State next, Scope scope, Object state, Boolean isCompleted)\r\n   at Microsoft.AspNetCore.Mvc.Infrastructure.ResourceInvoker.Rethrow(ResultExecutedContextSealed context)\r\n   at Microsoft.AspNetCore.Mvc.Infrastructure.ResourceInvoker.ResultNext[TFilter,TFilterAsync](State& next, Scope& scope, Object& state, Boolean& isCompleted)\r\n   at Microsoft.AspNetCore.Mvc.Infrastructure.ResourceInvoker.InvokeResultFilters()\r\n--- End of stack trace from previous location where exception was thrown ---\r\n   at Microsoft.AspNetCore.Mvc.Infrastructure.ResourceInvoker.<InvokeNextResourceFilter>g__Awaited|24_0(ResourceInvoker invoker, Task lastTask, State next, Scope scope, Object state, Boolean isCompleted)\r\n   at Microsoft.AspNetCore.Mvc.Infrastructure.ResourceInvoker.Rethrow(ResourceExecutedContextSealed context)\r\n   at Microsoft.AspNetCore.Mvc.Infrastructure.ResourceInvoker.Next(State& next, Scope& scope, Object& state, Boolean& isCompleted)\r\n   at Microsoft.AspNetCore.Mvc.Infrastructure.ResourceInvoker.<InvokeFilterPipelineAsync>g__Awaited|19_0(ResourceInvoker invoker, Task lastTask, State next, Scope scope, Object state, Boolean isCompleted)\r\n   at Microsoft.AspNetCore.Mvc.Infrastructure.ResourceInvoker.<InvokeAsync>g__Logged|17_1(ResourceInvoker invoker)\r\n   at Microsoft.AspNetCore.Builder.RouterMiddleware.Invoke(HttpContext httpContext)\r\n   at Microsoft.AspNetCore.Authentication.AuthenticationMiddleware.Invoke(HttpContext context)\r\n   at Microsoft.AspNetCore.Diagnostics.ExceptionHandlerMiddleware.<Invoke>g__Awaited|6_0(ExceptionHandlerMiddleware middleware, HttpContext context, Task task)","Instance":"0123c6f6-a76d-4eb9-b0da-47342cab7ac2","Extensions":{}}
2020-11-16 02:47:09.7151|ERROR|WedigITCRM.Startup|start of ConfigureServices
2020-11-16 02:47:11.1258|ERROR|WedigITCRM.Startup|end of ConfigureServices
2020-11-16 02:47:11.2331|ERROR|WedigITCRM.Startup|start of Configure method
2020-11-16 02:47:11.9702|ERROR|WedigITCRM.Startup|end of Configure method
2020-11-16 02:47:14.2704|WARN|Microsoft.EntityFrameworkCore.Model.Validation|No type was specified for the decimal column 'OurUnitSalesPrice' on entity type 'PurchaseOrderLine'. This will cause values to be silently truncated if they do not fit in the default precision and scale. Explicitly specify the SQL server column type that can accommodate all the values using 'HasColumnType()'.
2020-11-16 02:47:14.3045|WARN|Microsoft.EntityFrameworkCore.Model.Validation|No type was specified for the decimal column 'QuantityReceivedUntillNow' on entity type 'PurchaseOrderLine'. This will cause values to be silently truncated if they do not fit in the default precision and scale. Explicitly specify the SQL server column type that can accommodate all the values using 'HasColumnType()'.
2020-11-16 02:47:14.3491|WARN|Microsoft.EntityFrameworkCore.Model.Validation|No type was specified for the decimal column 'NumberInStock' on entity type 'StockItem'. This will cause values to be silently truncated if they do not fit in the default precision and scale. Explicitly specify the SQL server column type that can accommodate all the values using 'HasColumnType()'.
2020-11-16 02:47:14.9643|ERROR|WedigITCRM.Controllers.HomeController|Entering index action in home controller
2020-11-16 02:47:15.0714|ERROR|WedigITCRM.Controllers.HomeController|index action in home controller redirecting to frontpage controller index action
2020-11-16 02:49:28.6522|ERROR|WedigITCRM.Startup|start of ConfigureServices
2020-11-16 02:49:30.5420|ERROR|WedigITCRM.Startup|end of ConfigureServices
2020-11-16 02:49:30.6840|ERROR|WedigITCRM.Startup|start of Configure method
2020-11-16 02:49:31.5461|ERROR|WedigITCRM.Startup|end of Configure method
2020-11-16 02:49:33.9577|WARN|Microsoft.EntityFrameworkCore.Model.Validation|No type was specified for the decimal column 'OurUnitSalesPrice' on entity type 'PurchaseOrderLine'. This will cause values to be silently truncated if they do not fit in the default precision and scale. Explicitly specify the SQL server column type that can accommodate all the values using 'HasColumnType()'.
2020-11-16 02:49:34.0082|WARN|Microsoft.EntityFrameworkCore.Model.Validation|No type was specified for the decimal column 'QuantityReceivedUntillNow' on entity type 'PurchaseOrderLine'. This will cause values to be silently truncated if they do not fit in the default precision and scale. Explicitly specify the SQL server column type that can accommodate all the values using 'HasColumnType()'.
2020-11-16 02:49:34.0282|WARN|Microsoft.EntityFrameworkCore.Model.Validation|No type was specified for the decimal column 'NumberInStock' on entity type 'StockItem'. This will cause values to be silently truncated if they do not fit in the default precision and scale. Explicitly specify the SQL server column type that can accommodate all the values using 'HasColumnType()'.
2020-11-16 02:49:36.9610|ERROR|WedigITCRM.Controllers.HomeController|Entering index action in home controller
2020-11-16 02:49:37.0020|ERROR|WedigITCRM.Controllers.HomeController|index action in home controller redirecting to frontpage controller index action
2020-11-16 02:55:28.4604|ERROR|WedigITCRM.Startup|start of ConfigureServices
2020-11-16 02:55:32.9528|ERROR|WedigITCRM.Startup|end of ConfigureServices
2020-11-16 02:55:33.4168|ERROR|WedigITCRM.Startup|start of Configure method
2020-11-16 02:55:36.8089|ERROR|WedigITCRM.Startup|end of Configure method
2020-11-16 02:55:40.4579|ERROR|WedigITCRM.Controllers.HomeController|Entering index action in home controller
2020-11-16 02:55:40.7170|ERROR|WedigITCRM.Controllers.HomeController|index action in home controller redirecting to frontpage controller index action
2020-11-16 02:55:44.0015|WARN|Microsoft.EntityFrameworkCore.Model.Validation|No type was specified for the decimal column 'OurUnitSalesPrice' on entity type 'PurchaseOrderLine'. This will cause values to be silently truncated if they do not fit in the default precision and scale. Explicitly specify the SQL server column type that can accommodate all the values using 'HasColumnType()'.
2020-11-16 02:55:44.4483|WARN|Microsoft.EntityFrameworkCore.Model.Validation|No type was specified for the decimal column 'QuantityReceivedUntillNow' on entity type 'PurchaseOrderLine'. This will cause values to be silently truncated if they do not fit in the default precision and scale. Explicitly specify the SQL server column type that can accommodate all the values using 'HasColumnType()'.
2020-11-16 02:55:44.5004|WARN|Microsoft.EntityFrameworkCore.Model.Validation|No type was specified for the decimal column 'NumberInStock' on entity type 'StockItem'. This will cause values to be silently truncated if they do not fit in the default precision and scale. Explicitly specify the SQL server column type that can accommodate all the values using 'HasColumnType()'.
2020-11-16 02:58:22.5551|ERROR|WedigITCRM.Startup|start of ConfigureServices
2020-11-16 02:58:26.0116|ERROR|WedigITCRM.Startup|end of ConfigureServices
2020-11-16 02:58:26.3322|ERROR|WedigITCRM.Startup|start of Configure method
2020-11-16 02:58:29.5683|ERROR|WedigITCRM.Startup|end of Configure method
2020-11-16 02:58:32.6086|ERROR|WedigITCRM.Controllers.HomeController|Entering index action in home controller
2020-11-16 02:58:32.6863|ERROR|WedigITCRM.Controllers.HomeController|index action in home controller redirecting to frontpage controller index action
2020-11-16 02:58:36.0481|WARN|Microsoft.EntityFrameworkCore.Model.Validation|No type was specified for the decimal column 'OurUnitSalesPrice' on entity type 'PurchaseOrderLine'. This will cause values to be silently truncated if they do not fit in the default precision and scale. Explicitly specify the SQL server column type that can accommodate all the values using 'HasColumnType()'.
2020-11-16 02:58:36.1455|WARN|Microsoft.EntityFrameworkCore.Model.Validation|No type was specified for the decimal column 'QuantityReceivedUntillNow' on entity type 'PurchaseOrderLine'. This will cause values to be silently truncated if they do not fit in the default precision and scale. Explicitly specify the SQL server column type that can accommodate all the values using 'HasColumnType()'.
2020-11-16 02:58:36.2110|WARN|Microsoft.EntityFrameworkCore.Model.Validation|No type was specified for the decimal column 'NumberInStock' on entity type 'StockItem'. This will cause values to be silently truncated if they do not fit in the default precision and scale. Explicitly specify the SQL server column type that can accommodate all the values using 'HasColumnType()'.
2020-11-16 02:59:07.7942|ERROR|Microsoft.AspNetCore.Diagnostics.ExceptionHandlerMiddleware|An unhandled exception has occurred while executing the request.
2020-11-16 02:59:08.7284|ERROR|WedigITCRM.Startup|{"UserId":null,"UserName":null,"CompanyId":null,"CompanyName":null,"Type":null,"Title":"Unexpected Error","Status":500,"Detail":"Object reference not set to an instance of an object.\r\n                                         \r\n\r\n                                            at WedigITCRM.Controllers.PaymentController.Charge(String reepaytoken) in C:\\Users\\John\\source\\repos\\WedigITCRM\\WedigITCRM\\Controllers\\PaymentController.cs:line 60\r\n   at Microsoft.AspNetCore.Mvc.Infrastructure.ActionMethodExecutor.TaskOfIActionResultExecutor.Execute(IActionResultTypeMapper mapper, ObjectMethodExecutor executor, Object controller, Object[] arguments)\r\n   at Microsoft.AspNetCore.Mvc.Infrastructure.ControllerActionInvoker.<InvokeActionMethodAsync>g__Awaited|12_0(ControllerActionInvoker invoker, ValueTask`1 actionResultValueTask)\r\n   at Microsoft.AspNetCore.Mvc.Infrastructure.ControllerActionInvoker.<InvokeNextActionFilterAsync>g__Awaited|10_0(ControllerActionInvoker invoker, Task lastTask, State next, Scope scope, Object state, Boolean isCompleted)\r\n   at Microsoft.AspNetCore.Mvc.Infrastructure.ControllerActionInvoker.Rethrow(ActionExecutedContextSealed context)\r\n   at Microsoft.AspNetCore.Mvc.Infrastructure.ControllerActionInvoker.Next(State& next, Scope& scope, Object& state, Boolean& isCompleted)\r\n   at Microsoft.AspNetCore.Mvc.Infrastructure.ControllerActionInvoker.<InvokeInnerFilterAsync>g__Awaited|13_0(ControllerActionInvoker invoker, Task lastTask, State next, Scope scope, Object state, Boolean isCompleted)\r\n   at Microsoft.AspNetCore.Mvc.Infrastructure.ResourceInvoker.<InvokeNextResourceFilter>g__Awaited|24_0(ResourceInvoker invoker, Task lastTask, State next, Scope scope, Object state, Boolean isCompleted)\r\n   at Microsoft.AspNetCore.Mvc.Infrastructure.ResourceInvoker.Rethrow(ResourceExecutedContextSealed context)\r\n   at Microsoft.AspNetCore.Mvc.Infrastructure.ResourceInvoker.Next(State& next, Scope& scope, Object& state, Boolean& isCompleted)\r\n   at Microsoft.AspNetCore.Mvc.Infrastructure.ResourceInvoker.<InvokeFilterPipelineAsync>g__Awaited|19_0(ResourceInvoker invoker, Task lastTask, State next, Scope scope, Object state, Boolean isCompleted)\r\n   at Microsoft.AspNetCore.Mvc.Infrastructure.ResourceInvoker.<InvokeAsync>g__Logged|17_1(ResourceInvoker invoker)\r\n   at Microsoft.AspNetCore.Builder.RouterMiddleware.Invoke(HttpContext httpContext)\r\n   at Microsoft.AspNetCore.Authentication.AuthenticationMiddleware.Invoke(HttpContext context)\r\n   at Microsoft.AspNetCore.Diagnostics.ExceptionHandlerMiddleware.<Invoke>g__Awaited|6_0(ExceptionHandlerMiddleware middleware, HttpContext context, Task task)","Instance":"4fdf58d6-c84a-4a0b-9a35-b8e0feee3192","Extensions":{}}
2020-11-16 03:00:13.1985|ERROR|Microsoft.AspNetCore.Diagnostics.ExceptionHandlerMiddleware|An unhandled exception has occurred while executing the request.
2020-11-16 03:00:13.2724|ERROR|WedigITCRM.Startup|{"UserId":null,"UserName":null,"CompanyId":null,"CompanyName":null,"Type":null,"Title":"Unexpected Error","Status":500,"Detail":"Object reference not set to an instance of an object.\r\n                                         \r\n\r\n                                            at WedigITCRM.Controllers.PaymentController.Charge(String reepaytoken) in C:\\Users\\John\\source\\repos\\WedigITCRM\\WedigITCRM\\Controllers\\PaymentController.cs:line 60\r\n   at Microsoft.AspNetCore.Mvc.Infrastructure.ActionMethodExecutor.TaskOfIActionResultExecutor.Execute(IActionResultTypeMapper mapper, ObjectMethodExecutor executor, Object controller, Object[] arguments)\r\n   at Microsoft.AspNetCore.Mvc.Infrastructure.ControllerActionInvoker.<InvokeActionMethodAsync>g__Awaited|12_0(ControllerActionInvoker invoker, ValueTask`1 actionResultValueTask)\r\n   at Microsoft.AspNetCore.Mvc.Infrastructure.ControllerActionInvoker.<InvokeNextActionFilterAsync>g__Awaited|10_0(ControllerActionInvoker invoker, Task lastTask, State next, Scope scope, Object state, Boolean isCompleted)\r\n   at Microsoft.AspNetCore.Mvc.Infrastructure.ControllerActionInvoker.Rethrow(ActionExecutedContextSealed context)\r\n   at Microsoft.AspNetCore.Mvc.Infrastructure.ControllerActionInvoker.Next(State& next, Scope& scope, Object& state, Boolean& isCompleted)\r\n   at Microsoft.AspNetCore.Mvc.Infrastructure.ControllerActionInvoker.<InvokeInnerFilterAsync>g__Awaited|13_0(ControllerActionInvoker invoker, Task lastTask, State next, Scope scope, Object state, Boolean isCompleted)\r\n   at Microsoft.AspNetCore.Mvc.Infrastructure.ResourceInvoker.<InvokeNextResourceFilter>g__Awaited|24_0(ResourceInvoker invoker, Task lastTask, State next, Scope scope, Object state, Boolean isCompleted)\r\n   at Microsoft.AspNetCore.Mvc.Infrastructure.ResourceInvoker.Rethrow(ResourceExecutedContextSealed context)\r\n   at Microsoft.AspNetCore.Mvc.Infrastructure.ResourceInvoker.Next(State& next, Scope& scope, Object& state, Boolean& isCompleted)\r\n   at Microsoft.AspNetCore.Mvc.Infrastructure.ResourceInvoker.<InvokeFilterPipelineAsync>g__Awaited|19_0(ResourceInvoker invoker, Task lastTask, State next, Scope scope, Object state, Boolean isCompleted)\r\n   at Microsoft.AspNetCore.Mvc.Infrastructure.ResourceInvoker.<InvokeAsync>g__Logged|17_1(ResourceInvoker invoker)\r\n   at Microsoft.AspNetCore.Builder.RouterMiddleware.Invoke(HttpContext httpContext)\r\n   at Microsoft.AspNetCore.Authentication.AuthenticationMiddleware.Invoke(HttpContext context)\r\n   at Microsoft.AspNetCore.Diagnostics.ExceptionHandlerMiddleware.<Invoke>g__Awaited|6_0(ExceptionHandlerMiddleware middleware, HttpContext context, Task task)","Instance":"92aa63c5-bade-4672-8471-21bd621c69e4","Extensions":{}}
2020-11-16 03:03:20.3314|ERROR|WedigITCRM.Startup|start of ConfigureServices
2020-11-16 03:03:26.0586|ERROR|WedigITCRM.Startup|end of ConfigureServices
2020-11-16 03:03:26.4437|ERROR|WedigITCRM.Startup|start of Configure method
2020-11-16 03:03:30.3581|ERROR|WedigITCRM.Startup|end of Configure method
2020-11-16 03:03:34.4022|ERROR|WedigITCRM.Controllers.HomeController|Entering index action in home controller
2020-11-16 03:03:34.5290|ERROR|WedigITCRM.Controllers.HomeController|index action in home controller redirecting to frontpage controller index action
2020-11-16 03:03:36.1289|WARN|Microsoft.EntityFrameworkCore.Model.Validation|No type was specified for the decimal column 'OurUnitSalesPrice' on entity type 'PurchaseOrderLine'. This will cause values to be silently truncated if they do not fit in the default precision and scale. Explicitly specify the SQL server column type that can accommodate all the values using 'HasColumnType()'.
2020-11-16 03:03:36.5168|WARN|Microsoft.EntityFrameworkCore.Model.Validation|No type was specified for the decimal column 'QuantityReceivedUntillNow' on entity type 'PurchaseOrderLine'. This will cause values to be silently truncated if they do not fit in the default precision and scale. Explicitly specify the SQL server column type that can accommodate all the values using 'HasColumnType()'.
2020-11-16 03:03:36.5668|WARN|Microsoft.EntityFrameworkCore.Model.Validation|No type was specified for the decimal column 'NumberInStock' on entity type 'StockItem'. This will cause values to be silently truncated if they do not fit in the default precision and scale. Explicitly specify the SQL server column type that can accommodate all the values using 'HasColumnType()'.
2020-11-16 03:06:45.0992|ERROR|WedigITCRM.Controllers.HomeController|Entering index action in home controller
2020-11-16 03:06:45.1881|ERROR|WedigITCRM.Controllers.HomeController|index action in home controller redirecting to frontpage controller index action
2020-11-16 03:45:01.9623|ERROR|WedigITCRM.Startup|start of ConfigureServices
2020-11-16 03:45:06.6417|ERROR|WedigITCRM.Startup|end of ConfigureServices
2020-11-16 03:45:06.9135|ERROR|WedigITCRM.Startup|start of Configure method
2020-11-16 03:45:12.1972|ERROR|WedigITCRM.Startup|end of Configure method
2020-11-16 03:45:17.0151|ERROR|WedigITCRM.Controllers.HomeController|Entering index action in home controller
2020-11-16 03:45:17.4103|ERROR|WedigITCRM.Controllers.HomeController|index action in home controller redirecting to frontpage controller index action
2020-11-16 03:45:21.6578|WARN|Microsoft.EntityFrameworkCore.Model.Validation|No type was specified for the decimal column 'OurUnitSalesPrice' on entity type 'PurchaseOrderLine'. This will cause values to be silently truncated if they do not fit in the default precision and scale. Explicitly specify the SQL server column type that can accommodate all the values using 'HasColumnType()'.
2020-11-16 03:45:21.9311|WARN|Microsoft.EntityFrameworkCore.Model.Validation|No type was specified for the decimal column 'QuantityReceivedUntillNow' on entity type 'PurchaseOrderLine'. This will cause values to be silently truncated if they do not fit in the default precision and scale. Explicitly specify the SQL server column type that can accommodate all the values using 'HasColumnType()'.
2020-11-16 03:45:22.1481|WARN|Microsoft.EntityFrameworkCore.Model.Validation|No type was specified for the decimal column 'NumberInStock' on entity type 'StockItem'. This will cause values to be silently truncated if they do not fit in the default precision and scale. Explicitly specify the SQL server column type that can accommodate all the values using 'HasColumnType()'.
2020-11-16 18:29:01.4430|ERROR|WedigITCRM.Startup|start of ConfigureServices
2020-11-16 18:29:04.0095|ERROR|WedigITCRM.Startup|end of ConfigureServices
2020-11-16 18:29:04.3072|ERROR|WedigITCRM.Startup|start of Configure method
2020-11-16 18:29:05.9916|ERROR|WedigITCRM.Startup|end of Configure method
2020-11-16 18:29:08.0958|WARN|Microsoft.EntityFrameworkCore.Model.Validation|No type was specified for the decimal column 'OurUnitSalesPrice' on entity type 'PurchaseOrderLine'. This will cause values to be silently truncated if they do not fit in the default precision and scale. Explicitly specify the SQL server column type that can accommodate all the values using 'HasColumnType()'.
2020-11-16 18:29:08.1355|WARN|Microsoft.EntityFrameworkCore.Model.Validation|No type was specified for the decimal column 'QuantityReceivedUntillNow' on entity type 'PurchaseOrderLine'. This will cause values to be silently truncated if they do not fit in the default precision and scale. Explicitly specify the SQL server column type that can accommodate all the values using 'HasColumnType()'.
2020-11-16 18:29:08.1913|WARN|Microsoft.EntityFrameworkCore.Model.Validation|No type was specified for the decimal column 'NumberInStock' on entity type 'StockItem'. This will cause values to be silently truncated if they do not fit in the default precision and scale. Explicitly specify the SQL server column type that can accommodate all the values using 'HasColumnType()'.
2020-11-16 18:29:10.2915|ERROR|WedigITCRM.Controllers.HomeController|Entering index action in home controller
2020-11-16 18:29:10.3193|ERROR|WedigITCRM.Controllers.HomeController|index action in home controller redirecting to frontpage controller index action
2020-11-16 18:29:30.9176|ERROR|Microsoft.AspNetCore.Diagnostics.ExceptionHandlerMiddleware|An unhandled exception has occurred while executing the request.
2020-11-16 18:29:30.9863|ERROR|WedigITCRM.Startup|{"UserId":null,"UserName":null,"CompanyId":null,"CompanyName":null,"Type":null,"Title":"Unexpected Error","Status":500,"Detail":"The model item passed into the ViewDataDictionary is of type 'WedigITCRM.ReepayAPI.PaymentViewModel', but this ViewDataDictionary instance requires a model item of type 'WedigITCRM.ReepayAPI.RecurringPaymentViewModel'.\r\n                                         \r\n\r\n                                            at Microsoft.AspNetCore.Mvc.ViewFeatures.ViewDataDictionary.EnsureCompatible(Object value)\r\n   at Microsoft.AspNetCore.Mvc.ViewFeatures.ViewDataDictionary..ctor(ViewDataDictionary source, Object model, Type declaredModelType)\r\n   at lambda_method(Closure , ViewDataDictionary )\r\n   at Microsoft.AspNetCore.Mvc.Razor.RazorPagePropertyActivator.CreateViewDataDictionary(ViewContext context)\r\n   at Microsoft.AspNetCore.Mvc.Razor.RazorPagePropertyActivator.Activate(Object page, ViewContext context)\r\n   at Microsoft.AspNetCore.Mvc.Razor.RazorPageActivator.Activate(IRazorPage page, ViewContext context)\r\n   at Microsoft.AspNetCore.Mvc.Razor.RazorView.RenderPageCoreAsync(IRazorPage page, ViewContext context)\r\n   at Microsoft.AspNetCore.Mvc.Razor.RazorView.RenderPageAsync(IRazorPage page, ViewContext context, Boolean invokeViewStarts)\r\n   at Microsoft.AspNetCore.Mvc.Razor.RazorView.RenderAsync(ViewContext context)\r\n   at Microsoft.AspNetCore.Mvc.ViewFeatures.ViewExecutor.ExecuteAsync(ViewContext viewContext, String contentType, Nullable`1 statusCode)\r\n   at Microsoft.AspNetCore.Mvc.ViewFeatures.ViewExecutor.ExecuteAsync(ViewContext viewContext, String contentType, Nullable`1 statusCode)\r\n   at Microsoft.AspNetCore.Mvc.ViewFeatures.ViewExecutor.ExecuteAsync(ActionContext actionContext, IView view, ViewDataDictionary viewData, ITempDataDictionary tempData, String contentType, Nullable`1 statusCode)\r\n   at Microsoft.AspNetCore.Mvc.ViewFeatures.ViewResultExecutor.ExecuteAsync(ActionContext context, ViewResult result)\r\n   at Microsoft.AspNetCore.Mvc.ViewResult.ExecuteResultAsync(ActionContext context)\r\n   at Microsoft.AspNetCore.Mvc.Infrastructure.ResourceInvoker.<InvokeNextResultFilterAsync>g__Awaited|29_0[TFilter,TFilterAsync](ResourceInvoker invoker, Task lastTask, State next, Scope scope, Object state, Boolean isCompleted)\r\n   at Microsoft.AspNetCore.Mvc.Infrastructure.ResourceInvoker.Rethrow(ResultExecutedContextSealed context)\r\n   at Microsoft.AspNetCore.Mvc.Infrastructure.ResourceInvoker.ResultNext[TFilter,TFilterAsync](State& next, Scope& scope, Object& state, Boolean& isCompleted)\r\n   at Microsoft.AspNetCore.Mvc.Infrastructure.ResourceInvoker.InvokeResultFilters()\r\n--- End of stack trace from previous location where exception was thrown ---\r\n   at Microsoft.AspNetCore.Mvc.Infrastructure.ResourceInvoker.<InvokeNextResourceFilter>g__Awaited|24_0(ResourceInvoker invoker, Task lastTask, State next, Scope scope, Object state, Boolean isCompleted)\r\n   at Microsoft.AspNetCore.Mvc.Infrastructure.ResourceInvoker.Rethrow(ResourceExecutedContextSealed context)\r\n   at Microsoft.AspNetCore.Mvc.Infrastructure.ResourceInvoker.Next(State& next, Scope& scope, Object& state, Boolean& isCompleted)\r\n   at Microsoft.AspNetCore.Mvc.Infrastructure.ResourceInvoker.<InvokeFilterPipelineAsync>g__Awaited|19_0(ResourceInvoker invoker, Task lastTask, State next, Scope scope, Object state, Boolean isCompleted)\r\n   at Microsoft.AspNetCore.Mvc.Infrastructure.ResourceInvoker.<InvokeAsync>g__Logged|17_1(ResourceInvoker invoker)\r\n   at Microsoft.AspNetCore.Builder.RouterMiddleware.Invoke(HttpContext httpContext)\r\n   at Microsoft.AspNetCore.Authentication.AuthenticationMiddleware.Invoke(HttpContext context)\r\n   at Microsoft.AspNetCore.Diagnostics.ExceptionHandlerMiddleware.<Invoke>g__Awaited|6_0(ExceptionHandlerMiddleware middleware, HttpContext context, Task task)","Instance":"a7b8f453-02a5-45b8-b6a7-4e960e0c1aac","Extensions":{}}
2020-11-16 18:32:29.2612|ERROR|Microsoft.AspNetCore.Diagnostics.ExceptionHandlerMiddleware|An unhandled exception has occurred while executing the request.
2020-11-16 18:32:29.3017|ERROR|WedigITCRM.Startup|{"UserId":null,"UserName":null,"CompanyId":null,"CompanyName":null,"Type":null,"Title":"Unexpected Error","Status":500,"Detail":"The model item passed into the ViewDataDictionary is of type 'WedigITCRM.ReepayAPI.PaymentViewModel', but this ViewDataDictionary instance requires a model item of type 'WedigITCRM.ReepayAPI.RecurringPaymentViewModel'.\r\n                                         \r\n\r\n                                            at Microsoft.AspNetCore.Mvc.ViewFeatures.ViewDataDictionary.EnsureCompatible(Object value)\r\n   at Microsoft.AspNetCore.Mvc.ViewFeatures.ViewDataDictionary..ctor(ViewDataDictionary source, Object model, Type declaredModelType)\r\n   at lambda_method(Closure , ViewDataDictionary )\r\n   at Microsoft.AspNetCore.Mvc.Razor.RazorPagePropertyActivator.CreateViewDataDictionary(ViewContext context)\r\n   at Microsoft.AspNetCore.Mvc.Razor.RazorPagePropertyActivator.Activate(Object page, ViewContext context)\r\n   at Microsoft.AspNetCore.Mvc.Razor.RazorPageActivator.Activate(IRazorPage page, ViewContext context)\r\n   at Microsoft.AspNetCore.Mvc.Razor.RazorView.RenderPageCoreAsync(IRazorPage page, ViewContext context)\r\n   at Microsoft.AspNetCore.Mvc.Razor.RazorView.RenderPageAsync(IRazorPage page, ViewContext context, Boolean invokeViewStarts)\r\n   at Microsoft.AspNetCore.Mvc.Razor.RazorView.RenderAsync(ViewContext context)\r\n   at Microsoft.AspNetCore.Mvc.ViewFeatures.ViewExecutor.ExecuteAsync(ViewContext viewContext, String contentType, Nullable`1 statusCode)\r\n   at Microsoft.AspNetCore.Mvc.ViewFeatures.ViewExecutor.ExecuteAsync(ViewContext viewContext, String contentType, Nullable`1 statusCode)\r\n   at Microsoft.AspNetCore.Mvc.ViewFeatures.ViewExecutor.ExecuteAsync(ActionContext actionContext, IView view, ViewDataDictionary viewData, ITempDataDictionary tempData, String contentType, Nullable`1 statusCode)\r\n   at Microsoft.AspNetCore.Mvc.ViewFeatures.ViewResultExecutor.ExecuteAsync(ActionContext context, ViewResult result)\r\n   at Microsoft.AspNetCore.Mvc.ViewResult.ExecuteResultAsync(ActionContext context)\r\n   at Microsoft.AspNetCore.Mvc.Infrastructure.ResourceInvoker.<InvokeNextResultFilterAsync>g__Awaited|29_0[TFilter,TFilterAsync](ResourceInvoker invoker, Task lastTask, State next, Scope scope, Object state, Boolean isCompleted)\r\n   at Microsoft.AspNetCore.Mvc.Infrastructure.ResourceInvoker.Rethrow(ResultExecutedContextSealed context)\r\n   at Microsoft.AspNetCore.Mvc.Infrastructure.ResourceInvoker.ResultNext[TFilter,TFilterAsync](State& next, Scope& scope, Object& state, Boolean& isCompleted)\r\n   at Microsoft.AspNetCore.Mvc.Infrastructure.ResourceInvoker.InvokeResultFilters()\r\n--- End of stack trace from previous location where exception was thrown ---\r\n   at Microsoft.AspNetCore.Mvc.Infrastructure.ResourceInvoker.<InvokeNextResourceFilter>g__Awaited|24_0(ResourceInvoker invoker, Task lastTask, State next, Scope scope, Object state, Boolean isCompleted)\r\n   at Microsoft.AspNetCore.Mvc.Infrastructure.ResourceInvoker.Rethrow(ResourceExecutedContextSealed context)\r\n   at Microsoft.AspNetCore.Mvc.Infrastructure.ResourceInvoker.Next(State& next, Scope& scope, Object& state, Boolean& isCompleted)\r\n   at Microsoft.AspNetCore.Mvc.Infrastructure.ResourceInvoker.<InvokeFilterPipelineAsync>g__Awaited|19_0(ResourceInvoker invoker, Task lastTask, State next, Scope scope, Object state, Boolean isCompleted)\r\n   at Microsoft.AspNetCore.Mvc.Infrastructure.ResourceInvoker.<InvokeAsync>g__Logged|17_1(ResourceInvoker invoker)\r\n   at Microsoft.AspNetCore.Builder.RouterMiddleware.Invoke(HttpContext httpContext)\r\n   at Microsoft.AspNetCore.Authentication.AuthenticationMiddleware.Invoke(HttpContext context)\r\n   at Microsoft.AspNetCore.Diagnostics.ExceptionHandlerMiddleware.<Invoke>g__Awaited|6_0(ExceptionHandlerMiddleware middleware, HttpContext context, Task task)","Instance":"59bc2e8e-618c-4366-b036-3f4114f20a15","Extensions":{}}
2020-11-16 18:35:24.5152|ERROR|WedigITCRM.Startup|start of ConfigureServices
2020-11-16 18:35:26.2990|ERROR|WedigITCRM.Startup|end of ConfigureServices
2020-11-16 18:35:26.4531|ERROR|WedigITCRM.Startup|start of Configure method
2020-11-16 18:35:27.3877|ERROR|WedigITCRM.Startup|end of Configure method
2020-11-16 18:35:30.1619|WARN|Microsoft.EntityFrameworkCore.Model.Validation|No type was specified for the decimal column 'OurUnitSalesPrice' on entity type 'PurchaseOrderLine'. This will cause values to be silently truncated if they do not fit in the default precision and scale. Explicitly specify the SQL server column type that can accommodate all the values using 'HasColumnType()'.
2020-11-16 18:35:30.1866|WARN|Microsoft.EntityFrameworkCore.Model.Validation|No type was specified for the decimal column 'QuantityReceivedUntillNow' on entity type 'PurchaseOrderLine'. This will cause values to be silently truncated if they do not fit in the default precision and scale. Explicitly specify the SQL server column type that can accommodate all the values using 'HasColumnType()'.
2020-11-16 18:35:30.2515|WARN|Microsoft.EntityFrameworkCore.Model.Validation|No type was specified for the decimal column 'NumberInStock' on entity type 'StockItem'. This will cause values to be silently truncated if they do not fit in the default precision and scale. Explicitly specify the SQL server column type that can accommodate all the values using 'HasColumnType()'.
2020-11-16 18:35:30.7280|ERROR|WedigITCRM.Controllers.HomeController|Entering index action in home controller
2020-11-16 18:35:31.4284|ERROR|WedigITCRM.Controllers.HomeController|index action in home controller redirecting to frontpage controller index action
2020-11-16 18:45:34.2205|ERROR|WedigITCRM.Startup|start of ConfigureServices
2020-11-16 18:45:36.3673|ERROR|WedigITCRM.Startup|end of ConfigureServices
2020-11-16 18:45:36.5607|ERROR|WedigITCRM.Startup|start of Configure method
2020-11-16 18:45:37.5573|ERROR|WedigITCRM.Startup|end of Configure method
2020-11-16 18:45:40.1118|ERROR|WedigITCRM.Controllers.HomeController|Entering index action in home controller
2020-11-16 18:45:40.2394|ERROR|WedigITCRM.Controllers.HomeController|index action in home controller redirecting to frontpage controller index action
2020-11-16 18:45:41.2676|WARN|Microsoft.EntityFrameworkCore.Model.Validation|No type was specified for the decimal column 'OurUnitSalesPrice' on entity type 'PurchaseOrderLine'. This will cause values to be silently truncated if they do not fit in the default precision and scale. Explicitly specify the SQL server column type that can accommodate all the values using 'HasColumnType()'.
2020-11-16 18:45:41.2885|WARN|Microsoft.EntityFrameworkCore.Model.Validation|No type was specified for the decimal column 'QuantityReceivedUntillNow' on entity type 'PurchaseOrderLine'. This will cause values to be silently truncated if they do not fit in the default precision and scale. Explicitly specify the SQL server column type that can accommodate all the values using 'HasColumnType()'.
2020-11-16 18:45:41.3182|WARN|Microsoft.EntityFrameworkCore.Model.Validation|No type was specified for the decimal column 'NumberInStock' on entity type 'StockItem'. This will cause values to be silently truncated if they do not fit in the default precision and scale. Explicitly specify the SQL server column type that can accommodate all the values using 'HasColumnType()'.
