2020-05-18 17:31:13.1469|ERROR|WedigITCRM.Startup|start of ConfigureServices
2020-05-18 17:31:14.9501|ERROR|WedigITCRM.Startup|end of ConfigureServices
2020-05-18 17:31:15.0716|ERROR|WedigITCRM.Startup|start of Configure method
2020-05-18 17:31:15.3571|ERROR|WedigITCRM.Startup|end of Configure method
2020-05-18 17:31:16.5934|ERROR|WedigITCRM.Controllers.HomeController|Entering index action in home controller
2020-05-18 17:31:16.6162|ERROR|WedigITCRM.Controllers.HomeController|index action in home controller redirecting to frontpage controller index action
2020-05-18 17:34:47.3614|ERROR|WedigITCRM.Startup|start of ConfigureServices
2020-05-18 17:34:47.5136|ERROR|WedigITCRM.Startup|end of ConfigureServices
2020-05-18 21:24:06.2487|ERROR|WedigITCRM.Startup|start of ConfigureServices
2020-05-18 21:24:06.4216|ERROR|WedigITCRM.Startup|end of ConfigureServices
2020-05-18 21:32:20.4561|ERROR|WedigITCRM.Startup|start of ConfigureServices
2020-05-18 21:32:20.6311|ERROR|WedigITCRM.Startup|end of ConfigureServices
2020-05-18 21:35:19.5215|ERROR|WedigITCRM.Startup|start of ConfigureServices
2020-05-18 21:35:19.6542|ERROR|WedigITCRM.Startup|end of ConfigureServices
2020-05-18 23:22:50.3298|ERROR|WedigITCRM.Startup|start of ConfigureServices
2020-05-18 23:22:50.5127|ERROR|WedigITCRM.Startup|end of ConfigureServices
2020-05-18 23:23:21.4990|ERROR|WedigITCRM.Startup|start of ConfigureServices
2020-05-18 23:23:21.6997|ERROR|WedigITCRM.Startup|end of ConfigureServices
2020-05-18 23:25:33.3676|ERROR|WedigITCRM.Startup|start of ConfigureServices
2020-05-18 23:25:34.4693|ERROR|WedigITCRM.Startup|end of ConfigureServices
2020-05-18 23:25:34.5578|ERROR|WedigITCRM.Startup|start of Configure method
2020-05-18 23:25:34.7682|ERROR|WedigITCRM.Startup|end of Configure method
2020-05-18 23:25:35.5827|ERROR|WedigITCRM.Controllers.HomeController|Entering index action in home controller
2020-05-18 23:25:35.5925|ERROR|WedigITCRM.Controllers.HomeController|index action in home controller redirecting to frontpage controller index action
2020-05-18 23:25:49.2641|ERROR|WedigITCRM.Controllers.HomeController|Entering index action in home controller
2020-05-18 23:25:49.2641|ERROR|WedigITCRM.Controllers.HomeController|index action in home controller redirecting to Customer controller AllCustomers action
2020-05-18 23:27:58.2739|ERROR|WedigITCRM.Startup|start of ConfigureServices
2020-05-18 23:27:59.4872|ERROR|WedigITCRM.Startup|end of ConfigureServices
2020-05-18 23:27:59.6043|ERROR|WedigITCRM.Startup|start of Configure method
2020-05-18 23:27:59.8220|ERROR|WedigITCRM.Startup|end of Configure method
2020-05-18 23:28:03.4653|ERROR|WedigITCRM.Controllers.HomeController|Entering index action in home controller
2020-05-18 23:28:03.4653|ERROR|WedigITCRM.Controllers.HomeController|index action in home controller redirecting to Customer controller AllCustomers action
2020-05-18 23:30:20.4861|ERROR|WedigITCRM.Startup|start of ConfigureServices
2020-05-18 23:30:21.2598|ERROR|WedigITCRM.Startup|end of ConfigureServices
2020-05-18 23:30:21.3327|ERROR|WedigITCRM.Startup|start of Configure method
2020-05-18 23:30:21.5863|ERROR|WedigITCRM.Startup|end of Configure method
2020-05-18 23:30:24.4599|ERROR|WedigITCRM.Controllers.HomeController|Entering index action in home controller
2020-05-18 23:30:24.4660|ERROR|WedigITCRM.Controllers.HomeController|index action in home controller redirecting to Customer controller AllCustomers action
2020-05-18 23:33:46.1661|ERROR|WedigITCRM.Startup|start of ConfigureServices
2020-05-18 23:33:47.0845|ERROR|WedigITCRM.Startup|end of ConfigureServices
2020-05-18 23:33:47.2093|ERROR|WedigITCRM.Startup|start of Configure method
2020-05-18 23:33:47.3961|ERROR|WedigITCRM.Startup|end of Configure method
2020-05-18 23:33:50.6140|ERROR|WedigITCRM.Controllers.HomeController|Entering index action in home controller
2020-05-18 23:33:50.6254|ERROR|WedigITCRM.Controllers.HomeController|index action in home controller redirecting to Customer controller AllCustomers action
2020-05-18 23:39:24.8118|ERROR|WedigITCRM.Startup|start of ConfigureServices
2020-05-18 23:39:25.4260|ERROR|WedigITCRM.Startup|end of ConfigureServices
2020-05-18 23:39:25.8734|ERROR|WedigITCRM.Startup|start of Configure method
2020-05-18 23:39:26.1809|ERROR|WedigITCRM.Startup|end of Configure method
2020-05-18 23:39:29.5136|ERROR|WedigITCRM.Controllers.HomeController|Entering index action in home controller
2020-05-18 23:39:29.5136|ERROR|WedigITCRM.Controllers.HomeController|index action in home controller redirecting to Customer controller AllCustomers action
2020-05-18 23:52:55.9412|ERROR|WedigITCRM.Startup|start of ConfigureServices
2020-05-18 23:52:57.5146|ERROR|WedigITCRM.Startup|end of ConfigureServices
2020-05-18 23:52:57.6052|ERROR|WedigITCRM.Startup|start of Configure method
2020-05-18 23:52:57.9062|ERROR|WedigITCRM.Startup|end of Configure method
2020-05-18 23:52:58.6412|ERROR|WedigITCRM.Controllers.HomeController|Entering index action in home controller
2020-05-18 23:52:58.6412|ERROR|WedigITCRM.Controllers.HomeController|index action in home controller redirecting to frontpage controller index action
2020-05-18 23:56:07.7492|ERROR|WedigITCRM.Controllers.HomeController|Entering index action in home controller
2020-05-18 23:56:07.7492|ERROR|WedigITCRM.Controllers.HomeController|index action in home controller redirecting to Customer controller AllCustomers action
2020-05-18 23:58:43.7370|ERROR|Microsoft.AspNetCore.Diagnostics.ExceptionHandlerMiddleware|An unhandled exception has occurred while executing the request.
2020-05-18 23:58:43.7690|ERROR|WedigITCRM.Startup|{"Type":null,"Title":"Unexpected Error","Status":500,"Detail":"Error converting value {null} to type 'System.Double'. Path 'hits.max_score', line 1, position 124.\r\n                                         \r\n\r\n                                            at Newtonsoft.Json.Serialization.JsonSerializerInternalReader.EnsureType(JsonReader reader, Object value, CultureInfo culture, JsonContract contract, Type targetType)\r\n   at Newtonsoft.Json.Serialization.JsonSerializerInternalReader.SetPropertyValue(JsonProperty property, JsonConverter propertyConverter, JsonContainerContract containerContract, JsonProperty containerProperty, JsonReader reader, Object target)\r\n   at Newtonsoft.Json.Serialization.JsonSerializerInternalReader.PopulateObject(Object newObject, JsonReader reader, JsonObjectContract contract, JsonProperty member, String id)\r\n   at Newtonsoft.Json.Serialization.JsonSerializerInternalReader.CreateObject(JsonReader reader, Type objectType, JsonContract contract, JsonProperty member, JsonContainerContract containerContract, JsonProperty containerMember, Object existingValue)\r\n   at Newtonsoft.Json.Serialization.JsonSerializerInternalReader.SetPropertyValue(JsonProperty property, JsonConverter propertyConverter, JsonContainerContract containerContract, JsonProperty containerProperty, JsonReader reader, Object target)\r\n   at Newtonsoft.Json.Serialization.JsonSerializerInternalReader.PopulateObject(Object newObject, JsonReader reader, JsonObjectContract contract, JsonProperty member, String id)\r\n   at Newtonsoft.Json.Serialization.JsonSerializerInternalReader.CreateObject(JsonReader reader, Type objectType, JsonContract contract, JsonProperty member, JsonContainerContract containerContract, JsonProperty containerMember, Object existingValue)\r\n   at Newtonsoft.Json.Serialization.JsonSerializerInternalReader.Deserialize(JsonReader reader, Type objectType, Boolean checkAdditionalContent)\r\n   at Newtonsoft.Json.JsonSerializer.DeserializeInternal(JsonReader reader, Type objectType)\r\n   at Newtonsoft.Json.JsonSerializer.Deserialize(JsonReader reader, Type objectType)\r\n   at Newtonsoft.Json.JsonConvert.DeserializeObject(String value, Type type, JsonSerializerSettings settings)\r\n   at Newtonsoft.Json.JsonConvert.DeserializeObject[T](String value, JsonSerializerSettings settings)\r\n   at Newtonsoft.Json.JsonConvert.DeserializeObject[T](String value)\r\n   at WedigITCRM.VirkAPI.Companies.search(VirkQuery virkquery) in C:\\Users\\John\\source\\repos\\WedigITCRM\\WedigITCRM\\VirkAPI\\Companies.cs:line 40\r\n   at WedigITCRM.Controllers.HomeController.searchInVirkByCompanyName(String term) in C:\\Users\\John\\source\\repos\\WedigITCRM\\WedigITCRM\\Controllers\\HomeController.cs:line 96\r\n   at Microsoft.AspNetCore.Mvc.Infrastructure.ActionMethodExecutor.TaskOfIActionResultExecutor.Execute(IActionResultTypeMapper mapper, ObjectMethodExecutor executor, Object controller, Object[] arguments)\r\n   at Microsoft.AspNetCore.Mvc.Infrastructure.ControllerActionInvoker.<InvokeActionMethodAsync>g__Awaited|12_0(ControllerActionInvoker invoker, ValueTask`1 actionResultValueTask)\r\n   at Microsoft.AspNetCore.Mvc.Infrastructure.ControllerActionInvoker.<InvokeNextActionFilterAsync>g__Awaited|10_0(ControllerActionInvoker invoker, Task lastTask, State next, Scope scope, Object state, Boolean isCompleted)\r\n   at Microsoft.AspNetCore.Mvc.Infrastructure.ControllerActionInvoker.Rethrow(ActionExecutedContextSealed context)\r\n   at Microsoft.AspNetCore.Mvc.Infrastructure.ControllerActionInvoker.Next(State& next, Scope& scope, Object& state, Boolean& isCompleted)\r\n   at Microsoft.AspNetCore.Mvc.Infrastructure.ControllerActionInvoker.InvokeInnerFilterAsync()\r\n--- End of stack trace from previous location where exception was thrown ---\r\n   at Microsoft.AspNetCore.Mvc.Infrastructure.ResourceInvoker.<InvokeNextResourceFilter>g__Awaited|24_0(ResourceInvoker invoker, Task lastTask, State next, Scope scope, Object state, Boolean isCompleted)\r\n   at Microsoft.AspNetCore.Mvc.Infrastructure.ResourceInvoker.Rethrow(ResourceExecutedContextSealed context)\r\n   at Microsoft.AspNetCore.Mvc.Infrastructure.ResourceInvoker.Next(State& next, Scope& scope, Object& state, Boolean& isCompleted)\r\n   at Microsoft.AspNetCore.Mvc.Infrastructure.ResourceInvoker.InvokeFilterPipelineAsync()\r\n--- End of stack trace from previous location where exception was thrown ---\r\n   at Microsoft.AspNetCore.Mvc.Infrastructure.ResourceInvoker.<InvokeAsync>g__Logged|17_1(ResourceInvoker invoker)\r\n   at Microsoft.AspNetCore.Builder.RouterMiddleware.Invoke(HttpContext httpContext)\r\n   at Microsoft.AspNetCore.Authentication.AuthenticationMiddleware.Invoke(HttpContext context)\r\n   at Microsoft.AspNetCore.Diagnostics.ExceptionHandlerMiddleware.<Invoke>g__Awaited|6_0(ExceptionHandlerMiddleware middleware, HttpContext context, Task task)","Instance":"ae9a31a3-c8d8-4ee6-8c5e-a23ca2a1773d","Extensions":{}}
