2020-06-22 00:47:24.2667|ERROR|WedigITCRM.Startup|start of ConfigureServices
2020-06-22 00:47:25.2865|ERROR|WedigITCRM.Startup|end of ConfigureServices
2020-06-22 00:47:25.3638|ERROR|WedigITCRM.Startup|start of Configure method
2020-06-22 00:47:25.9238|ERROR|WedigITCRM.Startup|end of Configure method
2020-06-22 00:47:27.2551|ERROR|WedigITCRM.Controllers.HomeController|Entering index action in home controller
2020-06-22 00:47:27.2711|ERROR|WedigITCRM.Controllers.HomeController|index action in home controller redirecting to frontpage controller index action
2020-06-22 00:47:27.9230|WARN|Microsoft.EntityFrameworkCore.Model.Validation|No type was specified for the decimal column 'OurUnitSalesPrice' on entity type 'PurchaseOrderLine'. This will cause values to be silently truncated if they do not fit in the default precision and scale. Explicitly specify the SQL server column type that can accommodate all the values using 'HasColumnType()'.
2020-06-22 00:47:39.1318|ERROR|WedigITCRM.Controllers.HomeController|Entering index action in home controller
2020-06-22 00:47:39.1498|ERROR|WedigITCRM.Controllers.HomeController|index action in home controller redirecting to Customer controller AllCustomers action
2020-06-22 01:33:03.0828|ERROR|WedigITCRM.Startup|start of ConfigureServices
2020-06-22 01:33:05.2372|ERROR|WedigITCRM.Startup|end of ConfigureServices
2020-06-22 01:33:05.3112|ERROR|WedigITCRM.Startup|start of Configure method
2020-06-22 01:33:06.3024|ERROR|WedigITCRM.Startup|end of Configure method
2020-06-22 01:33:08.4547|WARN|Microsoft.EntityFrameworkCore.Model.Validation|No type was specified for the decimal column 'OurUnitSalesPrice' on entity type 'PurchaseOrderLine'. This will cause values to be silently truncated if they do not fit in the default precision and scale. Explicitly specify the SQL server column type that can accommodate all the values using 'HasColumnType()'.
2020-06-22 01:33:08.8665|ERROR|WedigITCRM.Controllers.HomeController|Entering index action in home controller
2020-06-22 01:33:08.9917|ERROR|WedigITCRM.Controllers.HomeController|index action in home controller redirecting to frontpage controller index action
2020-06-22 01:33:19.0181|ERROR|WedigITCRM.Controllers.HomeController|Entering index action in home controller
2020-06-22 01:33:19.0374|ERROR|WedigITCRM.Controllers.HomeController|index action in home controller redirecting to Customer controller AllCustomers action
2020-06-22 01:38:19.5185|ERROR|WedigITCRM.Startup|start of ConfigureServices
2020-06-22 01:38:20.3924|ERROR|WedigITCRM.Startup|end of ConfigureServices
2020-06-22 01:38:20.4899|ERROR|WedigITCRM.Startup|start of Configure method
2020-06-22 01:38:21.0266|ERROR|WedigITCRM.Startup|end of Configure method
2020-06-22 01:38:22.4421|ERROR|WedigITCRM.Controllers.HomeController|Entering index action in home controller
2020-06-22 01:38:22.4558|ERROR|WedigITCRM.Controllers.HomeController|index action in home controller redirecting to frontpage controller index action
2020-06-22 01:38:23.1095|WARN|Microsoft.EntityFrameworkCore.Model.Validation|No type was specified for the decimal column 'OurUnitSalesPrice' on entity type 'PurchaseOrderLine'. This will cause values to be silently truncated if they do not fit in the default precision and scale. Explicitly specify the SQL server column type that can accommodate all the values using 'HasColumnType()'.
2020-06-22 01:38:30.4704|ERROR|WedigITCRM.Controllers.HomeController|Entering index action in home controller
2020-06-22 01:38:30.4704|ERROR|WedigITCRM.Controllers.HomeController|index action in home controller redirecting to Customer controller AllCustomers action
2020-06-22 01:45:23.2515|ERROR|WedigITCRM.Startup|start of ConfigureServices
2020-06-22 01:45:24.1992|ERROR|WedigITCRM.Startup|end of ConfigureServices
2020-06-22 01:45:24.4002|ERROR|WedigITCRM.Startup|start of Configure method
2020-06-22 01:45:24.9784|ERROR|WedigITCRM.Startup|end of Configure method
2020-06-22 01:45:26.8493|WARN|Microsoft.EntityFrameworkCore.Model.Validation|No type was specified for the decimal column 'OurUnitSalesPrice' on entity type 'PurchaseOrderLine'. This will cause values to be silently truncated if they do not fit in the default precision and scale. Explicitly specify the SQL server column type that can accommodate all the values using 'HasColumnType()'.
2020-06-22 01:45:28.9145|ERROR|WedigITCRM.Controllers.HomeController|Entering index action in home controller
2020-06-22 01:45:28.9505|ERROR|WedigITCRM.Controllers.HomeController|index action in home controller redirecting to frontpage controller index action
2020-06-22 01:45:38.1261|ERROR|WedigITCRM.Controllers.HomeController|Entering index action in home controller
2020-06-22 01:45:38.1504|ERROR|WedigITCRM.Controllers.HomeController|index action in home controller redirecting to Customer controller AllCustomers action
2020-06-22 01:45:50.4024|ERROR|Microsoft.AspNetCore.Mvc.Infrastructure.ActionSelector|Request matched multiple actions resulting in ambiguity. Matching actions: WedigITCRM.Controllers.PurchaseOrderController.receivePurchaseOrder (WedigITCRM)
WedigITCRM.Controllers.PurchaseOrderController.receivePurchaseOrder (WedigITCRM)
2020-06-22 01:45:50.4773|ERROR|Microsoft.AspNetCore.Diagnostics.ExceptionHandlerMiddleware|An unhandled exception has occurred while executing the request.
2020-06-22 01:45:50.5762|ERROR|WedigITCRM.Startup|{"UserId":"6c1e27cf-820e-4335-b9a5-7ed1142c531c","UserName":"johnpetersen1959@gmail.com","CompanyId":"13024","CompanyName":"wedigIT ApS","Type":null,"Title":"Unexpected Error","Status":500,"Detail":"Multiple actions matched. The following actions matched route data and had all constraints satisfied:\r\n\r\nWedigITCRM.Controllers.PurchaseOrderController.receivePurchaseOrder (WedigITCRM)\r\nWedigITCRM.Controllers.PurchaseOrderController.receivePurchaseOrder (WedigITCRM)\r\n                                         \r\n\r\n                                            at Microsoft.AspNetCore.Mvc.Infrastructure.ActionSelector.SelectBestCandidate(RouteContext context, IReadOnlyList`1 candidates)\r\n   at Microsoft.AspNetCore.Mvc.Routing.MvcRouteHandler.RouteAsync(RouteContext context)\r\n   at Microsoft.AspNetCore.Routing.Route.OnRouteMatched(RouteContext context)\r\n   at Microsoft.AspNetCore.Routing.RouteBase.RouteAsync(RouteContext context)\r\n   at Microsoft.AspNetCore.Routing.RouteCollection.RouteAsync(RouteContext context)\r\n   at Microsoft.AspNetCore.Builder.RouterMiddleware.Invoke(HttpContext httpContext)\r\n   at Microsoft.AspNetCore.Authentication.AuthenticationMiddleware.Invoke(HttpContext context)\r\n   at Microsoft.AspNetCore.Diagnostics.ExceptionHandlerMiddleware.<Invoke>g__Awaited|6_0(ExceptionHandlerMiddleware middleware, HttpContext context, Task task)","Instance":"592b8492-14ba-4e5d-a64f-9c0213f86de9","Extensions":{}}
2020-06-22 01:46:02.9843|ERROR|Microsoft.AspNetCore.Mvc.Infrastructure.ActionSelector|Request matched multiple actions resulting in ambiguity. Matching actions: WedigITCRM.Controllers.PurchaseOrderController.receivePurchaseOrder (WedigITCRM)
WedigITCRM.Controllers.PurchaseOrderController.receivePurchaseOrder (WedigITCRM)
2020-06-22 01:46:03.0003|ERROR|Microsoft.AspNetCore.Diagnostics.ExceptionHandlerMiddleware|An unhandled exception has occurred while executing the request.
2020-06-22 01:46:03.0363|ERROR|WedigITCRM.Startup|{"UserId":"6c1e27cf-820e-4335-b9a5-7ed1142c531c","UserName":"johnpetersen1959@gmail.com","CompanyId":"13024","CompanyName":"wedigIT ApS","Type":null,"Title":"Unexpected Error","Status":500,"Detail":"Multiple actions matched. The following actions matched route data and had all constraints satisfied:\r\n\r\nWedigITCRM.Controllers.PurchaseOrderController.receivePurchaseOrder (WedigITCRM)\r\nWedigITCRM.Controllers.PurchaseOrderController.receivePurchaseOrder (WedigITCRM)\r\n                                         \r\n\r\n                                            at Microsoft.AspNetCore.Mvc.Infrastructure.ActionSelector.SelectBestCandidate(RouteContext context, IReadOnlyList`1 candidates)\r\n   at Microsoft.AspNetCore.Mvc.Routing.MvcRouteHandler.RouteAsync(RouteContext context)\r\n   at Microsoft.AspNetCore.Routing.Route.OnRouteMatched(RouteContext context)\r\n   at Microsoft.AspNetCore.Routing.RouteBase.RouteAsync(RouteContext context)\r\n   at Microsoft.AspNetCore.Routing.RouteCollection.RouteAsync(RouteContext context)\r\n   at Microsoft.AspNetCore.Builder.RouterMiddleware.Invoke(HttpContext httpContext)\r\n   at Microsoft.AspNetCore.Authentication.AuthenticationMiddleware.Invoke(HttpContext context)\r\n   at Microsoft.AspNetCore.Diagnostics.ExceptionHandlerMiddleware.<Invoke>g__Awaited|6_0(ExceptionHandlerMiddleware middleware, HttpContext context, Task task)","Instance":"d44fcf7c-eee5-401d-8d39-7a7b4df39af1","Extensions":{}}
2020-06-22 01:47:24.6896|ERROR|WedigITCRM.Startup|start of ConfigureServices
2020-06-22 01:47:25.4983|ERROR|WedigITCRM.Startup|end of ConfigureServices
2020-06-22 01:47:25.5961|ERROR|WedigITCRM.Startup|start of Configure method
2020-06-22 01:47:26.2726|ERROR|WedigITCRM.Startup|end of Configure method
2020-06-22 01:47:27.5283|ERROR|WedigITCRM.Controllers.HomeController|Entering index action in home controller
2020-06-22 01:47:27.5432|ERROR|WedigITCRM.Controllers.HomeController|index action in home controller redirecting to frontpage controller index action
2020-06-22 01:47:28.2955|WARN|Microsoft.EntityFrameworkCore.Model.Validation|No type was specified for the decimal column 'OurUnitSalesPrice' on entity type 'PurchaseOrderLine'. This will cause values to be silently truncated if they do not fit in the default precision and scale. Explicitly specify the SQL server column type that can accommodate all the values using 'HasColumnType()'.
2020-06-22 01:47:38.0662|ERROR|WedigITCRM.Controllers.HomeController|Entering index action in home controller
2020-06-22 01:47:38.0792|ERROR|WedigITCRM.Controllers.HomeController|index action in home controller redirecting to Customer controller AllCustomers action
2020-06-22 09:48:50.0401|ERROR|WedigITCRM.Startup|start of ConfigureServices
2020-06-22 09:48:51.1310|ERROR|WedigITCRM.Startup|end of ConfigureServices
2020-06-22 09:48:51.8010|ERROR|WedigITCRM.Startup|start of Configure method
2020-06-22 09:48:53.1390|ERROR|WedigITCRM.Startup|end of Configure method
2020-06-22 09:48:54.6209|ERROR|WedigITCRM.Controllers.HomeController|Entering index action in home controller
2020-06-22 09:48:54.6430|ERROR|WedigITCRM.Controllers.HomeController|index action in home controller redirecting to frontpage controller index action
2020-06-22 09:48:54.6580|WARN|Microsoft.EntityFrameworkCore.Model.Validation|No type was specified for the decimal column 'OurUnitSalesPrice' on entity type 'PurchaseOrderLine'. This will cause values to be silently truncated if they do not fit in the default precision and scale. Explicitly specify the SQL server column type that can accommodate all the values using 'HasColumnType()'.
2020-06-22 09:49:11.1571|ERROR|WedigITCRM.Controllers.HomeController|Entering index action in home controller
2020-06-22 09:49:11.1571|ERROR|WedigITCRM.Controllers.HomeController|index action in home controller redirecting to Customer controller AllCustomers action
2020-06-22 10:00:07.2118|ERROR|WedigITCRM.Startup|start of ConfigureServices
2020-06-22 10:00:08.3635|ERROR|WedigITCRM.Startup|end of ConfigureServices
2020-06-22 10:00:08.5029|ERROR|WedigITCRM.Startup|start of Configure method
2020-06-22 10:00:09.1093|ERROR|WedigITCRM.Startup|end of Configure method
2020-06-22 10:00:10.7891|WARN|Microsoft.EntityFrameworkCore.Model.Validation|No type was specified for the decimal column 'OurUnitSalesPrice' on entity type 'PurchaseOrderLine'. This will cause values to be silently truncated if they do not fit in the default precision and scale. Explicitly specify the SQL server column type that can accommodate all the values using 'HasColumnType()'.
2020-06-22 10:00:11.5021|ERROR|WedigITCRM.Controllers.HomeController|Entering index action in home controller
2020-06-22 10:00:11.5435|ERROR|WedigITCRM.Controllers.HomeController|index action in home controller redirecting to frontpage controller index action
2020-06-22 10:00:20.2861|ERROR|WedigITCRM.Controllers.HomeController|Entering index action in home controller
2020-06-22 10:00:20.2989|ERROR|WedigITCRM.Controllers.HomeController|index action in home controller redirecting to Customer controller AllCustomers action
2020-06-22 10:25:46.5468|ERROR|WedigITCRM.Startup|start of ConfigureServices
2020-06-22 10:25:48.0543|ERROR|WedigITCRM.Startup|end of ConfigureServices
2020-06-22 10:25:48.1274|ERROR|WedigITCRM.Startup|start of Configure method
2020-06-22 10:25:48.6925|ERROR|WedigITCRM.Startup|end of Configure method
2020-06-22 10:25:50.9239|WARN|Microsoft.EntityFrameworkCore.Model.Validation|No type was specified for the decimal column 'OurUnitSalesPrice' on entity type 'PurchaseOrderLine'. This will cause values to be silently truncated if they do not fit in the default precision and scale. Explicitly specify the SQL server column type that can accommodate all the values using 'HasColumnType()'.
2020-06-22 10:25:52.7735|ERROR|WedigITCRM.Controllers.HomeController|Entering index action in home controller
2020-06-22 10:25:53.0140|ERROR|WedigITCRM.Controllers.HomeController|index action in home controller redirecting to Customer controller AllCustomers action
2020-06-22 10:48:06.8776|ERROR|WedigITCRM.Startup|start of ConfigureServices
2020-06-22 10:48:08.1247|ERROR|WedigITCRM.Startup|end of ConfigureServices
2020-06-22 10:48:08.2201|ERROR|WedigITCRM.Startup|start of Configure method
2020-06-22 10:48:08.9163|ERROR|WedigITCRM.Startup|end of Configure method
2020-06-22 10:48:11.4103|WARN|Microsoft.EntityFrameworkCore.Model.Validation|No type was specified for the decimal column 'OurUnitSalesPrice' on entity type 'PurchaseOrderLine'. This will cause values to be silently truncated if they do not fit in the default precision and scale. Explicitly specify the SQL server column type that can accommodate all the values using 'HasColumnType()'.
2020-06-22 10:48:14.2427|ERROR|WedigITCRM.Controllers.HomeController|Entering index action in home controller
2020-06-22 10:48:14.2751|ERROR|WedigITCRM.Controllers.HomeController|index action in home controller redirecting to Customer controller AllCustomers action
2020-06-22 11:54:31.4902|ERROR|WedigITCRM.Startup|start of ConfigureServices
2020-06-22 11:54:32.5012|ERROR|WedigITCRM.Startup|end of ConfigureServices
2020-06-22 11:54:32.5704|ERROR|WedigITCRM.Startup|start of Configure method
2020-06-22 11:54:33.1063|ERROR|WedigITCRM.Startup|end of Configure method
2020-06-22 11:54:35.0964|WARN|Microsoft.EntityFrameworkCore.Model.Validation|No type was specified for the decimal column 'OurUnitSalesPrice' on entity type 'PurchaseOrderLine'. This will cause values to be silently truncated if they do not fit in the default precision and scale. Explicitly specify the SQL server column type that can accommodate all the values using 'HasColumnType()'.
2020-06-22 11:54:36.8569|ERROR|WedigITCRM.Controllers.HomeController|Entering index action in home controller
2020-06-22 11:54:36.9567|ERROR|WedigITCRM.Controllers.HomeController|index action in home controller redirecting to Customer controller AllCustomers action
2020-06-22 13:52:58.7224|ERROR|WedigITCRM.Startup|start of ConfigureServices
2020-06-22 13:53:00.2010|ERROR|WedigITCRM.Startup|end of ConfigureServices
2020-06-22 13:53:00.2743|ERROR|WedigITCRM.Startup|start of Configure method
2020-06-22 13:53:00.9167|ERROR|WedigITCRM.Startup|end of Configure method
2020-06-22 13:53:02.9955|WARN|Microsoft.EntityFrameworkCore.Model.Validation|No type was specified for the decimal column 'OurUnitSalesPrice' on entity type 'PurchaseOrderLine'. This will cause values to be silently truncated if they do not fit in the default precision and scale. Explicitly specify the SQL server column type that can accommodate all the values using 'HasColumnType()'.
2020-06-22 13:53:05.0337|ERROR|WedigITCRM.Controllers.HomeController|Entering index action in home controller
2020-06-22 13:53:05.1014|ERROR|WedigITCRM.Controllers.HomeController|index action in home controller redirecting to Customer controller AllCustomers action
2020-06-22 14:26:41.1448|ERROR|WedigITCRM.Startup|start of ConfigureServices
2020-06-22 14:26:42.9480|ERROR|WedigITCRM.Startup|end of ConfigureServices
2020-06-22 14:26:43.0149|ERROR|WedigITCRM.Startup|start of Configure method
2020-06-22 14:26:43.5225|ERROR|WedigITCRM.Startup|end of Configure method
2020-06-22 14:26:45.7261|WARN|Microsoft.EntityFrameworkCore.Model.Validation|No type was specified for the decimal column 'OurUnitSalesPrice' on entity type 'PurchaseOrderLine'. This will cause values to be silently truncated if they do not fit in the default precision and scale. Explicitly specify the SQL server column type that can accommodate all the values using 'HasColumnType()'.
2020-06-22 14:26:47.9276|ERROR|WedigITCRM.Controllers.HomeController|Entering index action in home controller
2020-06-22 14:26:47.9888|ERROR|WedigITCRM.Controllers.HomeController|index action in home controller redirecting to Customer controller AllCustomers action
2020-06-22 15:43:47.7240|ERROR|WedigITCRM.Startup|start of ConfigureServices
2020-06-22 15:43:59.0246|ERROR|WedigITCRM.Startup|end of ConfigureServices
2020-06-22 15:44:00.1809|ERROR|WedigITCRM.Startup|start of Configure method
2020-06-22 15:44:03.0133|ERROR|WedigITCRM.Startup|end of Configure method
2020-06-22 15:44:04.3633|ERROR|WedigITCRM.Controllers.HomeController|Entering index action in home controller
2020-06-22 15:44:05.4036|WARN|Microsoft.EntityFrameworkCore.Model.Validation|No type was specified for the decimal column 'OurUnitSalesPrice' on entity type 'PurchaseOrderLine'. This will cause values to be silently truncated if they do not fit in the default precision and scale. Explicitly specify the SQL server column type that can accommodate all the values using 'HasColumnType()'.
2020-06-22 15:44:05.4353|ERROR|WedigITCRM.Controllers.HomeController|index action in home controller redirecting to frontpage controller index action
2020-06-22 15:44:19.9119|ERROR|WedigITCRM.Controllers.HomeController|Entering index action in home controller
2020-06-22 15:44:19.9263|ERROR|WedigITCRM.Controllers.HomeController|index action in home controller redirecting to Customer controller AllCustomers action
2020-06-22 19:05:24.1411|ERROR|WedigITCRM.Startup|start of ConfigureServices
2020-06-22 19:05:25.3915|ERROR|WedigITCRM.Startup|end of ConfigureServices
2020-06-22 19:05:25.4851|ERROR|WedigITCRM.Startup|start of Configure method
2020-06-22 19:05:26.1597|ERROR|WedigITCRM.Startup|end of Configure method
2020-06-22 19:05:27.6746|ERROR|WedigITCRM.Controllers.HomeController|Entering index action in home controller
2020-06-22 19:05:27.6974|ERROR|WedigITCRM.Controllers.HomeController|index action in home controller redirecting to frontpage controller index action
2020-06-22 19:05:28.2993|WARN|Microsoft.EntityFrameworkCore.Model.Validation|No type was specified for the decimal column 'OurUnitSalesPrice' on entity type 'PurchaseOrderLine'. This will cause values to be silently truncated if they do not fit in the default precision and scale. Explicitly specify the SQL server column type that can accommodate all the values using 'HasColumnType()'.
2020-06-22 19:05:40.2147|ERROR|WedigITCRM.Controllers.HomeController|Entering index action in home controller
2020-06-22 19:05:40.2634|ERROR|WedigITCRM.Controllers.HomeController|index action in home controller redirecting to Customer controller AllCustomers action
2020-06-22 19:35:53.9754|ERROR|WedigITCRM.Startup|start of ConfigureServices
2020-06-22 19:35:54.8781|ERROR|WedigITCRM.Startup|end of ConfigureServices
2020-06-22 19:35:54.9553|ERROR|WedigITCRM.Startup|start of Configure method
2020-06-22 19:35:55.7037|ERROR|WedigITCRM.Startup|end of Configure method
2020-06-22 19:35:56.9563|ERROR|WedigITCRM.Controllers.HomeController|Entering index action in home controller
2020-06-22 19:35:56.9736|ERROR|WedigITCRM.Controllers.HomeController|index action in home controller redirecting to frontpage controller index action
2020-06-22 19:35:57.6141|WARN|Microsoft.EntityFrameworkCore.Model.Validation|No type was specified for the decimal column 'OurUnitSalesPrice' on entity type 'PurchaseOrderLine'. This will cause values to be silently truncated if they do not fit in the default precision and scale. Explicitly specify the SQL server column type that can accommodate all the values using 'HasColumnType()'.
2020-06-22 19:35:57.6327|WARN|Microsoft.EntityFrameworkCore.Model.Validation|No type was specified for the decimal column 'NumberInStock' on entity type 'StockItem'. This will cause values to be silently truncated if they do not fit in the default precision and scale. Explicitly specify the SQL server column type that can accommodate all the values using 'HasColumnType()'.
2020-06-22 19:36:04.4079|ERROR|Microsoft.EntityFrameworkCore.Query|An exception occurred while iterating over the results of a query for context type 'WedigITCRM.AppDbContext'.
System.InvalidCastException: Unable to cast object of type 'System.Int32' to type 'System.Decimal'.
   at Microsoft.Data.SqlClient.SqlBuffer.get_Decimal()
   at Microsoft.Data.SqlClient.SqlDataReader.GetDecimal(Int32 i)
   at lambda_method(Closure , QueryContext , DbDataReader , ResultContext , Int32[] , ResultCoordinator )
   at Microsoft.EntityFrameworkCore.Query.Internal.QueryingEnumerable`1.Enumerator.MoveNext()
2020-06-22 19:36:04.4641|ERROR|WedigITCRM.Maintenance.SynchronizeDineroStockItems|Unable to cast object of type 'System.Int32' to type 'System.Decimal'.
2020-06-22 19:36:08.5178|ERROR|WedigITCRM.Controllers.HomeController|Entering index action in home controller
2020-06-22 19:36:08.5178|ERROR|WedigITCRM.Controllers.HomeController|index action in home controller redirecting to Customer controller AllCustomers action
2020-06-22 19:36:47.0628|ERROR|Microsoft.EntityFrameworkCore.Query|An exception occurred while iterating over the results of a query for context type 'WedigITCRM.AppDbContext'.
System.InvalidCastException: Unable to cast object of type 'System.Int32' to type 'System.Decimal'.
   at Microsoft.Data.SqlClient.SqlBuffer.get_Decimal()
   at Microsoft.Data.SqlClient.SqlDataReader.GetDecimal(Int32 i)
   at lambda_method(Closure , QueryContext , DbDataReader , ResultContext , Int32[] , ResultCoordinator )
   at Microsoft.EntityFrameworkCore.Query.Internal.QueryingEnumerable`1.Enumerator.MoveNext()
2020-06-22 19:37:24.3258|ERROR|Microsoft.AspNetCore.Diagnostics.ExceptionHandlerMiddleware|An unhandled exception has occurred while executing the request.
2020-06-22 19:37:24.9413|ERROR|WedigITCRM.Startup|{"UserId":"6c1e27cf-820e-4335-b9a5-7ed1142c531c","UserName":"johnpetersen1959@gmail.com","CompanyId":"13024","CompanyName":"wedigIT ApS","Type":null,"Title":"Unexpected Error","Status":500,"Detail":"Unable to cast object of type 'System.Int32' to type 'System.Decimal'.\r\n                                         \r\n\r\n                                            at Microsoft.Data.SqlClient.SqlBuffer.get_Decimal()\r\n   at Microsoft.Data.SqlClient.SqlDataReader.GetDecimal(Int32 i)\r\n   at lambda_method(Closure , QueryContext , DbDataReader , ResultContext , Int32[] , ResultCoordinator )\r\n   at Microsoft.EntityFrameworkCore.Query.Internal.QueryingEnumerable`1.Enumerator.MoveNext()\r\n   at System.Linq.Enumerable.SingleOrDefault[TSource](IEnumerable`1 source)\r\n   at Microsoft.EntityFrameworkCore.Query.Internal.QueryCompiler.Execute[TResult](Expression query)\r\n   at Microsoft.EntityFrameworkCore.Query.Internal.EntityQueryProvider.Execute[TResult](Expression expression)\r\n   at System.Linq.Queryable.FirstOrDefault[TSource](IQueryable`1 source, Expression`1 predicate)\r\n   at Microsoft.EntityFrameworkCore.Internal.EntityFinder`1.Find(Object[] keyValues)\r\n   at Microsoft.EntityFrameworkCore.Internal.InternalDbSet`1.Find(Object[] keyValues)\r\n   at WedigITCRM.Models.SQLStockItemRepository.getStockItem(Int32 id) in C:\\Users\\John\\source\\repos\\WedigITCRM\\WedigITCRM\\SQLImplmementationModels\\SQLStockItemRepository.cs:line 43\r\n   at WedigITCRM.Controllers.PurchaseOrderController.receivePurchaseOrder(PurchaseOrderReceiveViewModel model, CompanyAccount companyAccount) in C:\\Users\\John\\source\\repos\\WedigITCRM\\WedigITCRM\\Controllers\\PurchaseOrderController.cs:line 785\r\n   at lambda_method(Closure , Object , Object[] )\r\n   at Microsoft.Extensions.Internal.ObjectMethodExecutor.Execute(Object target, Object[] parameters)\r\n   at Microsoft.AspNetCore.Mvc.Infrastructure.ActionMethodExecutor.SyncActionResultExecutor.Execute(IActionResultTypeMapper mapper, ObjectMethodExecutor executor, Object controller, Object[] arguments)\r\n   at Microsoft.AspNetCore.Mvc.Infrastructure.ControllerActionInvoker.InvokeActionMethodAsync()\r\n   at Microsoft.AspNetCore.Mvc.Infrastructure.ControllerActionInvoker.Next(State& next, Scope& scope, Object& state, Boolean& isCompleted)\r\n   at Microsoft.AspNetCore.Mvc.Infrastructure.ControllerActionInvoker.InvokeNextActionFilterAsync()\r\n--- End of stack trace from previous location where exception was thrown ---\r\n   at Microsoft.AspNetCore.Mvc.Infrastructure.ControllerActionInvoker.Rethrow(ActionExecutedContextSealed context)\r\n   at Microsoft.AspNetCore.Mvc.Infrastructure.ControllerActionInvoker.Next(State& next, Scope& scope, Object& state, Boolean& isCompleted)\r\n   at Microsoft.AspNetCore.Mvc.Infrastructure.ControllerActionInvoker.InvokeInnerFilterAsync()\r\n--- End of stack trace from previous location where exception was thrown ---\r\n   at Microsoft.AspNetCore.Mvc.Infrastructure.ResourceInvoker.<InvokeNextResourceFilter>g__Awaited|24_0(ResourceInvoker invoker, Task lastTask, State next, Scope scope, Object state, Boolean isCompleted)\r\n   at Microsoft.AspNetCore.Mvc.Infrastructure.ResourceInvoker.Rethrow(ResourceExecutedContextSealed context)\r\n   at Microsoft.AspNetCore.Mvc.Infrastructure.ResourceInvoker.Next(State& next, Scope& scope, Object& state, Boolean& isCompleted)\r\n   at Microsoft.AspNetCore.Mvc.Infrastructure.ResourceInvoker.InvokeFilterPipelineAsync()\r\n--- End of stack trace from previous location where exception was thrown ---\r\n   at Microsoft.AspNetCore.Mvc.Infrastructure.ResourceInvoker.<InvokeAsync>g__Logged|17_1(ResourceInvoker invoker)\r\n   at Microsoft.AspNetCore.Builder.RouterMiddleware.Invoke(HttpContext httpContext)\r\n   at Microsoft.AspNetCore.Authentication.AuthenticationMiddleware.Invoke(HttpContext context)\r\n   at Microsoft.AspNetCore.Diagnostics.ExceptionHandlerMiddleware.<Invoke>g__Awaited|6_0(ExceptionHandlerMiddleware middleware, HttpContext context, Task task)","Instance":"c698ce8f-bc1f-4f74-8b57-e25f1dd801ac","Extensions":{}}
2020-06-22 19:40:12.5828|ERROR|WedigITCRM.Startup|start of ConfigureServices
2020-06-22 19:40:12.8309|ERROR|WedigITCRM.Startup|end of ConfigureServices
2020-06-22 19:40:14.6670|WARN|Microsoft.EntityFrameworkCore.Model.Validation|No type was specified for the decimal column 'OurUnitSalesPrice' on entity type 'PurchaseOrderLine'. This will cause values to be silently truncated if they do not fit in the default precision and scale. Explicitly specify the SQL server column type that can accommodate all the values using 'HasColumnType()'.
2020-06-22 19:40:14.6872|WARN|Microsoft.EntityFrameworkCore.Model.Validation|No type was specified for the decimal column 'NumberInStock' on entity type 'StockItem'. This will cause values to be silently truncated if they do not fit in the default precision and scale. Explicitly specify the SQL server column type that can accommodate all the values using 'HasColumnType()'.
2020-06-22 19:40:44.7314|ERROR|WedigITCRM.Startup|start of ConfigureServices
2020-06-22 19:40:44.9031|ERROR|WedigITCRM.Startup|end of ConfigureServices
2020-06-22 19:40:46.3630|WARN|Microsoft.EntityFrameworkCore.Model.Validation|No type was specified for the decimal column 'OurUnitSalesPrice' on entity type 'PurchaseOrderLine'. This will cause values to be silently truncated if they do not fit in the default precision and scale. Explicitly specify the SQL server column type that can accommodate all the values using 'HasColumnType()'.
2020-06-22 19:40:46.3851|WARN|Microsoft.EntityFrameworkCore.Model.Validation|No type was specified for the decimal column 'NumberInStock' on entity type 'StockItem'. This will cause values to be silently truncated if they do not fit in the default precision and scale. Explicitly specify the SQL server column type that can accommodate all the values using 'HasColumnType()'.
2020-06-22 19:41:07.8126|ERROR|WedigITCRM.Startup|start of ConfigureServices
2020-06-22 19:41:08.9051|ERROR|WedigITCRM.Startup|end of ConfigureServices
2020-06-22 19:41:09.1522|ERROR|WedigITCRM.Startup|start of Configure method
2020-06-22 19:41:09.7412|ERROR|WedigITCRM.Startup|end of Configure method
2020-06-22 19:41:11.4640|WARN|Microsoft.EntityFrameworkCore.Model.Validation|No type was specified for the decimal column 'OurUnitSalesPrice' on entity type 'PurchaseOrderLine'. This will cause values to be silently truncated if they do not fit in the default precision and scale. Explicitly specify the SQL server column type that can accommodate all the values using 'HasColumnType()'.
2020-06-22 19:41:11.4930|WARN|Microsoft.EntityFrameworkCore.Model.Validation|No type was specified for the decimal column 'NumberInStock' on entity type 'StockItem'. This will cause values to be silently truncated if they do not fit in the default precision and scale. Explicitly specify the SQL server column type that can accommodate all the values using 'HasColumnType()'.
2020-06-22 19:41:13.8863|ERROR|WedigITCRM.Controllers.HomeController|Entering index action in home controller
2020-06-22 19:41:13.9128|ERROR|WedigITCRM.Controllers.HomeController|index action in home controller redirecting to Customer controller AllCustomers action
2020-06-22 22:01:00.8797|ERROR|WedigITCRM.Controllers.HomeController|Entering index action in home controller
2020-06-22 22:01:00.8987|ERROR|WedigITCRM.Controllers.HomeController|index action in home controller redirecting to Customer controller AllCustomers action
