2021-03-13 13:25:49.5602|ERROR|WedigITCRM.Startup|start of ConfigureServices
2021-03-13 13:25:51.0868|ERROR|WedigITCRM.Startup|end of ConfigureServices
2021-03-13 13:25:51.1935|ERROR|WedigITCRM.Startup|start of Configure method
2021-03-13 13:25:51.9082|ERROR|WedigITCRM.Startup|end of Configure method
2021-03-13 13:25:54.9676|ERROR|WedigITCRM.Controllers.HomeController|Entering index action in home controller
2021-03-13 13:43:17.4234|ERROR|WedigITCRM.Startup|start of ConfigureServices
2021-03-13 13:43:18.8573|ERROR|WedigITCRM.Startup|end of ConfigureServices
2021-03-13 13:43:18.9650|ERROR|WedigITCRM.Startup|start of Configure method
2021-03-13 13:43:19.7466|ERROR|WedigITCRM.Startup|end of Configure method
2021-03-13 13:43:25.1298|ERROR|WedigITCRM.Controllers.HomeController|Entering index action in home controller
2021-03-13 13:59:04.7814|ERROR|WedigITCRM.Startup|start of ConfigureServices
2021-03-13 13:59:06.5984|ERROR|WedigITCRM.Startup|end of ConfigureServices
2021-03-13 13:59:06.8303|ERROR|WedigITCRM.Startup|start of Configure method
2021-03-13 13:59:07.7028|ERROR|WedigITCRM.Startup|end of Configure method
2021-03-13 13:59:13.2181|ERROR|WedigITCRM.Controllers.HomeController|Entering index action in home controller
2021-03-13 14:16:52.9839|ERROR|WedigITCRM.Startup|start of ConfigureServices
2021-03-13 14:16:54.3353|ERROR|WedigITCRM.Startup|end of ConfigureServices
2021-03-13 14:16:54.4204|ERROR|WedigITCRM.Startup|start of Configure method
2021-03-13 14:16:55.4463|ERROR|WedigITCRM.Startup|end of Configure method
2021-03-13 14:16:58.7299|ERROR|WedigITCRM.Controllers.HomeController|Entering index action in home controller
2021-03-13 14:51:42.8850|ERROR|WedigITCRM.Startup|start of ConfigureServices
2021-03-13 14:51:47.0015|ERROR|WedigITCRM.Startup|end of ConfigureServices
2021-03-13 14:51:47.2565|ERROR|WedigITCRM.Startup|start of Configure method
2021-03-13 14:51:51.1133|ERROR|WedigITCRM.Startup|end of Configure method
2021-03-13 14:51:53.0068|ERROR|WedigITCRM.Controllers.HomeController|Entering index action in home controller
2021-03-13 18:14:02.7708|ERROR|WedigITCRM.Startup|start of ConfigureServices
2021-03-13 18:14:04.5005|ERROR|WedigITCRM.Startup|end of ConfigureServices
2021-03-13 18:14:04.6082|ERROR|WedigITCRM.Startup|start of Configure method
2021-03-13 18:14:05.3247|ERROR|WedigITCRM.Startup|end of Configure method
2021-03-13 18:14:08.4296|ERROR|WedigITCRM.Controllers.HomeController|Entering index action in home controller
2021-03-13 18:15:13.8768|ERROR|WedigITCRM.Startup|start of ConfigureServices
2021-03-13 18:15:15.0219|ERROR|WedigITCRM.Startup|end of ConfigureServices
2021-03-13 18:15:15.1137|ERROR|WedigITCRM.Startup|start of Configure method
2021-03-13 18:15:16.0672|ERROR|WedigITCRM.Startup|end of Configure method
2021-03-13 18:15:16.8167|ERROR|WedigITCRM.Controllers.HomeController|Entering index action in home controller
