2020-07-29 22:15:20.3037|ERROR|WedigITCRM.Startup|start of ConfigureServices
2020-07-29 22:15:23.9168|ERROR|WedigITCRM.Startup|end of ConfigureServices
2020-07-29 22:15:24.0474|ERROR|WedigITCRM.Startup|start of Configure method
2020-07-29 22:15:25.7558|ERROR|WedigITCRM.Startup|end of Configure method
2020-07-29 22:15:33.0024|ERROR|WedigITCRM.Controllers.HomeController|Entering index action in home controller
2020-07-29 22:15:33.0647|ERROR|WedigITCRM.Controllers.HomeController|index action in home controller redirecting to frontpage controller index action
2020-07-29 23:31:36.4583|ERROR|WedigITCRM.Startup|start of ConfigureServices
2020-07-29 23:31:36.6967|ERROR|WedigITCRM.Startup|end of ConfigureServices
2020-07-29 23:32:12.8700|ERROR|WedigITCRM.Startup|start of ConfigureServices
2020-07-29 23:32:13.5332|ERROR|WedigITCRM.Startup|end of ConfigureServices
2020-07-29 23:55:37.4027|ERROR|WedigITCRM.Startup|start of ConfigureServices
2020-07-29 23:55:41.4090|ERROR|WedigITCRM.Startup|end of ConfigureServices
2020-07-29 23:55:41.7758|ERROR|WedigITCRM.Startup|start of Configure method
2020-07-29 23:55:43.1512|ERROR|WedigITCRM.Startup|end of Configure method
2020-07-29 23:55:55.4531|ERROR|WedigITCRM.Controllers.HomeController|Entering index action in home controller
2020-07-29 23:55:55.6341|ERROR|WedigITCRM.Controllers.HomeController|index action in home controller redirecting to frontpage controller index action
2020-07-29 23:56:04.5491|ERROR|WedigITCRM.Maintenance.SynchronizeDineroStockItems|The remote server returned an error: (404) Not Found.
2020-07-29 23:56:05.6485|ERROR|WedigITCRM.Maintenance.SynchronizeDineroContactsService|The remote server returned an error: (404) Not Found.nyxium stack trace:    at System.Net.HttpWebRequest.GetResponse()
   at System.Net.WebClient.GetWebResponse(WebRequest request)
   at System.Net.WebClient.DownloadBits(WebRequest request, Stream writeStream)
   at System.Net.WebClient.DownloadDataInternal(Uri address, WebRequest& request)
   at System.Net.WebClient.DownloadString(Uri address)
   at System.Net.WebClient.DownloadString(String address)
   at WedigITCRM.DineroAPI.DineroContacts.getContactsFromDinero(String LastupdatedDateTime, Int32 page, Int32 pageSize) in C:\Users\John\source\repos\WedigITCRM\WedigITCRM\DineroAPI\DineroContacts.cs:line 42
   at WedigITCRM.Maintenance.SynchronizeDineroContactsService.SynchronizeDineroContacts(Object state) in C:\Users\John\source\repos\WedigITCRM\WedigITCRM\Maintenance\SynchronizeDineroService.cs:line 102
