2020-11-23 02:22:08.1642|ERROR|WedigITCRM.Startup|start of ConfigureServices
2020-11-23 02:22:09.8420|ERROR|WedigITCRM.Startup|end of ConfigureServices
2020-11-23 02:22:09.9559|ERROR|WedigITCRM.Startup|start of Configure method
2020-11-23 02:22:10.8650|ERROR|WedigITCRM.Startup|end of Configure method
2020-11-23 02:22:13.7947|ERROR|WedigITCRM.Controllers.HomeController|Entering index action in home controller
2020-11-23 02:22:13.8227|ERROR|WedigITCRM.Controllers.HomeController|index action in home controller redirecting to frontpage controller index action
2020-11-23 02:29:24.8548|ERROR|WedigITCRM.Startup|start of ConfigureServices
2020-11-23 02:29:26.7342|ERROR|WedigITCRM.Startup|end of ConfigureServices
2020-11-23 02:29:26.8527|ERROR|WedigITCRM.Startup|start of Configure method
2020-11-23 02:29:27.6030|ERROR|WedigITCRM.Startup|end of Configure method
2020-11-23 02:29:32.7460|ERROR|WedigITCRM.Controllers.HomeController|Entering index action in home controller
2020-11-23 02:29:32.7847|ERROR|WedigITCRM.Controllers.HomeController|index action in home controller redirecting to frontpage controller index action
2020-11-23 02:52:30.1896|ERROR|WedigITCRM.Startup|start of ConfigureServices
2020-11-23 02:52:31.8192|ERROR|WedigITCRM.Startup|end of ConfigureServices
2020-11-23 02:52:31.9181|ERROR|WedigITCRM.Startup|start of Configure method
2020-11-23 02:52:32.5454|ERROR|WedigITCRM.Startup|end of Configure method
2020-11-23 02:52:34.7618|ERROR|WedigITCRM.Controllers.HomeController|Entering index action in home controller
2020-11-23 02:52:34.7982|ERROR|WedigITCRM.Controllers.HomeController|index action in home controller redirecting to frontpage controller index action
2020-11-23 02:54:19.5568|ERROR|WedigITCRM.Startup|start of ConfigureServices
2020-11-23 02:54:20.8427|ERROR|WedigITCRM.Startup|end of ConfigureServices
2020-11-23 02:54:20.9141|ERROR|WedigITCRM.Startup|start of Configure method
2020-11-23 02:54:21.5533|ERROR|WedigITCRM.Startup|end of Configure method
2020-11-23 02:54:23.3248|ERROR|WedigITCRM.Controllers.HomeController|Entering index action in home controller
2020-11-23 02:54:23.3785|ERROR|WedigITCRM.Controllers.HomeController|index action in home controller redirecting to frontpage controller index action
2020-11-23 02:59:03.7829|ERROR|WedigITCRM.Startup|start of ConfigureServices
2020-11-23 02:59:05.8085|ERROR|WedigITCRM.Startup|end of ConfigureServices
2020-11-23 02:59:05.9159|ERROR|WedigITCRM.Startup|start of Configure method
2020-11-23 02:59:06.6666|ERROR|WedigITCRM.Startup|end of Configure method
2020-11-23 02:59:09.9458|ERROR|WedigITCRM.Controllers.HomeController|Entering index action in home controller
2020-11-23 02:59:10.0339|ERROR|WedigITCRM.Controllers.HomeController|index action in home controller redirecting to frontpage controller index action
2020-11-23 03:09:07.5133|ERROR|WedigITCRM.Startup|start of ConfigureServices
2020-11-23 03:09:09.2722|ERROR|WedigITCRM.Startup|end of ConfigureServices
2020-11-23 03:09:09.3719|ERROR|WedigITCRM.Startup|start of Configure method
2020-11-23 03:09:09.9422|ERROR|WedigITCRM.Startup|end of Configure method
2020-11-23 03:09:11.3702|ERROR|WedigITCRM.Controllers.HomeController|Entering index action in home controller
2020-11-23 03:09:11.4580|ERROR|WedigITCRM.Controllers.HomeController|index action in home controller redirecting to frontpage controller index action
2020-11-23 03:18:54.6777|ERROR|WedigITCRM.Startup|start of ConfigureServices
2020-11-23 03:18:55.8895|ERROR|WedigITCRM.Startup|end of ConfigureServices
2020-11-23 03:18:55.9744|ERROR|WedigITCRM.Startup|start of Configure method
2020-11-23 03:18:56.5683|ERROR|WedigITCRM.Startup|end of Configure method
2020-11-23 03:19:00.5439|ERROR|WedigITCRM.Controllers.HomeController|Entering index action in home controller
2020-11-23 03:19:00.5985|ERROR|WedigITCRM.Controllers.HomeController|index action in home controller redirecting to frontpage controller index action
2020-11-23 03:32:24.5133|ERROR|WedigITCRM.Startup|start of ConfigureServices
2020-11-23 03:32:25.9112|ERROR|WedigITCRM.Startup|end of ConfigureServices
2020-11-23 03:32:26.0015|ERROR|WedigITCRM.Startup|start of Configure method
2020-11-23 03:32:26.8411|ERROR|WedigITCRM.Startup|end of Configure method
2020-11-23 03:32:28.6647|ERROR|WedigITCRM.Controllers.HomeController|Entering index action in home controller
2020-11-23 03:32:28.6897|ERROR|WedigITCRM.Controllers.HomeController|index action in home controller redirecting to frontpage controller index action
2020-11-23 03:42:57.7882|ERROR|WedigITCRM.Startup|start of ConfigureServices
2020-11-23 03:42:59.0425|ERROR|WedigITCRM.Startup|end of ConfigureServices
2020-11-23 03:42:59.1266|ERROR|WedigITCRM.Startup|start of Configure method
2020-11-23 03:42:59.7193|ERROR|WedigITCRM.Startup|end of Configure method
2020-11-23 03:43:01.6157|ERROR|WedigITCRM.Controllers.HomeController|Entering index action in home controller
2020-11-23 03:43:01.6508|ERROR|WedigITCRM.Controllers.HomeController|index action in home controller redirecting to frontpage controller index action
2020-11-23 03:45:49.5201|ERROR|WedigITCRM.Startup|start of ConfigureServices
2020-11-23 03:45:51.1420|ERROR|WedigITCRM.Startup|end of ConfigureServices
2020-11-23 03:45:51.2383|ERROR|WedigITCRM.Startup|start of Configure method
2020-11-23 03:45:51.9316|ERROR|WedigITCRM.Startup|end of Configure method
2020-11-23 03:45:56.6340|ERROR|WedigITCRM.Controllers.HomeController|Entering index action in home controller
2020-11-23 03:45:56.6592|ERROR|WedigITCRM.Controllers.HomeController|index action in home controller redirecting to frontpage controller index action
2020-11-23 04:24:47.1155|ERROR|WedigITCRM.Startup|start of ConfigureServices
2020-11-23 04:24:48.2802|ERROR|WedigITCRM.Startup|end of ConfigureServices
2020-11-23 04:24:48.3686|ERROR|WedigITCRM.Startup|start of Configure method
2020-11-23 04:24:48.9375|ERROR|WedigITCRM.Startup|end of Configure method
2020-11-23 04:24:50.6568|ERROR|WedigITCRM.Controllers.HomeController|Entering index action in home controller
2020-11-23 04:24:50.6858|ERROR|WedigITCRM.Controllers.HomeController|index action in home controller redirecting to frontpage controller index action
2020-11-23 04:27:23.7442|ERROR|WedigITCRM.Startup|start of ConfigureServices
2020-11-23 04:27:25.5099|ERROR|WedigITCRM.Startup|end of ConfigureServices
2020-11-23 04:27:25.6151|ERROR|WedigITCRM.Startup|start of Configure method
2020-11-23 04:27:26.3256|ERROR|WedigITCRM.Startup|end of Configure method
2020-11-23 04:27:31.1706|ERROR|WedigITCRM.Controllers.HomeController|Entering index action in home controller
2020-11-23 04:27:31.2096|ERROR|WedigITCRM.Controllers.HomeController|index action in home controller redirecting to frontpage controller index action
2020-11-23 04:40:07.4099|ERROR|WedigITCRM.Startup|start of ConfigureServices
2020-11-23 04:40:09.1210|ERROR|WedigITCRM.Startup|end of ConfigureServices
2020-11-23 04:40:09.2196|ERROR|WedigITCRM.Startup|start of Configure method
2020-11-23 04:40:09.8171|ERROR|WedigITCRM.Startup|end of Configure method
2020-11-23 04:40:11.3935|ERROR|WedigITCRM.Controllers.HomeController|Entering index action in home controller
2020-11-23 04:40:11.4530|ERROR|WedigITCRM.Controllers.HomeController|index action in home controller redirecting to frontpage controller index action
2020-11-23 13:03:32.0156|ERROR|WedigITCRM.Startup|start of ConfigureServices
2020-11-23 13:03:34.2563|ERROR|WedigITCRM.Startup|end of ConfigureServices
2020-11-23 13:03:34.3562|ERROR|WedigITCRM.Startup|start of Configure method
2020-11-23 13:03:35.0411|ERROR|WedigITCRM.Startup|end of Configure method
2020-11-23 13:03:40.4074|ERROR|WedigITCRM.Controllers.HomeController|Entering index action in home controller
2020-11-23 13:03:40.4379|ERROR|WedigITCRM.Controllers.HomeController|index action in home controller redirecting to frontpage controller index action
2020-11-23 22:36:54.0526|ERROR|WedigITCRM.Startup|start of ConfigureServices
2020-11-23 22:36:55.5038|ERROR|WedigITCRM.Startup|end of ConfigureServices
2020-11-23 22:36:55.6012|ERROR|WedigITCRM.Startup|start of Configure method
2020-11-23 22:36:56.2718|ERROR|WedigITCRM.Startup|end of Configure method
2020-11-23 22:36:57.7057|ERROR|WedigITCRM.Controllers.HomeController|Entering index action in home controller
2020-11-23 22:36:57.7424|ERROR|WedigITCRM.Controllers.HomeController|index action in home controller redirecting to frontpage controller index action
2020-11-23 22:41:32.5571|ERROR|WedigITCRM.Startup|start of ConfigureServices
2020-11-23 22:41:33.6806|ERROR|WedigITCRM.Startup|end of ConfigureServices
2020-11-23 22:41:33.8019|ERROR|WedigITCRM.Startup|start of Configure method
2020-11-23 22:41:34.6067|ERROR|WedigITCRM.Startup|end of Configure method
2020-11-23 22:41:35.7673|ERROR|WedigITCRM.Controllers.HomeController|Entering index action in home controller
2020-11-23 22:41:36.1032|ERROR|WedigITCRM.Controllers.HomeController|index action in home controller redirecting to frontpage controller index action
2020-11-23 23:14:15.2533|ERROR|WedigITCRM.Startup|start of ConfigureServices
2020-11-23 23:14:17.0390|ERROR|WedigITCRM.Startup|end of ConfigureServices
2020-11-23 23:14:17.1306|ERROR|WedigITCRM.Startup|start of Configure method
2020-11-23 23:14:17.7423|ERROR|WedigITCRM.Startup|end of Configure method
2020-11-23 23:14:19.3220|ERROR|WedigITCRM.Controllers.HomeController|Entering index action in home controller
2020-11-23 23:14:19.3671|ERROR|WedigITCRM.Controllers.HomeController|index action in home controller redirecting to frontpage controller index action
2020-11-23 23:21:57.6683|ERROR|WedigITCRM.Startup|start of ConfigureServices
2020-11-23 23:21:58.9263|ERROR|WedigITCRM.Startup|end of ConfigureServices
2020-11-23 23:21:59.7610|ERROR|WedigITCRM.Startup|start of Configure method
2020-11-23 23:22:00.9078|ERROR|WedigITCRM.Startup|end of Configure method
2020-11-23 23:22:03.6912|ERROR|WedigITCRM.Controllers.HomeController|Entering index action in home controller
2020-11-23 23:22:03.7443|ERROR|WedigITCRM.Controllers.HomeController|index action in home controller redirecting to frontpage controller index action
