2020-12-19 17:53:13.2099|ERROR|WedigITCRM.Startup|start of ConfigureServices
2020-12-19 17:53:14.9781|ERROR|WedigITCRM.Startup|end of ConfigureServices
2020-12-19 17:53:15.0868|ERROR|WedigITCRM.Startup|start of Configure method
2020-12-19 17:53:15.8094|ERROR|WedigITCRM.Startup|end of Configure method
2020-12-19 17:53:18.3472|ERROR|WedigITCRM.Controllers.HomeController|Entering index action in home controller
2020-12-19 17:53:18.3915|ERROR|WedigITCRM.Controllers.HomeController|index action in home controller redirecting to frontpage controller index action
2020-12-19 17:54:47.5628|ERROR|WedigITCRM.Startup|start of ConfigureServices
2020-12-19 17:54:49.1766|ERROR|WedigITCRM.Startup|end of ConfigureServices
2020-12-19 17:54:49.2808|ERROR|WedigITCRM.Startup|start of Configure method
2020-12-19 17:54:50.0742|ERROR|WedigITCRM.Startup|end of Configure method
2020-12-19 17:54:51.7080|ERROR|WedigITCRM.Controllers.HomeController|Entering index action in home controller
2020-12-19 17:54:51.7425|ERROR|WedigITCRM.Controllers.HomeController|index action in home controller redirecting to frontpage controller index action
2020-12-19 17:56:26.8033|ERROR|WedigITCRM.Startup|start of ConfigureServices
2020-12-19 17:56:28.2077|ERROR|WedigITCRM.Startup|end of ConfigureServices
2020-12-19 17:56:28.5600|ERROR|WedigITCRM.Startup|start of Configure method
2020-12-19 17:56:29.2883|ERROR|WedigITCRM.Startup|end of Configure method
2020-12-19 17:56:30.8540|ERROR|WedigITCRM.Controllers.HomeController|Entering index action in home controller
2020-12-19 17:56:30.8878|ERROR|WedigITCRM.Controllers.HomeController|index action in home controller redirecting to frontpage controller index action
2020-12-19 18:43:48.3029|ERROR|WedigITCRM.Startup|start of ConfigureServices
2020-12-19 18:43:49.8124|ERROR|WedigITCRM.Startup|end of ConfigureServices
2020-12-19 18:43:49.9223|ERROR|WedigITCRM.Startup|start of Configure method
2020-12-19 18:43:50.6742|ERROR|WedigITCRM.Startup|end of Configure method
2020-12-19 18:43:52.5577|ERROR|WedigITCRM.Controllers.HomeController|Entering index action in home controller
2020-12-19 18:43:52.6213|ERROR|WedigITCRM.Controllers.HomeController|index action in home controller redirecting to frontpage controller index action
2020-12-19 18:46:28.0731|ERROR|Microsoft.AspNetCore.Diagnostics.ExceptionHandlerMiddleware|An unhandled exception has occurred while executing the request.
2020-12-19 18:46:28.1723|ERROR|WedigITCRM.Startup|{"UserId":"f7472297-754a-4a46-af3e-b0720f29eaf0","UserName":"jp@wedigit.dk","CompanyId":"14047","CompanyName":"wedigIT ApS","Type":null,"Title":"Unexpected Error","Status":500,"Detail":"Unexpected character encountered while parsing value: {. Path '', line 1, position 1.\r\n                                         \r\n\r\n                                            at Newtonsoft.Json.JsonTextReader.ReadStringValue(ReadType readType)\r\n   at Newtonsoft.Json.JsonTextReader.ReadAsString()\r\n   at Newtonsoft.Json.JsonReader.ReadForType(JsonContract contract, Boolean hasConverter)\r\n   at Newtonsoft.Json.Serialization.JsonSerializerInternalReader.Deserialize(JsonReader reader, Type objectType, Boolean checkAdditionalContent)\r\n   at Newtonsoft.Json.JsonSerializer.DeserializeInternal(JsonReader reader, Type objectType)\r\n   at Newtonsoft.Json.JsonSerializer.Deserialize(JsonReader reader, Type objectType)\r\n   at Newtonsoft.Json.JsonConvert.DeserializeObject(String value, Type type, JsonSerializerSettings settings)\r\n   at Newtonsoft.Json.JsonConvert.DeserializeObject[T](String value, JsonSerializerSettings settings)\r\n   at Newtonsoft.Json.JsonConvert.DeserializeObject[T](String value)\r\n   at WedigITCRM.ReepayAPI.ReepayAPIMethods.AddSubscriptionDiscount(SubscriptionAddDiscount model) in C:\\Users\\John\\source\\repos\\WedigITCRM\\WedigITCRM\\ReepayAPI\\ReepayAPIMethods.cs:line 138\r\n   at WedigITCRM.Controllers.PaymentController.Accept(PaymentAcceptModel model) in C:\\Users\\John\\source\\repos\\WedigITCRM\\WedigITCRM\\Controllers\\PaymentController.cs:line 224\r\n   at lambda_method(Closure , Object )\r\n   at Microsoft.Extensions.Internal.ObjectMethodExecutorAwaitable.Awaiter.GetResult()\r\n   at Microsoft.AspNetCore.Mvc.Infrastructure.ActionMethodExecutor.TaskOfActionResultExecutor.Execute(IActionResultTypeMapper mapper, ObjectMethodExecutor executor, Object controller, Object[] arguments)\r\n   at Microsoft.AspNetCore.Mvc.Infrastructure.ControllerActionInvoker.<InvokeActionMethodAsync>g__Awaited|12_0(ControllerActionInvoker invoker, ValueTask`1 actionResultValueTask)\r\n   at Microsoft.AspNetCore.Mvc.Infrastructure.ControllerActionInvoker.<InvokeNextActionFilterAsync>g__Awaited|10_0(ControllerActionInvoker invoker, Task lastTask, State next, Scope scope, Object state, Boolean isCompleted)\r\n   at Microsoft.AspNetCore.Mvc.Infrastructure.ControllerActionInvoker.Rethrow(ActionExecutedContextSealed context)\r\n   at Microsoft.AspNetCore.Mvc.Infrastructure.ControllerActionInvoker.Next(State& next, Scope& scope, Object& state, Boolean& isCompleted)\r\n   at Microsoft.AspNetCore.Mvc.Infrastructure.ControllerActionInvoker.<InvokeInnerFilterAsync>g__Awaited|13_0(ControllerActionInvoker invoker, Task lastTask, State next, Scope scope, Object state, Boolean isCompleted)\r\n   at Microsoft.AspNetCore.Mvc.Infrastructure.ResourceInvoker.<InvokeNextResourceFilter>g__Awaited|24_0(ResourceInvoker invoker, Task lastTask, State next, Scope scope, Object state, Boolean isCompleted)\r\n   at Microsoft.AspNetCore.Mvc.Infrastructure.ResourceInvoker.Rethrow(ResourceExecutedContextSealed context)\r\n   at Microsoft.AspNetCore.Mvc.Infrastructure.ResourceInvoker.Next(State& next, Scope& scope, Object& state, Boolean& isCompleted)\r\n   at Microsoft.AspNetCore.Mvc.Infrastructure.ResourceInvoker.<InvokeFilterPipelineAsync>g__Awaited|19_0(ResourceInvoker invoker, Task lastTask, State next, Scope scope, Object state, Boolean isCompleted)\r\n   at Microsoft.AspNetCore.Mvc.Infrastructure.ResourceInvoker.<InvokeAsync>g__Logged|17_1(ResourceInvoker invoker)\r\n   at Microsoft.AspNetCore.Builder.RouterMiddleware.Invoke(HttpContext httpContext)\r\n   at Microsoft.AspNetCore.Authentication.AuthenticationMiddleware.Invoke(HttpContext context)\r\n   at Microsoft.AspNetCore.Diagnostics.ExceptionHandlerMiddleware.<Invoke>g__Awaited|6_0(ExceptionHandlerMiddleware middleware, HttpContext context, Task task)","Instance":"e89447b2-ac05-420a-8009-52ce313a7e0c","Extensions":{}}
2020-12-19 18:46:53.3458|ERROR|WedigITCRM.Controllers.HomeController|Entering index action in home controller
2020-12-19 18:46:53.3754|ERROR|WedigITCRM.Controllers.HomeController|index action in home controller redirecting to Customer controller AllCustomers action
2020-12-19 19:02:53.5562|ERROR|WedigITCRM.Controllers.HomeController|Entering index action in home controller
2020-12-19 19:02:53.5770|ERROR|WedigITCRM.Controllers.HomeController|index action in home controller redirecting to frontpage controller index action
2020-12-19 19:05:01.4112|ERROR|Microsoft.AspNetCore.Diagnostics.ExceptionHandlerMiddleware|An unhandled exception has occurred while executing the request.
2020-12-19 19:05:01.4451|ERROR|WedigITCRM.Startup|{"UserId":"f7472297-754a-4a46-af3e-b0720f29eaf0","UserName":"jp@wedigit.dk","CompanyId":"14047","CompanyName":"wedigIT ApS","Type":null,"Title":"Unexpected Error","Status":500,"Detail":"Unexpected character encountered while parsing value: {. Path '', line 1, position 1.\r\n                                         \r\n\r\n                                            at Newtonsoft.Json.JsonTextReader.ReadStringValue(ReadType readType)\r\n   at Newtonsoft.Json.JsonTextReader.ReadAsString()\r\n   at Newtonsoft.Json.JsonReader.ReadForType(JsonContract contract, Boolean hasConverter)\r\n   at Newtonsoft.Json.Serialization.JsonSerializerInternalReader.Deserialize(JsonReader reader, Type objectType, Boolean checkAdditionalContent)\r\n   at Newtonsoft.Json.JsonSerializer.DeserializeInternal(JsonReader reader, Type objectType)\r\n   at Newtonsoft.Json.JsonSerializer.Deserialize(JsonReader reader, Type objectType)\r\n   at Newtonsoft.Json.JsonConvert.DeserializeObject(String value, Type type, JsonSerializerSettings settings)\r\n   at Newtonsoft.Json.JsonConvert.DeserializeObject[T](String value, JsonSerializerSettings settings)\r\n   at Newtonsoft.Json.JsonConvert.DeserializeObject[T](String value)\r\n   at WedigITCRM.ReepayAPI.ReepayAPIMethods.AddSubscriptionDiscount(SubscriptionAddDiscount model) in C:\\Users\\John\\source\\repos\\WedigITCRM\\WedigITCRM\\ReepayAPI\\ReepayAPIMethods.cs:line 138\r\n   at WedigITCRM.Controllers.PaymentController.Accept(PaymentAcceptModel model) in C:\\Users\\John\\source\\repos\\WedigITCRM\\WedigITCRM\\Controllers\\PaymentController.cs:line 224\r\n   at lambda_method(Closure , Object )\r\n   at Microsoft.Extensions.Internal.ObjectMethodExecutorAwaitable.Awaiter.GetResult()\r\n   at Microsoft.AspNetCore.Mvc.Infrastructure.ActionMethodExecutor.TaskOfActionResultExecutor.Execute(IActionResultTypeMapper mapper, ObjectMethodExecutor executor, Object controller, Object[] arguments)\r\n   at Microsoft.AspNetCore.Mvc.Infrastructure.ControllerActionInvoker.<InvokeActionMethodAsync>g__Awaited|12_0(ControllerActionInvoker invoker, ValueTask`1 actionResultValueTask)\r\n   at Microsoft.AspNetCore.Mvc.Infrastructure.ControllerActionInvoker.<InvokeNextActionFilterAsync>g__Awaited|10_0(ControllerActionInvoker invoker, Task lastTask, State next, Scope scope, Object state, Boolean isCompleted)\r\n   at Microsoft.AspNetCore.Mvc.Infrastructure.ControllerActionInvoker.Rethrow(ActionExecutedContextSealed context)\r\n   at Microsoft.AspNetCore.Mvc.Infrastructure.ControllerActionInvoker.Next(State& next, Scope& scope, Object& state, Boolean& isCompleted)\r\n   at Microsoft.AspNetCore.Mvc.Infrastructure.ControllerActionInvoker.<InvokeInnerFilterAsync>g__Awaited|13_0(ControllerActionInvoker invoker, Task lastTask, State next, Scope scope, Object state, Boolean isCompleted)\r\n   at Microsoft.AspNetCore.Mvc.Infrastructure.ResourceInvoker.<InvokeNextResourceFilter>g__Awaited|24_0(ResourceInvoker invoker, Task lastTask, State next, Scope scope, Object state, Boolean isCompleted)\r\n   at Microsoft.AspNetCore.Mvc.Infrastructure.ResourceInvoker.Rethrow(ResourceExecutedContextSealed context)\r\n   at Microsoft.AspNetCore.Mvc.Infrastructure.ResourceInvoker.Next(State& next, Scope& scope, Object& state, Boolean& isCompleted)\r\n   at Microsoft.AspNetCore.Mvc.Infrastructure.ResourceInvoker.<InvokeFilterPipelineAsync>g__Awaited|19_0(ResourceInvoker invoker, Task lastTask, State next, Scope scope, Object state, Boolean isCompleted)\r\n   at Microsoft.AspNetCore.Mvc.Infrastructure.ResourceInvoker.<InvokeAsync>g__Logged|17_1(ResourceInvoker invoker)\r\n   at Microsoft.AspNetCore.Builder.RouterMiddleware.Invoke(HttpContext httpContext)\r\n   at Microsoft.AspNetCore.Authentication.AuthenticationMiddleware.Invoke(HttpContext context)\r\n   at Microsoft.AspNetCore.Diagnostics.ExceptionHandlerMiddleware.<Invoke>g__Awaited|6_0(ExceptionHandlerMiddleware middleware, HttpContext context, Task task)","Instance":"29608881-b122-4b36-9911-658f8e998b16","Extensions":{}}
2020-12-19 19:08:32.3716|ERROR|Microsoft.AspNetCore.Diagnostics.ExceptionHandlerMiddleware|An unhandled exception has occurred while executing the request.
2020-12-19 19:08:32.4376|ERROR|WedigITCRM.Startup|{"UserId":"f7472297-754a-4a46-af3e-b0720f29eaf0","UserName":"jp@wedigit.dk","CompanyId":"14047","CompanyName":"wedigIT ApS","Type":null,"Title":"Unexpected Error","Status":500,"Detail":"Unexpected character encountered while parsing value: {. Path '', line 1, position 1.\r\n                                         \r\n\r\n                                            at Newtonsoft.Json.JsonTextReader.ReadStringValue(ReadType readType)\r\n   at Newtonsoft.Json.JsonTextReader.ReadAsString()\r\n   at Newtonsoft.Json.JsonReader.ReadForType(JsonContract contract, Boolean hasConverter)\r\n   at Newtonsoft.Json.Serialization.JsonSerializerInternalReader.Deserialize(JsonReader reader, Type objectType, Boolean checkAdditionalContent)\r\n   at Newtonsoft.Json.JsonSerializer.DeserializeInternal(JsonReader reader, Type objectType)\r\n   at Newtonsoft.Json.JsonSerializer.Deserialize(JsonReader reader, Type objectType)\r\n   at Newtonsoft.Json.JsonConvert.DeserializeObject(String value, Type type, JsonSerializerSettings settings)\r\n   at Newtonsoft.Json.JsonConvert.DeserializeObject[T](String value, JsonSerializerSettings settings)\r\n   at Newtonsoft.Json.JsonConvert.DeserializeObject[T](String value)\r\n   at WedigITCRM.ReepayAPI.ReepayAPIMethods.AddSubscriptionDiscount(SubscriptionAddDiscount model) in C:\\Users\\John\\source\\repos\\WedigITCRM\\WedigITCRM\\ReepayAPI\\ReepayAPIMethods.cs:line 138\r\n   at WedigITCRM.Controllers.PaymentController.Accept(PaymentAcceptModel model) in C:\\Users\\John\\source\\repos\\WedigITCRM\\WedigITCRM\\Controllers\\PaymentController.cs:line 224\r\n   at lambda_method(Closure , Object )\r\n   at Microsoft.Extensions.Internal.ObjectMethodExecutorAwaitable.Awaiter.GetResult()\r\n   at Microsoft.AspNetCore.Mvc.Infrastructure.ActionMethodExecutor.TaskOfActionResultExecutor.Execute(IActionResultTypeMapper mapper, ObjectMethodExecutor executor, Object controller, Object[] arguments)\r\n   at Microsoft.AspNetCore.Mvc.Infrastructure.ControllerActionInvoker.<InvokeActionMethodAsync>g__Awaited|12_0(ControllerActionInvoker invoker, ValueTask`1 actionResultValueTask)\r\n   at Microsoft.AspNetCore.Mvc.Infrastructure.ControllerActionInvoker.<InvokeNextActionFilterAsync>g__Awaited|10_0(ControllerActionInvoker invoker, Task lastTask, State next, Scope scope, Object state, Boolean isCompleted)\r\n   at Microsoft.AspNetCore.Mvc.Infrastructure.ControllerActionInvoker.Rethrow(ActionExecutedContextSealed context)\r\n   at Microsoft.AspNetCore.Mvc.Infrastructure.ControllerActionInvoker.Next(State& next, Scope& scope, Object& state, Boolean& isCompleted)\r\n   at Microsoft.AspNetCore.Mvc.Infrastructure.ControllerActionInvoker.<InvokeInnerFilterAsync>g__Awaited|13_0(ControllerActionInvoker invoker, Task lastTask, State next, Scope scope, Object state, Boolean isCompleted)\r\n   at Microsoft.AspNetCore.Mvc.Infrastructure.ResourceInvoker.<InvokeNextResourceFilter>g__Awaited|24_0(ResourceInvoker invoker, Task lastTask, State next, Scope scope, Object state, Boolean isCompleted)\r\n   at Microsoft.AspNetCore.Mvc.Infrastructure.ResourceInvoker.Rethrow(ResourceExecutedContextSealed context)\r\n   at Microsoft.AspNetCore.Mvc.Infrastructure.ResourceInvoker.Next(State& next, Scope& scope, Object& state, Boolean& isCompleted)\r\n   at Microsoft.AspNetCore.Mvc.Infrastructure.ResourceInvoker.<InvokeFilterPipelineAsync>g__Awaited|19_0(ResourceInvoker invoker, Task lastTask, State next, Scope scope, Object state, Boolean isCompleted)\r\n   at Microsoft.AspNetCore.Mvc.Infrastructure.ResourceInvoker.<InvokeAsync>g__Logged|17_1(ResourceInvoker invoker)\r\n   at Microsoft.AspNetCore.Builder.RouterMiddleware.Invoke(HttpContext httpContext)\r\n   at Microsoft.AspNetCore.Authentication.AuthenticationMiddleware.Invoke(HttpContext context)\r\n   at Microsoft.AspNetCore.Diagnostics.ExceptionHandlerMiddleware.<Invoke>g__Awaited|6_0(ExceptionHandlerMiddleware middleware, HttpContext context, Task task)","Instance":"262f3fe8-24e0-4e02-b0b9-37d5ea6e1274","Extensions":{}}
2020-12-19 19:13:33.9817|ERROR|Microsoft.AspNetCore.Diagnostics.ExceptionHandlerMiddleware|An unhandled exception has occurred while executing the request.
2020-12-19 19:13:34.0065|ERROR|WedigITCRM.Startup|{"UserId":"f7472297-754a-4a46-af3e-b0720f29eaf0","UserName":"jp@wedigit.dk","CompanyId":"14047","CompanyName":"wedigIT ApS","Type":null,"Title":"Unexpected Error","Status":500,"Detail":"Unexpected character encountered while parsing value: {. Path '', line 1, position 1.\r\n                                         \r\n\r\n                                            at Newtonsoft.Json.JsonTextReader.ReadStringValue(ReadType readType)\r\n   at Newtonsoft.Json.JsonTextReader.ReadAsString()\r\n   at Newtonsoft.Json.JsonReader.ReadForType(JsonContract contract, Boolean hasConverter)\r\n   at Newtonsoft.Json.Serialization.JsonSerializerInternalReader.Deserialize(JsonReader reader, Type objectType, Boolean checkAdditionalContent)\r\n   at Newtonsoft.Json.JsonSerializer.DeserializeInternal(JsonReader reader, Type objectType)\r\n   at Newtonsoft.Json.JsonConvert.DeserializeObject(String value, Type type, JsonSerializerSettings settings)\r\n   at Newtonsoft.Json.JsonConvert.DeserializeObject[T](String value, JsonSerializerSettings settings)\r\n   at WedigITCRM.ReepayAPI.ReepayAPIMethods.AddSubscriptionDiscount(SubscriptionAddDiscount model) in C:\\Users\\John\\source\\repos\\WedigITCRM\\WedigITCRM\\ReepayAPI\\ReepayAPIMethods.cs:line 138\r\n   at WedigITCRM.Controllers.PaymentController.Accept(PaymentAcceptModel model) in C:\\Users\\John\\source\\repos\\WedigITCRM\\WedigITCRM\\Controllers\\PaymentController.cs:line 224\r\n   at lambda_method(Closure , Object )\r\n   at Microsoft.Extensions.Internal.ObjectMethodExecutorAwaitable.Awaiter.GetResult()\r\n   at Microsoft.AspNetCore.Mvc.Infrastructure.ActionMethodExecutor.TaskOfActionResultExecutor.Execute(IActionResultTypeMapper mapper, ObjectMethodExecutor executor, Object controller, Object[] arguments)\r\n   at Microsoft.AspNetCore.Mvc.Infrastructure.ControllerActionInvoker.<InvokeActionMethodAsync>g__Awaited|12_0(ControllerActionInvoker invoker, ValueTask`1 actionResultValueTask)\r\n   at Microsoft.AspNetCore.Mvc.Infrastructure.ControllerActionInvoker.<InvokeNextActionFilterAsync>g__Awaited|10_0(ControllerActionInvoker invoker, Task lastTask, State next, Scope scope, Object state, Boolean isCompleted)\r\n   at Microsoft.AspNetCore.Mvc.Infrastructure.ControllerActionInvoker.Rethrow(ActionExecutedContextSealed context)\r\n   at Microsoft.AspNetCore.Mvc.Infrastructure.ControllerActionInvoker.Next(State& next, Scope& scope, Object& state, Boolean& isCompleted)\r\n   at Microsoft.AspNetCore.Mvc.Infrastructure.ControllerActionInvoker.<InvokeInnerFilterAsync>g__Awaited|13_0(ControllerActionInvoker invoker, Task lastTask, State next, Scope scope, Object state, Boolean isCompleted)\r\n   at Microsoft.AspNetCore.Mvc.Infrastructure.ResourceInvoker.<InvokeNextResourceFilter>g__Awaited|24_0(ResourceInvoker invoker, Task lastTask, State next, Scope scope, Object state, Boolean isCompleted)\r\n   at Microsoft.AspNetCore.Mvc.Infrastructure.ResourceInvoker.Rethrow(ResourceExecutedContextSealed context)\r\n   at Microsoft.AspNetCore.Mvc.Infrastructure.ResourceInvoker.Next(State& next, Scope& scope, Object& state, Boolean& isCompleted)\r\n   at Microsoft.AspNetCore.Mvc.Infrastructure.ResourceInvoker.<InvokeFilterPipelineAsync>g__Awaited|19_0(ResourceInvoker invoker, Task lastTask, State next, Scope scope, Object state, Boolean isCompleted)\r\n   at Microsoft.AspNetCore.Mvc.Infrastructure.ResourceInvoker.<InvokeAsync>g__Logged|17_1(ResourceInvoker invoker)\r\n   at Microsoft.AspNetCore.Builder.RouterMiddleware.Invoke(HttpContext httpContext)\r\n   at Microsoft.AspNetCore.Authentication.AuthenticationMiddleware.Invoke(HttpContext context)\r\n   at Microsoft.AspNetCore.Diagnostics.ExceptionHandlerMiddleware.<Invoke>g__Awaited|6_0(ExceptionHandlerMiddleware middleware, HttpContext context, Task task)","Instance":"b4f45706-2e8e-48a2-bd16-9b30c0517849","Extensions":{}}
2020-12-19 19:19:06.4314|ERROR|Microsoft.AspNetCore.Diagnostics.ExceptionHandlerMiddleware|An unhandled exception has occurred while executing the request.
2020-12-19 19:19:06.4559|ERROR|WedigITCRM.Startup|{"UserId":"f7472297-754a-4a46-af3e-b0720f29eaf0","UserName":"jp@wedigit.dk","CompanyId":"14047","CompanyName":"wedigIT ApS","Type":null,"Title":"Unexpected Error","Status":500,"Detail":"Unexpected character encountered while parsing value: {. Path '', line 1, position 1.\r\n                                         \r\n\r\n                                            at Newtonsoft.Json.JsonTextReader.ReadStringValue(ReadType readType)\r\n   at Newtonsoft.Json.JsonTextReader.ReadAsString()\r\n   at Newtonsoft.Json.JsonReader.ReadForType(JsonContract contract, Boolean hasConverter)\r\n   at Newtonsoft.Json.Serialization.JsonSerializerInternalReader.Deserialize(JsonReader reader, Type objectType, Boolean checkAdditionalContent)\r\n   at Newtonsoft.Json.JsonSerializer.DeserializeInternal(JsonReader reader, Type objectType)\r\n   at Newtonsoft.Json.JsonConvert.DeserializeObject(String value, Type type, JsonSerializerSettings settings)\r\n   at Newtonsoft.Json.JsonConvert.DeserializeObject[T](String value, JsonSerializerSettings settings)\r\n   at WedigITCRM.ReepayAPI.ReepayAPIMethods.AddSubscriptionDiscount(SubscriptionAddDiscount model) in C:\\Users\\John\\source\\repos\\WedigITCRM\\WedigITCRM\\ReepayAPI\\ReepayAPIMethods.cs:line 138\r\n   at WedigITCRM.Controllers.PaymentController.Accept(PaymentAcceptModel model) in C:\\Users\\John\\source\\repos\\WedigITCRM\\WedigITCRM\\Controllers\\PaymentController.cs:line 224\r\n   at lambda_method(Closure , Object )\r\n   at Microsoft.Extensions.Internal.ObjectMethodExecutorAwaitable.Awaiter.GetResult()\r\n   at Microsoft.AspNetCore.Mvc.Infrastructure.ActionMethodExecutor.TaskOfActionResultExecutor.Execute(IActionResultTypeMapper mapper, ObjectMethodExecutor executor, Object controller, Object[] arguments)\r\n   at Microsoft.AspNetCore.Mvc.Infrastructure.ControllerActionInvoker.<InvokeActionMethodAsync>g__Awaited|12_0(ControllerActionInvoker invoker, ValueTask`1 actionResultValueTask)\r\n   at Microsoft.AspNetCore.Mvc.Infrastructure.ControllerActionInvoker.<InvokeNextActionFilterAsync>g__Awaited|10_0(ControllerActionInvoker invoker, Task lastTask, State next, Scope scope, Object state, Boolean isCompleted)\r\n   at Microsoft.AspNetCore.Mvc.Infrastructure.ControllerActionInvoker.Rethrow(ActionExecutedContextSealed context)\r\n   at Microsoft.AspNetCore.Mvc.Infrastructure.ControllerActionInvoker.Next(State& next, Scope& scope, Object& state, Boolean& isCompleted)\r\n   at Microsoft.AspNetCore.Mvc.Infrastructure.ControllerActionInvoker.<InvokeInnerFilterAsync>g__Awaited|13_0(ControllerActionInvoker invoker, Task lastTask, State next, Scope scope, Object state, Boolean isCompleted)\r\n   at Microsoft.AspNetCore.Mvc.Infrastructure.ResourceInvoker.<InvokeNextResourceFilter>g__Awaited|24_0(ResourceInvoker invoker, Task lastTask, State next, Scope scope, Object state, Boolean isCompleted)\r\n   at Microsoft.AspNetCore.Mvc.Infrastructure.ResourceInvoker.Rethrow(ResourceExecutedContextSealed context)\r\n   at Microsoft.AspNetCore.Mvc.Infrastructure.ResourceInvoker.Next(State& next, Scope& scope, Object& state, Boolean& isCompleted)\r\n   at Microsoft.AspNetCore.Mvc.Infrastructure.ResourceInvoker.<InvokeFilterPipelineAsync>g__Awaited|19_0(ResourceInvoker invoker, Task lastTask, State next, Scope scope, Object state, Boolean isCompleted)\r\n   at Microsoft.AspNetCore.Mvc.Infrastructure.ResourceInvoker.<InvokeAsync>g__Logged|17_1(ResourceInvoker invoker)\r\n   at Microsoft.AspNetCore.Builder.RouterMiddleware.Invoke(HttpContext httpContext)\r\n   at Microsoft.AspNetCore.Authentication.AuthenticationMiddleware.Invoke(HttpContext context)\r\n   at Microsoft.AspNetCore.Diagnostics.ExceptionHandlerMiddleware.<Invoke>g__Awaited|6_0(ExceptionHandlerMiddleware middleware, HttpContext context, Task task)","Instance":"6e363269-f37a-4669-ba5d-455bb94837ff","Extensions":{}}
2020-12-19 19:52:47.6458|ERROR|WedigITCRM.Startup|start of ConfigureServices
2020-12-19 19:52:49.0111|ERROR|WedigITCRM.Startup|end of ConfigureServices
2020-12-19 19:52:49.1119|ERROR|WedigITCRM.Startup|start of Configure method
2020-12-19 19:52:49.7659|ERROR|WedigITCRM.Startup|end of Configure method
2020-12-19 19:52:51.7992|ERROR|WedigITCRM.Controllers.HomeController|Entering index action in home controller
2020-12-19 19:52:51.9331|ERROR|WedigITCRM.Controllers.HomeController|index action in home controller redirecting to frontpage controller index action
2020-12-19 19:55:15.1309|ERROR|WedigITCRM.Controllers.HomeController|Entering index action in home controller
2020-12-19 19:55:15.1499|ERROR|WedigITCRM.Controllers.HomeController|index action in home controller redirecting to Customer controller AllCustomers action
2020-12-19 19:57:52.7442|ERROR|WedigITCRM.Startup|start of ConfigureServices
2020-12-19 19:57:53.9860|ERROR|WedigITCRM.Startup|end of ConfigureServices
2020-12-19 19:57:54.0616|ERROR|WedigITCRM.Startup|start of Configure method
2020-12-19 19:57:54.6292|ERROR|WedigITCRM.Startup|end of Configure method
2020-12-19 19:57:57.7513|ERROR|WedigITCRM.Controllers.HomeController|Entering index action in home controller
2020-12-19 19:57:57.7931|ERROR|WedigITCRM.Controllers.HomeController|index action in home controller redirecting to Customer controller AllCustomers action
2020-12-19 19:58:02.5329|ERROR|WedigITCRM.Controllers.HomeController|Entering index action in home controller
2020-12-19 19:58:02.5652|ERROR|WedigITCRM.Controllers.HomeController|index action in home controller redirecting to frontpage controller index action
2020-12-19 19:58:37.4579|ERROR|WedigITCRM.Controllers.HomeController|Entering index action in home controller
2020-12-19 19:58:37.4833|ERROR|WedigITCRM.Controllers.HomeController|index action in home controller redirecting to frontpage controller index action
2020-12-19 19:58:52.9578|ERROR|WedigITCRM.Controllers.HomeController|Entering index action in home controller
2020-12-19 19:58:53.0004|ERROR|WedigITCRM.Controllers.HomeController|index action in home controller redirecting to frontpage controller index action
2020-12-19 22:24:08.3077|ERROR|WedigITCRM.Startup|start of ConfigureServices
2020-12-19 22:24:11.6596|ERROR|WedigITCRM.Startup|end of ConfigureServices
2020-12-19 22:24:11.8264|ERROR|WedigITCRM.Startup|start of Configure method
2020-12-19 22:24:13.1033|ERROR|WedigITCRM.Startup|end of Configure method
2020-12-19 22:24:17.9507|ERROR|WedigITCRM.Controllers.HomeController|Entering index action in home controller
2020-12-19 22:24:18.0411|ERROR|WedigITCRM.Controllers.HomeController|index action in home controller redirecting to frontpage controller index action
2020-12-19 22:26:17.7894|ERROR|WedigITCRM.Controllers.HomeController|Entering index action in home controller
2020-12-19 22:26:17.8210|ERROR|WedigITCRM.Controllers.HomeController|index action in home controller redirecting to frontpage controller index action
2020-12-19 22:30:34.2239|ERROR|WedigITCRM.Startup|start of ConfigureServices
2020-12-19 22:30:35.7581|ERROR|WedigITCRM.Startup|end of ConfigureServices
2020-12-19 22:30:35.8806|ERROR|WedigITCRM.Startup|start of Configure method
2020-12-19 22:30:36.6423|ERROR|WedigITCRM.Startup|end of Configure method
2020-12-19 22:30:40.4840|ERROR|WedigITCRM.Controllers.HomeController|Entering index action in home controller
2020-12-19 22:30:40.5067|ERROR|WedigITCRM.Controllers.HomeController|index action in home controller redirecting to frontpage controller index action
2020-12-19 22:31:00.3844|ERROR|WedigITCRM.Controllers.HomeController|Entering index action in home controller
2020-12-19 22:31:00.4157|ERROR|WedigITCRM.Controllers.HomeController|index action in home controller redirecting to Customer controller AllCustomers action
2020-12-19 22:51:00.3152|ERROR|WedigITCRM.Startup|start of ConfigureServices
2020-12-19 22:51:01.8604|ERROR|WedigITCRM.Startup|end of ConfigureServices
2020-12-19 22:51:01.9629|ERROR|WedigITCRM.Startup|start of Configure method
2020-12-19 22:51:02.6248|ERROR|WedigITCRM.Startup|end of Configure method
2020-12-19 22:51:07.7435|ERROR|WedigITCRM.Controllers.HomeController|Entering index action in home controller
2020-12-19 22:51:07.7642|ERROR|WedigITCRM.Controllers.HomeController|index action in home controller redirecting to Customer controller AllCustomers action
2020-12-19 22:51:14.4020|ERROR|WedigITCRM.Controllers.HomeController|Entering index action in home controller
2020-12-19 22:51:14.4296|ERROR|WedigITCRM.Controllers.HomeController|index action in home controller redirecting to frontpage controller index action
2020-12-19 22:55:14.2889|ERROR|WedigITCRM.Controllers.HomeController|Entering index action in home controller
2020-12-19 22:55:14.5031|ERROR|WedigITCRM.Controllers.HomeController|index action in home controller redirecting to Customer controller AllCustomers action
2020-12-19 22:55:44.9339|ERROR|WedigITCRM.Controllers.HomeController|Entering index action in home controller
2020-12-19 22:55:44.9594|ERROR|WedigITCRM.Controllers.HomeController|index action in home controller redirecting to frontpage controller index action
2020-12-19 22:55:51.2234|ERROR|WedigITCRM.Controllers.HomeController|Entering index action in home controller
2020-12-19 22:55:51.2501|ERROR|WedigITCRM.Controllers.HomeController|index action in home controller redirecting to Customer controller AllCustomers action
2020-12-19 22:55:55.1678|ERROR|WedigITCRM.Controllers.HomeController|Entering index action in home controller
2020-12-19 22:55:55.2069|ERROR|WedigITCRM.Controllers.HomeController|index action in home controller redirecting to frontpage controller index action
2020-12-19 23:02:47.6456|ERROR|WedigITCRM.Controllers.HomeController|Entering index action in home controller
2020-12-19 23:02:48.1408|ERROR|WedigITCRM.Controllers.HomeController|index action in home controller redirecting to Customer controller AllCustomers action
2020-12-19 23:03:40.2318|ERROR|WedigITCRM.Controllers.HomeController|Entering index action in home controller
2020-12-19 23:03:40.2704|ERROR|WedigITCRM.Controllers.HomeController|index action in home controller redirecting to Customer controller AllCustomers action
2020-12-19 23:04:36.7838|ERROR|WedigITCRM.Controllers.HomeController|Entering index action in home controller
2020-12-19 23:04:36.8203|ERROR|WedigITCRM.Controllers.HomeController|index action in home controller redirecting to frontpage controller index action
2020-12-19 23:06:46.2135|ERROR|WedigITCRM.Startup|start of ConfigureServices
2020-12-19 23:06:47.4611|ERROR|WedigITCRM.Startup|end of ConfigureServices
2020-12-19 23:06:47.5656|ERROR|WedigITCRM.Startup|start of Configure method
2020-12-19 23:06:48.1775|ERROR|WedigITCRM.Startup|end of Configure method
2020-12-19 23:06:49.8148|ERROR|WedigITCRM.Controllers.HomeController|Entering index action in home controller
2020-12-19 23:06:49.8870|ERROR|WedigITCRM.Controllers.HomeController|index action in home controller redirecting to frontpage controller index action
2020-12-19 23:09:30.9575|ERROR|WedigITCRM.Controllers.HomeController|Entering index action in home controller
2020-12-19 23:09:31.4056|ERROR|WedigITCRM.Controllers.HomeController|index action in home controller redirecting to Customer controller AllCustomers action
