2020-12-31 18:34:40.4840|ERROR|WedigITCRM.Startup|start of ConfigureServices
2020-12-31 18:34:42.2554|ERROR|WedigITCRM.Startup|end of ConfigureServices
2020-12-31 18:34:42.3422|ERROR|WedigITCRM.Startup|start of Configure method
2020-12-31 18:34:43.2049|ERROR|WedigITCRM.Startup|end of Configure method
2020-12-31 18:34:49.3496|ERROR|WedigITCRM.Controllers.HomeController|Entering index action in home controller
2020-12-31 18:34:49.6725|ERROR|WedigITCRM.Controllers.HomeController|index action in home controller redirecting to frontpage controller index action
2020-12-31 18:35:03.9688|ERROR|WedigITCRM.Controllers.HomeController|Entering index action in home controller
2020-12-31 18:35:03.9962|ERROR|WedigITCRM.Controllers.HomeController|index action in home controller redirecting to Customer controller AllCustomers action
2020-12-31 18:36:17.2915|ERROR|WedigITCRM.Controllers.HomeController|Entering index action in home controller
2020-12-31 18:36:17.3236|ERROR|WedigITCRM.Controllers.HomeController|index action in home controller redirecting to frontpage controller index action
2020-12-31 18:36:28.4661|ERROR|WedigITCRM.Controllers.HomeController|Entering index action in home controller
2020-12-31 18:36:28.5166|ERROR|WedigITCRM.Controllers.HomeController|index action in home controller redirecting to Customer controller AllCustomers action
2020-12-31 18:37:25.7711|ERROR|WedigITCRM.Startup|start of ConfigureServices
2020-12-31 18:37:26.7876|ERROR|WedigITCRM.Startup|end of ConfigureServices
2020-12-31 18:37:26.8748|ERROR|WedigITCRM.Startup|start of Configure method
2020-12-31 18:37:27.5395|ERROR|WedigITCRM.Startup|end of Configure method
2020-12-31 18:37:30.5951|ERROR|WedigITCRM.Controllers.HomeController|Entering index action in home controller
2020-12-31 18:37:30.9044|ERROR|WedigITCRM.Controllers.HomeController|index action in home controller redirecting to Customer controller AllCustomers action
2020-12-31 18:37:37.3238|ERROR|WedigITCRM.Controllers.HomeController|Entering index action in home controller
2020-12-31 18:37:37.3412|ERROR|WedigITCRM.Controllers.HomeController|index action in home controller redirecting to frontpage controller index action
2020-12-31 18:37:57.3462|ERROR|WedigITCRM.Controllers.HomeController|Entering index action in home controller
2020-12-31 18:37:57.6849|ERROR|WedigITCRM.Controllers.HomeController|index action in home controller redirecting to frontpage controller index action
2020-12-31 18:40:46.1965|ERROR|WedigITCRM.Controllers.HomeController|Entering index action in home controller
2020-12-31 18:40:46.2184|ERROR|WedigITCRM.Controllers.HomeController|index action in home controller redirecting to frontpage controller index action
2020-12-31 18:40:54.5322|ERROR|WedigITCRM.Controllers.HomeController|Entering index action in home controller
2020-12-31 18:40:54.5602|ERROR|WedigITCRM.Controllers.HomeController|index action in home controller redirecting to frontpage controller index action
2020-12-31 18:41:01.4303|ERROR|WedigITCRM.Controllers.HomeController|Entering index action in home controller
2020-12-31 18:41:01.4762|ERROR|WedigITCRM.Controllers.HomeController|index action in home controller redirecting to frontpage controller index action
2020-12-31 18:46:04.1059|ERROR|WedigITCRM.Controllers.HomeController|Entering index action in home controller
2020-12-31 18:46:04.1271|ERROR|WedigITCRM.Controllers.HomeController|index action in home controller redirecting to frontpage controller index action
2020-12-31 18:46:11.1873|ERROR|WedigITCRM.Controllers.HomeController|Entering index action in home controller
2020-12-31 18:46:11.2189|ERROR|WedigITCRM.Controllers.HomeController|index action in home controller redirecting to frontpage controller index action
2020-12-31 18:48:39.5790|ERROR|WedigITCRM.Controllers.HomeController|Entering index action in home controller
2020-12-31 18:48:39.6116|ERROR|WedigITCRM.Controllers.HomeController|index action in home controller redirecting to Customer controller AllCustomers action
2020-12-31 18:48:49.7080|ERROR|WedigITCRM.Controllers.HomeController|Entering index action in home controller
2020-12-31 18:48:49.7388|ERROR|WedigITCRM.Controllers.HomeController|index action in home controller redirecting to frontpage controller index action
2020-12-31 18:54:37.4975|ERROR|WedigITCRM.Startup|start of ConfigureServices
2020-12-31 18:54:38.7135|ERROR|WedigITCRM.Startup|end of ConfigureServices
2020-12-31 18:54:38.7963|ERROR|WedigITCRM.Startup|start of Configure method
2020-12-31 18:54:39.3955|ERROR|WedigITCRM.Startup|end of Configure method
2020-12-31 18:54:41.5773|ERROR|WedigITCRM.Controllers.HomeController|Entering index action in home controller
2020-12-31 18:54:41.6272|ERROR|WedigITCRM.Controllers.HomeController|index action in home controller redirecting to frontpage controller index action
2020-12-31 19:18:40.5534|ERROR|WedigITCRM.Startup|start of ConfigureServices
2020-12-31 19:18:41.1806|ERROR|WedigITCRM.Startup|end of ConfigureServices
2020-12-31 19:18:41.2870|ERROR|WedigITCRM.Startup|start of Configure method
2020-12-31 19:18:41.8770|ERROR|WedigITCRM.Startup|end of Configure method
2020-12-31 19:18:43.3698|ERROR|WedigITCRM.Controllers.HomeController|Entering index action in home controller
2020-12-31 19:18:43.4162|ERROR|WedigITCRM.Controllers.HomeController|index action in home controller redirecting to frontpage controller index action
2020-12-31 19:22:50.0379|ERROR|WedigITCRM.Startup|start of ConfigureServices
2020-12-31 19:22:51.3156|ERROR|WedigITCRM.Startup|end of ConfigureServices
2020-12-31 19:22:51.3969|ERROR|WedigITCRM.Startup|start of Configure method
2020-12-31 19:22:51.9520|ERROR|WedigITCRM.Startup|end of Configure method
2020-12-31 19:22:53.0689|ERROR|WedigITCRM.Controllers.HomeController|Entering index action in home controller
2020-12-31 19:22:53.1544|ERROR|WedigITCRM.Controllers.HomeController|index action in home controller redirecting to frontpage controller index action
2020-12-31 19:27:16.6126|ERROR|WedigITCRM.Startup|start of ConfigureServices
2020-12-31 19:27:17.5293|ERROR|WedigITCRM.Startup|end of ConfigureServices
2020-12-31 19:27:17.6127|ERROR|WedigITCRM.Startup|start of Configure method
2020-12-31 19:27:18.2662|ERROR|WedigITCRM.Startup|end of Configure method
2020-12-31 19:27:19.2827|ERROR|WedigITCRM.Controllers.HomeController|Entering index action in home controller
2020-12-31 19:27:19.3911|ERROR|WedigITCRM.Controllers.HomeController|index action in home controller redirecting to frontpage controller index action
2020-12-31 19:36:45.7697|ERROR|WedigITCRM.Startup|start of ConfigureServices
2020-12-31 19:36:46.9140|ERROR|WedigITCRM.Startup|end of ConfigureServices
2020-12-31 19:36:47.0175|ERROR|WedigITCRM.Startup|start of Configure method
2020-12-31 19:36:47.5935|ERROR|WedigITCRM.Startup|end of Configure method
2020-12-31 19:36:48.6002|ERROR|WedigITCRM.Controllers.HomeController|Entering index action in home controller
2020-12-31 19:36:48.6260|ERROR|WedigITCRM.Controllers.HomeController|index action in home controller redirecting to frontpage controller index action
2020-12-31 19:46:13.4824|ERROR|WedigITCRM.Startup|start of ConfigureServices
2020-12-31 19:46:14.1129|ERROR|WedigITCRM.Startup|end of ConfigureServices
2020-12-31 19:46:14.2138|ERROR|WedigITCRM.Startup|start of Configure method
2020-12-31 19:46:14.8051|ERROR|WedigITCRM.Startup|end of Configure method
2020-12-31 19:46:17.3818|ERROR|WedigITCRM.Controllers.HomeController|Entering index action in home controller
2020-12-31 19:46:17.7540|ERROR|WedigITCRM.Controllers.HomeController|index action in home controller redirecting to frontpage controller index action
2020-12-31 19:48:23.5420|ERROR|WedigITCRM.Controllers.HomeController|Entering index action in home controller
2020-12-31 19:48:23.5728|ERROR|WedigITCRM.Controllers.HomeController|index action in home controller redirecting to Customer controller AllCustomers action
2020-12-31 19:48:27.9621|ERROR|WedigITCRM.Controllers.HomeController|Entering index action in home controller
2020-12-31 19:48:27.9890|ERROR|WedigITCRM.Controllers.HomeController|index action in home controller redirecting to Customer controller AllCustomers action
2020-12-31 19:51:33.7417|ERROR|WedigITCRM.Startup|start of ConfigureServices
2020-12-31 19:51:34.2733|ERROR|WedigITCRM.Startup|end of ConfigureServices
2020-12-31 19:51:34.3641|ERROR|WedigITCRM.Startup|start of Configure method
2020-12-31 19:51:35.0292|ERROR|WedigITCRM.Startup|end of Configure method
2020-12-31 19:51:38.4026|ERROR|WedigITCRM.Controllers.HomeController|Entering index action in home controller
2020-12-31 19:51:38.4584|ERROR|WedigITCRM.Controllers.HomeController|index action in home controller redirecting to Customer controller AllCustomers action
2020-12-31 19:51:43.6131|ERROR|WedigITCRM.Controllers.HomeController|Entering index action in home controller
2020-12-31 19:51:43.6360|ERROR|WedigITCRM.Controllers.HomeController|index action in home controller redirecting to frontpage controller index action
2020-12-31 19:53:36.3425|ERROR|WedigITCRM.Controllers.HomeController|Entering index action in home controller
2020-12-31 19:53:36.3653|ERROR|WedigITCRM.Controllers.HomeController|index action in home controller redirecting to Customer controller AllCustomers action
2020-12-31 19:53:36.8688|ERROR|WedigITCRM.Controllers.HomeController|Entering index action in home controller
2020-12-31 19:53:36.9081|ERROR|WedigITCRM.Controllers.HomeController|index action in home controller redirecting to Customer controller AllCustomers action
2020-12-31 19:53:45.1829|ERROR|WedigITCRM.Controllers.HomeController|Entering index action in home controller
2020-12-31 19:53:45.2128|ERROR|WedigITCRM.Controllers.HomeController|index action in home controller redirecting to frontpage controller index action
