2020-07-15 11:28:49.1350|ERROR|WedigITCRM.Startup|start of ConfigureServices
2020-07-15 11:28:50.7908|ERROR|WedigITCRM.Startup|end of ConfigureServices
2020-07-15 11:28:50.9967|ERROR|WedigITCRM.Startup|start of Configure method
2020-07-15 11:28:51.9650|ERROR|WedigITCRM.Startup|end of Configure method
2020-07-15 11:28:55.5765|ERROR|WedigITCRM.Controllers.HomeController|Entering index action in home controller
2020-07-15 11:28:55.6437|ERROR|WedigITCRM.Controllers.HomeController|index action in home controller redirecting to frontpage controller index action
2020-07-15 11:29:13.6712|ERROR|WedigITCRM.Controllers.HomeController|Entering index action in home controller
2020-07-15 11:29:13.6921|ERROR|WedigITCRM.Controllers.HomeController|index action in home controller redirecting to Customer controller AllCustomers action
2020-07-15 11:44:04.5444|ERROR|WedigITCRM.Startup|start of ConfigureServices
2020-07-15 11:44:05.8198|ERROR|WedigITCRM.Startup|end of ConfigureServices
2020-07-15 11:44:06.0058|ERROR|WedigITCRM.Startup|start of Configure method
2020-07-15 11:44:06.8825|ERROR|WedigITCRM.Startup|end of Configure method
2020-07-15 11:44:17.8386|ERROR|WedigITCRM.Controllers.HomeController|Entering index action in home controller
2020-07-15 11:44:17.8847|ERROR|WedigITCRM.Controllers.HomeController|index action in home controller redirecting to Customer controller AllCustomers action
2020-07-15 11:54:27.6479|ERROR|WedigITCRM.Startup|start of ConfigureServices
2020-07-15 11:54:29.2177|ERROR|WedigITCRM.Startup|end of ConfigureServices
2020-07-15 11:54:29.3380|ERROR|WedigITCRM.Startup|start of Configure method
2020-07-15 11:54:30.2809|ERROR|WedigITCRM.Startup|end of Configure method
2020-07-15 11:54:35.1254|ERROR|WedigITCRM.Controllers.HomeController|Entering index action in home controller
2020-07-15 11:54:35.1986|ERROR|WedigITCRM.Controllers.HomeController|index action in home controller redirecting to Customer controller AllCustomers action
2020-07-15 11:59:21.6535|ERROR|WedigITCRM.Startup|start of ConfigureServices
2020-07-15 11:59:22.8681|ERROR|WedigITCRM.Startup|end of ConfigureServices
2020-07-15 11:59:22.9979|ERROR|WedigITCRM.Startup|start of Configure method
2020-07-15 11:59:23.9136|ERROR|WedigITCRM.Startup|end of Configure method
2020-07-15 11:59:30.5674|ERROR|WedigITCRM.Controllers.HomeController|Entering index action in home controller
2020-07-15 11:59:30.6037|ERROR|WedigITCRM.Controllers.HomeController|index action in home controller redirecting to Customer controller AllCustomers action
2020-07-15 12:15:41.6585|ERROR|WedigITCRM.Startup|start of ConfigureServices
2020-07-15 12:15:43.2408|ERROR|WedigITCRM.Startup|end of ConfigureServices
2020-07-15 12:15:43.4099|ERROR|WedigITCRM.Startup|start of Configure method
2020-07-15 12:15:44.3255|ERROR|WedigITCRM.Startup|end of Configure method
2020-07-15 12:15:49.8570|ERROR|WedigITCRM.Controllers.HomeController|Entering index action in home controller
2020-07-15 12:15:49.9634|ERROR|WedigITCRM.Controllers.HomeController|index action in home controller redirecting to Customer controller AllCustomers action
2020-07-15 12:31:54.3553|ERROR|WedigITCRM.Startup|start of ConfigureServices
2020-07-15 12:31:56.1639|ERROR|WedigITCRM.Startup|end of ConfigureServices
2020-07-15 12:31:56.2763|ERROR|WedigITCRM.Startup|start of Configure method
2020-07-15 12:31:57.0447|ERROR|WedigITCRM.Startup|end of Configure method
2020-07-15 12:32:08.8044|ERROR|WedigITCRM.Controllers.HomeController|Entering index action in home controller
2020-07-15 12:32:08.8678|ERROR|WedigITCRM.Controllers.HomeController|index action in home controller redirecting to Customer controller AllCustomers action
2020-07-15 12:38:13.9949|ERROR|WedigITCRM.Startup|start of ConfigureServices
2020-07-15 12:38:15.7219|ERROR|WedigITCRM.Startup|end of ConfigureServices
2020-07-15 12:38:15.8136|ERROR|WedigITCRM.Startup|start of Configure method
2020-07-15 12:38:16.3596|ERROR|WedigITCRM.Startup|end of Configure method
2020-07-15 12:38:23.7126|ERROR|WedigITCRM.Controllers.HomeController|Entering index action in home controller
2020-07-15 12:38:23.8017|ERROR|WedigITCRM.Controllers.HomeController|index action in home controller redirecting to Customer controller AllCustomers action
2020-07-15 14:55:04.7803|ERROR|WedigITCRM.Startup|start of ConfigureServices
2020-07-15 14:55:16.0749|ERROR|WedigITCRM.Startup|end of ConfigureServices
2020-07-15 14:55:16.6762|ERROR|WedigITCRM.Startup|start of Configure method
2020-07-15 14:55:23.0550|ERROR|WedigITCRM.Startup|end of Configure method
2020-07-15 14:55:36.4592|ERROR|WedigITCRM.Controllers.HomeController|Entering index action in home controller
2020-07-15 14:55:36.6748|ERROR|WedigITCRM.Controllers.HomeController|index action in home controller redirecting to frontpage controller index action
2020-07-15 14:57:29.8109|ERROR|WedigITCRM.Controllers.HomeController|Entering index action in home controller
2020-07-15 14:57:29.8456|ERROR|WedigITCRM.Controllers.HomeController|index action in home controller redirecting to Customer controller AllCustomers action
2020-07-15 17:35:47.4208|ERROR|WedigITCRM.Startup|start of ConfigureServices
2020-07-15 17:35:48.9735|ERROR|WedigITCRM.Startup|end of ConfigureServices
2020-07-15 17:35:49.2199|ERROR|WedigITCRM.Startup|start of Configure method
2020-07-15 17:35:49.9600|ERROR|WedigITCRM.Startup|end of Configure method
2020-07-15 17:35:52.8831|ERROR|WedigITCRM.Controllers.HomeController|Entering index action in home controller
2020-07-15 17:35:53.0368|ERROR|WedigITCRM.Controllers.HomeController|index action in home controller redirecting to frontpage controller index action
2020-07-15 17:36:03.9229|ERROR|WedigITCRM.Controllers.HomeController|Entering index action in home controller
2020-07-15 17:36:03.9513|ERROR|WedigITCRM.Controllers.HomeController|index action in home controller redirecting to Customer controller AllCustomers action
2020-07-15 22:09:26.9230|ERROR|WedigITCRM.Startup|start of ConfigureServices
2020-07-15 22:09:32.6478|ERROR|WedigITCRM.Startup|end of ConfigureServices
2020-07-15 22:09:34.5828|ERROR|WedigITCRM.Startup|start of Configure method
2020-07-15 22:09:38.6090|ERROR|WedigITCRM.Startup|end of Configure method
2020-07-15 22:09:50.5360|ERROR|WedigITCRM.Controllers.HomeController|Entering index action in home controller
2020-07-15 22:09:50.7366|ERROR|WedigITCRM.Controllers.HomeController|index action in home controller redirecting to frontpage controller index action
2020-07-15 22:10:11.5904|ERROR|WedigITCRM.Controllers.HomeController|Entering index action in home controller
2020-07-15 22:10:11.6347|ERROR|WedigITCRM.Controllers.HomeController|index action in home controller redirecting to Customer controller AllCustomers action
2020-07-15 22:57:34.2448|ERROR|WedigITCRM.Startup|start of ConfigureServices
2020-07-15 22:57:36.8453|ERROR|WedigITCRM.Startup|end of ConfigureServices
2020-07-15 22:57:37.1802|ERROR|WedigITCRM.Startup|start of Configure method
2020-07-15 22:57:38.8166|ERROR|WedigITCRM.Startup|end of Configure method
2020-07-15 22:57:52.7706|ERROR|WedigITCRM.Controllers.HomeController|Entering index action in home controller
2020-07-15 22:57:52.8503|ERROR|WedigITCRM.Controllers.HomeController|index action in home controller redirecting to Customer controller AllCustomers action
2020-07-15 23:49:57.8693|ERROR|Microsoft.AspNetCore.Diagnostics.ExceptionHandlerMiddleware|An unhandled exception has occurred while executing the request.
2020-07-15 23:49:57.8693|ERROR|Microsoft.AspNetCore.Diagnostics.ExceptionHandlerMiddleware|An unhandled exception has occurred while executing the request.
2020-07-15 23:49:57.9252|ERROR|Microsoft.AspNetCore.Diagnostics.ExceptionHandlerMiddleware|An unhandled exception has occurred while executing the request.
2020-07-15 23:49:58.0436|ERROR|WedigITCRM.Startup|{"UserId":"6c1e27cf-820e-4335-b9a5-7ed1142c531c","UserName":"johnpetersen1959@gmail.com","CompanyId":"13024","CompanyName":"wedigIT ApS","Type":null,"Title":"Unexpected Error","Status":500,"Detail":"The SSL connection could not be established, see inner exception. Authentication failed because the remote party has closed the transport stream.\r\n                                         \r\n\r\n                                            at System.Net.HttpWebRequest.GetResponse()\r\n   at System.Net.WebClient.GetWebResponse(WebRequest request)\r\n   at System.Net.WebClient.DownloadBits(WebRequest request, Stream writeStream)\r\n   at System.Net.WebClient.DownloadDataInternal(Uri address, WebRequest& request)\r\n   at System.Net.WebClient.DownloadString(Uri address)\r\n   at WedigITCRM.DineroAPI.DineroInvoice.getInvoiceLinesFromDinero(String invoiceGuid) in C:\\Users\\John\\source\\repos\\WedigITCRM\\WedigITCRM\\DineroAPI\\DineroInvoice.cs:line 61\r\n   at WedigITCRM.Controllers.PurchaseOrderController.getTotalSoldAmountForStockItem(DateTime fromDate, DateTime toDate, Guid DineroStockitemId, CompanyAccount companyAccount) in C:\\Users\\John\\source\\repos\\WedigITCRM\\WedigITCRM\\Controllers\\PurchaseOrderController.cs:line 979\r\n   at WedigITCRM.Controllers.PurchaseOrderController.EditPurchaseBudget(Int32 purchaseBudgetId, String searchByStockItemName, String searchByStockItemNumber, String vendorId, String purchaseDocumentNumber, String category1Id, String category2Id, String category3Id, CompanyAccount companyAccount) in C:\\Users\\John\\source\\repos\\WedigITCRM\\WedigITCRM\\Controllers\\PurchaseOrderController.cs:line 834\r\n   at lambda_method(Closure , Object , Object[] )\r\n   at Microsoft.AspNetCore.Mvc.Infrastructure.ActionMethodExecutor.SyncActionResultExecutor.Execute(IActionResultTypeMapper mapper, ObjectMethodExecutor executor, Object controller, Object[] arguments)\r\n   at Microsoft.AspNetCore.Mvc.Infrastructure.ControllerActionInvoker.InvokeActionMethodAsync()\r\n   at Microsoft.AspNetCore.Mvc.Infrastructure.ControllerActionInvoker.Next(State& next, Scope& scope, Object& state, Boolean& isCompleted)\r\n   at Microsoft.AspNetCore.Mvc.Infrastructure.ControllerActionInvoker.InvokeNextActionFilterAsync()\r\n--- End of stack trace from previous location where exception was thrown ---\r\n   at Microsoft.AspNetCore.Mvc.Infrastructure.ControllerActionInvoker.Rethrow(ActionExecutedContextSealed context)\r\n   at Microsoft.AspNetCore.Mvc.Infrastructure.ControllerActionInvoker.Next(State& next, Scope& scope, Object& state, Boolean& isCompleted)\r\n   at Microsoft.AspNetCore.Mvc.Infrastructure.ControllerActionInvoker.InvokeInnerFilterAsync()\r\n--- End of stack trace from previous location where exception was thrown ---\r\n   at Microsoft.AspNetCore.Mvc.Infrastructure.ResourceInvoker.<InvokeNextResourceFilter>g__Awaited|24_0(ResourceInvoker invoker, Task lastTask, State next, Scope scope, Object state, Boolean isCompleted)\r\n   at Microsoft.AspNetCore.Mvc.Infrastructure.ResourceInvoker.Rethrow(ResourceExecutedContextSealed context)\r\n   at Microsoft.AspNetCore.Mvc.Infrastructure.ResourceInvoker.Next(State& next, Scope& scope, Object& state, Boolean& isCompleted)\r\n   at Microsoft.AspNetCore.Mvc.Infrastructure.ResourceInvoker.InvokeFilterPipelineAsync()\r\n--- End of stack trace from previous location where exception was thrown ---\r\n   at Microsoft.AspNetCore.Mvc.Infrastructure.ResourceInvoker.<InvokeAsync>g__Logged|17_1(ResourceInvoker invoker)\r\n   at Microsoft.AspNetCore.Builder.RouterMiddleware.Invoke(HttpContext httpContext)\r\n   at Microsoft.AspNetCore.Authentication.AuthenticationMiddleware.Invoke(HttpContext context)\r\n   at Microsoft.AspNetCore.Diagnostics.ExceptionHandlerMiddleware.<Invoke>g__Awaited|6_0(ExceptionHandlerMiddleware middleware, HttpContext context, Task task)","Instance":"d295f9f1-d042-45aa-a52d-79f4bd189540","Extensions":{}}
2020-07-15 23:49:58.0436|ERROR|WedigITCRM.Startup|{"UserId":"6c1e27cf-820e-4335-b9a5-7ed1142c531c","UserName":"johnpetersen1959@gmail.com","CompanyId":"13024","CompanyName":"wedigIT ApS","Type":null,"Title":"Unexpected Error","Status":500,"Detail":"The SSL connection could not be established, see inner exception. Authentication failed because the remote party has closed the transport stream.\r\n                                         \r\n\r\n                                            at System.Net.HttpWebRequest.GetResponse()\r\n   at System.Net.WebClient.GetWebResponse(WebRequest request)\r\n   at System.Net.WebClient.DownloadBits(WebRequest request, Stream writeStream)\r\n   at System.Net.WebClient.DownloadDataInternal(Uri address, WebRequest& request)\r\n   at System.Net.WebClient.DownloadString(Uri address)\r\n   at WedigITCRM.DineroAPI.DineroInvoice.getInvoicesByIntervalFromDinero(DateTime fromDate, DateTime toDate) in C:\\Users\\John\\source\\repos\\WedigITCRM\\WedigITCRM\\DineroAPI\\DineroInvoice.cs:line 35\r\n   at WedigITCRM.Controllers.PurchaseOrderController.getTotalSoldAmountForStockItem(DateTime fromDate, DateTime toDate, Guid DineroStockitemId, CompanyAccount companyAccount) in C:\\Users\\John\\source\\repos\\WedigITCRM\\WedigITCRM\\Controllers\\PurchaseOrderController.cs:line 975\r\n   at WedigITCRM.Controllers.PurchaseOrderController.EditPurchaseBudget(Int32 purchaseBudgetId, String searchByStockItemName, String searchByStockItemNumber, String vendorId, String purchaseDocumentNumber, String category1Id, String category2Id, String category3Id, CompanyAccount companyAccount) in C:\\Users\\John\\source\\repos\\WedigITCRM\\WedigITCRM\\Controllers\\PurchaseOrderController.cs:line 834\r\n   at lambda_method(Closure , Object , Object[] )\r\n   at Microsoft.AspNetCore.Mvc.Infrastructure.ActionMethodExecutor.SyncActionResultExecutor.Execute(IActionResultTypeMapper mapper, ObjectMethodExecutor executor, Object controller, Object[] arguments)\r\n   at Microsoft.AspNetCore.Mvc.Infrastructure.ControllerActionInvoker.InvokeActionMethodAsync()\r\n   at Microsoft.AspNetCore.Mvc.Infrastructure.ControllerActionInvoker.Next(State& next, Scope& scope, Object& state, Boolean& isCompleted)\r\n   at Microsoft.AspNetCore.Mvc.Infrastructure.ControllerActionInvoker.InvokeNextActionFilterAsync()\r\n--- End of stack trace from previous location where exception was thrown ---\r\n   at Microsoft.AspNetCore.Mvc.Infrastructure.ControllerActionInvoker.Rethrow(ActionExecutedContextSealed context)\r\n   at Microsoft.AspNetCore.Mvc.Infrastructure.ControllerActionInvoker.Next(State& next, Scope& scope, Object& state, Boolean& isCompleted)\r\n   at Microsoft.AspNetCore.Mvc.Infrastructure.ControllerActionInvoker.InvokeInnerFilterAsync()\r\n--- End of stack trace from previous location where exception was thrown ---\r\n   at Microsoft.AspNetCore.Mvc.Infrastructure.ResourceInvoker.<InvokeNextResourceFilter>g__Awaited|24_0(ResourceInvoker invoker, Task lastTask, State next, Scope scope, Object state, Boolean isCompleted)\r\n   at Microsoft.AspNetCore.Mvc.Infrastructure.ResourceInvoker.Rethrow(ResourceExecutedContextSealed context)\r\n   at Microsoft.AspNetCore.Mvc.Infrastructure.ResourceInvoker.Next(State& next, Scope& scope, Object& state, Boolean& isCompleted)\r\n   at Microsoft.AspNetCore.Mvc.Infrastructure.ResourceInvoker.InvokeFilterPipelineAsync()\r\n--- End of stack trace from previous location where exception was thrown ---\r\n   at Microsoft.AspNetCore.Mvc.Infrastructure.ResourceInvoker.<InvokeAsync>g__Logged|17_1(ResourceInvoker invoker)\r\n   at Microsoft.AspNetCore.Builder.RouterMiddleware.Invoke(HttpContext httpContext)\r\n   at Microsoft.AspNetCore.Authentication.AuthenticationMiddleware.Invoke(HttpContext context)\r\n   at Microsoft.AspNetCore.Diagnostics.ExceptionHandlerMiddleware.<Invoke>g__Awaited|6_0(ExceptionHandlerMiddleware middleware, HttpContext context, Task task)","Instance":"bea37b00-498f-4f4a-a586-3298c50ea76e","Extensions":{}}
2020-07-15 23:49:58.0436|ERROR|WedigITCRM.Startup|{"UserId":"6c1e27cf-820e-4335-b9a5-7ed1142c531c","UserName":"johnpetersen1959@gmail.com","CompanyId":"13024","CompanyName":"wedigIT ApS","Type":null,"Title":"Unexpected Error","Status":500,"Detail":"Database operation expected to affect 1 row(s) but actually affected 0 row(s). Data may have been modified or deleted since entities were loaded. See http://go.microsoft.com/fwlink/?LinkId=527962 for information on understanding and handling optimistic concurrency exceptions.\r\n                                         \r\n\r\n                                            at Microsoft.EntityFrameworkCore.Update.AffectedCountModificationCommandBatch.ThrowAggregateUpdateConcurrencyException(Int32 commandIndex, Int32 expectedRowsAffected, Int32 rowsAffected)\r\n   at Microsoft.EntityFrameworkCore.Update.AffectedCountModificationCommandBatch.ConsumeResultSetWithoutPropagation(Int32 commandIndex, RelationalDataReader reader)\r\n   at Microsoft.EntityFrameworkCore.Update.AffectedCountModificationCommandBatch.Consume(RelationalDataReader reader)\r\n   at Microsoft.EntityFrameworkCore.Update.ReaderModificationCommandBatch.Execute(IRelationalConnection connection)\r\n   at Microsoft.EntityFrameworkCore.Update.Internal.BatchExecutor.Execute(IEnumerable`1 commandBatches, IRelationalConnection connection)\r\n   at Microsoft.EntityFrameworkCore.ChangeTracking.Internal.StateManager.SaveChanges(IList`1 entriesToSave)\r\n   at Microsoft.EntityFrameworkCore.ChangeTracking.Internal.StateManager.SaveChanges(DbContext _, Boolean acceptAllChangesOnSuccess)\r\n   at Microsoft.EntityFrameworkCore.SqlServer.Storage.Internal.SqlServerExecutionStrategy.Execute[TState,TResult](TState state, Func`3 operation, Func`3 verifySucceeded)\r\n   at Microsoft.EntityFrameworkCore.DbContext.SaveChanges(Boolean acceptAllChangesOnSuccess)\r\n   at WedigITCRM.SQLImplmementationModels.SQLPurchaseBudgetLinesRepository.Delete(Int32 id) in C:\\Users\\John\\source\\repos\\WedigITCRM\\WedigITCRM\\SQLImplmementationModels\\SQLPurchaseBudgetLinesRepository.cs:line 31\r\n   at WedigITCRM.Controllers.PurchaseOrderController.deleteBudgetLine(PurchaseBudgetLineModel model, CompanyAccount companyAccount) in C:\\Users\\John\\source\\repos\\WedigITCRM\\WedigITCRM\\Controllers\\PurchaseOrderController.cs:line 1148\r\n   at lambda_method(Closure , Object , Object[] )\r\n   at Microsoft.AspNetCore.Mvc.Infrastructure.ActionMethodExecutor.SyncActionResultExecutor.Execute(IActionResultTypeMapper mapper, ObjectMethodExecutor executor, Object controller, Object[] arguments)\r\n   at Microsoft.AspNetCore.Mvc.Infrastructure.ControllerActionInvoker.InvokeActionMethodAsync()\r\n   at Microsoft.AspNetCore.Mvc.Infrastructure.ControllerActionInvoker.Next(State& next, Scope& scope, Object& state, Boolean& isCompleted)\r\n   at Microsoft.AspNetCore.Mvc.Infrastructure.ControllerActionInvoker.InvokeNextActionFilterAsync()\r\n--- End of stack trace from previous location where exception was thrown ---\r\n   at Microsoft.AspNetCore.Mvc.Infrastructure.ControllerActionInvoker.Rethrow(ActionExecutedContextSealed context)\r\n   at Microsoft.AspNetCore.Mvc.Infrastructure.ControllerActionInvoker.Next(State& next, Scope& scope, Object& state, Boolean& isCompleted)\r\n   at Microsoft.AspNetCore.Mvc.Infrastructure.ControllerActionInvoker.InvokeInnerFilterAsync()\r\n--- End of stack trace from previous location where exception was thrown ---\r\n   at Microsoft.AspNetCore.Mvc.Infrastructure.ResourceInvoker.<InvokeNextResourceFilter>g__Awaited|24_0(ResourceInvoker invoker, Task lastTask, State next, Scope scope, Object state, Boolean isCompleted)\r\n   at Microsoft.AspNetCore.Mvc.Infrastructure.ResourceInvoker.Rethrow(ResourceExecutedContextSealed context)\r\n   at Microsoft.AspNetCore.Mvc.Infrastructure.ResourceInvoker.Next(State& next, Scope& scope, Object& state, Boolean& isCompleted)\r\n   at Microsoft.AspNetCore.Mvc.Infrastructure.ResourceInvoker.InvokeFilterPipelineAsync()\r\n--- End of stack trace from previous location where exception was thrown ---\r\n   at Microsoft.AspNetCore.Mvc.Infrastructure.ResourceInvoker.<InvokeAsync>g__Logged|17_1(ResourceInvoker invoker)\r\n   at Microsoft.AspNetCore.Builder.RouterMiddleware.Invoke(HttpContext httpContext)\r\n   at Microsoft.AspNetCore.Authentication.AuthenticationMiddleware.Invoke(HttpContext context)\r\n   at Microsoft.AspNetCore.Diagnostics.ExceptionHandlerMiddleware.<Invoke>g__Awaited|6_0(ExceptionHandlerMiddleware middleware, HttpContext context, Task task)","Instance":"8db831b4-5b31-4159-8a7f-f265415e3dfa","Extensions":{}}
