2020-11-26 00:31:52.0771|ERROR|WedigITCRM.Startup|start of ConfigureServices
2020-11-26 00:31:53.8846|ERROR|WedigITCRM.Startup|end of ConfigureServices
2020-11-26 00:31:53.9917|ERROR|WedigITCRM.Startup|start of Configure method
2020-11-26 00:31:54.6498|INFO|Microsoft.AspNetCore.DataProtection.KeyManagement.XmlKeyManager|User profile is available. Using 'C:\Users\John\AppData\Local\ASP.NET\DataProtection-Keys' as key repository and Windows DPAPI to encrypt keys at rest.
2020-11-26 00:31:54.6802|ERROR|WedigITCRM.Startup|end of Configure method
2020-11-26 00:31:56.6182|WARN|Microsoft.EntityFrameworkCore.Model.Validation|No type was specified for the decimal column 'OurUnitSalesPrice' on entity type 'PurchaseOrderLine'. This will cause values to be silently truncated if they do not fit in the default precision and scale. Explicitly specify the SQL server column type that can accommodate all the values using 'HasColumnType()'.
2020-11-26 00:31:56.6521|WARN|Microsoft.EntityFrameworkCore.Model.Validation|No type was specified for the decimal column 'QuantityReceivedUntillNow' on entity type 'PurchaseOrderLine'. This will cause values to be silently truncated if they do not fit in the default precision and scale. Explicitly specify the SQL server column type that can accommodate all the values using 'HasColumnType()'.
2020-11-26 00:31:56.6688|WARN|Microsoft.EntityFrameworkCore.Model.Validation|No type was specified for the decimal column 'NumberInStock' on entity type 'StockItem'. This will cause values to be silently truncated if they do not fit in the default precision and scale. Explicitly specify the SQL server column type that can accommodate all the values using 'HasColumnType()'.
2020-11-26 00:31:56.7850|INFO|Microsoft.EntityFrameworkCore.Infrastructure|Entity Framework Core 3.1.4 initialized 'AppDbContext' using provider 'Microsoft.EntityFrameworkCore.SqlServer' with options: MaxPoolSize=128 
2020-11-26 00:31:56.7850|INFO|Microsoft.EntityFrameworkCore.Infrastructure|Entity Framework Core 3.1.4 initialized 'AppDbContext' using provider 'Microsoft.EntityFrameworkCore.SqlServer' with options: MaxPoolSize=128 
2020-11-26 00:31:56.7850|INFO|Microsoft.EntityFrameworkCore.Infrastructure|Entity Framework Core 3.1.4 initialized 'AppDbContext' using provider 'Microsoft.EntityFrameworkCore.SqlServer' with options: MaxPoolSize=128 
2020-11-26 00:31:56.7850|INFO|Microsoft.EntityFrameworkCore.Infrastructure|Entity Framework Core 3.1.4 initialized 'AppDbContext' using provider 'Microsoft.EntityFrameworkCore.SqlServer' with options: MaxPoolSize=128 
2020-11-26 00:31:56.8909|INFO|Microsoft.AspNetCore.Hosting.Diagnostics|Request starting HTTP/2.0 GET https://localhost:44395/  
2020-11-26 00:31:57.5301|INFO|Microsoft.AspNetCore.Mvc.Infrastructure.ControllerActionInvoker|Route matched with {action = "Index", controller = "Home"}. Executing controller action with signature Microsoft.AspNetCore.Mvc.IActionResult Index(WedigITCRM.CompanyAccount) on controller WedigITCRM.Controllers.HomeController (WedigITCRM).
2020-11-26 00:31:57.6178|ERROR|WedigITCRM.Controllers.HomeController|Entering index action in home controller
2020-11-26 00:31:57.6457|ERROR|WedigITCRM.Controllers.HomeController|index action in home controller redirecting to frontpage controller index action
2020-11-26 00:31:57.6933|INFO|Microsoft.AspNetCore.Mvc.RedirectToActionResult|Executing RedirectResult, redirecting to /FrontPage.
2020-11-26 00:31:57.7191|INFO|Microsoft.AspNetCore.Mvc.Infrastructure.ControllerActionInvoker|Executed action WedigITCRM.Controllers.HomeController.Index (WedigITCRM) in 174.6872ms
2020-11-26 00:31:57.7826|INFO|Microsoft.AspNetCore.Hosting.Diagnostics|Request finished in 884.443ms 302 
2020-11-26 00:31:57.9511|INFO|Microsoft.AspNetCore.Hosting.Diagnostics|Request starting HTTP/2.0 GET https://localhost:44395/FrontPage  
2020-11-26 00:31:58.0067|INFO|Microsoft.AspNetCore.Mvc.Infrastructure.ControllerActionInvoker|Route matched with {action = "Index", controller = "FrontPage"}. Executing controller action with signature Microsoft.AspNetCore.Mvc.IActionResult Index() on controller WedigITCRM.Controllers.FrontPageController (WedigITCRM).
2020-11-26 00:31:58.7119|INFO|Microsoft.AspNetCore.Mvc.ViewFeatures.ViewResultExecutor|Executing ViewResult, running view Index.
2020-11-26 00:31:58.9779|INFO|Microsoft.AspNetCore.Mvc.ViewFeatures.ViewResultExecutor|Executed ViewResult - view Index executed in 916.4802ms.
2020-11-26 00:31:59.2713|INFO|Microsoft.AspNetCore.Mvc.Infrastructure.ControllerActionInvoker|Executed action WedigITCRM.Controllers.FrontPageController.Index (WedigITCRM) in 977.6955ms
2020-11-26 00:31:59.4488|INFO|Microsoft.AspNetCore.Hosting.Diagnostics|Request finished in 1396.5565ms 200 text/html; charset=utf-8
2020-11-26 00:32:01.8836|INFO|Microsoft.AspNetCore.Hosting.Diagnostics|Request starting HTTP/2.0 GET https://localhost:44395/favicon.ico  
2020-11-26 00:32:01.9737|INFO|Microsoft.AspNetCore.Hosting.Diagnostics|Request finished in 123.1648ms 404 
2020-11-26 00:32:05.8924|INFO|Microsoft.EntityFrameworkCore.Database.Command|Executed DbCommand (43ms) [Parameters=[], CommandType='Text', CommandTimeout='30']
SELECT [c].[companyAccountId], [c].[AmountToPayForLicense], [c].[Booking], [c].[CompanyCVRNumber], [c].[CompanyCity], [c].[CompanyCountryCode], [c].[CompanyName], [c].[CompanyStreet], [c].[CompanyZip], [c].[Companyidentifier], [c].[ContactsToDineroLastSynchronizationDate], [c].[ContactsToNyxiumLastSynchronizationDate], [c].[DineroAPIOrganization], [c].[DineroAPIOrganizationKey], [c].[IntegrationDinero], [c].[LogoAttachmentIds], [c].[NyxiumLicenseTypeId], [c].[NyxiumLicenseTypeName], [c].[SalesStatistic], [c].[StockItemsToDineroLastSynchronizationDate], [c].[StockItemsToNyxiumSynchronizationDate], [c].[SubscriptionCRM], [c].[SubscriptionInventory], [c].[SubscriptionProcurement], [c].[SubscriptionVendor], [c].[VendorsItemsToDineroLastSynchronizationDate], [c].[activationDate], [c].[activationKey], [c].[registrationDate], [c].[synchronizeCustomerFromDineroToNyxium], [c].[synchronizeCustomerFromNyxiumToDinero], [c].[synchronizeStockItemFromDineroToNyxium], [c].[synchronizeStockItemFromNyxiumToDinero]
FROM [companyAccounts] AS [c]
2020-11-26 00:32:05.8924|INFO|Microsoft.EntityFrameworkCore.Database.Command|Executed DbCommand (44ms) [Parameters=[], CommandType='Text', CommandTimeout='30']
SELECT [c].[companyAccountId], [c].[AmountToPayForLicense], [c].[Booking], [c].[CompanyCVRNumber], [c].[CompanyCity], [c].[CompanyCountryCode], [c].[CompanyName], [c].[CompanyStreet], [c].[CompanyZip], [c].[Companyidentifier], [c].[ContactsToDineroLastSynchronizationDate], [c].[ContactsToNyxiumLastSynchronizationDate], [c].[DineroAPIOrganization], [c].[DineroAPIOrganizationKey], [c].[IntegrationDinero], [c].[LogoAttachmentIds], [c].[NyxiumLicenseTypeId], [c].[NyxiumLicenseTypeName], [c].[SalesStatistic], [c].[StockItemsToDineroLastSynchronizationDate], [c].[StockItemsToNyxiumSynchronizationDate], [c].[SubscriptionCRM], [c].[SubscriptionInventory], [c].[SubscriptionProcurement], [c].[SubscriptionVendor], [c].[VendorsItemsToDineroLastSynchronizationDate], [c].[activationDate], [c].[activationKey], [c].[registrationDate], [c].[synchronizeCustomerFromDineroToNyxium], [c].[synchronizeCustomerFromNyxiumToDinero], [c].[synchronizeStockItemFromDineroToNyxium], [c].[synchronizeStockItemFromNyxiumToDinero]
FROM [companyAccounts] AS [c]
2020-11-26 00:32:05.8924|INFO|Microsoft.EntityFrameworkCore.Database.Command|Executed DbCommand (39ms) [Parameters=[], CommandType='Text', CommandTimeout='30']
SELECT [a].[Id], [a].[CompanyId], [a].[CreatedDate], [a].[Date], [a].[Description], [a].[LastEditedDate], [a].[NotificationIsSent], [a].[NotifyOffset], [a].[Subject], [a].[UserId], [a].[companyAccountId], [a].[contactPersonId]
FROM [Activities] AS [a]
2020-11-26 00:32:05.9833|INFO|Microsoft.EntityFrameworkCore.Database.Command|Executed DbCommand (131ms) [Parameters=[@__normalizedName_0='?' (Size = 256)], CommandType='Text', CommandTimeout='30']
SELECT TOP(1) [a].[Id], [a].[ConcurrencyStamp], [a].[Name], [a].[NormalizedName]
FROM [AspNetRoles] AS [a]
WHERE [a].[NormalizedName] = @__normalizedName_0
2020-11-26 00:32:06.5223|INFO|Microsoft.EntityFrameworkCore.Database.Command|Executed DbCommand (39ms) [Parameters=[@__normalizedName_0='?' (Size = 256)], CommandType='Text', CommandTimeout='30']
SELECT TOP(1) [a].[Id], [a].[ConcurrencyStamp], [a].[Name], [a].[NormalizedName]
FROM [AspNetRoles] AS [a]
WHERE [a].[NormalizedName] = @__normalizedName_0
2020-11-26 00:32:06.6369|INFO|Microsoft.EntityFrameworkCore.Database.Command|Executed DbCommand (30ms) [Parameters=[@__normalizedUserName_0='?' (Size = 256)], CommandType='Text', CommandTimeout='30']
SELECT TOP(1) [a].[Id], [a].[AccessFailedCount], [a].[ConcurrencyStamp], [a].[Email], [a].[EmailConfirmed], [a].[LockoutEnabled], [a].[LockoutEnd], [a].[NormalizedEmail], [a].[NormalizedUserName], [a].[PasswordHash], [a].[PhoneNumber], [a].[PhoneNumberConfirmed], [a].[SecurityStamp], [a].[TwoFactorEnabled], [a].[UserName]
FROM [AspNetUsers] AS [a]
WHERE [a].[NormalizedUserName] = @__normalizedUserName_0
2020-11-26 00:32:06.7658|INFO|Microsoft.EntityFrameworkCore.Database.Command|Executed DbCommand (19ms) [Parameters=[@p32='?' (DbType = Int32), @p0='?' (DbType = Decimal), @p1='?' (DbType = Boolean), @p2='?' (Size = 4000), @p3='?' (Size = 4000), @p4='?' (Size = 4000), @p5='?' (Size = 4000), @p6='?' (Size = 4000), @p7='?' (Size = 4000), @p8='?' (Size = 4000), @p9='?' (DbType = DateTime2), @p10='?' (DbType = DateTime2), @p11='?' (Size = 4000), @p12='?' (Size = 4000), @p13='?' (DbType = Boolean), @p14='?' (Size = 4000), @p15='?' (DbType = Int32), @p16='?' (Size = 4000), @p17='?' (DbType = Boolean), @p18='?' (DbType = DateTime2), @p19='?' (DbType = DateTime2), @p20='?' (DbType = Boolean), @p21='?' (DbType = Boolean), @p22='?' (DbType = Boolean), @p23='?' (DbType = Boolean), @p24='?' (DbType = DateTime2), @p25='?' (DbType = DateTime2), @p26='?' (DbType = Guid), @p27='?' (DbType = DateTime2), @p28='?' (DbType = Boolean), @p29='?' (DbType = Boolean), @p30='?' (DbType = Boolean), @p31='?' (DbType = Boolean)], CommandType='Text', CommandTimeout='30']
SET NOCOUNT ON;
UPDATE [companyAccounts] SET [AmountToPayForLicense] = @p0, [Booking] = @p1, [CompanyCVRNumber] = @p2, [CompanyCity] = @p3, [CompanyCountryCode] = @p4, [CompanyName] = @p5, [CompanyStreet] = @p6, [CompanyZip] = @p7, [Companyidentifier] = @p8, [ContactsToDineroLastSynchronizationDate] = @p9, [ContactsToNyxiumLastSynchronizationDate] = @p10, [DineroAPIOrganization] = @p11, [DineroAPIOrganizationKey] = @p12, [IntegrationDinero] = @p13, [LogoAttachmentIds] = @p14, [NyxiumLicenseTypeId] = @p15, [NyxiumLicenseTypeName] = @p16, [SalesStatistic] = @p17, [StockItemsToDineroLastSynchronizationDate] = @p18, [StockItemsToNyxiumSynchronizationDate] = @p19, [SubscriptionCRM] = @p20, [SubscriptionInventory] = @p21, [SubscriptionProcurement] = @p22, [SubscriptionVendor] = @p23, [VendorsItemsToDineroLastSynchronizationDate] = @p24, [activationDate] = @p25, [activationKey] = @p26, [registrationDate] = @p27, [synchronizeCustomerFromDineroToNyxium] = @p28, [synchronizeCustomerFromNyxiumToDinero] = @p29, [synchronizeStockItemFromDineroToNyxium] = @p30, [synchronizeStockItemFromNyxiumToDinero] = @p31
WHERE [companyAccountId] = @p32;
SELECT @@ROWCOUNT;
2020-11-26 00:32:06.7968|INFO|Microsoft.EntityFrameworkCore.Database.Command|Executed DbCommand (0ms) [Parameters=[@p32='?' (DbType = Int32), @p0='?' (DbType = Decimal), @p1='?' (DbType = Boolean), @p2='?' (Size = 4000), @p3='?' (Size = 4000), @p4='?' (Size = 4000), @p5='?' (Size = 4000), @p6='?' (Size = 4000), @p7='?' (Size = 4000), @p8='?' (Size = 4000), @p9='?' (DbType = DateTime2), @p10='?' (DbType = DateTime2), @p11='?' (Size = 4000), @p12='?' (Size = 4000), @p13='?' (DbType = Boolean), @p14='?' (Size = 4000), @p15='?' (DbType = Int32), @p16='?' (Size = 4000), @p17='?' (DbType = Boolean), @p18='?' (DbType = DateTime2), @p19='?' (DbType = DateTime2), @p20='?' (DbType = Boolean), @p21='?' (DbType = Boolean), @p22='?' (DbType = Boolean), @p23='?' (DbType = Boolean), @p24='?' (DbType = DateTime2), @p25='?' (DbType = DateTime2), @p26='?' (DbType = Guid), @p27='?' (DbType = DateTime2), @p28='?' (DbType = Boolean), @p29='?' (DbType = Boolean), @p30='?' (DbType = Boolean), @p31='?' (DbType = Boolean)], CommandType='Text', CommandTimeout='30']
SET NOCOUNT ON;
UPDATE [companyAccounts] SET [AmountToPayForLicense] = @p0, [Booking] = @p1, [CompanyCVRNumber] = @p2, [CompanyCity] = @p3, [CompanyCountryCode] = @p4, [CompanyName] = @p5, [CompanyStreet] = @p6, [CompanyZip] = @p7, [Companyidentifier] = @p8, [ContactsToDineroLastSynchronizationDate] = @p9, [ContactsToNyxiumLastSynchronizationDate] = @p10, [DineroAPIOrganization] = @p11, [DineroAPIOrganizationKey] = @p12, [IntegrationDinero] = @p13, [LogoAttachmentIds] = @p14, [NyxiumLicenseTypeId] = @p15, [NyxiumLicenseTypeName] = @p16, [SalesStatistic] = @p17, [StockItemsToDineroLastSynchronizationDate] = @p18, [StockItemsToNyxiumSynchronizationDate] = @p19, [SubscriptionCRM] = @p20, [SubscriptionInventory] = @p21, [SubscriptionProcurement] = @p22, [SubscriptionVendor] = @p23, [VendorsItemsToDineroLastSynchronizationDate] = @p24, [activationDate] = @p25, [activationKey] = @p26, [registrationDate] = @p27, [synchronizeCustomerFromDineroToNyxium] = @p28, [synchronizeCustomerFromNyxiumToDinero] = @p29, [synchronizeStockItemFromDineroToNyxium] = @p30, [synchronizeStockItemFromNyxiumToDinero] = @p31
WHERE [companyAccountId] = @p32;
SELECT @@ROWCOUNT;
2020-11-26 00:32:06.7968|INFO|Microsoft.EntityFrameworkCore.Database.Command|Executed DbCommand (0ms) [Parameters=[@p32='?' (DbType = Int32), @p0='?' (DbType = Decimal), @p1='?' (DbType = Boolean), @p2='?' (Size = 4000), @p3='?' (Size = 4000), @p4='?' (Size = 4000), @p5='?' (Size = 4000), @p6='?' (Size = 4000), @p7='?' (Size = 4000), @p8='?' (Size = 4000), @p9='?' (DbType = DateTime2), @p10='?' (DbType = DateTime2), @p11='?' (Size = 4000), @p12='?' (Size = 4000), @p13='?' (DbType = Boolean), @p14='?' (Size = 4000), @p15='?' (DbType = Int32), @p16='?' (Size = 4000), @p17='?' (DbType = Boolean), @p18='?' (DbType = DateTime2), @p19='?' (DbType = DateTime2), @p20='?' (DbType = Boolean), @p21='?' (DbType = Boolean), @p22='?' (DbType = Boolean), @p23='?' (DbType = Boolean), @p24='?' (DbType = DateTime2), @p25='?' (DbType = DateTime2), @p26='?' (DbType = Guid), @p27='?' (DbType = DateTime2), @p28='?' (DbType = Boolean), @p29='?' (DbType = Boolean), @p30='?' (DbType = Boolean), @p31='?' (DbType = Boolean)], CommandType='Text', CommandTimeout='30']
SET NOCOUNT ON;
UPDATE [companyAccounts] SET [AmountToPayForLicense] = @p0, [Booking] = @p1, [CompanyCVRNumber] = @p2, [CompanyCity] = @p3, [CompanyCountryCode] = @p4, [CompanyName] = @p5, [CompanyStreet] = @p6, [CompanyZip] = @p7, [Companyidentifier] = @p8, [ContactsToDineroLastSynchronizationDate] = @p9, [ContactsToNyxiumLastSynchronizationDate] = @p10, [DineroAPIOrganization] = @p11, [DineroAPIOrganizationKey] = @p12, [IntegrationDinero] = @p13, [LogoAttachmentIds] = @p14, [NyxiumLicenseTypeId] = @p15, [NyxiumLicenseTypeName] = @p16, [SalesStatistic] = @p17, [StockItemsToDineroLastSynchronizationDate] = @p18, [StockItemsToNyxiumSynchronizationDate] = @p19, [SubscriptionCRM] = @p20, [SubscriptionInventory] = @p21, [SubscriptionProcurement] = @p22, [SubscriptionVendor] = @p23, [VendorsItemsToDineroLastSynchronizationDate] = @p24, [activationDate] = @p25, [activationKey] = @p26, [registrationDate] = @p27, [synchronizeCustomerFromDineroToNyxium] = @p28, [synchronizeCustomerFromNyxiumToDinero] = @p29, [synchronizeStockItemFromDineroToNyxium] = @p30, [synchronizeStockItemFromNyxiumToDinero] = @p31
WHERE [companyAccountId] = @p32;
SELECT @@ROWCOUNT;
2020-11-26 00:32:06.8206|INFO|Microsoft.EntityFrameworkCore.Database.Command|Executed DbCommand (1ms) [Parameters=[@p32='?' (DbType = Int32), @p0='?' (DbType = Decimal), @p1='?' (DbType = Boolean), @p2='?' (Size = 4000), @p3='?' (Size = 4000), @p4='?' (Size = 4000), @p5='?' (Size = 4000), @p6='?' (Size = 4000), @p7='?' (Size = 4000), @p8='?' (Size = 4000), @p9='?' (DbType = DateTime2), @p10='?' (DbType = DateTime2), @p11='?' (Size = 4000), @p12='?' (Size = 4000), @p13='?' (DbType = Boolean), @p14='?' (Size = 4000), @p15='?' (DbType = Int32), @p16='?' (Size = 4000), @p17='?' (DbType = Boolean), @p18='?' (DbType = DateTime2), @p19='?' (DbType = DateTime2), @p20='?' (DbType = Boolean), @p21='?' (DbType = Boolean), @p22='?' (DbType = Boolean), @p23='?' (DbType = Boolean), @p24='?' (DbType = DateTime2), @p25='?' (DbType = DateTime2), @p26='?' (DbType = Guid), @p27='?' (DbType = DateTime2), @p28='?' (DbType = Boolean), @p29='?' (DbType = Boolean), @p30='?' (DbType = Boolean), @p31='?' (DbType = Boolean)], CommandType='Text', CommandTimeout='30']
SET NOCOUNT ON;
UPDATE [companyAccounts] SET [AmountToPayForLicense] = @p0, [Booking] = @p1, [CompanyCVRNumber] = @p2, [CompanyCity] = @p3, [CompanyCountryCode] = @p4, [CompanyName] = @p5, [CompanyStreet] = @p6, [CompanyZip] = @p7, [Companyidentifier] = @p8, [ContactsToDineroLastSynchronizationDate] = @p9, [ContactsToNyxiumLastSynchronizationDate] = @p10, [DineroAPIOrganization] = @p11, [DineroAPIOrganizationKey] = @p12, [IntegrationDinero] = @p13, [LogoAttachmentIds] = @p14, [NyxiumLicenseTypeId] = @p15, [NyxiumLicenseTypeName] = @p16, [SalesStatistic] = @p17, [StockItemsToDineroLastSynchronizationDate] = @p18, [StockItemsToNyxiumSynchronizationDate] = @p19, [SubscriptionCRM] = @p20, [SubscriptionInventory] = @p21, [SubscriptionProcurement] = @p22, [SubscriptionVendor] = @p23, [VendorsItemsToDineroLastSynchronizationDate] = @p24, [activationDate] = @p25, [activationKey] = @p26, [registrationDate] = @p27, [synchronizeCustomerFromDineroToNyxium] = @p28, [synchronizeCustomerFromNyxiumToDinero] = @p29, [synchronizeStockItemFromDineroToNyxium] = @p30, [synchronizeStockItemFromNyxiumToDinero] = @p31
WHERE [companyAccountId] = @p32;
SELECT @@ROWCOUNT;
2020-11-26 00:32:06.8315|INFO|Microsoft.EntityFrameworkCore.Database.Command|Executed DbCommand (1ms) [Parameters=[@p32='?' (DbType = Int32), @p0='?' (DbType = Decimal), @p1='?' (DbType = Boolean), @p2='?' (Size = 4000), @p3='?' (Size = 4000), @p4='?' (Size = 4000), @p5='?' (Size = 4000), @p6='?' (Size = 4000), @p7='?' (Size = 4000), @p8='?' (Size = 4000), @p9='?' (DbType = DateTime2), @p10='?' (DbType = DateTime2), @p11='?' (Size = 4000), @p12='?' (Size = 4000), @p13='?' (DbType = Boolean), @p14='?' (Size = 4000), @p15='?' (DbType = Int32), @p16='?' (Size = 4000), @p17='?' (DbType = Boolean), @p18='?' (DbType = DateTime2), @p19='?' (DbType = DateTime2), @p20='?' (DbType = Boolean), @p21='?' (DbType = Boolean), @p22='?' (DbType = Boolean), @p23='?' (DbType = Boolean), @p24='?' (DbType = DateTime2), @p25='?' (DbType = DateTime2), @p26='?' (DbType = Guid), @p27='?' (DbType = DateTime2), @p28='?' (DbType = Boolean), @p29='?' (DbType = Boolean), @p30='?' (DbType = Boolean), @p31='?' (DbType = Boolean)], CommandType='Text', CommandTimeout='30']
SET NOCOUNT ON;
UPDATE [companyAccounts] SET [AmountToPayForLicense] = @p0, [Booking] = @p1, [CompanyCVRNumber] = @p2, [CompanyCity] = @p3, [CompanyCountryCode] = @p4, [CompanyName] = @p5, [CompanyStreet] = @p6, [CompanyZip] = @p7, [Companyidentifier] = @p8, [ContactsToDineroLastSynchronizationDate] = @p9, [ContactsToNyxiumLastSynchronizationDate] = @p10, [DineroAPIOrganization] = @p11, [DineroAPIOrganizationKey] = @p12, [IntegrationDinero] = @p13, [LogoAttachmentIds] = @p14, [NyxiumLicenseTypeId] = @p15, [NyxiumLicenseTypeName] = @p16, [SalesStatistic] = @p17, [StockItemsToDineroLastSynchronizationDate] = @p18, [StockItemsToNyxiumSynchronizationDate] = @p19, [SubscriptionCRM] = @p20, [SubscriptionInventory] = @p21, [SubscriptionProcurement] = @p22, [SubscriptionVendor] = @p23, [VendorsItemsToDineroLastSynchronizationDate] = @p24, [activationDate] = @p25, [activationKey] = @p26, [registrationDate] = @p27, [synchronizeCustomerFromDineroToNyxium] = @p28, [synchronizeCustomerFromNyxiumToDinero] = @p29, [synchronizeStockItemFromDineroToNyxium] = @p30, [synchronizeStockItemFromNyxiumToDinero] = @p31
WHERE [companyAccountId] = @p32;
SELECT @@ROWCOUNT;
2020-11-26 00:32:12.3311|INFO|Microsoft.AspNetCore.Hosting.Diagnostics|Request starting HTTP/2.0 GET https://localhost:44395/Account/login  
2020-11-26 00:32:12.3825|INFO|Microsoft.AspNetCore.Mvc.Infrastructure.ControllerActionInvoker|Route matched with {action = "Login", controller = "Account"}. Executing controller action with signature System.Threading.Tasks.Task`1[Microsoft.AspNetCore.Mvc.IActionResult] Login(System.String) on controller WedigITCRM.Controllers.AccountController (WedigITCRM).
2020-11-26 00:32:12.4269|INFO|Microsoft.AspNetCore.Mvc.ViewFeatures.ViewResultExecutor|Executing ViewResult, running view Login.
2020-11-26 00:32:13.1504|INFO|Microsoft.AspNetCore.Mvc.ViewFeatures.ViewResultExecutor|Executed ViewResult - view Login executed in 731.7003ms.
2020-11-26 00:32:13.1641|INFO|Microsoft.AspNetCore.Mvc.Infrastructure.ControllerActionInvoker|Executed action WedigITCRM.Controllers.AccountController.Login (WedigITCRM) in 766.5489ms
2020-11-26 00:32:13.1801|INFO|Microsoft.AspNetCore.Hosting.Diagnostics|Request finished in 849.5809ms 200 text/html; charset=utf-8
2020-11-26 00:32:25.8515|INFO|Microsoft.AspNetCore.Hosting.Diagnostics|Request starting HTTP/2.0 POST https://localhost:44395/Account/Login application/x-www-form-urlencoded 249
2020-11-26 00:32:25.8969|INFO|Microsoft.AspNetCore.Mvc.Infrastructure.ControllerActionInvoker|Route matched with {action = "Login", controller = "Account"}. Executing controller action with signature System.Threading.Tasks.Task`1[Microsoft.AspNetCore.Mvc.IActionResult] Login(WedigITCRM.ViewControllers.LoginViewModel) on controller WedigITCRM.Controllers.AccountController (WedigITCRM).
2020-11-26 00:32:26.5103|INFO|Microsoft.EntityFrameworkCore.Infrastructure|Entity Framework Core 3.1.4 initialized 'AppDbContext' using provider 'Microsoft.EntityFrameworkCore.SqlServer' with options: MaxPoolSize=128 
2020-11-26 00:32:26.6158|INFO|Microsoft.EntityFrameworkCore.Database.Command|Executed DbCommand (68ms) [Parameters=[@__normalizedUserName_0='?' (Size = 256)], CommandType='Text', CommandTimeout='30']
SELECT TOP(1) [a].[Id], [a].[AccessFailedCount], [a].[ConcurrencyStamp], [a].[Email], [a].[EmailConfirmed], [a].[LockoutEnabled], [a].[LockoutEnd], [a].[NormalizedEmail], [a].[NormalizedUserName], [a].[PasswordHash], [a].[PhoneNumber], [a].[PhoneNumberConfirmed], [a].[SecurityStamp], [a].[TwoFactorEnabled], [a].[UserName]
FROM [AspNetUsers] AS [a]
WHERE [a].[NormalizedUserName] = @__normalizedUserName_0
2020-11-26 00:32:26.7893|INFO|Microsoft.EntityFrameworkCore.Database.Command|Executed DbCommand (3ms) [Parameters=[@__user_Id_0='?' (Size = 450)], CommandType='Text', CommandTimeout='30']
SELECT [a].[Id], [a].[ClaimType], [a].[ClaimValue], [a].[UserId]
FROM [AspNetUserClaims] AS [a]
WHERE [a].[UserId] = @__user_Id_0
2020-11-26 00:32:26.8845|INFO|Microsoft.EntityFrameworkCore.Database.Command|Executed DbCommand (11ms) [Parameters=[@__userId_0='?' (Size = 450)], CommandType='Text', CommandTimeout='30']
SELECT [a0].[Name]
FROM [AspNetUserRoles] AS [a]
INNER JOIN [AspNetRoles] AS [a0] ON [a].[RoleId] = [a0].[Id]
WHERE [a].[UserId] = @__userId_0
2020-11-26 00:32:26.8967|INFO|Microsoft.EntityFrameworkCore.Database.Command|Executed DbCommand (3ms) [Parameters=[@__normalizedName_0='?' (Size = 256)], CommandType='Text', CommandTimeout='30']
SELECT TOP(1) [a].[Id], [a].[ConcurrencyStamp], [a].[Name], [a].[NormalizedName]
FROM [AspNetRoles] AS [a]
WHERE [a].[NormalizedName] = @__normalizedName_0
2020-11-26 00:32:26.9239|INFO|Microsoft.EntityFrameworkCore.Database.Command|Executed DbCommand (4ms) [Parameters=[@__role_Id_0='?' (Size = 450)], CommandType='Text', CommandTimeout='30']
SELECT [a].[ClaimType], [a].[ClaimValue]
FROM [AspNetRoleClaims] AS [a]
WHERE [a].[RoleId] = @__role_Id_0
2020-11-26 00:32:26.9432|INFO|Microsoft.AspNetCore.Authentication.Cookies.CookieAuthenticationHandler|AuthenticationScheme: Identity.Application signed in.
2020-11-26 00:32:26.9560|INFO|Microsoft.EntityFrameworkCore.Database.Command|Executed DbCommand (3ms) [Parameters=[@__normalizedUserName_0='?' (Size = 256)], CommandType='Text', CommandTimeout='30']
SELECT TOP(1) [a].[Id], [a].[AccessFailedCount], [a].[ConcurrencyStamp], [a].[Email], [a].[EmailConfirmed], [a].[LockoutEnabled], [a].[LockoutEnd], [a].[NormalizedEmail], [a].[NormalizedUserName], [a].[PasswordHash], [a].[PhoneNumber], [a].[PhoneNumberConfirmed], [a].[SecurityStamp], [a].[TwoFactorEnabled], [a].[UserName]
FROM [AspNetUsers] AS [a]
WHERE [a].[NormalizedUserName] = @__normalizedUserName_0
2020-11-26 00:32:26.9743|INFO|Microsoft.EntityFrameworkCore.Database.Command|Executed DbCommand (3ms) [Parameters=[], CommandType='Text', CommandTimeout='30']
SELECT [r].[id], [r].[CompanyName], [r].[companyAccount], [r].[user], [r].[userName]
FROM [relateCompanyAccountWithUsers] AS [r]
2020-11-26 00:32:27.0206|INFO|Microsoft.EntityFrameworkCore.Database.Command|Executed DbCommand (4ms) [Parameters=[@__p_0='?' (DbType = Int32)], CommandType='Text', CommandTimeout='30']
SELECT TOP(1) [c].[companyAccountId], [c].[AmountToPayForLicense], [c].[Booking], [c].[CompanyCVRNumber], [c].[CompanyCity], [c].[CompanyCountryCode], [c].[CompanyName], [c].[CompanyStreet], [c].[CompanyZip], [c].[Companyidentifier], [c].[ContactsToDineroLastSynchronizationDate], [c].[ContactsToNyxiumLastSynchronizationDate], [c].[DineroAPIOrganization], [c].[DineroAPIOrganizationKey], [c].[IntegrationDinero], [c].[LogoAttachmentIds], [c].[NyxiumLicenseTypeId], [c].[NyxiumLicenseTypeName], [c].[SalesStatistic], [c].[StockItemsToDineroLastSynchronizationDate], [c].[StockItemsToNyxiumSynchronizationDate], [c].[SubscriptionCRM], [c].[SubscriptionInventory], [c].[SubscriptionProcurement], [c].[SubscriptionVendor], [c].[VendorsItemsToDineroLastSynchronizationDate], [c].[activationDate], [c].[activationKey], [c].[registrationDate], [c].[synchronizeCustomerFromDineroToNyxium], [c].[synchronizeCustomerFromNyxiumToDinero], [c].[synchronizeStockItemFromDineroToNyxium], [c].[synchronizeStockItemFromNyxiumToDinero]
FROM [companyAccounts] AS [c]
WHERE [c].[companyAccountId] = @__p_0
2020-11-26 00:32:27.0347|INFO|Microsoft.EntityFrameworkCore.Database.Command|Executed DbCommand (3ms) [Parameters=[], CommandType='Text', CommandTimeout='30']
SELECT [r].[id], [r].[CompanyName], [r].[companyAccount], [r].[user], [r].[userName]
FROM [relateCompanyAccountWithUsers] AS [r]
2020-11-26 00:32:27.0515|INFO|Microsoft.AspNetCore.Authentication.Cookies.CookieAuthenticationHandler|AuthenticationScheme: Identity.Application signed out.
2020-11-26 00:32:27.0515|INFO|Microsoft.AspNetCore.Authentication.Cookies.CookieAuthenticationHandler|AuthenticationScheme: Identity.External signed out.
2020-11-26 00:32:27.0692|INFO|Microsoft.AspNetCore.Authentication.Cookies.CookieAuthenticationHandler|AuthenticationScheme: Identity.TwoFactorUserId signed out.
2020-11-26 00:32:27.0843|INFO|Microsoft.EntityFrameworkCore.Database.Command|Executed DbCommand (2ms) [Parameters=[], CommandType='Text', CommandTimeout='30']
SELECT [r].[id], [r].[CompanyName], [r].[companyAccount], [r].[user], [r].[userName]
FROM [relateCompanyAccountWithUsers] AS [r]
2020-11-26 00:32:27.1071|INFO|Microsoft.AspNetCore.Mvc.RedirectToActionResult|Executing RedirectResult, redirecting to /Payment/SelectNyxiumSubscription?companyAccountId=14046&curUserEmail=jp@wedigit.dk.
2020-11-26 00:32:27.1391|INFO|Microsoft.AspNetCore.Mvc.Infrastructure.ControllerActionInvoker|Executed action WedigITCRM.Controllers.AccountController.Login (WedigITCRM) in 1231.1873ms
2020-11-26 00:32:27.1544|INFO|Microsoft.AspNetCore.Hosting.Diagnostics|Request finished in 1302.0278ms 302 
2020-11-26 00:32:27.1618|INFO|Microsoft.AspNetCore.Hosting.Diagnostics|Request starting HTTP/2.0 GET https://localhost:44395/Payment/SelectNyxiumSubscription?companyAccountId=14046&curUserEmail=jp@wedigit.dk  
2020-11-26 00:32:27.1767|INFO|Microsoft.AspNetCore.Mvc.Infrastructure.ControllerActionInvoker|Route matched with {action = "SelectNyxiumSubscription", controller = "Payment"}. Executing controller action with signature System.Threading.Tasks.Task`1[Microsoft.AspNetCore.Mvc.IActionResult] SelectNyxiumSubscription(Int32, System.String) on controller WedigITCRM.Controllers.PaymentController (WedigITCRM).
2020-11-26 00:32:31.8330|INFO|Microsoft.AspNetCore.Mvc.ViewFeatures.ViewResultExecutor|Executing ViewResult, running view SelectNyxiumSubscription.
2020-11-26 00:32:31.9137|INFO|Microsoft.AspNetCore.Mvc.ViewFeatures.ViewResultExecutor|Executed ViewResult - view SelectNyxiumSubscription executed in 99.8016ms.
2020-11-26 00:32:31.9429|INFO|Microsoft.AspNetCore.Mvc.Infrastructure.ControllerActionInvoker|Executed action WedigITCRM.Controllers.PaymentController.SelectNyxiumSubscription (WedigITCRM) in 4743.235ms
2020-11-26 00:32:32.0524|INFO|Microsoft.AspNetCore.Hosting.Diagnostics|Request finished in 4791.5209ms 200 text/html; charset=utf-8
2020-11-26 00:32:32.7707|INFO|Microsoft.AspNetCore.Hosting.Diagnostics|Request starting HTTP/2.0 GET https://localhost:44395/CustomCss/CustomRadiobox.css  
2020-11-26 00:32:32.8501|INFO|Microsoft.AspNetCore.StaticFiles.StaticFileMiddleware|The file /CustomCss/CustomRadiobox.css was not modified
2020-11-26 00:32:32.9257|INFO|Microsoft.AspNetCore.Hosting.Diagnostics|Request finished in 806.6307ms 304 text/css
2020-11-26 00:32:42.1518|INFO|Microsoft.AspNetCore.Hosting.Diagnostics|Request starting HTTP/2.0 POST https://localhost:44395/payment/SomeAction application/x-www-form-urlencoded; charset=UTF-8 124
2020-11-26 00:32:42.2022|INFO|Microsoft.AspNetCore.Mvc.Infrastructure.ControllerActionInvoker|Route matched with {action = "SomeAction", controller = "Payment"}. Executing controller action with signature System.Threading.Tasks.Task`1[Microsoft.AspNetCore.Mvc.IActionResult] SomeAction(SubscriptionSelectedModel) on controller WedigITCRM.Controllers.PaymentController (WedigITCRM).
2020-11-26 00:32:44.2848|INFO|Microsoft.EntityFrameworkCore.Database.Command|Executed DbCommand (5ms) [Parameters=[@__p_0='?' (DbType = Int32)], CommandType='Text', CommandTimeout='30']
SELECT TOP(1) [c].[companyAccountId], [c].[AmountToPayForLicense], [c].[Booking], [c].[CompanyCVRNumber], [c].[CompanyCity], [c].[CompanyCountryCode], [c].[CompanyName], [c].[CompanyStreet], [c].[CompanyZip], [c].[Companyidentifier], [c].[ContactsToDineroLastSynchronizationDate], [c].[ContactsToNyxiumLastSynchronizationDate], [c].[DineroAPIOrganization], [c].[DineroAPIOrganizationKey], [c].[IntegrationDinero], [c].[LogoAttachmentIds], [c].[NyxiumLicenseTypeId], [c].[NyxiumLicenseTypeName], [c].[SalesStatistic], [c].[StockItemsToDineroLastSynchronizationDate], [c].[StockItemsToNyxiumSynchronizationDate], [c].[SubscriptionCRM], [c].[SubscriptionInventory], [c].[SubscriptionProcurement], [c].[SubscriptionVendor], [c].[VendorsItemsToDineroLastSynchronizationDate], [c].[activationDate], [c].[activationKey], [c].[registrationDate], [c].[synchronizeCustomerFromDineroToNyxium], [c].[synchronizeCustomerFromNyxiumToDinero], [c].[synchronizeStockItemFromDineroToNyxium], [c].[synchronizeStockItemFromNyxiumToDinero]
FROM [companyAccounts] AS [c]
WHERE [c].[companyAccountId] = @__p_0
2020-11-26 00:32:44.3022|INFO|Microsoft.EntityFrameworkCore.Database.Command|Executed DbCommand (4ms) [Parameters=[@__normalizedUserName_0='?' (Size = 256)], CommandType='Text', CommandTimeout='30']
SELECT TOP(1) [a].[Id], [a].[AccessFailedCount], [a].[ConcurrencyStamp], [a].[Email], [a].[EmailConfirmed], [a].[LockoutEnabled], [a].[LockoutEnd], [a].[NormalizedEmail], [a].[NormalizedUserName], [a].[PasswordHash], [a].[PhoneNumber], [a].[PhoneNumberConfirmed], [a].[SecurityStamp], [a].[TwoFactorEnabled], [a].[UserName]
FROM [AspNetUsers] AS [a]
WHERE [a].[NormalizedUserName] = @__normalizedUserName_0
2020-11-26 00:32:45.6330|INFO|Microsoft.AspNetCore.Mvc.Infrastructure.SystemTextJsonResultExecutor|Executing JsonResult, writing value of type 'WedigITCRM.ReepayAPI.RecurringPaymentViewModel'.
2020-11-26 00:32:45.7347|INFO|Microsoft.AspNetCore.Mvc.Infrastructure.ControllerActionInvoker|Executed action WedigITCRM.Controllers.PaymentController.SomeAction (WedigITCRM) in 3463.2537ms
2020-11-26 00:32:45.7347|INFO|Microsoft.AspNetCore.Hosting.Diagnostics|Request finished in 3634.2275ms 200 application/json; charset=utf-8
2020-11-26 00:32:45.8115|INFO|Microsoft.AspNetCore.Hosting.Diagnostics|Request starting HTTP/2.0 GET https://localhost:44395/payment/Subscription?SessionId=cs_c3d6d9369093950b142cd6acf0755550&ReepayPlanId=plan-48207&ReepayDiscountId=dis-a2b78&CancelUrl=https://tv2.dk&AcceptUrl=/payment/accept  
2020-11-26 00:32:45.8299|INFO|Microsoft.AspNetCore.Mvc.Infrastructure.ControllerActionInvoker|Route matched with {action = "Subscription", controller = "Payment"}. Executing controller action with signature Microsoft.AspNetCore.Mvc.IActionResult Subscription(WedigITCRM.ReepayAPI.RecurringPaymentViewModel) on controller WedigITCRM.Controllers.PaymentController (WedigITCRM).
2020-11-26 00:32:45.8618|INFO|Microsoft.AspNetCore.Mvc.ViewFeatures.ViewResultExecutor|Executing ViewResult, running view ~/Views/payment/Subscription.cshtml.
2020-11-26 00:32:46.0567|INFO|Microsoft.AspNetCore.Mvc.ViewFeatures.ViewResultExecutor|Executed ViewResult - view ~/Views/payment/Subscription.cshtml executed in 53.3323ms.
2020-11-26 00:32:46.0829|INFO|Microsoft.AspNetCore.Mvc.Infrastructure.ControllerActionInvoker|Executed action WedigITCRM.Controllers.PaymentController.Subscription (WedigITCRM) in 219.5394ms
2020-11-26 00:32:46.1117|INFO|Microsoft.AspNetCore.Hosting.Diagnostics|Request finished in 291.7008ms 200 text/html; charset=utf-8
2020-11-26 00:32:54.7121|INFO|Microsoft.EntityFrameworkCore.Database.Command|Executed DbCommand (3ms) [Parameters=[], CommandType='Text', CommandTimeout='30']
SELECT [a].[Id], [a].[CompanyId], [a].[CreatedDate], [a].[Date], [a].[Description], [a].[LastEditedDate], [a].[NotificationIsSent], [a].[NotifyOffset], [a].[Subject], [a].[UserId], [a].[companyAccountId], [a].[contactPersonId]
FROM [Activities] AS [a]
2020-11-26 00:32:54.7297|INFO|Microsoft.EntityFrameworkCore.Infrastructure|Entity Framework Core 3.1.4 initialized 'AppDbContext' using provider 'Microsoft.EntityFrameworkCore.SqlServer' with options: MaxPoolSize=128 
2020-11-26 00:32:54.7537|INFO|Microsoft.EntityFrameworkCore.Database.Command|Executed DbCommand (3ms) [Parameters=[@__normalizedName_0='?' (Size = 256)], CommandType='Text', CommandTimeout='30']
SELECT TOP(1) [a].[Id], [a].[ConcurrencyStamp], [a].[Name], [a].[NormalizedName]
FROM [AspNetRoles] AS [a]
WHERE [a].[NormalizedName] = @__normalizedName_0
2020-11-26 00:32:54.7537|INFO|Microsoft.EntityFrameworkCore.Database.Command|Executed DbCommand (2ms) [Parameters=[@__normalizedName_0='?' (Size = 256)], CommandType='Text', CommandTimeout='30']
SELECT TOP(1) [a].[Id], [a].[ConcurrencyStamp], [a].[Name], [a].[NormalizedName]
FROM [AspNetRoles] AS [a]
WHERE [a].[NormalizedName] = @__normalizedName_0
2020-11-26 00:32:54.7788|INFO|Microsoft.EntityFrameworkCore.Database.Command|Executed DbCommand (5ms) [Parameters=[@__normalizedUserName_0='?' (Size = 256)], CommandType='Text', CommandTimeout='30']
SELECT TOP(1) [a].[Id], [a].[AccessFailedCount], [a].[ConcurrencyStamp], [a].[Email], [a].[EmailConfirmed], [a].[LockoutEnabled], [a].[LockoutEnd], [a].[NormalizedEmail], [a].[NormalizedUserName], [a].[PasswordHash], [a].[PhoneNumber], [a].[PhoneNumberConfirmed], [a].[SecurityStamp], [a].[TwoFactorEnabled], [a].[UserName]
FROM [AspNetUsers] AS [a]
WHERE [a].[NormalizedUserName] = @__normalizedUserName_0
2020-11-26 00:32:55.8271|INFO|Microsoft.AspNetCore.Hosting.Diagnostics|Request starting HTTP/2.0 POST https://localhost:44395/payment/accept application/x-www-form-urlencoded; charset=UTF-8 171
2020-11-26 00:32:55.8497|INFO|Microsoft.AspNetCore.Mvc.Infrastructure.ControllerActionInvoker|Route matched with {action = "Accept", controller = "Payment"}. Executing controller action with signature System.Threading.Tasks.Task`1[Microsoft.AspNetCore.Mvc.ActionResult] Accept(PaymentAcceptModel) on controller WedigITCRM.Controllers.PaymentController (WedigITCRM).
2020-11-26 00:33:01.0339|INFO|Microsoft.AspNetCore.Mvc.Infrastructure.ControllerActionInvoker|Executed action WedigITCRM.Controllers.PaymentController.Accept (WedigITCRM) in 5172.2884ms
2020-11-26 00:33:01.8873|ERROR|Microsoft.AspNetCore.Diagnostics.ExceptionHandlerMiddleware|An unhandled exception has occurred while executing the request.
2020-11-26 00:33:01.9365|ERROR|WedigITCRM.Startup|{"UserId":null,"UserName":null,"CompanyId":null,"CompanyName":null,"Type":null,"Title":"Unexpected Error","Status":500,"Detail":"Unexpected character encountered while parsing value: {. Path '', line 1, position 1.\r\n                                         \r\n\r\n                                            at Newtonsoft.Json.JsonTextReader.ReadStringValue(ReadType readType)\r\n   at Newtonsoft.Json.JsonTextReader.ReadAsString()\r\n   at Newtonsoft.Json.JsonReader.ReadForType(JsonContract contract, Boolean hasConverter)\r\n   at Newtonsoft.Json.Serialization.JsonSerializerInternalReader.Deserialize(JsonReader reader, Type objectType, Boolean checkAdditionalContent)\r\n   at Newtonsoft.Json.JsonSerializer.DeserializeInternal(JsonReader reader, Type objectType)\r\n   at Newtonsoft.Json.JsonSerializer.Deserialize(JsonReader reader, Type objectType)\r\n   at Newtonsoft.Json.JsonConvert.DeserializeObject(String value, Type type, JsonSerializerSettings settings)\r\n   at Newtonsoft.Json.JsonConvert.DeserializeObject[T](String value, JsonSerializerSettings settings)\r\n   at Newtonsoft.Json.JsonConvert.DeserializeObject[T](String value)\r\n   at WedigITCRM.ReepayAPI.ReepayAPIMethods.AddSubscriptionDiscount(SubscriptionAddDiscount model) in C:\\Users\\John\\source\\repos\\WedigITCRM\\WedigITCRM\\ReepayAPI\\ReepayAPIMethods.cs:line 106\r\n   at WedigITCRM.Controllers.PaymentController.Accept(PaymentAcceptModel model) in C:\\Users\\John\\source\\repos\\WedigITCRM\\WedigITCRM\\Controllers\\PaymentController.cs:line 152\r\n   at lambda_method(Closure , Object )\r\n   at Microsoft.Extensions.Internal.ObjectMethodExecutorAwaitable.Awaiter.GetResult()\r\n   at Microsoft.AspNetCore.Mvc.Infrastructure.ActionMethodExecutor.TaskOfActionResultExecutor.Execute(IActionResultTypeMapper mapper, ObjectMethodExecutor executor, Object controller, Object[] arguments)\r\n   at Microsoft.AspNetCore.Mvc.Infrastructure.ControllerActionInvoker.<InvokeActionMethodAsync>g__Awaited|12_0(ControllerActionInvoker invoker, ValueTask`1 actionResultValueTask)\r\n   at Microsoft.AspNetCore.Mvc.Infrastructure.ControllerActionInvoker.<InvokeNextActionFilterAsync>g__Awaited|10_0(ControllerActionInvoker invoker, Task lastTask, State next, Scope scope, Object state, Boolean isCompleted)\r\n   at Microsoft.AspNetCore.Mvc.Infrastructure.ControllerActionInvoker.Rethrow(ActionExecutedContextSealed context)\r\n   at Microsoft.AspNetCore.Mvc.Infrastructure.ControllerActionInvoker.Next(State& next, Scope& scope, Object& state, Boolean& isCompleted)\r\n   at Microsoft.AspNetCore.Mvc.Infrastructure.ControllerActionInvoker.<InvokeInnerFilterAsync>g__Awaited|13_0(ControllerActionInvoker invoker, Task lastTask, State next, Scope scope, Object state, Boolean isCompleted)\r\n   at Microsoft.AspNetCore.Mvc.Infrastructure.ResourceInvoker.<InvokeNextResourceFilter>g__Awaited|24_0(ResourceInvoker invoker, Task lastTask, State next, Scope scope, Object state, Boolean isCompleted)\r\n   at Microsoft.AspNetCore.Mvc.Infrastructure.ResourceInvoker.Rethrow(ResourceExecutedContextSealed context)\r\n   at Microsoft.AspNetCore.Mvc.Infrastructure.ResourceInvoker.Next(State& next, Scope& scope, Object& state, Boolean& isCompleted)\r\n   at Microsoft.AspNetCore.Mvc.Infrastructure.ResourceInvoker.<InvokeFilterPipelineAsync>g__Awaited|19_0(ResourceInvoker invoker, Task lastTask, State next, Scope scope, Object state, Boolean isCompleted)\r\n   at Microsoft.AspNetCore.Mvc.Infrastructure.ResourceInvoker.<InvokeAsync>g__Logged|17_1(ResourceInvoker invoker)\r\n   at Microsoft.AspNetCore.Builder.RouterMiddleware.Invoke(HttpContext httpContext)\r\n   at Microsoft.AspNetCore.Authentication.AuthenticationMiddleware.Invoke(HttpContext context)\r\n   at Microsoft.AspNetCore.Diagnostics.ExceptionHandlerMiddleware.<Invoke>g__Awaited|6_0(ExceptionHandlerMiddleware middleware, HttpContext context, Task task)","Instance":"83854963-99bc-4c09-b850-524642f518e1","Extensions":{}}
2020-11-26 00:33:05.0296|INFO|Microsoft.AspNetCore.Hosting.Diagnostics|Request finished in 9145.0659ms 302 
2020-11-26 00:33:05.0330|INFO|Microsoft.AspNetCore.Hosting.Diagnostics|Request starting HTTP/2.0 GET https://localhost:44395/Home/Error  
2020-11-26 00:33:05.0515|INFO|Microsoft.AspNetCore.Mvc.Infrastructure.ControllerActionInvoker|Route matched with {action = "Error", controller = "Home"}. Executing controller action with signature Microsoft.AspNetCore.Mvc.IActionResult Error() on controller WedigITCRM.Controllers.HomeController (WedigITCRM).
2020-11-26 00:33:05.0665|INFO|Microsoft.AspNetCore.Mvc.ViewFeatures.ViewResultExecutor|Executing ViewResult, running view Error.
2020-11-26 00:33:05.0829|INFO|Microsoft.AspNetCore.Mvc.ViewFeatures.ViewResultExecutor|Executed ViewResult - view Error executed in 19.9568ms.
2020-11-26 00:33:05.0829|INFO|Microsoft.AspNetCore.Mvc.Infrastructure.ControllerActionInvoker|Executed action WedigITCRM.Controllers.HomeController.Error (WedigITCRM) in 29.4909ms
2020-11-26 00:33:05.0960|INFO|Microsoft.AspNetCore.Hosting.Diagnostics|Request finished in 105.782ms 200 text/html; charset=utf-8
2020-11-26 00:33:54.7107|INFO|Microsoft.EntityFrameworkCore.Infrastructure|Entity Framework Core 3.1.4 initialized 'AppDbContext' using provider 'Microsoft.EntityFrameworkCore.SqlServer' with options: MaxPoolSize=128 
2020-11-26 00:33:54.9172|INFO|Microsoft.EntityFrameworkCore.Database.Command|Executed DbCommand (144ms) [Parameters=[], CommandType='Text', CommandTimeout='30']
SELECT [a].[Id], [a].[CompanyId], [a].[CreatedDate], [a].[Date], [a].[Description], [a].[LastEditedDate], [a].[NotificationIsSent], [a].[NotifyOffset], [a].[Subject], [a].[UserId], [a].[companyAccountId], [a].[contactPersonId]
FROM [Activities] AS [a]
2020-11-26 00:33:54.9172|INFO|Microsoft.EntityFrameworkCore.Infrastructure|Entity Framework Core 3.1.4 initialized 'AppDbContext' using provider 'Microsoft.EntityFrameworkCore.SqlServer' with options: MaxPoolSize=128 
2020-11-26 00:33:55.0412|INFO|Microsoft.EntityFrameworkCore.Database.Command|Executed DbCommand (46ms) [Parameters=[@__normalizedName_0='?' (Size = 256)], CommandType='Text', CommandTimeout='30']
SELECT TOP(1) [a].[Id], [a].[ConcurrencyStamp], [a].[Name], [a].[NormalizedName]
FROM [AspNetRoles] AS [a]
WHERE [a].[NormalizedName] = @__normalizedName_0
2020-11-26 00:33:55.6399|INFO|Microsoft.EntityFrameworkCore.Database.Command|Executed DbCommand (179ms) [Parameters=[@__normalizedName_0='?' (Size = 256)], CommandType='Text', CommandTimeout='30']
SELECT TOP(1) [a].[Id], [a].[ConcurrencyStamp], [a].[Name], [a].[NormalizedName]
FROM [AspNetRoles] AS [a]
WHERE [a].[NormalizedName] = @__normalizedName_0
2020-11-26 00:33:55.7743|INFO|Microsoft.EntityFrameworkCore.Database.Command|Executed DbCommand (68ms) [Parameters=[@__normalizedUserName_0='?' (Size = 256)], CommandType='Text', CommandTimeout='30']
SELECT TOP(1) [a].[Id], [a].[AccessFailedCount], [a].[ConcurrencyStamp], [a].[Email], [a].[EmailConfirmed], [a].[LockoutEnabled], [a].[LockoutEnd], [a].[NormalizedEmail], [a].[NormalizedUserName], [a].[PasswordHash], [a].[PhoneNumber], [a].[PhoneNumberConfirmed], [a].[SecurityStamp], [a].[TwoFactorEnabled], [a].[UserName]
FROM [AspNetUsers] AS [a]
WHERE [a].[NormalizedUserName] = @__normalizedUserName_0
2020-11-26 00:34:54.7073|INFO|Microsoft.EntityFrameworkCore.Infrastructure|Entity Framework Core 3.1.4 initialized 'AppDbContext' using provider 'Microsoft.EntityFrameworkCore.SqlServer' with options: MaxPoolSize=128 
2020-11-26 00:34:54.7248|INFO|Microsoft.EntityFrameworkCore.Database.Command|Executed DbCommand (3ms) [Parameters=[], CommandType='Text', CommandTimeout='30']
SELECT [a].[Id], [a].[CompanyId], [a].[CreatedDate], [a].[Date], [a].[Description], [a].[LastEditedDate], [a].[NotificationIsSent], [a].[NotifyOffset], [a].[Subject], [a].[UserId], [a].[companyAccountId], [a].[contactPersonId]
FROM [Activities] AS [a]
2020-11-26 00:34:54.7481|INFO|Microsoft.EntityFrameworkCore.Infrastructure|Entity Framework Core 3.1.4 initialized 'AppDbContext' using provider 'Microsoft.EntityFrameworkCore.SqlServer' with options: MaxPoolSize=128 
2020-11-26 00:34:54.7728|INFO|Microsoft.EntityFrameworkCore.Database.Command|Executed DbCommand (10ms) [Parameters=[@__normalizedName_0='?' (Size = 256)], CommandType='Text', CommandTimeout='30']
SELECT TOP(1) [a].[Id], [a].[ConcurrencyStamp], [a].[Name], [a].[NormalizedName]
FROM [AspNetRoles] AS [a]
WHERE [a].[NormalizedName] = @__normalizedName_0
2020-11-26 00:34:54.7873|INFO|Microsoft.EntityFrameworkCore.Database.Command|Executed DbCommand (2ms) [Parameters=[@__normalizedName_0='?' (Size = 256)], CommandType='Text', CommandTimeout='30']
SELECT TOP(1) [a].[Id], [a].[ConcurrencyStamp], [a].[Name], [a].[NormalizedName]
FROM [AspNetRoles] AS [a]
WHERE [a].[NormalizedName] = @__normalizedName_0
2020-11-26 00:34:54.8033|INFO|Microsoft.EntityFrameworkCore.Database.Command|Executed DbCommand (4ms) [Parameters=[@__normalizedUserName_0='?' (Size = 256)], CommandType='Text', CommandTimeout='30']
SELECT TOP(1) [a].[Id], [a].[AccessFailedCount], [a].[ConcurrencyStamp], [a].[Email], [a].[EmailConfirmed], [a].[LockoutEnabled], [a].[LockoutEnd], [a].[NormalizedEmail], [a].[NormalizedUserName], [a].[PasswordHash], [a].[PhoneNumber], [a].[PhoneNumberConfirmed], [a].[SecurityStamp], [a].[TwoFactorEnabled], [a].[UserName]
FROM [AspNetUsers] AS [a]
WHERE [a].[NormalizedUserName] = @__normalizedUserName_0
2020-11-26 00:35:16.0450|INFO|Microsoft.AspNetCore.Hosting.Diagnostics|Request starting HTTP/2.0 GET https://localhost:44395/  
2020-11-26 00:35:16.0914|INFO|Microsoft.AspNetCore.Mvc.Infrastructure.ControllerActionInvoker|Route matched with {action = "Index", controller = "Home"}. Executing controller action with signature Microsoft.AspNetCore.Mvc.IActionResult Index(WedigITCRM.CompanyAccount) on controller WedigITCRM.Controllers.HomeController (WedigITCRM).
2020-11-26 00:35:16.2054|ERROR|WedigITCRM.Controllers.HomeController|Entering index action in home controller
2020-11-26 00:35:16.6346|ERROR|WedigITCRM.Controllers.HomeController|index action in home controller redirecting to frontpage controller index action
2020-11-26 00:35:16.7904|INFO|Microsoft.AspNetCore.Mvc.RedirectToActionResult|Executing RedirectResult, redirecting to /FrontPage.
2020-11-26 00:35:16.8120|INFO|Microsoft.AspNetCore.Mvc.Infrastructure.ControllerActionInvoker|Executed action WedigITCRM.Controllers.HomeController.Index (WedigITCRM) in 609.2378ms
2020-11-26 00:35:16.8464|INFO|Microsoft.AspNetCore.Hosting.Diagnostics|Request finished in 786.8007ms 302 
2020-11-26 00:35:16.8621|INFO|Microsoft.AspNetCore.Hosting.Diagnostics|Request starting HTTP/2.0 GET https://localhost:44395/FrontPage  
2020-11-26 00:35:16.8621|INFO|Microsoft.AspNetCore.Mvc.Infrastructure.ControllerActionInvoker|Route matched with {action = "Index", controller = "FrontPage"}. Executing controller action with signature Microsoft.AspNetCore.Mvc.IActionResult Index() on controller WedigITCRM.Controllers.FrontPageController (WedigITCRM).
2020-11-26 00:35:16.8916|INFO|Microsoft.AspNetCore.Mvc.ViewFeatures.ViewResultExecutor|Executing ViewResult, running view Index.
2020-11-26 00:35:16.9070|INFO|Microsoft.AspNetCore.Mvc.ViewFeatures.ViewResultExecutor|Executed ViewResult - view Index executed in 19.3132ms.
2020-11-26 00:35:16.9282|INFO|Microsoft.AspNetCore.Mvc.Infrastructure.ControllerActionInvoker|Executed action WedigITCRM.Controllers.FrontPageController.Index (WedigITCRM) in 40.1172ms
2020-11-26 00:35:16.9393|INFO|Microsoft.AspNetCore.Hosting.Diagnostics|Request finished in 79.0523ms 200 text/html; charset=utf-8
2020-11-26 00:35:25.7464|INFO|Microsoft.AspNetCore.Hosting.Diagnostics|Request starting HTTP/2.0 GET https://localhost:44395/Account/login  
2020-11-26 00:35:25.7675|INFO|Microsoft.AspNetCore.Mvc.Infrastructure.ControllerActionInvoker|Route matched with {action = "Login", controller = "Account"}. Executing controller action with signature System.Threading.Tasks.Task`1[Microsoft.AspNetCore.Mvc.IActionResult] Login(System.String) on controller WedigITCRM.Controllers.AccountController (WedigITCRM).
2020-11-26 00:35:25.7960|INFO|Microsoft.AspNetCore.Mvc.ViewFeatures.ViewResultExecutor|Executing ViewResult, running view Login.
2020-11-26 00:35:25.8256|INFO|Microsoft.AspNetCore.Mvc.ViewFeatures.ViewResultExecutor|Executed ViewResult - view Login executed in 31.408ms.
2020-11-26 00:35:25.8428|INFO|Microsoft.AspNetCore.Mvc.Infrastructure.ControllerActionInvoker|Executed action WedigITCRM.Controllers.AccountController.Login (WedigITCRM) in 60.523ms
2020-11-26 00:35:25.8568|INFO|Microsoft.AspNetCore.Hosting.Diagnostics|Request finished in 119.378ms 200 text/html; charset=utf-8
2020-11-26 00:35:28.4534|INFO|Microsoft.AspNetCore.Hosting.Diagnostics|Request starting HTTP/2.0 POST https://localhost:44395/Account/Login application/x-www-form-urlencoded 249
2020-11-26 00:35:28.5164|INFO|Microsoft.AspNetCore.Mvc.Infrastructure.ControllerActionInvoker|Route matched with {action = "Login", controller = "Account"}. Executing controller action with signature System.Threading.Tasks.Task`1[Microsoft.AspNetCore.Mvc.IActionResult] Login(WedigITCRM.ViewControllers.LoginViewModel) on controller WedigITCRM.Controllers.AccountController (WedigITCRM).
2020-11-26 00:35:28.5400|INFO|Microsoft.EntityFrameworkCore.Infrastructure|Entity Framework Core 3.1.4 initialized 'AppDbContext' using provider 'Microsoft.EntityFrameworkCore.SqlServer' with options: MaxPoolSize=128 
2020-11-26 00:35:28.7932|INFO|Microsoft.EntityFrameworkCore.Database.Command|Executed DbCommand (8ms) [Parameters=[@__normalizedUserName_0='?' (Size = 256)], CommandType='Text', CommandTimeout='30']
SELECT TOP(1) [a].[Id], [a].[AccessFailedCount], [a].[ConcurrencyStamp], [a].[Email], [a].[EmailConfirmed], [a].[LockoutEnabled], [a].[LockoutEnd], [a].[NormalizedEmail], [a].[NormalizedUserName], [a].[PasswordHash], [a].[PhoneNumber], [a].[PhoneNumberConfirmed], [a].[SecurityStamp], [a].[TwoFactorEnabled], [a].[UserName]
FROM [AspNetUsers] AS [a]
WHERE [a].[NormalizedUserName] = @__normalizedUserName_0
2020-11-26 00:35:29.0768|INFO|Microsoft.EntityFrameworkCore.Database.Command|Executed DbCommand (169ms) [Parameters=[@__user_Id_0='?' (Size = 450)], CommandType='Text', CommandTimeout='30']
SELECT [a].[Id], [a].[ClaimType], [a].[ClaimValue], [a].[UserId]
FROM [AspNetUserClaims] AS [a]
WHERE [a].[UserId] = @__user_Id_0
2020-11-26 00:35:29.0938|INFO|Microsoft.EntityFrameworkCore.Database.Command|Executed DbCommand (4ms) [Parameters=[@__userId_0='?' (Size = 450)], CommandType='Text', CommandTimeout='30']
SELECT [a0].[Name]
FROM [AspNetUserRoles] AS [a]
INNER JOIN [AspNetRoles] AS [a0] ON [a].[RoleId] = [a0].[Id]
WHERE [a].[UserId] = @__userId_0
2020-11-26 00:35:29.0938|INFO|Microsoft.EntityFrameworkCore.Database.Command|Executed DbCommand (3ms) [Parameters=[@__normalizedName_0='?' (Size = 256)], CommandType='Text', CommandTimeout='30']
SELECT TOP(1) [a].[Id], [a].[ConcurrencyStamp], [a].[Name], [a].[NormalizedName]
FROM [AspNetRoles] AS [a]
WHERE [a].[NormalizedName] = @__normalizedName_0
2020-11-26 00:35:29.1191|INFO|Microsoft.EntityFrameworkCore.Database.Command|Executed DbCommand (3ms) [Parameters=[@__role_Id_0='?' (Size = 450)], CommandType='Text', CommandTimeout='30']
SELECT [a].[ClaimType], [a].[ClaimValue]
FROM [AspNetRoleClaims] AS [a]
WHERE [a].[RoleId] = @__role_Id_0
2020-11-26 00:35:29.1286|INFO|Microsoft.AspNetCore.Authentication.Cookies.CookieAuthenticationHandler|AuthenticationScheme: Identity.Application signed in.
2020-11-26 00:35:29.1414|INFO|Microsoft.EntityFrameworkCore.Database.Command|Executed DbCommand (3ms) [Parameters=[@__normalizedUserName_0='?' (Size = 256)], CommandType='Text', CommandTimeout='30']
SELECT TOP(1) [a].[Id], [a].[AccessFailedCount], [a].[ConcurrencyStamp], [a].[Email], [a].[EmailConfirmed], [a].[LockoutEnabled], [a].[LockoutEnd], [a].[NormalizedEmail], [a].[NormalizedUserName], [a].[PasswordHash], [a].[PhoneNumber], [a].[PhoneNumberConfirmed], [a].[SecurityStamp], [a].[TwoFactorEnabled], [a].[UserName]
FROM [AspNetUsers] AS [a]
WHERE [a].[NormalizedUserName] = @__normalizedUserName_0
2020-11-26 00:35:29.1563|INFO|Microsoft.EntityFrameworkCore.Database.Command|Executed DbCommand (5ms) [Parameters=[], CommandType='Text', CommandTimeout='30']
SELECT [r].[id], [r].[CompanyName], [r].[companyAccount], [r].[user], [r].[userName]
FROM [relateCompanyAccountWithUsers] AS [r]
2020-11-26 00:35:29.1793|INFO|Microsoft.EntityFrameworkCore.Database.Command|Executed DbCommand (5ms) [Parameters=[@__p_0='?' (DbType = Int32)], CommandType='Text', CommandTimeout='30']
SELECT TOP(1) [c].[companyAccountId], [c].[AmountToPayForLicense], [c].[Booking], [c].[CompanyCVRNumber], [c].[CompanyCity], [c].[CompanyCountryCode], [c].[CompanyName], [c].[CompanyStreet], [c].[CompanyZip], [c].[Companyidentifier], [c].[ContactsToDineroLastSynchronizationDate], [c].[ContactsToNyxiumLastSynchronizationDate], [c].[DineroAPIOrganization], [c].[DineroAPIOrganizationKey], [c].[IntegrationDinero], [c].[LogoAttachmentIds], [c].[NyxiumLicenseTypeId], [c].[NyxiumLicenseTypeName], [c].[SalesStatistic], [c].[StockItemsToDineroLastSynchronizationDate], [c].[StockItemsToNyxiumSynchronizationDate], [c].[SubscriptionCRM], [c].[SubscriptionInventory], [c].[SubscriptionProcurement], [c].[SubscriptionVendor], [c].[VendorsItemsToDineroLastSynchronizationDate], [c].[activationDate], [c].[activationKey], [c].[registrationDate], [c].[synchronizeCustomerFromDineroToNyxium], [c].[synchronizeCustomerFromNyxiumToDinero], [c].[synchronizeStockItemFromDineroToNyxium], [c].[synchronizeStockItemFromNyxiumToDinero]
FROM [companyAccounts] AS [c]
WHERE [c].[companyAccountId] = @__p_0
2020-11-26 00:35:29.1919|INFO|Microsoft.EntityFrameworkCore.Database.Command|Executed DbCommand (2ms) [Parameters=[], CommandType='Text', CommandTimeout='30']
SELECT [r].[id], [r].[CompanyName], [r].[companyAccount], [r].[user], [r].[userName]
FROM [relateCompanyAccountWithUsers] AS [r]
2020-11-26 00:35:29.1919|INFO|Microsoft.AspNetCore.Authentication.Cookies.CookieAuthenticationHandler|AuthenticationScheme: Identity.Application signed out.
2020-11-26 00:35:29.2193|INFO|Microsoft.AspNetCore.Authentication.Cookies.CookieAuthenticationHandler|AuthenticationScheme: Identity.External signed out.
2020-11-26 00:35:29.2346|INFO|Microsoft.AspNetCore.Authentication.Cookies.CookieAuthenticationHandler|AuthenticationScheme: Identity.TwoFactorUserId signed out.
2020-11-26 00:35:29.2512|INFO|Microsoft.EntityFrameworkCore.Database.Command|Executed DbCommand (3ms) [Parameters=[], CommandType='Text', CommandTimeout='30']
SELECT [r].[id], [r].[CompanyName], [r].[companyAccount], [r].[user], [r].[userName]
FROM [relateCompanyAccountWithUsers] AS [r]
2020-11-26 00:35:29.2792|INFO|Microsoft.AspNetCore.Mvc.RedirectToActionResult|Executing RedirectResult, redirecting to /Payment/SelectNyxiumSubscription?companyAccountId=14046&curUserEmail=jp@wedigit.dk.
2020-11-26 00:35:29.2890|INFO|Microsoft.AspNetCore.Mvc.Infrastructure.ControllerActionInvoker|Executed action WedigITCRM.Controllers.AccountController.Login (WedigITCRM) in 757.5517ms
2020-11-26 00:35:29.3176|INFO|Microsoft.AspNetCore.Hosting.Diagnostics|Request finished in 846.8386ms 302 
2020-11-26 00:35:29.3176|INFO|Microsoft.AspNetCore.Hosting.Diagnostics|Request starting HTTP/2.0 GET https://localhost:44395/Payment/SelectNyxiumSubscription?companyAccountId=14046&curUserEmail=jp@wedigit.dk  
2020-11-26 00:35:29.3307|INFO|Microsoft.AspNetCore.Mvc.Infrastructure.ControllerActionInvoker|Route matched with {action = "SelectNyxiumSubscription", controller = "Payment"}. Executing controller action with signature System.Threading.Tasks.Task`1[Microsoft.AspNetCore.Mvc.IActionResult] SelectNyxiumSubscription(Int32, System.String) on controller WedigITCRM.Controllers.PaymentController (WedigITCRM).
2020-11-26 00:36:24.9612|INFO|Microsoft.EntityFrameworkCore.Infrastructure|Entity Framework Core 3.1.4 initialized 'AppDbContext' using provider 'Microsoft.EntityFrameworkCore.SqlServer' with options: MaxPoolSize=128 
2020-11-26 00:36:24.9612|INFO|Microsoft.EntityFrameworkCore.Infrastructure|Entity Framework Core 3.1.4 initialized 'AppDbContext' using provider 'Microsoft.EntityFrameworkCore.SqlServer' with options: MaxPoolSize=128 
2020-11-26 00:36:25.0077|INFO|Microsoft.EntityFrameworkCore.Database.Command|Executed DbCommand (5ms) [Parameters=[@__normalizedName_0='?' (Size = 256)], CommandType='Text', CommandTimeout='30']
SELECT TOP(1) [a].[Id], [a].[ConcurrencyStamp], [a].[Name], [a].[NormalizedName]
FROM [AspNetRoles] AS [a]
WHERE [a].[NormalizedName] = @__normalizedName_0
2020-11-26 00:36:25.0077|INFO|Microsoft.EntityFrameworkCore.Database.Command|Executed DbCommand (3ms) [Parameters=[], CommandType='Text', CommandTimeout='30']
SELECT [a].[Id], [a].[CompanyId], [a].[CreatedDate], [a].[Date], [a].[Description], [a].[LastEditedDate], [a].[NotificationIsSent], [a].[NotifyOffset], [a].[Subject], [a].[UserId], [a].[companyAccountId], [a].[contactPersonId]
FROM [Activities] AS [a]
2020-11-26 00:36:25.0207|INFO|Microsoft.EntityFrameworkCore.Database.Command|Executed DbCommand (2ms) [Parameters=[@__normalizedName_0='?' (Size = 256)], CommandType='Text', CommandTimeout='30']
SELECT TOP(1) [a].[Id], [a].[ConcurrencyStamp], [a].[Name], [a].[NormalizedName]
FROM [AspNetRoles] AS [a]
WHERE [a].[NormalizedName] = @__normalizedName_0
2020-11-26 00:36:25.0392|INFO|Microsoft.EntityFrameworkCore.Database.Command|Executed DbCommand (3ms) [Parameters=[@__normalizedUserName_0='?' (Size = 256)], CommandType='Text', CommandTimeout='30']
SELECT TOP(1) [a].[Id], [a].[AccessFailedCount], [a].[ConcurrencyStamp], [a].[Email], [a].[EmailConfirmed], [a].[LockoutEnabled], [a].[LockoutEnd], [a].[NormalizedEmail], [a].[NormalizedUserName], [a].[PasswordHash], [a].[PhoneNumber], [a].[PhoneNumberConfirmed], [a].[SecurityStamp], [a].[TwoFactorEnabled], [a].[UserName]
FROM [AspNetUsers] AS [a]
WHERE [a].[NormalizedUserName] = @__normalizedUserName_0
2020-11-26 00:36:26.0807|INFO|Microsoft.AspNetCore.Mvc.ViewFeatures.ViewResultExecutor|Executing ViewResult, running view SelectNyxiumSubscription.
2020-11-26 00:36:26.2099|INFO|Microsoft.AspNetCore.Mvc.ViewFeatures.ViewResultExecutor|Executed ViewResult - view SelectNyxiumSubscription executed in 101.8587ms.
2020-11-26 00:36:26.2310|INFO|Microsoft.AspNetCore.Mvc.Infrastructure.ControllerActionInvoker|Executed action WedigITCRM.Controllers.PaymentController.SelectNyxiumSubscription (WedigITCRM) in 56888.1388ms
2020-11-26 00:36:26.2417|INFO|Microsoft.AspNetCore.Hosting.Diagnostics|Request finished in 56928.6731ms 200 text/html; charset=utf-8
2020-11-26 00:36:33.6402|INFO|Microsoft.AspNetCore.Hosting.Diagnostics|Request starting HTTP/2.0 POST https://localhost:44395/payment/SomeAction application/x-www-form-urlencoded; charset=UTF-8 124
2020-11-26 00:36:33.7208|INFO|Microsoft.AspNetCore.Mvc.Infrastructure.ControllerActionInvoker|Route matched with {action = "SomeAction", controller = "Payment"}. Executing controller action with signature System.Threading.Tasks.Task`1[Microsoft.AspNetCore.Mvc.IActionResult] SomeAction(SubscriptionSelectedModel) on controller WedigITCRM.Controllers.PaymentController (WedigITCRM).
2020-11-26 00:36:52.4191|INFO|Microsoft.EntityFrameworkCore.Database.Command|Executed DbCommand (3ms) [Parameters=[@__p_0='?' (DbType = Int32)], CommandType='Text', CommandTimeout='30']
SELECT TOP(1) [c].[companyAccountId], [c].[AmountToPayForLicense], [c].[Booking], [c].[CompanyCVRNumber], [c].[CompanyCity], [c].[CompanyCountryCode], [c].[CompanyName], [c].[CompanyStreet], [c].[CompanyZip], [c].[Companyidentifier], [c].[ContactsToDineroLastSynchronizationDate], [c].[ContactsToNyxiumLastSynchronizationDate], [c].[DineroAPIOrganization], [c].[DineroAPIOrganizationKey], [c].[IntegrationDinero], [c].[LogoAttachmentIds], [c].[NyxiumLicenseTypeId], [c].[NyxiumLicenseTypeName], [c].[SalesStatistic], [c].[StockItemsToDineroLastSynchronizationDate], [c].[StockItemsToNyxiumSynchronizationDate], [c].[SubscriptionCRM], [c].[SubscriptionInventory], [c].[SubscriptionProcurement], [c].[SubscriptionVendor], [c].[VendorsItemsToDineroLastSynchronizationDate], [c].[activationDate], [c].[activationKey], [c].[registrationDate], [c].[synchronizeCustomerFromDineroToNyxium], [c].[synchronizeCustomerFromNyxiumToDinero], [c].[synchronizeStockItemFromDineroToNyxium], [c].[synchronizeStockItemFromNyxiumToDinero]
FROM [companyAccounts] AS [c]
WHERE [c].[companyAccountId] = @__p_0
2020-11-26 00:36:59.1797|INFO|Microsoft.EntityFrameworkCore.Infrastructure|Entity Framework Core 3.1.4 initialized 'AppDbContext' using provider 'Microsoft.EntityFrameworkCore.SqlServer' with options: MaxPoolSize=128 
2020-11-26 00:36:59.1797|INFO|Microsoft.EntityFrameworkCore.Database.Command|Executed DbCommand (11ms) [Parameters=[@__normalizedUserName_0='?' (Size = 256)], CommandType='Text', CommandTimeout='30']
SELECT TOP(1) [a].[Id], [a].[AccessFailedCount], [a].[ConcurrencyStamp], [a].[Email], [a].[EmailConfirmed], [a].[LockoutEnabled], [a].[LockoutEnd], [a].[NormalizedEmail], [a].[NormalizedUserName], [a].[PasswordHash], [a].[PhoneNumber], [a].[PhoneNumberConfirmed], [a].[SecurityStamp], [a].[TwoFactorEnabled], [a].[UserName]
FROM [AspNetUsers] AS [a]
WHERE [a].[NormalizedUserName] = @__normalizedUserName_0
2020-11-26 00:36:59.1797|INFO|Microsoft.EntityFrameworkCore.Infrastructure|Entity Framework Core 3.1.4 initialized 'AppDbContext' using provider 'Microsoft.EntityFrameworkCore.SqlServer' with options: MaxPoolSize=128 
2020-11-26 00:37:03.3046|INFO|Microsoft.EntityFrameworkCore.Database.Command|Executed DbCommand (4,082ms) [Parameters=[], CommandType='Text', CommandTimeout='30']
SELECT [a].[Id], [a].[CompanyId], [a].[CreatedDate], [a].[Date], [a].[Description], [a].[LastEditedDate], [a].[NotificationIsSent], [a].[NotifyOffset], [a].[Subject], [a].[UserId], [a].[companyAccountId], [a].[contactPersonId]
FROM [Activities] AS [a]
2020-11-26 00:37:03.3810|INFO|Microsoft.EntityFrameworkCore.Database.Command|Executed DbCommand (4,147ms) [Parameters=[@__normalizedName_0='?' (Size = 256)], CommandType='Text', CommandTimeout='30']
SELECT TOP(1) [a].[Id], [a].[ConcurrencyStamp], [a].[Name], [a].[NormalizedName]
FROM [AspNetRoles] AS [a]
WHERE [a].[NormalizedName] = @__normalizedName_0
2020-11-26 00:37:08.6270|INFO|Microsoft.EntityFrameworkCore.Database.Command|Executed DbCommand (28ms) [Parameters=[@__normalizedName_0='?' (Size = 256)], CommandType='Text', CommandTimeout='30']
SELECT TOP(1) [a].[Id], [a].[ConcurrencyStamp], [a].[Name], [a].[NormalizedName]
FROM [AspNetRoles] AS [a]
WHERE [a].[NormalizedName] = @__normalizedName_0
2020-11-26 00:37:09.4358|INFO|Microsoft.EntityFrameworkCore.Database.Command|Executed DbCommand (736ms) [Parameters=[@__normalizedUserName_0='?' (Size = 256)], CommandType='Text', CommandTimeout='30']
SELECT TOP(1) [a].[Id], [a].[AccessFailedCount], [a].[ConcurrencyStamp], [a].[Email], [a].[EmailConfirmed], [a].[LockoutEnabled], [a].[LockoutEnd], [a].[NormalizedEmail], [a].[NormalizedUserName], [a].[PasswordHash], [a].[PhoneNumber], [a].[PhoneNumberConfirmed], [a].[SecurityStamp], [a].[TwoFactorEnabled], [a].[UserName]
FROM [AspNetUsers] AS [a]
WHERE [a].[NormalizedUserName] = @__normalizedUserName_0
2020-11-26 00:43:48.6465|INFO|Microsoft.AspNetCore.Mvc.Infrastructure.SystemTextJsonResultExecutor|Executing JsonResult, writing value of type 'WedigITCRM.ReepayAPI.RecurringPaymentViewModel'.
2020-11-26 00:43:48.6465|INFO|Microsoft.EntityFrameworkCore.Infrastructure|Entity Framework Core 3.1.4 initialized 'AppDbContext' using provider 'Microsoft.EntityFrameworkCore.SqlServer' with options: MaxPoolSize=128 
2020-11-26 00:43:48.6465|INFO|Microsoft.EntityFrameworkCore.Infrastructure|Entity Framework Core 3.1.4 initialized 'AppDbContext' using provider 'Microsoft.EntityFrameworkCore.SqlServer' with options: MaxPoolSize=128 
2020-11-26 00:43:48.6465|INFO|Microsoft.EntityFrameworkCore.Infrastructure|Entity Framework Core 3.1.4 initialized 'AppDbContext' using provider 'Microsoft.EntityFrameworkCore.SqlServer' with options: MaxPoolSize=128 
2020-11-26 00:43:48.6847|INFO|Microsoft.AspNetCore.Hosting.Diagnostics|Request starting HTTP/2.0 GET https://localhost:44395/frontpage/prices  
2020-11-26 00:43:48.6887|INFO|Microsoft.AspNetCore.Mvc.Infrastructure.ControllerActionInvoker|Executed action WedigITCRM.Controllers.PaymentController.SomeAction (WedigITCRM) in 434958.4732ms
2020-11-26 00:43:48.7113|INFO|Microsoft.EntityFrameworkCore.Database.Command|Executed DbCommand (2ms) [Parameters=[], CommandType='Text', CommandTimeout='30']
SELECT [a].[Id], [a].[CompanyId], [a].[CreatedDate], [a].[Date], [a].[Description], [a].[LastEditedDate], [a].[NotificationIsSent], [a].[NotifyOffset], [a].[Subject], [a].[UserId], [a].[companyAccountId], [a].[contactPersonId]
FROM [Activities] AS [a]
2020-11-26 00:43:48.7247|INFO|Microsoft.EntityFrameworkCore.Database.Command|Executed DbCommand (1ms) [Parameters=[], CommandType='Text', CommandTimeout='30']
SELECT [a].[Id], [a].[CompanyId], [a].[CreatedDate], [a].[Date], [a].[Description], [a].[LastEditedDate], [a].[NotificationIsSent], [a].[NotifyOffset], [a].[Subject], [a].[UserId], [a].[companyAccountId], [a].[contactPersonId]
FROM [Activities] AS [a]
2020-11-26 00:43:48.7247|INFO|Microsoft.AspNetCore.Mvc.Infrastructure.ControllerActionInvoker|Route matched with {action = "Prices", controller = "FrontPage"}. Executing controller action with signature Microsoft.AspNetCore.Mvc.IActionResult Prices() on controller WedigITCRM.Controllers.FrontPageController (WedigITCRM).
2020-11-26 00:43:48.7376|INFO|Microsoft.AspNetCore.Hosting.Diagnostics|Request finished in 435100.1066ms 200 application/json; charset=utf-8
2020-11-26 00:43:48.6847|INFO|Microsoft.EntityFrameworkCore.Infrastructure|Entity Framework Core 3.1.4 initialized 'AppDbContext' using provider 'Microsoft.EntityFrameworkCore.SqlServer' with options: MaxPoolSize=128 
2020-11-26 00:43:48.7514|INFO|Microsoft.EntityFrameworkCore.Database.Command|Executed DbCommand (56ms) [Parameters=[@__normalizedName_0='?' (Size = 256)], CommandType='Text', CommandTimeout='30']
SELECT TOP(1) [a].[Id], [a].[ConcurrencyStamp], [a].[Name], [a].[NormalizedName]
FROM [AspNetRoles] AS [a]
WHERE [a].[NormalizedName] = @__normalizedName_0
2020-11-26 00:43:49.1128|INFO|Microsoft.AspNetCore.Mvc.ViewFeatures.ViewResultExecutor|Executing ViewResult, running view Prices.
2020-11-26 00:43:49.3022|INFO|Microsoft.EntityFrameworkCore.Database.Command|Executed DbCommand (3ms) [Parameters=[], CommandType='Text', CommandTimeout='30']
SELECT [c].[companyAccountId], [c].[AmountToPayForLicense], [c].[Booking], [c].[CompanyCVRNumber], [c].[CompanyCity], [c].[CompanyCountryCode], [c].[CompanyName], [c].[CompanyStreet], [c].[CompanyZip], [c].[Companyidentifier], [c].[ContactsToDineroLastSynchronizationDate], [c].[ContactsToNyxiumLastSynchronizationDate], [c].[DineroAPIOrganization], [c].[DineroAPIOrganizationKey], [c].[IntegrationDinero], [c].[LogoAttachmentIds], [c].[NyxiumLicenseTypeId], [c].[NyxiumLicenseTypeName], [c].[SalesStatistic], [c].[StockItemsToDineroLastSynchronizationDate], [c].[StockItemsToNyxiumSynchronizationDate], [c].[SubscriptionCRM], [c].[SubscriptionInventory], [c].[SubscriptionProcurement], [c].[SubscriptionVendor], [c].[VendorsItemsToDineroLastSynchronizationDate], [c].[activationDate], [c].[activationKey], [c].[registrationDate], [c].[synchronizeCustomerFromDineroToNyxium], [c].[synchronizeCustomerFromNyxiumToDinero], [c].[synchronizeStockItemFromDineroToNyxium], [c].[synchronizeStockItemFromNyxiumToDinero]
FROM [companyAccounts] AS [c]
2020-11-26 00:43:49.3165|INFO|Microsoft.EntityFrameworkCore.Database.Command|Executed DbCommand (570ms) [Parameters=[@__normalizedName_0='?' (Size = 256)], CommandType='Text', CommandTimeout='30']
SELECT TOP(1) [a].[Id], [a].[ConcurrencyStamp], [a].[Name], [a].[NormalizedName]
FROM [AspNetRoles] AS [a]
WHERE [a].[NormalizedName] = @__normalizedName_0
2020-11-26 00:43:49.3165|INFO|Microsoft.EntityFrameworkCore.Database.Command|Executed DbCommand (20ms) [Parameters=[@__normalizedName_0='?' (Size = 256)], CommandType='Text', CommandTimeout='30']
SELECT TOP(1) [a].[Id], [a].[ConcurrencyStamp], [a].[Name], [a].[NormalizedName]
FROM [AspNetRoles] AS [a]
WHERE [a].[NormalizedName] = @__normalizedName_0
2020-11-26 00:43:49.3289|INFO|Microsoft.AspNetCore.Mvc.ViewFeatures.ViewResultExecutor|Executed ViewResult - view Prices executed in 571.1354ms.
2020-11-26 00:43:49.3745|INFO|Microsoft.EntityFrameworkCore.Database.Command|Executed DbCommand (13ms) [Parameters=[@__normalizedName_0='?' (Size = 256)], CommandType='Text', CommandTimeout='30']
SELECT TOP(1) [a].[Id], [a].[ConcurrencyStamp], [a].[Name], [a].[NormalizedName]
FROM [AspNetRoles] AS [a]
WHERE [a].[NormalizedName] = @__normalizedName_0
2020-11-26 00:43:49.3762|INFO|Microsoft.AspNetCore.Mvc.Infrastructure.ControllerActionInvoker|Executed action WedigITCRM.Controllers.FrontPageController.Prices (WedigITCRM) in 619.0997ms
2020-11-26 00:43:49.3762|INFO|Microsoft.AspNetCore.Hosting.Diagnostics|Request starting HTTP/2.0 GET https://localhost:44395/payment/Subscription?SessionId=cs_98a3a128453fbec86802bf873ad1ad5b&ReepayPlanId=plan-48207&ReepayDiscountId=dis-a2b78&CancelUrl=https://tv2.dk&AcceptUrl=/payment/accept  
2020-11-26 00:43:49.3911|INFO|Microsoft.AspNetCore.Hosting.Diagnostics|Request finished in 739.2093ms 200 text/html; charset=utf-8
2020-11-26 00:43:49.3911|INFO|Microsoft.AspNetCore.Mvc.Infrastructure.ControllerActionInvoker|Route matched with {action = "Subscription", controller = "Payment"}. Executing controller action with signature Microsoft.AspNetCore.Mvc.IActionResult Subscription(WedigITCRM.ReepayAPI.RecurringPaymentViewModel) on controller WedigITCRM.Controllers.PaymentController (WedigITCRM).
2020-11-26 00:43:49.3911|INFO|Microsoft.EntityFrameworkCore.Database.Command|Executed DbCommand (40ms) [Parameters=[@__normalizedUserName_0='?' (Size = 256)], CommandType='Text', CommandTimeout='30']
SELECT TOP(1) [a].[Id], [a].[AccessFailedCount], [a].[ConcurrencyStamp], [a].[Email], [a].[EmailConfirmed], [a].[LockoutEnabled], [a].[LockoutEnd], [a].[NormalizedEmail], [a].[NormalizedUserName], [a].[PasswordHash], [a].[PhoneNumber], [a].[PhoneNumberConfirmed], [a].[SecurityStamp], [a].[TwoFactorEnabled], [a].[UserName]
FROM [AspNetUsers] AS [a]
WHERE [a].[NormalizedUserName] = @__normalizedUserName_0
2020-11-26 00:43:49.4133|INFO|Microsoft.AspNetCore.Mvc.ViewFeatures.ViewResultExecutor|Executing ViewResult, running view ~/Views/payment/Subscription.cshtml.
2020-11-26 00:43:49.4133|INFO|Microsoft.EntityFrameworkCore.Database.Command|Executed DbCommand (27ms) [Parameters=[@__normalizedUserName_0='?' (Size = 256)], CommandType='Text', CommandTimeout='30']
SELECT TOP(1) [a].[Id], [a].[AccessFailedCount], [a].[ConcurrencyStamp], [a].[Email], [a].[EmailConfirmed], [a].[LockoutEnabled], [a].[LockoutEnd], [a].[NormalizedEmail], [a].[NormalizedUserName], [a].[PasswordHash], [a].[PhoneNumber], [a].[PhoneNumberConfirmed], [a].[SecurityStamp], [a].[TwoFactorEnabled], [a].[UserName]
FROM [AspNetUsers] AS [a]
WHERE [a].[NormalizedUserName] = @__normalizedUserName_0
2020-11-26 00:43:49.4334|INFO|Microsoft.AspNetCore.Mvc.ViewFeatures.ViewResultExecutor|Executed ViewResult - view ~/Views/payment/Subscription.cshtml executed in 20.3885ms.
2020-11-26 00:43:49.4487|INFO|Microsoft.AspNetCore.Mvc.Infrastructure.ControllerActionInvoker|Executed action WedigITCRM.Controllers.PaymentController.Subscription (WedigITCRM) in 33.3078ms
2020-11-26 00:43:49.4564|INFO|Microsoft.AspNetCore.Hosting.Diagnostics|Request finished in 70.3987ms 200 text/html; charset=utf-8
2020-11-26 00:43:54.7068|INFO|Microsoft.EntityFrameworkCore.Infrastructure|Entity Framework Core 3.1.4 initialized 'AppDbContext' using provider 'Microsoft.EntityFrameworkCore.SqlServer' with options: MaxPoolSize=128 
2020-11-26 00:43:54.7068|INFO|Microsoft.EntityFrameworkCore.Database.Command|Executed DbCommand (0ms) [Parameters=[], CommandType='Text', CommandTimeout='30']
SELECT [c].[companyAccountId], [c].[AmountToPayForLicense], [c].[Booking], [c].[CompanyCVRNumber], [c].[CompanyCity], [c].[CompanyCountryCode], [c].[CompanyName], [c].[CompanyStreet], [c].[CompanyZip], [c].[Companyidentifier], [c].[ContactsToDineroLastSynchronizationDate], [c].[ContactsToNyxiumLastSynchronizationDate], [c].[DineroAPIOrganization], [c].[DineroAPIOrganizationKey], [c].[IntegrationDinero], [c].[LogoAttachmentIds], [c].[NyxiumLicenseTypeId], [c].[NyxiumLicenseTypeName], [c].[SalesStatistic], [c].[StockItemsToDineroLastSynchronizationDate], [c].[StockItemsToNyxiumSynchronizationDate], [c].[SubscriptionCRM], [c].[SubscriptionInventory], [c].[SubscriptionProcurement], [c].[SubscriptionVendor], [c].[VendorsItemsToDineroLastSynchronizationDate], [c].[activationDate], [c].[activationKey], [c].[registrationDate], [c].[synchronizeCustomerFromDineroToNyxium], [c].[synchronizeCustomerFromNyxiumToDinero], [c].[synchronizeStockItemFromDineroToNyxium], [c].[synchronizeStockItemFromNyxiumToDinero]
FROM [companyAccounts] AS [c]
2020-11-26 00:44:48.7028|INFO|Microsoft.EntityFrameworkCore.Infrastructure|Entity Framework Core 3.1.4 initialized 'AppDbContext' using provider 'Microsoft.EntityFrameworkCore.SqlServer' with options: MaxPoolSize=128 
2020-11-26 00:44:48.7207|INFO|Microsoft.EntityFrameworkCore.Infrastructure|Entity Framework Core 3.1.4 initialized 'AppDbContext' using provider 'Microsoft.EntityFrameworkCore.SqlServer' with options: MaxPoolSize=128 
2020-11-26 00:44:48.7410|INFO|Microsoft.EntityFrameworkCore.Database.Command|Executed DbCommand (9ms) [Parameters=[], CommandType='Text', CommandTimeout='30']
SELECT [a].[Id], [a].[CompanyId], [a].[CreatedDate], [a].[Date], [a].[Description], [a].[LastEditedDate], [a].[NotificationIsSent], [a].[NotifyOffset], [a].[Subject], [a].[UserId], [a].[companyAccountId], [a].[contactPersonId]
FROM [Activities] AS [a]
2020-11-26 00:44:48.7754|INFO|Microsoft.EntityFrameworkCore.Database.Command|Executed DbCommand (16ms) [Parameters=[@__normalizedName_0='?' (Size = 256)], CommandType='Text', CommandTimeout='30']
SELECT TOP(1) [a].[Id], [a].[ConcurrencyStamp], [a].[Name], [a].[NormalizedName]
FROM [AspNetRoles] AS [a]
WHERE [a].[NormalizedName] = @__normalizedName_0
2020-11-26 00:44:48.8248|INFO|Microsoft.EntityFrameworkCore.Database.Command|Executed DbCommand (5ms) [Parameters=[@__normalizedName_0='?' (Size = 256)], CommandType='Text', CommandTimeout='30']
SELECT TOP(1) [a].[Id], [a].[ConcurrencyStamp], [a].[Name], [a].[NormalizedName]
FROM [AspNetRoles] AS [a]
WHERE [a].[NormalizedName] = @__normalizedName_0
2020-11-26 00:44:48.8561|INFO|Microsoft.EntityFrameworkCore.Database.Command|Executed DbCommand (7ms) [Parameters=[@__normalizedUserName_0='?' (Size = 256)], CommandType='Text', CommandTimeout='30']
SELECT TOP(1) [a].[Id], [a].[AccessFailedCount], [a].[ConcurrencyStamp], [a].[Email], [a].[EmailConfirmed], [a].[LockoutEnabled], [a].[LockoutEnd], [a].[NormalizedEmail], [a].[NormalizedUserName], [a].[PasswordHash], [a].[PhoneNumber], [a].[PhoneNumberConfirmed], [a].[SecurityStamp], [a].[TwoFactorEnabled], [a].[UserName]
FROM [AspNetUsers] AS [a]
WHERE [a].[NormalizedUserName] = @__normalizedUserName_0
