2020-12-07 00:21:57.1703|ERROR|WedigITCRM.Startup|start of ConfigureServices
2020-12-07 00:21:58.4634|ERROR|WedigITCRM.Startup|end of ConfigureServices
2020-12-07 00:21:58.5254|ERROR|WedigITCRM.Startup|start of Configure method
2020-12-07 00:21:59.1383|ERROR|WedigITCRM.Startup|end of Configure method
2020-12-07 00:22:02.2970|ERROR|WedigITCRM.Controllers.HomeController|Entering index action in home controller
2020-12-07 00:22:02.3233|ERROR|WedigITCRM.Controllers.HomeController|index action in home controller redirecting to frontpage controller index action
2020-12-07 00:23:02.1278|ERROR|Microsoft.AspNetCore.Diagnostics.ExceptionHandlerMiddleware|An unhandled exception has occurred while executing the request.
2020-12-07 00:23:02.1888|ERROR|WedigITCRM.Startup|{"UserId":null,"UserName":null,"CompanyId":null,"CompanyName":null,"Type":null,"Title":"Unexpected Error","Status":500,"Detail":"Sequence contains no elements\r\n                                         \r\n\r\n                                            at System.Linq.ThrowHelper.ThrowNoElementsException()\r\n   at System.Linq.Enumerable.First[TSource](IEnumerable`1 source)\r\n   at WedigITCRM.Controllers.PaymentController.SomeAction(SubscriptionSelectedModel model) in C:\\Users\\John\\source\\repos\\WedigITCRM\\WedigITCRM\\Controllers\\PaymentController.cs:line 142\r\n   at Microsoft.AspNetCore.Mvc.Infrastructure.ActionMethodExecutor.TaskOfIActionResultExecutor.Execute(IActionResultTypeMapper mapper, ObjectMethodExecutor executor, Object controller, Object[] arguments)\r\n   at Microsoft.AspNetCore.Mvc.Infrastructure.ControllerActionInvoker.<InvokeActionMethodAsync>g__Awaited|12_0(ControllerActionInvoker invoker, ValueTask`1 actionResultValueTask)\r\n   at Microsoft.AspNetCore.Mvc.Infrastructure.ControllerActionInvoker.<InvokeNextActionFilterAsync>g__Awaited|10_0(ControllerActionInvoker invoker, Task lastTask, State next, Scope scope, Object state, Boolean isCompleted)\r\n   at Microsoft.AspNetCore.Mvc.Infrastructure.ControllerActionInvoker.Rethrow(ActionExecutedContextSealed context)\r\n   at Microsoft.AspNetCore.Mvc.Infrastructure.ControllerActionInvoker.Next(State& next, Scope& scope, Object& state, Boolean& isCompleted)\r\n   at Microsoft.AspNetCore.Mvc.Infrastructure.ControllerActionInvoker.<InvokeInnerFilterAsync>g__Awaited|13_0(ControllerActionInvoker invoker, Task lastTask, State next, Scope scope, Object state, Boolean isCompleted)\r\n   at Microsoft.AspNetCore.Mvc.Infrastructure.ResourceInvoker.<InvokeNextResourceFilter>g__Awaited|24_0(ResourceInvoker invoker, Task lastTask, State next, Scope scope, Object state, Boolean isCompleted)\r\n   at Microsoft.AspNetCore.Mvc.Infrastructure.ResourceInvoker.Rethrow(ResourceExecutedContextSealed context)\r\n   at Microsoft.AspNetCore.Mvc.Infrastructure.ResourceInvoker.Next(State& next, Scope& scope, Object& state, Boolean& isCompleted)\r\n   at Microsoft.AspNetCore.Mvc.Infrastructure.ResourceInvoker.<InvokeFilterPipelineAsync>g__Awaited|19_0(ResourceInvoker invoker, Task lastTask, State next, Scope scope, Object state, Boolean isCompleted)\r\n   at Microsoft.AspNetCore.Mvc.Infrastructure.ResourceInvoker.<InvokeAsync>g__Logged|17_1(ResourceInvoker invoker)\r\n   at Microsoft.AspNetCore.Builder.RouterMiddleware.Invoke(HttpContext httpContext)\r\n   at Microsoft.AspNetCore.Authentication.AuthenticationMiddleware.Invoke(HttpContext context)\r\n   at Microsoft.AspNetCore.Diagnostics.ExceptionHandlerMiddleware.<Invoke>g__Awaited|6_0(ExceptionHandlerMiddleware middleware, HttpContext context, Task task)","Instance":"bc1a19b6-4496-4220-a5a0-05d492634e76","Extensions":{}}
2020-12-07 00:24:03.1398|ERROR|Microsoft.AspNetCore.Diagnostics.ExceptionHandlerMiddleware|An unhandled exception has occurred while executing the request.
2020-12-07 00:24:03.1630|ERROR|WedigITCRM.Startup|{"UserId":null,"UserName":null,"CompanyId":null,"CompanyName":null,"Type":null,"Title":"Unexpected Error","Status":500,"Detail":"Sequence contains no elements\r\n                                         \r\n\r\n                                            at System.Linq.ThrowHelper.ThrowNoElementsException()\r\n   at System.Linq.Enumerable.First[TSource](IEnumerable`1 source)\r\n   at WedigITCRM.Controllers.PaymentController.SomeAction(SubscriptionSelectedModel model) in C:\\Users\\John\\source\\repos\\WedigITCRM\\WedigITCRM\\Controllers\\PaymentController.cs:line 142\r\n   at Microsoft.AspNetCore.Mvc.Infrastructure.ActionMethodExecutor.TaskOfIActionResultExecutor.Execute(IActionResultTypeMapper mapper, ObjectMethodExecutor executor, Object controller, Object[] arguments)\r\n   at Microsoft.AspNetCore.Mvc.Infrastructure.ControllerActionInvoker.<InvokeActionMethodAsync>g__Awaited|12_0(ControllerActionInvoker invoker, ValueTask`1 actionResultValueTask)\r\n   at Microsoft.AspNetCore.Mvc.Infrastructure.ControllerActionInvoker.<InvokeNextActionFilterAsync>g__Awaited|10_0(ControllerActionInvoker invoker, Task lastTask, State next, Scope scope, Object state, Boolean isCompleted)\r\n   at Microsoft.AspNetCore.Mvc.Infrastructure.ControllerActionInvoker.Rethrow(ActionExecutedContextSealed context)\r\n   at Microsoft.AspNetCore.Mvc.Infrastructure.ControllerActionInvoker.Next(State& next, Scope& scope, Object& state, Boolean& isCompleted)\r\n   at Microsoft.AspNetCore.Mvc.Infrastructure.ControllerActionInvoker.<InvokeInnerFilterAsync>g__Awaited|13_0(ControllerActionInvoker invoker, Task lastTask, State next, Scope scope, Object state, Boolean isCompleted)\r\n   at Microsoft.AspNetCore.Mvc.Infrastructure.ResourceInvoker.<InvokeNextResourceFilter>g__Awaited|24_0(ResourceInvoker invoker, Task lastTask, State next, Scope scope, Object state, Boolean isCompleted)\r\n   at Microsoft.AspNetCore.Mvc.Infrastructure.ResourceInvoker.Rethrow(ResourceExecutedContextSealed context)\r\n   at Microsoft.AspNetCore.Mvc.Infrastructure.ResourceInvoker.Next(State& next, Scope& scope, Object& state, Boolean& isCompleted)\r\n   at Microsoft.AspNetCore.Mvc.Infrastructure.ResourceInvoker.<InvokeFilterPipelineAsync>g__Awaited|19_0(ResourceInvoker invoker, Task lastTask, State next, Scope scope, Object state, Boolean isCompleted)\r\n   at Microsoft.AspNetCore.Mvc.Infrastructure.ResourceInvoker.<InvokeAsync>g__Logged|17_1(ResourceInvoker invoker)\r\n   at Microsoft.AspNetCore.Builder.RouterMiddleware.Invoke(HttpContext httpContext)\r\n   at Microsoft.AspNetCore.Authentication.AuthenticationMiddleware.Invoke(HttpContext context)\r\n   at Microsoft.AspNetCore.Diagnostics.ExceptionHandlerMiddleware.<Invoke>g__Awaited|6_0(ExceptionHandlerMiddleware middleware, HttpContext context, Task task)","Instance":"59798cf6-e3e7-48e5-bb53-93f80254948b","Extensions":{}}
2020-12-07 00:27:05.1904|ERROR|WedigITCRM.Startup|start of ConfigureServices
2020-12-07 00:27:06.4199|ERROR|WedigITCRM.Startup|end of ConfigureServices
2020-12-07 00:27:06.5380|ERROR|WedigITCRM.Startup|start of Configure method
2020-12-07 00:27:07.5042|ERROR|WedigITCRM.Startup|end of Configure method
2020-12-07 00:27:11.1402|ERROR|WedigITCRM.Controllers.HomeController|Entering index action in home controller
2020-12-07 00:27:11.2208|ERROR|WedigITCRM.Controllers.HomeController|index action in home controller redirecting to frontpage controller index action
2020-12-07 00:29:05.4896|ERROR|WedigITCRM.Startup|start of ConfigureServices
2020-12-07 00:29:06.7070|ERROR|WedigITCRM.Startup|end of ConfigureServices
2020-12-07 00:29:06.7863|ERROR|WedigITCRM.Startup|start of Configure method
2020-12-07 00:29:07.5427|ERROR|WedigITCRM.Startup|end of Configure method
2020-12-07 00:29:09.5054|ERROR|WedigITCRM.Controllers.HomeController|Entering index action in home controller
2020-12-07 00:29:09.5386|ERROR|WedigITCRM.Controllers.HomeController|index action in home controller redirecting to frontpage controller index action
2020-12-07 00:44:17.6881|ERROR|WedigITCRM.Startup|start of ConfigureServices
2020-12-07 00:44:19.0684|ERROR|WedigITCRM.Startup|end of ConfigureServices
2020-12-07 00:44:19.2044|ERROR|WedigITCRM.Startup|start of Configure method
2020-12-07 00:44:20.1794|ERROR|WedigITCRM.Startup|end of Configure method
2020-12-07 00:44:22.6038|ERROR|WedigITCRM.Controllers.HomeController|Entering index action in home controller
2020-12-07 00:44:22.7604|ERROR|WedigITCRM.Controllers.HomeController|index action in home controller redirecting to frontpage controller index action
2020-12-07 01:03:03.7627|ERROR|WedigITCRM.Startup|start of ConfigureServices
2020-12-07 01:03:05.4917|ERROR|WedigITCRM.Startup|end of ConfigureServices
2020-12-07 01:03:05.6199|ERROR|WedigITCRM.Startup|start of Configure method
2020-12-07 01:03:06.6241|ERROR|WedigITCRM.Startup|end of Configure method
2020-12-07 01:03:08.5654|ERROR|WedigITCRM.Controllers.HomeController|Entering index action in home controller
2020-12-07 01:03:08.5901|ERROR|WedigITCRM.Controllers.HomeController|index action in home controller redirecting to frontpage controller index action
2020-12-07 02:04:43.4750|ERROR|WedigITCRM.Startup|start of ConfigureServices
2020-12-07 02:04:44.5043|ERROR|WedigITCRM.Startup|end of ConfigureServices
2020-12-07 02:04:44.5844|ERROR|WedigITCRM.Startup|start of Configure method
2020-12-07 02:04:45.1717|ERROR|WedigITCRM.Startup|end of Configure method
2020-12-07 02:04:46.8676|ERROR|WedigITCRM.Controllers.HomeController|Entering index action in home controller
2020-12-07 02:04:46.9049|ERROR|WedigITCRM.Controllers.HomeController|index action in home controller redirecting to frontpage controller index action
