2020-07-06 00:02:18.0042|ERROR|WedigITCRM.Startup|start of ConfigureServices
2020-07-06 00:02:19.1702|ERROR|WedigITCRM.Startup|end of ConfigureServices
2020-07-06 00:02:19.2657|ERROR|WedigITCRM.Startup|start of Configure method
2020-07-06 00:02:19.8332|ERROR|WedigITCRM.Startup|end of Configure method
2020-07-06 00:02:24.5028|ERROR|WedigITCRM.Controllers.HomeController|Entering index action in home controller
2020-07-06 00:02:24.5754|ERROR|WedigITCRM.Controllers.HomeController|index action in home controller redirecting to Customer controller AllCustomers action
2020-07-06 00:13:34.0568|ERROR|WedigITCRM.Startup|start of ConfigureServices
2020-07-06 00:13:35.0476|ERROR|WedigITCRM.Startup|end of ConfigureServices
2020-07-06 00:13:35.1959|ERROR|WedigITCRM.Startup|start of Configure method
2020-07-06 00:13:35.8713|ERROR|WedigITCRM.Startup|end of Configure method
2020-07-06 00:13:40.4424|ERROR|WedigITCRM.Controllers.HomeController|Entering index action in home controller
2020-07-06 00:13:40.4746|ERROR|WedigITCRM.Controllers.HomeController|index action in home controller redirecting to Customer controller AllCustomers action
2020-07-06 00:18:51.0858|ERROR|WedigITCRM.Startup|start of ConfigureServices
2020-07-06 00:18:53.1393|ERROR|WedigITCRM.Startup|end of ConfigureServices
2020-07-06 00:18:53.3000|ERROR|WedigITCRM.Startup|start of Configure method
2020-07-06 00:18:55.2160|ERROR|WedigITCRM.Startup|end of Configure method
2020-07-06 00:19:00.7769|ERROR|WedigITCRM.Controllers.HomeController|Entering index action in home controller
2020-07-06 00:19:01.2425|ERROR|WedigITCRM.Controllers.HomeController|index action in home controller redirecting to Customer controller AllCustomers action
2020-07-06 00:45:05.4049|ERROR|WedigITCRM.Startup|start of ConfigureServices
2020-07-06 00:45:06.5755|ERROR|WedigITCRM.Startup|end of ConfigureServices
2020-07-06 00:45:06.6552|ERROR|WedigITCRM.Startup|start of Configure method
2020-07-06 00:45:07.2997|ERROR|WedigITCRM.Startup|end of Configure method
2020-07-06 00:45:12.3311|ERROR|WedigITCRM.Controllers.HomeController|Entering index action in home controller
2020-07-06 00:45:12.3571|ERROR|WedigITCRM.Controllers.HomeController|index action in home controller redirecting to Customer controller AllCustomers action
