2020-07-05 11:18:14.1172|ERROR|WedigITCRM.Startup|start of ConfigureServices
2020-07-05 11:18:15.7480|ERROR|WedigITCRM.Startup|end of ConfigureServices
2020-07-05 11:18:15.8494|ERROR|WedigITCRM.Startup|start of Configure method
2020-07-05 11:18:16.8725|ERROR|WedigITCRM.Startup|end of Configure method
2020-07-05 11:18:20.0550|ERROR|WedigITCRM.Controllers.HomeController|Entering index action in home controller
2020-07-05 11:18:20.1211|ERROR|WedigITCRM.Controllers.HomeController|index action in home controller redirecting to frontpage controller index action
2020-07-05 11:18:38.8789|ERROR|WedigITCRM.Controllers.HomeController|Entering index action in home controller
2020-07-05 11:18:38.8950|ERROR|WedigITCRM.Controllers.HomeController|index action in home controller redirecting to Customer controller AllCustomers action
2020-07-05 11:20:54.9303|ERROR|WedigITCRM.Startup|start of ConfigureServices
2020-07-05 11:20:55.9004|ERROR|WedigITCRM.Startup|end of ConfigureServices
2020-07-05 11:20:55.9915|ERROR|WedigITCRM.Startup|start of Configure method
2020-07-05 11:20:56.6570|ERROR|WedigITCRM.Startup|end of Configure method
2020-07-05 11:21:02.6038|ERROR|WedigITCRM.Controllers.HomeController|Entering index action in home controller
2020-07-05 11:21:02.6537|ERROR|WedigITCRM.Controllers.HomeController|index action in home controller redirecting to Customer controller AllCustomers action
2020-07-05 11:33:48.9490|ERROR|WedigITCRM.Startup|start of ConfigureServices
2020-07-05 11:33:49.9042|ERROR|WedigITCRM.Startup|end of ConfigureServices
2020-07-05 11:33:49.9864|ERROR|WedigITCRM.Startup|start of Configure method
2020-07-05 11:33:50.5521|ERROR|WedigITCRM.Startup|end of Configure method
2020-07-05 11:33:54.0571|ERROR|WedigITCRM.Controllers.HomeController|Entering index action in home controller
2020-07-05 11:33:54.0985|ERROR|WedigITCRM.Controllers.HomeController|index action in home controller redirecting to Customer controller AllCustomers action
2020-07-05 11:34:08.3971|ERROR|Microsoft.AspNetCore.Diagnostics.ExceptionHandlerMiddleware|An unhandled exception has occurred while executing the request.
2020-07-05 11:34:08.5530|ERROR|WedigITCRM.Startup|{"UserId":"6c1e27cf-820e-4335-b9a5-7ed1142c531c","UserName":"johnpetersen1959@gmail.com","CompanyId":"13024","CompanyName":"wedigIT ApS","Type":null,"Title":"Unexpected Error","Status":500,"Detail":"Object reference not set to an instance of an object.\r\n                                         \r\n\r\n                                            at WedigITCRM.Controllers.PurchaseOrderController.<>c__DisplayClass27_0.<EditPurchaseBudget>b__1(PurchaseBudgetLine budgetLine) in C:\\Users\\John\\source\\repos\\WedigITCRM\\WedigITCRM\\Controllers\\PurchaseOrderController.cs:line 675\r\n   at System.Linq.Enumerable.WhereEnumerableIterator`1.ToList()\r\n   at System.Linq.Enumerable.ToList[TSource](IEnumerable`1 source)\r\n   at WedigITCRM.Controllers.PurchaseOrderController.EditPurchaseBudget(Int32 purchaseBudgetId, CompanyAccount companyAccount) in C:\\Users\\John\\source\\repos\\WedigITCRM\\WedigITCRM\\Controllers\\PurchaseOrderController.cs:line 675\r\n   at lambda_method(Closure , Object , Object[] )\r\n   at Microsoft.Extensions.Internal.ObjectMethodExecutor.Execute(Object target, Object[] parameters)\r\n   at Microsoft.AspNetCore.Mvc.Infrastructure.ActionMethodExecutor.SyncActionResultExecutor.Execute(IActionResultTypeMapper mapper, ObjectMethodExecutor executor, Object controller, Object[] arguments)\r\n   at Microsoft.AspNetCore.Mvc.Infrastructure.ControllerActionInvoker.InvokeActionMethodAsync()\r\n   at Microsoft.AspNetCore.Mvc.Infrastructure.ControllerActionInvoker.Next(State& next, Scope& scope, Object& state, Boolean& isCompleted)\r\n   at Microsoft.AspNetCore.Mvc.Infrastructure.ControllerActionInvoker.InvokeNextActionFilterAsync()\r\n--- End of stack trace from previous location where exception was thrown ---\r\n   at Microsoft.AspNetCore.Mvc.Infrastructure.ControllerActionInvoker.Rethrow(ActionExecutedContextSealed context)\r\n   at Microsoft.AspNetCore.Mvc.Infrastructure.ControllerActionInvoker.Next(State& next, Scope& scope, Object& state, Boolean& isCompleted)\r\n   at Microsoft.AspNetCore.Mvc.Infrastructure.ControllerActionInvoker.InvokeInnerFilterAsync()\r\n--- End of stack trace from previous location where exception was thrown ---\r\n   at Microsoft.AspNetCore.Mvc.Infrastructure.ResourceInvoker.<InvokeNextResourceFilter>g__Awaited|24_0(ResourceInvoker invoker, Task lastTask, State next, Scope scope, Object state, Boolean isCompleted)\r\n   at Microsoft.AspNetCore.Mvc.Infrastructure.ResourceInvoker.Rethrow(ResourceExecutedContextSealed context)\r\n   at Microsoft.AspNetCore.Mvc.Infrastructure.ResourceInvoker.Next(State& next, Scope& scope, Object& state, Boolean& isCompleted)\r\n   at Microsoft.AspNetCore.Mvc.Infrastructure.ResourceInvoker.InvokeFilterPipelineAsync()\r\n--- End of stack trace from previous location where exception was thrown ---\r\n   at Microsoft.AspNetCore.Mvc.Infrastructure.ResourceInvoker.<InvokeAsync>g__Logged|17_1(ResourceInvoker invoker)\r\n   at Microsoft.AspNetCore.Builder.RouterMiddleware.Invoke(HttpContext httpContext)\r\n   at Microsoft.AspNetCore.Authentication.AuthenticationMiddleware.Invoke(HttpContext context)\r\n   at Microsoft.AspNetCore.Diagnostics.ExceptionHandlerMiddleware.<Invoke>g__Awaited|6_0(ExceptionHandlerMiddleware middleware, HttpContext context, Task task)","Instance":"0d5c30f9-309a-4b30-aecd-d21b7c46af6a","Extensions":{}}
2020-07-05 11:34:26.2115|ERROR|WedigITCRM.Controllers.HomeController|Entering index action in home controller
2020-07-05 11:34:26.2362|ERROR|WedigITCRM.Controllers.HomeController|index action in home controller redirecting to Customer controller AllCustomers action
2020-07-05 11:40:24.6546|ERROR|WedigITCRM.Startup|start of ConfigureServices
2020-07-05 11:40:25.6083|ERROR|WedigITCRM.Startup|end of ConfigureServices
2020-07-05 11:40:25.8013|ERROR|WedigITCRM.Startup|start of Configure method
2020-07-05 11:40:26.4070|ERROR|WedigITCRM.Startup|end of Configure method
2020-07-05 11:40:31.5484|ERROR|WedigITCRM.Controllers.HomeController|Entering index action in home controller
2020-07-05 11:40:31.6133|ERROR|WedigITCRM.Controllers.HomeController|index action in home controller redirecting to Customer controller AllCustomers action
2020-07-05 11:40:46.2725|ERROR|Microsoft.AspNetCore.Diagnostics.ExceptionHandlerMiddleware|An unhandled exception has occurred while executing the request.
2020-07-05 11:40:46.7817|ERROR|WedigITCRM.Startup|{"UserId":"6c1e27cf-820e-4335-b9a5-7ed1142c531c","UserName":"johnpetersen1959@gmail.com","CompanyId":"13024","CompanyName":"wedigIT ApS","Type":null,"Title":"Unexpected Error","Status":500,"Detail":"Object reference not set to an instance of an object.\r\n                                         \r\n\r\n                                            at WedigITCRM.Controllers.PurchaseOrderController.<>c__DisplayClass27_0.<EditPurchaseBudget>b__1(PurchaseBudgetLine budgetLine) in C:\\Users\\John\\source\\repos\\WedigITCRM\\WedigITCRM\\Controllers\\PurchaseOrderController.cs:line 675\r\n   at System.Linq.Enumerable.WhereEnumerableIterator`1.ToList()\r\n   at System.Linq.Enumerable.ToList[TSource](IEnumerable`1 source)\r\n   at WedigITCRM.Controllers.PurchaseOrderController.EditPurchaseBudget(Int32 purchaseBudgetId, CompanyAccount companyAccount) in C:\\Users\\John\\source\\repos\\WedigITCRM\\WedigITCRM\\Controllers\\PurchaseOrderController.cs:line 675\r\n   at lambda_method(Closure , Object , Object[] )\r\n   at Microsoft.Extensions.Internal.ObjectMethodExecutor.Execute(Object target, Object[] parameters)\r\n   at Microsoft.AspNetCore.Mvc.Infrastructure.ActionMethodExecutor.SyncActionResultExecutor.Execute(IActionResultTypeMapper mapper, ObjectMethodExecutor executor, Object controller, Object[] arguments)\r\n   at Microsoft.AspNetCore.Mvc.Infrastructure.ControllerActionInvoker.InvokeActionMethodAsync()\r\n   at Microsoft.AspNetCore.Mvc.Infrastructure.ControllerActionInvoker.Next(State& next, Scope& scope, Object& state, Boolean& isCompleted)\r\n   at Microsoft.AspNetCore.Mvc.Infrastructure.ControllerActionInvoker.InvokeNextActionFilterAsync()\r\n--- End of stack trace from previous location where exception was thrown ---\r\n   at Microsoft.AspNetCore.Mvc.Infrastructure.ControllerActionInvoker.Rethrow(ActionExecutedContextSealed context)\r\n   at Microsoft.AspNetCore.Mvc.Infrastructure.ControllerActionInvoker.Next(State& next, Scope& scope, Object& state, Boolean& isCompleted)\r\n   at Microsoft.AspNetCore.Mvc.Infrastructure.ControllerActionInvoker.InvokeInnerFilterAsync()\r\n--- End of stack trace from previous location where exception was thrown ---\r\n   at Microsoft.AspNetCore.Mvc.Infrastructure.ResourceInvoker.<InvokeNextResourceFilter>g__Awaited|24_0(ResourceInvoker invoker, Task lastTask, State next, Scope scope, Object state, Boolean isCompleted)\r\n   at Microsoft.AspNetCore.Mvc.Infrastructure.ResourceInvoker.Rethrow(ResourceExecutedContextSealed context)\r\n   at Microsoft.AspNetCore.Mvc.Infrastructure.ResourceInvoker.Next(State& next, Scope& scope, Object& state, Boolean& isCompleted)\r\n   at Microsoft.AspNetCore.Mvc.Infrastructure.ResourceInvoker.InvokeFilterPipelineAsync()\r\n--- End of stack trace from previous location where exception was thrown ---\r\n   at Microsoft.AspNetCore.Mvc.Infrastructure.ResourceInvoker.<InvokeAsync>g__Logged|17_1(ResourceInvoker invoker)\r\n   at Microsoft.AspNetCore.Builder.RouterMiddleware.Invoke(HttpContext httpContext)\r\n   at Microsoft.AspNetCore.Authentication.AuthenticationMiddleware.Invoke(HttpContext context)\r\n   at Microsoft.AspNetCore.Diagnostics.ExceptionHandlerMiddleware.<Invoke>g__Awaited|6_0(ExceptionHandlerMiddleware middleware, HttpContext context, Task task)","Instance":"eee6f1c8-ced0-4afb-8559-71b7ce9dc478","Extensions":{}}
2020-07-05 12:27:13.6451|ERROR|WedigITCRM.Startup|start of ConfigureServices
2020-07-05 12:27:14.9840|ERROR|WedigITCRM.Startup|end of ConfigureServices
2020-07-05 12:27:15.0928|ERROR|WedigITCRM.Startup|start of Configure method
2020-07-05 12:27:15.6678|ERROR|WedigITCRM.Startup|end of Configure method
2020-07-05 12:27:23.4147|ERROR|WedigITCRM.Controllers.HomeController|Entering index action in home controller
2020-07-05 12:27:23.4825|ERROR|WedigITCRM.Controllers.HomeController|index action in home controller redirecting to Customer controller AllCustomers action
