2020-06-19 10:36:23.1648|ERROR|WedigITCRM.Startup|start of ConfigureServices
2020-06-19 10:36:24.3789|ERROR|WedigITCRM.Startup|end of ConfigureServices
2020-06-19 10:36:24.4598|ERROR|WedigITCRM.Startup|start of Configure method
2020-06-19 10:36:25.0390|ERROR|WedigITCRM.Startup|end of Configure method
2020-06-19 10:36:27.4891|ERROR|WedigITCRM.Controllers.HomeController|Entering index action in home controller
2020-06-19 10:36:27.5140|ERROR|WedigITCRM.Controllers.HomeController|index action in home controller redirecting to frontpage controller index action
2020-06-19 10:36:45.9911|ERROR|Microsoft.AspNetCore.Diagnostics.ExceptionHandlerMiddleware|An unhandled exception has occurred while executing the request.
2020-06-19 10:36:46.0430|ERROR|WedigITCRM.Startup|{"UserId":null,"UserName":null,"CompanyId":null,"CompanyName":null,"Type":null,"Title":"Unexpected Error","Status":500,"Detail":"Error converting value {null} to type 'System.Int32'. Path 'hits.hits[184]._source.Vrvirksomhed.virksomhedMetadata.nyesteBeliggenhedsadresse.postnummer', line 1, position 80498.\r\n                                         \r\n\r\n                                            at Newtonsoft.Json.Serialization.JsonSerializerInternalReader.EnsureType(JsonReader reader, Object value, CultureInfo culture, JsonContract contract, Type targetType)\r\n   at Newtonsoft.Json.Serialization.JsonSerializerInternalReader.SetPropertyValue(JsonProperty property, JsonConverter propertyConverter, JsonContainerContract containerContract, JsonProperty containerProperty, JsonReader reader, Object target)\r\n   at Newtonsoft.Json.Serialization.JsonSerializerInternalReader.PopulateObject(Object newObject, JsonReader reader, JsonObjectContract contract, JsonProperty member, String id)\r\n   at Newtonsoft.Json.Serialization.JsonSerializerInternalReader.CreateObject(JsonReader reader, Type objectType, JsonContract contract, JsonProperty member, JsonContainerContract containerContract, JsonProperty containerMember, Object existingValue)\r\n   at Newtonsoft.Json.Serialization.JsonSerializerInternalReader.SetPropertyValue(JsonProperty property, JsonConverter propertyConverter, JsonContainerContract containerContract, JsonProperty containerProperty, JsonReader reader, Object target)\r\n   at Newtonsoft.Json.Serialization.JsonSerializerInternalReader.PopulateObject(Object newObject, JsonReader reader, JsonObjectContract contract, JsonProperty member, String id)\r\n   at Newtonsoft.Json.Serialization.JsonSerializerInternalReader.CreateObject(JsonReader reader, Type objectType, JsonContract contract, JsonProperty member, JsonContainerContract containerContract, JsonProperty containerMember, Object existingValue)\r\n   at Newtonsoft.Json.Serialization.JsonSerializerInternalReader.SetPropertyValue(JsonProperty property, JsonConverter propertyConverter, JsonContainerContract containerContract, JsonProperty containerProperty, JsonReader reader, Object target)\r\n   at Newtonsoft.Json.Serialization.JsonSerializerInternalReader.PopulateObject(Object newObject, JsonReader reader, JsonObjectContract contract, JsonProperty member, String id)\r\n   at Newtonsoft.Json.Serialization.JsonSerializerInternalReader.CreateObject(JsonReader reader, Type objectType, JsonContract contract, JsonProperty member, JsonContainerContract containerContract, JsonProperty containerMember, Object existingValue)\r\n   at Newtonsoft.Json.Serialization.JsonSerializerInternalReader.SetPropertyValue(JsonProperty property, JsonConverter propertyConverter, JsonContainerContract containerContract, JsonProperty containerProperty, JsonReader reader, Object target)\r\n   at Newtonsoft.Json.Serialization.JsonSerializerInternalReader.PopulateObject(Object newObject, JsonReader reader, JsonObjectContract contract, JsonProperty member, String id)\r\n   at Newtonsoft.Json.Serialization.JsonSerializerInternalReader.CreateObject(JsonReader reader, Type objectType, JsonContract contract, JsonProperty member, JsonContainerContract containerContract, JsonProperty containerMember, Object existingValue)\r\n   at Newtonsoft.Json.Serialization.JsonSerializerInternalReader.SetPropertyValue(JsonProperty property, JsonConverter propertyConverter, JsonContainerContract containerContract, JsonProperty containerProperty, JsonReader reader, Object target)\r\n   at Newtonsoft.Json.Serialization.JsonSerializerInternalReader.PopulateObject(Object newObject, JsonReader reader, JsonObjectContract contract, JsonProperty member, String id)\r\n   at Newtonsoft.Json.Serialization.JsonSerializerInternalReader.CreateObject(JsonReader reader, Type objectType, JsonContract contract, JsonProperty member, JsonContainerContract containerContract, JsonProperty containerMember, Object existingValue)\r\n   at Newtonsoft.Json.Serialization.JsonSerializerInternalReader.PopulateList(IList list, JsonReader reader, JsonArrayContract contract, JsonProperty containerProperty, String id)\r\n   at Newtonsoft.Json.Serialization.JsonSerializerInternalReader.CreateList(JsonReader reader, Type objectType, JsonContract contract, JsonProperty member, Object existingValue, String id)\r\n   at Newtonsoft.Json.Serialization.JsonSerializerInternalReader.SetPropertyValue(JsonProperty property, JsonConverter propertyConverter, JsonContainerContract containerContract, JsonProperty containerProperty, JsonReader reader, Object target)\r\n   at Newtonsoft.Json.Serialization.JsonSerializerInternalReader.PopulateObject(Object newObject, JsonReader reader, JsonObjectContract contract, JsonProperty member, String id)\r\n   at Newtonsoft.Json.Serialization.JsonSerializerInternalReader.CreateObject(JsonReader reader, Type objectType, JsonContract contract, JsonProperty member, JsonContainerContract containerContract, JsonProperty containerMember, Object existingValue)\r\n   at Newtonsoft.Json.Serialization.JsonSerializerInternalReader.SetPropertyValue(JsonProperty property, JsonConverter propertyConverter, JsonContainerContract containerContract, JsonProperty containerProperty, JsonReader reader, Object target)\r\n   at Newtonsoft.Json.Serialization.JsonSerializerInternalReader.PopulateObject(Object newObject, JsonReader reader, JsonObjectContract contract, JsonProperty member, String id)\r\n   at Newtonsoft.Json.Serialization.JsonSerializerInternalReader.CreateObject(JsonReader reader, Type objectType, JsonContract contract, JsonProperty member, JsonContainerContract containerContract, JsonProperty containerMember, Object existingValue)\r\n   at Newtonsoft.Json.Serialization.JsonSerializerInternalReader.Deserialize(JsonReader reader, Type objectType, Boolean checkAdditionalContent)\r\n   at Newtonsoft.Json.JsonSerializer.DeserializeInternal(JsonReader reader, Type objectType)\r\n   at Newtonsoft.Json.JsonSerializer.Deserialize(JsonReader reader, Type objectType)\r\n   at Newtonsoft.Json.JsonConvert.DeserializeObject(String value, Type type, JsonSerializerSettings settings)\r\n   at Newtonsoft.Json.JsonConvert.DeserializeObject[T](String value, JsonSerializerSettings settings)\r\n   at Newtonsoft.Json.JsonConvert.DeserializeObject[T](String value)\r\n   at WedigITCRM.VirkAPI.Companies.search(VirkQuery virkquery) in C:\\Users\\John\\source\\repos\\WedigITCRM\\WedigITCRM\\VirkAPI\\Companies.cs:line 40\r\n   at WedigITCRM.Controllers.HomeController.searchInVirkByCompanyName(String term) in C:\\Users\\John\\source\\repos\\WedigITCRM\\WedigITCRM\\Controllers\\HomeController.cs:line 101\r\n   at Microsoft.AspNetCore.Mvc.Infrastructure.ActionMethodExecutor.TaskOfIActionResultExecutor.Execute(IActionResultTypeMapper mapper, ObjectMethodExecutor executor, Object controller, Object[] arguments)\r\n   at Microsoft.AspNetCore.Mvc.Infrastructure.ControllerActionInvoker.<InvokeActionMethodAsync>g__Awaited|12_0(ControllerActionInvoker invoker, ValueTask`1 actionResultValueTask)\r\n   at Microsoft.AspNetCore.Mvc.Infrastructure.ControllerActionInvoker.<InvokeNextActionFilterAsync>g__Awaited|10_0(ControllerActionInvoker invoker, Task lastTask, State next, Scope scope, Object state, Boolean isCompleted)\r\n   at Microsoft.AspNetCore.Mvc.Infrastructure.ControllerActionInvoker.Rethrow(ActionExecutedContextSealed context)\r\n   at Microsoft.AspNetCore.Mvc.Infrastructure.ControllerActionInvoker.Next(State& next, Scope& scope, Object& state, Boolean& isCompleted)\r\n   at Microsoft.AspNetCore.Mvc.Infrastructure.ControllerActionInvoker.InvokeInnerFilterAsync()\r\n--- End of stack trace from previous location where exception was thrown ---\r\n   at Microsoft.AspNetCore.Mvc.Infrastructure.ResourceInvoker.<InvokeNextResourceFilter>g__Awaited|24_0(ResourceInvoker invoker, Task lastTask, State next, Scope scope, Object state, Boolean isCompleted)\r\n   at Microsoft.AspNetCore.Mvc.Infrastructure.ResourceInvoker.Rethrow(ResourceExecutedContextSealed context)\r\n   at Microsoft.AspNetCore.Mvc.Infrastructure.ResourceInvoker.Next(State& next, Scope& scope, Object& state, Boolean& isCompleted)\r\n   at Microsoft.AspNetCore.Mvc.Infrastructure.ResourceInvoker.InvokeFilterPipelineAsync()\r\n--- End of stack trace from previous location where exception was thrown ---\r\n   at Microsoft.AspNetCore.Mvc.Infrastructure.ResourceInvoker.<InvokeAsync>g__Logged|17_1(ResourceInvoker invoker)\r\n   at Microsoft.AspNetCore.Builder.RouterMiddleware.Invoke(HttpContext httpContext)\r\n   at Microsoft.AspNetCore.Authentication.AuthenticationMiddleware.Invoke(HttpContext context)\r\n   at Microsoft.AspNetCore.Diagnostics.ExceptionHandlerMiddleware.<Invoke>g__Awaited|6_0(ExceptionHandlerMiddleware middleware, HttpContext context, Task task)","Instance":"8129f2e8-3915-491c-8a11-bd34d888783a","Extensions":{}}
2020-06-19 10:42:48.0854|ERROR|WedigITCRM.Startup|start of ConfigureServices
2020-06-19 10:42:48.9170|ERROR|WedigITCRM.Startup|end of ConfigureServices
2020-06-19 10:42:49.1327|ERROR|WedigITCRM.Startup|start of Configure method
2020-06-19 10:42:49.6500|ERROR|WedigITCRM.Startup|end of Configure method
2020-06-19 10:42:51.1017|ERROR|WedigITCRM.Controllers.HomeController|Entering index action in home controller
2020-06-19 10:42:51.3212|ERROR|WedigITCRM.Controllers.HomeController|index action in home controller redirecting to frontpage controller index action
2020-06-19 10:46:49.9610|ERROR|WedigITCRM.Startup|start of ConfigureServices
2020-06-19 10:46:50.9098|ERROR|WedigITCRM.Startup|end of ConfigureServices
2020-06-19 10:46:51.0015|ERROR|WedigITCRM.Startup|start of Configure method
2020-06-19 10:46:51.4989|ERROR|WedigITCRM.Startup|end of Configure method
2020-06-19 10:46:53.0915|ERROR|WedigITCRM.Controllers.HomeController|Entering index action in home controller
2020-06-19 10:46:53.1439|ERROR|WedigITCRM.Controllers.HomeController|index action in home controller redirecting to frontpage controller index action
2020-06-19 10:47:02.9693|ERROR|WedigITCRM.Controllers.HomeController|Entering index action in home controller
2020-06-19 10:47:03.0137|ERROR|WedigITCRM.Controllers.HomeController|index action in home controller redirecting to frontpage controller index action
2020-06-19 10:47:16.1283|ERROR|Microsoft.AspNetCore.Diagnostics.ExceptionHandlerMiddleware|An unhandled exception has occurred while executing the request.
2020-06-19 10:47:16.4967|ERROR|WedigITCRM.Startup|{"UserId":null,"UserName":null,"CompanyId":null,"CompanyName":null,"Type":null,"Title":"Unexpected Error","Status":500,"Detail":"Error converting value {null} to type 'System.Double'. Path 'hits.max_score', line 1, position 124.\r\n                                         \r\n\r\n                                            at Newtonsoft.Json.Serialization.JsonSerializerInternalReader.EnsureType(JsonReader reader, Object value, CultureInfo culture, JsonContract contract, Type targetType)\r\n   at Newtonsoft.Json.Serialization.JsonSerializerInternalReader.SetPropertyValue(JsonProperty property, JsonConverter propertyConverter, JsonContainerContract containerContract, JsonProperty containerProperty, JsonReader reader, Object target)\r\n   at Newtonsoft.Json.Serialization.JsonSerializerInternalReader.PopulateObject(Object newObject, JsonReader reader, JsonObjectContract contract, JsonProperty member, String id)\r\n   at Newtonsoft.Json.Serialization.JsonSerializerInternalReader.CreateObject(JsonReader reader, Type objectType, JsonContract contract, JsonProperty member, JsonContainerContract containerContract, JsonProperty containerMember, Object existingValue)\r\n   at Newtonsoft.Json.Serialization.JsonSerializerInternalReader.SetPropertyValue(JsonProperty property, JsonConverter propertyConverter, JsonContainerContract containerContract, JsonProperty containerProperty, JsonReader reader, Object target)\r\n   at Newtonsoft.Json.Serialization.JsonSerializerInternalReader.PopulateObject(Object newObject, JsonReader reader, JsonObjectContract contract, JsonProperty member, String id)\r\n   at Newtonsoft.Json.Serialization.JsonSerializerInternalReader.CreateObject(JsonReader reader, Type objectType, JsonContract contract, JsonProperty member, JsonContainerContract containerContract, JsonProperty containerMember, Object existingValue)\r\n   at Newtonsoft.Json.Serialization.JsonSerializerInternalReader.Deserialize(JsonReader reader, Type objectType, Boolean checkAdditionalContent)\r\n   at Newtonsoft.Json.JsonSerializer.DeserializeInternal(JsonReader reader, Type objectType)\r\n   at Newtonsoft.Json.JsonSerializer.Deserialize(JsonReader reader, Type objectType)\r\n   at Newtonsoft.Json.JsonConvert.DeserializeObject(String value, Type type, JsonSerializerSettings settings)\r\n   at Newtonsoft.Json.JsonConvert.DeserializeObject[T](String value, JsonSerializerSettings settings)\r\n   at Newtonsoft.Json.JsonConvert.DeserializeObject[T](String value)\r\n   at WedigITCRM.VirkAPI.Companies.search(VirkQuery virkquery) in C:\\Users\\John\\source\\repos\\WedigITCRM\\WedigITCRM\\VirkAPI\\Companies.cs:line 40\r\n   at WedigITCRM.Controllers.HomeController.searchInVirkByCompanyName(String term) in C:\\Users\\John\\source\\repos\\WedigITCRM\\WedigITCRM\\Controllers\\HomeController.cs:line 101\r\n   at Microsoft.AspNetCore.Mvc.Infrastructure.ActionMethodExecutor.TaskOfIActionResultExecutor.Execute(IActionResultTypeMapper mapper, ObjectMethodExecutor executor, Object controller, Object[] arguments)\r\n   at Microsoft.AspNetCore.Mvc.Infrastructure.ControllerActionInvoker.<InvokeActionMethodAsync>g__Awaited|12_0(ControllerActionInvoker invoker, ValueTask`1 actionResultValueTask)\r\n   at Microsoft.AspNetCore.Mvc.Infrastructure.ControllerActionInvoker.<InvokeNextActionFilterAsync>g__Awaited|10_0(ControllerActionInvoker invoker, Task lastTask, State next, Scope scope, Object state, Boolean isCompleted)\r\n   at Microsoft.AspNetCore.Mvc.Infrastructure.ControllerActionInvoker.Rethrow(ActionExecutedContextSealed context)\r\n   at Microsoft.AspNetCore.Mvc.Infrastructure.ControllerActionInvoker.Next(State& next, Scope& scope, Object& state, Boolean& isCompleted)\r\n   at Microsoft.AspNetCore.Mvc.Infrastructure.ControllerActionInvoker.InvokeInnerFilterAsync()\r\n--- End of stack trace from previous location where exception was thrown ---\r\n   at Microsoft.AspNetCore.Mvc.Infrastructure.ResourceInvoker.<InvokeNextResourceFilter>g__Awaited|24_0(ResourceInvoker invoker, Task lastTask, State next, Scope scope, Object state, Boolean isCompleted)\r\n   at Microsoft.AspNetCore.Mvc.Infrastructure.ResourceInvoker.Rethrow(ResourceExecutedContextSealed context)\r\n   at Microsoft.AspNetCore.Mvc.Infrastructure.ResourceInvoker.Next(State& next, Scope& scope, Object& state, Boolean& isCompleted)\r\n   at Microsoft.AspNetCore.Mvc.Infrastructure.ResourceInvoker.InvokeFilterPipelineAsync()\r\n--- End of stack trace from previous location where exception was thrown ---\r\n   at Microsoft.AspNetCore.Mvc.Infrastructure.ResourceInvoker.<InvokeAsync>g__Logged|17_1(ResourceInvoker invoker)\r\n   at Microsoft.AspNetCore.Builder.RouterMiddleware.Invoke(HttpContext httpContext)\r\n   at Microsoft.AspNetCore.Authentication.AuthenticationMiddleware.Invoke(HttpContext context)\r\n   at Microsoft.AspNetCore.Diagnostics.ExceptionHandlerMiddleware.<Invoke>g__Awaited|6_0(ExceptionHandlerMiddleware middleware, HttpContext context, Task task)","Instance":"add58b9b-9b7a-482c-95a2-4c17dccf148b","Extensions":{}}
2020-06-19 10:51:42.5495|ERROR|WedigITCRM.Startup|start of ConfigureServices
2020-06-19 10:51:43.4269|ERROR|WedigITCRM.Startup|end of ConfigureServices
2020-06-19 10:51:43.5059|ERROR|WedigITCRM.Startup|start of Configure method
2020-06-19 10:51:44.0236|ERROR|WedigITCRM.Startup|end of Configure method
2020-06-19 10:51:45.6276|ERROR|WedigITCRM.Controllers.HomeController|Entering index action in home controller
2020-06-19 10:51:45.6607|ERROR|WedigITCRM.Controllers.HomeController|index action in home controller redirecting to frontpage controller index action
2020-06-19 10:56:13.8456|ERROR|WedigITCRM.Controllers.HomeController|Entering index action in home controller
2020-06-19 10:56:13.8939|ERROR|WedigITCRM.Controllers.HomeController|index action in home controller redirecting to frontpage controller index action
2020-06-19 11:04:26.8795|ERROR|Microsoft.EntityFrameworkCore.Query|An exception occurred while iterating over the results of a query for context type 'WedigITCRM.AppDbContext'.
System.InvalidOperationException: A second operation started on this context before a previous operation completed. This is usually caused by different threads using the same instance of DbContext. For more information on how to avoid threading issues with DbContext, see https://go.microsoft.com/fwlink/?linkid=2097913.
   at Microsoft.EntityFrameworkCore.Internal.ConcurrencyDetector.EnterCriticalSection()
   at Microsoft.EntityFrameworkCore.Query.Internal.QueryingEnumerable`1.Enumerator.MoveNext()
2020-06-19 11:04:26.9388|ERROR|WedigITCRM.Maintenance.SynchronizeDineroContactsService|A second operation started on this context before a previous operation completed. This is usually caused by different threads using the same instance of DbContext. For more information on how to avoid threading issues with DbContext, see https://go.microsoft.com/fwlink/?linkid=2097913.nyxium stack trace:    at Microsoft.EntityFrameworkCore.Internal.ConcurrencyDetector.EnterCriticalSection()
   at Microsoft.EntityFrameworkCore.Query.Internal.QueryingEnumerable`1.Enumerator.MoveNext()
   at System.Linq.Enumerable.WhereEnumerableIterator`1.ToList()
   at WedigITCRM.DineroAPI.DineroContacts.updateOrAddVendorInNyxium(READDineroAPIcontact dineroContact, DineroContacts dineroContactsToNyxium, CompanyAccount companyAccount, IVendorRepository _vendorRepository)
   at WedigITCRM.Maintenance.SynchronizeDineroContactsService.SynchronizeDineroContacts(Object state)
2020-06-19 11:05:12.6685|ERROR|WedigITCRM.Controllers.HomeController|Entering index action in home controller
2020-06-19 11:05:12.7233|ERROR|WedigITCRM.Controllers.HomeController|index action in home controller redirecting to frontpage controller index action
2020-06-19 11:26:13.5879|ERROR|WedigITCRM.Startup|start of ConfigureServices
2020-06-19 11:26:14.9639|ERROR|WedigITCRM.Startup|end of ConfigureServices
2020-06-19 11:26:15.0980|ERROR|WedigITCRM.Startup|start of Configure method
2020-06-19 11:26:16.0439|ERROR|WedigITCRM.Startup|end of Configure method
2020-06-19 11:26:22.4859|ERROR|WedigITCRM.Controllers.HomeController|Entering index action in home controller
2020-06-19 11:26:22.6038|ERROR|WedigITCRM.Controllers.HomeController|index action in home controller redirecting to frontpage controller index action
2020-06-19 11:26:36.7020|ERROR|WedigITCRM.Controllers.HomeController|Entering index action in home controller
2020-06-19 11:26:36.7368|ERROR|WedigITCRM.Controllers.HomeController|index action in home controller redirecting to Customer controller AllCustomers action
2020-06-19 12:03:02.5568|ERROR|WedigITCRM.Startup|start of ConfigureServices
2020-06-19 12:03:03.4930|ERROR|WedigITCRM.Startup|end of ConfigureServices
2020-06-19 12:03:03.6079|ERROR|WedigITCRM.Startup|start of Configure method
2020-06-19 12:03:04.1618|ERROR|WedigITCRM.Startup|end of Configure method
2020-06-19 12:03:05.5742|ERROR|WedigITCRM.Controllers.HomeController|Entering index action in home controller
2020-06-19 12:03:05.6758|ERROR|WedigITCRM.Controllers.HomeController|index action in home controller redirecting to frontpage controller index action
2020-06-19 12:03:28.0628|ERROR|WedigITCRM.Controllers.HomeController|Entering index action in home controller
2020-06-19 12:03:28.0858|ERROR|WedigITCRM.Controllers.HomeController|index action in home controller redirecting to Customer controller AllCustomers action
2020-06-19 12:05:02.9064|ERROR|WedigITCRM.Startup|start of ConfigureServices
2020-06-19 12:05:03.8484|ERROR|WedigITCRM.Startup|end of ConfigureServices
2020-06-19 12:05:03.9451|ERROR|WedigITCRM.Startup|start of Configure method
2020-06-19 12:05:04.5143|ERROR|WedigITCRM.Startup|end of Configure method
2020-06-19 12:05:05.8355|ERROR|WedigITCRM.Controllers.HomeController|Entering index action in home controller
2020-06-19 12:05:05.8743|ERROR|WedigITCRM.Controllers.HomeController|index action in home controller redirecting to frontpage controller index action
2020-06-19 12:05:16.3834|ERROR|WedigITCRM.Controllers.HomeController|Entering index action in home controller
2020-06-19 12:05:16.4089|ERROR|WedigITCRM.Controllers.HomeController|index action in home controller redirecting to Customer controller AllCustomers action
2020-06-19 12:11:02.0775|ERROR|WedigITCRM.Startup|start of ConfigureServices
2020-06-19 12:11:03.3641|ERROR|WedigITCRM.Startup|end of ConfigureServices
2020-06-19 12:11:03.4519|ERROR|WedigITCRM.Startup|start of Configure method
2020-06-19 12:11:04.0640|ERROR|WedigITCRM.Startup|end of Configure method
2020-06-19 12:11:07.5755|ERROR|WedigITCRM.Controllers.HomeController|Entering index action in home controller
2020-06-19 12:11:07.7032|ERROR|WedigITCRM.Controllers.HomeController|index action in home controller redirecting to frontpage controller index action
2020-06-19 12:11:16.8000|ERROR|WedigITCRM.Controllers.HomeController|Entering index action in home controller
2020-06-19 12:11:16.8533|ERROR|WedigITCRM.Controllers.HomeController|index action in home controller redirecting to Customer controller AllCustomers action
2020-06-19 12:12:52.0540|ERROR|WedigITCRM.Startup|start of ConfigureServices
2020-06-19 12:12:53.0358|ERROR|WedigITCRM.Startup|end of ConfigureServices
2020-06-19 12:12:53.1339|ERROR|WedigITCRM.Startup|start of Configure method
2020-06-19 12:12:53.7043|ERROR|WedigITCRM.Startup|end of Configure method
2020-06-19 12:12:57.8854|ERROR|WedigITCRM.Controllers.HomeController|Entering index action in home controller
2020-06-19 12:12:57.9424|ERROR|WedigITCRM.Controllers.HomeController|index action in home controller redirecting to Customer controller AllCustomers action
2020-06-19 12:14:37.1200|ERROR|WedigITCRM.Startup|start of ConfigureServices
2020-06-19 12:14:38.0519|ERROR|WedigITCRM.Startup|end of ConfigureServices
2020-06-19 12:14:38.2472|ERROR|WedigITCRM.Startup|start of Configure method
2020-06-19 12:14:39.0422|ERROR|WedigITCRM.Startup|end of Configure method
2020-06-19 12:14:44.0011|ERROR|WedigITCRM.Controllers.HomeController|Entering index action in home controller
2020-06-19 12:14:44.1385|ERROR|WedigITCRM.Controllers.HomeController|index action in home controller redirecting to Customer controller AllCustomers action
2020-06-19 12:16:07.6128|ERROR|WedigITCRM.Startup|start of ConfigureServices
2020-06-19 12:16:09.4530|ERROR|WedigITCRM.Startup|end of ConfigureServices
2020-06-19 12:16:09.5506|ERROR|WedigITCRM.Startup|start of Configure method
2020-06-19 12:16:10.1836|ERROR|WedigITCRM.Startup|end of Configure method
2020-06-19 12:16:13.7381|ERROR|WedigITCRM.Controllers.HomeController|Entering index action in home controller
2020-06-19 12:16:13.8123|ERROR|WedigITCRM.Controllers.HomeController|index action in home controller redirecting to Customer controller AllCustomers action
2020-06-19 12:20:43.2429|ERROR|WedigITCRM.Startup|start of ConfigureServices
2020-06-19 12:20:44.1125|ERROR|WedigITCRM.Startup|end of ConfigureServices
2020-06-19 12:20:44.2217|ERROR|WedigITCRM.Startup|start of Configure method
2020-06-19 12:20:44.7013|ERROR|WedigITCRM.Startup|end of Configure method
2020-06-19 12:20:45.4551|ERROR|WedigITCRM.Controllers.HomeController|Entering index action in home controller
2020-06-19 12:20:45.7499|ERROR|WedigITCRM.Controllers.HomeController|index action in home controller redirecting to frontpage controller index action
2020-06-19 12:20:58.4035|ERROR|WedigITCRM.Controllers.HomeController|Entering index action in home controller
2020-06-19 12:20:58.4223|ERROR|WedigITCRM.Controllers.HomeController|index action in home controller redirecting to Customer controller AllCustomers action
2020-06-19 12:28:50.1537|ERROR|WedigITCRM.Startup|start of ConfigureServices
2020-06-19 12:28:51.1563|ERROR|WedigITCRM.Startup|end of ConfigureServices
2020-06-19 12:28:51.2502|ERROR|WedigITCRM.Startup|start of Configure method
2020-06-19 12:28:51.8943|ERROR|WedigITCRM.Startup|end of Configure method
2020-06-19 12:28:53.3208|ERROR|WedigITCRM.Controllers.HomeController|Entering index action in home controller
2020-06-19 12:28:53.4030|ERROR|WedigITCRM.Controllers.HomeController|index action in home controller redirecting to frontpage controller index action
2020-06-19 12:29:00.3479|ERROR|WedigITCRM.Controllers.HomeController|Entering index action in home controller
2020-06-19 12:29:00.3713|ERROR|WedigITCRM.Controllers.HomeController|index action in home controller redirecting to Customer controller AllCustomers action
2020-06-19 12:31:59.0454|ERROR|WedigITCRM.Startup|start of ConfigureServices
2020-06-19 12:32:00.2170|ERROR|WedigITCRM.Startup|end of ConfigureServices
2020-06-19 12:32:00.3679|ERROR|WedigITCRM.Startup|start of Configure method
2020-06-19 12:32:00.9188|ERROR|WedigITCRM.Startup|end of Configure method
2020-06-19 12:32:02.8470|ERROR|WedigITCRM.Controllers.HomeController|Entering index action in home controller
2020-06-19 12:32:02.8960|ERROR|WedigITCRM.Controllers.HomeController|index action in home controller redirecting to frontpage controller index action
2020-06-19 12:32:12.3413|ERROR|WedigITCRM.Controllers.HomeController|Entering index action in home controller
2020-06-19 12:32:12.3677|ERROR|WedigITCRM.Controllers.HomeController|index action in home controller redirecting to Customer controller AllCustomers action
2020-06-19 12:35:53.3406|ERROR|WedigITCRM.Startup|start of ConfigureServices
2020-06-19 12:35:55.1565|ERROR|WedigITCRM.Startup|end of ConfigureServices
2020-06-19 12:35:55.3648|ERROR|WedigITCRM.Startup|start of Configure method
2020-06-19 12:35:56.3477|ERROR|WedigITCRM.Startup|end of Configure method
2020-06-19 12:35:58.6742|ERROR|WedigITCRM.Controllers.HomeController|Entering index action in home controller
2020-06-19 12:35:58.9602|ERROR|WedigITCRM.Controllers.HomeController|index action in home controller redirecting to frontpage controller index action
2020-06-19 12:36:08.2367|ERROR|WedigITCRM.Controllers.HomeController|Entering index action in home controller
2020-06-19 12:36:08.2657|ERROR|WedigITCRM.Controllers.HomeController|index action in home controller redirecting to Customer controller AllCustomers action
2020-06-19 12:37:16.8189|ERROR|WedigITCRM.Startup|start of ConfigureServices
2020-06-19 12:37:17.6751|ERROR|WedigITCRM.Startup|end of ConfigureServices
2020-06-19 12:37:17.7519|ERROR|WedigITCRM.Startup|start of Configure method
2020-06-19 12:37:18.4284|ERROR|WedigITCRM.Startup|end of Configure method
2020-06-19 12:37:19.4732|ERROR|WedigITCRM.Controllers.HomeController|Entering index action in home controller
2020-06-19 12:37:19.6469|ERROR|WedigITCRM.Controllers.HomeController|index action in home controller redirecting to frontpage controller index action
2020-06-19 12:37:26.4040|ERROR|WedigITCRM.Controllers.HomeController|Entering index action in home controller
2020-06-19 12:37:26.4345|ERROR|WedigITCRM.Controllers.HomeController|index action in home controller redirecting to Customer controller AllCustomers action
2020-06-19 12:41:46.1871|ERROR|WedigITCRM.Startup|start of ConfigureServices
2020-06-19 12:41:47.1039|ERROR|WedigITCRM.Startup|end of ConfigureServices
2020-06-19 12:41:47.1845|ERROR|WedigITCRM.Startup|start of Configure method
2020-06-19 12:41:47.8493|ERROR|WedigITCRM.Startup|end of Configure method
2020-06-19 12:41:49.1647|ERROR|WedigITCRM.Controllers.HomeController|Entering index action in home controller
2020-06-19 12:41:49.2113|ERROR|WedigITCRM.Controllers.HomeController|index action in home controller redirecting to frontpage controller index action
2020-06-19 12:41:59.0939|ERROR|WedigITCRM.Controllers.HomeController|Entering index action in home controller
2020-06-19 12:41:59.1180|ERROR|WedigITCRM.Controllers.HomeController|index action in home controller redirecting to Customer controller AllCustomers action
2020-06-19 12:51:43.7747|ERROR|WedigITCRM.Startup|start of ConfigureServices
2020-06-19 12:51:45.1038|ERROR|WedigITCRM.Startup|end of ConfigureServices
2020-06-19 12:51:45.2131|ERROR|WedigITCRM.Startup|start of Configure method
2020-06-19 12:51:45.9135|ERROR|WedigITCRM.Startup|end of Configure method
2020-06-19 12:51:47.8536|ERROR|WedigITCRM.Controllers.HomeController|Entering index action in home controller
2020-06-19 12:51:47.8911|ERROR|WedigITCRM.Controllers.HomeController|index action in home controller redirecting to frontpage controller index action
2020-06-19 12:51:57.2364|ERROR|WedigITCRM.Controllers.HomeController|Entering index action in home controller
2020-06-19 12:51:57.2549|ERROR|WedigITCRM.Controllers.HomeController|index action in home controller redirecting to Customer controller AllCustomers action
2020-06-19 12:54:16.8409|ERROR|WedigITCRM.Startup|start of ConfigureServices
2020-06-19 12:54:17.9575|ERROR|WedigITCRM.Startup|end of ConfigureServices
2020-06-19 12:54:18.1012|ERROR|WedigITCRM.Startup|start of Configure method
2020-06-19 12:54:18.6408|ERROR|WedigITCRM.Startup|end of Configure method
2020-06-19 12:54:19.8812|ERROR|WedigITCRM.Controllers.HomeController|Entering index action in home controller
2020-06-19 12:54:20.2846|ERROR|WedigITCRM.Controllers.HomeController|index action in home controller redirecting to frontpage controller index action
2020-06-19 12:54:30.1365|ERROR|WedigITCRM.Controllers.HomeController|Entering index action in home controller
2020-06-19 12:54:30.1702|ERROR|WedigITCRM.Controllers.HomeController|index action in home controller redirecting to Customer controller AllCustomers action
2020-06-19 12:56:18.7511|ERROR|WedigITCRM.Startup|start of ConfigureServices
2020-06-19 12:56:19.5352|ERROR|WedigITCRM.Startup|end of ConfigureServices
2020-06-19 12:56:19.6830|ERROR|WedigITCRM.Startup|start of Configure method
2020-06-19 12:56:20.3565|ERROR|WedigITCRM.Startup|end of Configure method
2020-06-19 12:56:21.6804|ERROR|WedigITCRM.Controllers.HomeController|Entering index action in home controller
2020-06-19 12:56:21.7052|ERROR|WedigITCRM.Controllers.HomeController|index action in home controller redirecting to frontpage controller index action
2020-06-19 12:56:28.8325|ERROR|WedigITCRM.Controllers.HomeController|Entering index action in home controller
2020-06-19 12:56:28.8708|ERROR|WedigITCRM.Controllers.HomeController|index action in home controller redirecting to Customer controller AllCustomers action
2020-06-19 12:59:09.9254|ERROR|WedigITCRM.Startup|start of ConfigureServices
2020-06-19 12:59:10.9895|ERROR|WedigITCRM.Startup|end of ConfigureServices
2020-06-19 12:59:11.0641|ERROR|WedigITCRM.Startup|start of Configure method
2020-06-19 12:59:11.8704|ERROR|WedigITCRM.Startup|end of Configure method
2020-06-19 12:59:13.1073|ERROR|WedigITCRM.Controllers.HomeController|Entering index action in home controller
2020-06-19 12:59:13.1802|ERROR|WedigITCRM.Controllers.HomeController|index action in home controller redirecting to frontpage controller index action
2020-06-19 12:59:21.5775|ERROR|WedigITCRM.Controllers.HomeController|Entering index action in home controller
2020-06-19 12:59:21.5956|ERROR|WedigITCRM.Controllers.HomeController|index action in home controller redirecting to Customer controller AllCustomers action
2020-06-19 13:06:35.7535|ERROR|WedigITCRM.Startup|start of ConfigureServices
2020-06-19 13:06:36.7879|ERROR|WedigITCRM.Startup|end of ConfigureServices
2020-06-19 13:06:36.8725|ERROR|WedigITCRM.Startup|start of Configure method
2020-06-19 13:06:37.3962|ERROR|WedigITCRM.Startup|end of Configure method
2020-06-19 13:06:38.7538|ERROR|WedigITCRM.Controllers.HomeController|Entering index action in home controller
2020-06-19 13:06:38.8008|ERROR|WedigITCRM.Controllers.HomeController|index action in home controller redirecting to frontpage controller index action
2020-06-19 13:06:45.9988|ERROR|WedigITCRM.Controllers.HomeController|Entering index action in home controller
2020-06-19 13:06:46.0308|ERROR|WedigITCRM.Controllers.HomeController|index action in home controller redirecting to Customer controller AllCustomers action
2020-06-19 13:11:47.0866|ERROR|WedigITCRM.Startup|start of ConfigureServices
2020-06-19 13:11:48.1031|ERROR|WedigITCRM.Startup|end of ConfigureServices
2020-06-19 13:11:48.2493|ERROR|WedigITCRM.Startup|start of Configure method
2020-06-19 13:11:48.7589|ERROR|WedigITCRM.Startup|end of Configure method
2020-06-19 13:11:51.5409|ERROR|WedigITCRM.Controllers.HomeController|Entering index action in home controller
2020-06-19 13:11:51.6202|ERROR|WedigITCRM.Controllers.HomeController|index action in home controller redirecting to frontpage controller index action
2020-06-19 13:12:00.4861|ERROR|WedigITCRM.Controllers.HomeController|Entering index action in home controller
2020-06-19 13:12:00.5192|ERROR|WedigITCRM.Controllers.HomeController|index action in home controller redirecting to Customer controller AllCustomers action
2020-06-19 13:21:05.9493|ERROR|WedigITCRM.Startup|start of ConfigureServices
2020-06-19 13:21:06.9988|ERROR|WedigITCRM.Startup|end of ConfigureServices
2020-06-19 13:21:07.3489|ERROR|WedigITCRM.Startup|start of Configure method
2020-06-19 13:21:08.4935|ERROR|WedigITCRM.Startup|end of Configure method
2020-06-19 13:21:11.7522|ERROR|WedigITCRM.Controllers.HomeController|Entering index action in home controller
2020-06-19 13:21:12.2393|ERROR|WedigITCRM.Controllers.HomeController|index action in home controller redirecting to Customer controller AllCustomers action
2020-06-19 14:23:55.7290|ERROR|WedigITCRM.Startup|start of ConfigureServices
2020-06-19 14:23:56.7009|ERROR|WedigITCRM.Startup|end of ConfigureServices
2020-06-19 14:23:56.7852|ERROR|WedigITCRM.Startup|start of Configure method
2020-06-19 14:23:57.4392|ERROR|WedigITCRM.Startup|end of Configure method
2020-06-19 14:24:00.5683|ERROR|WedigITCRM.Controllers.HomeController|Entering index action in home controller
2020-06-19 14:24:00.8339|ERROR|WedigITCRM.Controllers.HomeController|index action in home controller redirecting to frontpage controller index action
2020-06-19 14:24:10.5937|ERROR|WedigITCRM.Controllers.HomeController|Entering index action in home controller
2020-06-19 14:24:10.6496|ERROR|WedigITCRM.Controllers.HomeController|index action in home controller redirecting to Customer controller AllCustomers action
2020-06-19 14:29:50.5398|ERROR|Microsoft.AspNetCore.Diagnostics.ExceptionHandlerMiddleware|An unhandled exception has occurred while executing the request.
2020-06-19 14:29:50.6476|ERROR|WedigITCRM.Startup|{"UserId":"6c1e27cf-820e-4335-b9a5-7ed1142c531c","UserName":"johnpetersen1959@gmail.com","CompanyId":"13024","CompanyName":"wedigIT ApS","Type":null,"Title":"Unexpected Error","Status":500,"Detail":"Object reference not set to an instance of an object.\r\n                                         \r\n\r\n                                            at WedigITCRM.Controllers.PurchaseOrderController.<>c__DisplayClass23_0.<deleteAttachment>b__0(PurchaseOrder purchaseOrder) in C:\\Users\\John\\source\\repos\\WedigITCRM\\WedigITCRM\\Controllers\\PurchaseOrderController.cs:line 483\r\n   at System.Linq.Enumerable.WhereEnumerableIterator`1.ToList()\r\n   at WedigITCRM.Controllers.PurchaseOrderController.deleteAttachment(String Id, CompanyAccount companyAccount) in C:\\Users\\John\\source\\repos\\WedigITCRM\\WedigITCRM\\Controllers\\PurchaseOrderController.cs:line 483\r\n   at lambda_method(Closure , Object , Object[] )\r\n   at Microsoft.Extensions.Internal.ObjectMethodExecutor.Execute(Object target, Object[] parameters)\r\n   at Microsoft.AspNetCore.Mvc.Infrastructure.ActionMethodExecutor.SyncActionResultExecutor.Execute(IActionResultTypeMapper mapper, ObjectMethodExecutor executor, Object controller, Object[] arguments)\r\n   at Microsoft.AspNetCore.Mvc.Infrastructure.ControllerActionInvoker.InvokeActionMethodAsync()\r\n   at Microsoft.AspNetCore.Mvc.Infrastructure.ControllerActionInvoker.Next(State& next, Scope& scope, Object& state, Boolean& isCompleted)\r\n   at Microsoft.AspNetCore.Mvc.Infrastructure.ControllerActionInvoker.InvokeNextActionFilterAsync()\r\n--- End of stack trace from previous location where exception was thrown ---\r\n   at Microsoft.AspNetCore.Mvc.Infrastructure.ControllerActionInvoker.Rethrow(ActionExecutedContextSealed context)\r\n   at Microsoft.AspNetCore.Mvc.Infrastructure.ControllerActionInvoker.Next(State& next, Scope& scope, Object& state, Boolean& isCompleted)\r\n   at Microsoft.AspNetCore.Mvc.Infrastructure.ControllerActionInvoker.InvokeInnerFilterAsync()\r\n--- End of stack trace from previous location where exception was thrown ---\r\n   at Microsoft.AspNetCore.Mvc.Infrastructure.ResourceInvoker.<InvokeNextResourceFilter>g__Awaited|24_0(ResourceInvoker invoker, Task lastTask, State next, Scope scope, Object state, Boolean isCompleted)\r\n   at Microsoft.AspNetCore.Mvc.Infrastructure.ResourceInvoker.Rethrow(ResourceExecutedContextSealed context)\r\n   at Microsoft.AspNetCore.Mvc.Infrastructure.ResourceInvoker.Next(State& next, Scope& scope, Object& state, Boolean& isCompleted)\r\n   at Microsoft.AspNetCore.Mvc.Infrastructure.ResourceInvoker.InvokeFilterPipelineAsync()\r\n--- End of stack trace from previous location where exception was thrown ---\r\n   at Microsoft.AspNetCore.Mvc.Infrastructure.ResourceInvoker.<InvokeAsync>g__Logged|17_1(ResourceInvoker invoker)\r\n   at Microsoft.AspNetCore.Builder.RouterMiddleware.Invoke(HttpContext httpContext)\r\n   at Microsoft.AspNetCore.Authentication.AuthenticationMiddleware.Invoke(HttpContext context)\r\n   at Microsoft.AspNetCore.Diagnostics.ExceptionHandlerMiddleware.<Invoke>g__Awaited|6_0(ExceptionHandlerMiddleware middleware, HttpContext context, Task task)","Instance":"2a53c863-268a-4ca2-803c-a19357e1a91c","Extensions":{}}
2020-06-19 14:34:47.1773|ERROR|WedigITCRM.Startup|start of ConfigureServices
2020-06-19 14:34:48.5960|ERROR|WedigITCRM.Startup|end of ConfigureServices
2020-06-19 14:34:48.7033|ERROR|WedigITCRM.Startup|start of Configure method
2020-06-19 14:34:49.4657|ERROR|WedigITCRM.Startup|end of Configure method
2020-06-19 14:34:54.3908|ERROR|WedigITCRM.Controllers.HomeController|Entering index action in home controller
2020-06-19 14:34:54.4450|ERROR|WedigITCRM.Controllers.HomeController|index action in home controller redirecting to Customer controller AllCustomers action
2020-06-19 14:39:27.3308|ERROR|WedigITCRM.Startup|start of ConfigureServices
2020-06-19 14:39:28.4593|ERROR|WedigITCRM.Startup|end of ConfigureServices
2020-06-19 14:39:28.5268|ERROR|WedigITCRM.Startup|start of Configure method
2020-06-19 14:39:29.1804|ERROR|WedigITCRM.Startup|end of Configure method
2020-06-19 14:39:32.7727|ERROR|WedigITCRM.Controllers.HomeController|Entering index action in home controller
2020-06-19 14:39:32.8381|ERROR|WedigITCRM.Controllers.HomeController|index action in home controller redirecting to Customer controller AllCustomers action
2020-06-19 14:40:48.3627|ERROR|Microsoft.AspNetCore.Diagnostics.ExceptionHandlerMiddleware|An unhandled exception has occurred while executing the request.
2020-06-19 14:40:48.5008|ERROR|WedigITCRM.Startup|{"UserId":"6c1e27cf-820e-4335-b9a5-7ed1142c531c","UserName":"johnpetersen1959@gmail.com","CompanyId":"13024","CompanyName":"wedigIT ApS","Type":null,"Title":"Unexpected Error","Status":500,"Detail":"Cannot return null from an action method with a return type of 'Microsoft.AspNetCore.Mvc.FileResult'.\r\n                                         \r\n\r\n                                            at Microsoft.AspNetCore.Mvc.Infrastructure.ActionMethodExecutor.EnsureActionResultNotNull(ObjectMethodExecutor executor, IActionResult actionResult)\r\n   at Microsoft.AspNetCore.Mvc.Infrastructure.ActionMethodExecutor.SyncActionResultExecutor.Execute(IActionResultTypeMapper mapper, ObjectMethodExecutor executor, Object controller, Object[] arguments)\r\n   at Microsoft.AspNetCore.Mvc.Infrastructure.ControllerActionInvoker.InvokeActionMethodAsync()\r\n   at Microsoft.AspNetCore.Mvc.Infrastructure.ControllerActionInvoker.Next(State& next, Scope& scope, Object& state, Boolean& isCompleted)\r\n   at Microsoft.AspNetCore.Mvc.Infrastructure.ControllerActionInvoker.InvokeNextActionFilterAsync()\r\n--- End of stack trace from previous location where exception was thrown ---\r\n   at Microsoft.AspNetCore.Mvc.Infrastructure.ControllerActionInvoker.Rethrow(ActionExecutedContextSealed context)\r\n   at Microsoft.AspNetCore.Mvc.Infrastructure.ControllerActionInvoker.Next(State& next, Scope& scope, Object& state, Boolean& isCompleted)\r\n   at Microsoft.AspNetCore.Mvc.Infrastructure.ControllerActionInvoker.InvokeInnerFilterAsync()\r\n--- End of stack trace from previous location where exception was thrown ---\r\n   at Microsoft.AspNetCore.Mvc.Infrastructure.ResourceInvoker.<InvokeNextResourceFilter>g__Awaited|24_0(ResourceInvoker invoker, Task lastTask, State next, Scope scope, Object state, Boolean isCompleted)\r\n   at Microsoft.AspNetCore.Mvc.Infrastructure.ResourceInvoker.Rethrow(ResourceExecutedContextSealed context)\r\n   at Microsoft.AspNetCore.Mvc.Infrastructure.ResourceInvoker.Next(State& next, Scope& scope, Object& state, Boolean& isCompleted)\r\n   at Microsoft.AspNetCore.Mvc.Infrastructure.ResourceInvoker.InvokeFilterPipelineAsync()\r\n--- End of stack trace from previous location where exception was thrown ---\r\n   at Microsoft.AspNetCore.Mvc.Infrastructure.ResourceInvoker.<InvokeAsync>g__Logged|17_1(ResourceInvoker invoker)\r\n   at Microsoft.AspNetCore.Builder.RouterMiddleware.Invoke(HttpContext httpContext)\r\n   at Microsoft.AspNetCore.Authentication.AuthenticationMiddleware.Invoke(HttpContext context)\r\n   at Microsoft.AspNetCore.Diagnostics.ExceptionHandlerMiddleware.<Invoke>g__Awaited|6_0(ExceptionHandlerMiddleware middleware, HttpContext context, Task task)","Instance":"c9c3d357-435f-49ea-9466-8a716e0ea18d","Extensions":{}}
2020-06-19 14:49:17.6253|ERROR|WedigITCRM.Startup|start of ConfigureServices
2020-06-19 14:49:18.7060|ERROR|WedigITCRM.Startup|end of ConfigureServices
2020-06-19 14:49:18.8161|ERROR|WedigITCRM.Startup|start of Configure method
2020-06-19 14:49:19.4965|ERROR|WedigITCRM.Startup|end of Configure method
2020-06-19 14:49:23.9055|ERROR|WedigITCRM.Controllers.HomeController|Entering index action in home controller
2020-06-19 14:49:24.0529|ERROR|WedigITCRM.Controllers.HomeController|index action in home controller redirecting to Customer controller AllCustomers action
2020-06-19 14:52:20.9204|ERROR|Microsoft.AspNetCore.Diagnostics.ExceptionHandlerMiddleware|An unhandled exception has occurred while executing the request.
2020-06-19 14:52:21.0294|ERROR|WedigITCRM.Startup|{"UserId":"6c1e27cf-820e-4335-b9a5-7ed1142c531c","UserName":"johnpetersen1959@gmail.com","CompanyId":"13024","CompanyName":"wedigIT ApS","Type":null,"Title":"Unexpected Error","Status":500,"Detail":"The process cannot access the file 'C:\\Users\\John\\source\\repos\\WedigITCRM\\WedigITCRM\\wwwroot\\CustomerAttachments\\900064d0-f3f1-4c6c-bd8d-f93382c130c5_purchaseOrder.pdf' because it is being used by another process.\r\n                                         \r\n\r\n                                            at System.IO.FileSystem.DeleteFile(String fullPath)\r\n   at System.IO.File.Delete(String path)\r\n   at WedigITCRM.Controllers.PurchaseOrderController.deleteAttachment(String Id, CompanyAccount companyAccount) in C:\\Users\\John\\source\\repos\\WedigITCRM\\WedigITCRM\\Controllers\\PurchaseOrderController.cs:line 479\r\n   at lambda_method(Closure , Object , Object[] )\r\n   at Microsoft.Extensions.Internal.ObjectMethodExecutor.Execute(Object target, Object[] parameters)\r\n   at Microsoft.AspNetCore.Mvc.Infrastructure.ActionMethodExecutor.SyncActionResultExecutor.Execute(IActionResultTypeMapper mapper, ObjectMethodExecutor executor, Object controller, Object[] arguments)\r\n   at Microsoft.AspNetCore.Mvc.Infrastructure.ControllerActionInvoker.InvokeActionMethodAsync()\r\n   at Microsoft.AspNetCore.Mvc.Infrastructure.ControllerActionInvoker.Next(State& next, Scope& scope, Object& state, Boolean& isCompleted)\r\n   at Microsoft.AspNetCore.Mvc.Infrastructure.ControllerActionInvoker.InvokeNextActionFilterAsync()\r\n--- End of stack trace from previous location where exception was thrown ---\r\n   at Microsoft.AspNetCore.Mvc.Infrastructure.ControllerActionInvoker.Rethrow(ActionExecutedContextSealed context)\r\n   at Microsoft.AspNetCore.Mvc.Infrastructure.ControllerActionInvoker.Next(State& next, Scope& scope, Object& state, Boolean& isCompleted)\r\n   at Microsoft.AspNetCore.Mvc.Infrastructure.ControllerActionInvoker.InvokeInnerFilterAsync()\r\n--- End of stack trace from previous location where exception was thrown ---\r\n   at Microsoft.AspNetCore.Mvc.Infrastructure.ResourceInvoker.<InvokeNextResourceFilter>g__Awaited|24_0(ResourceInvoker invoker, Task lastTask, State next, Scope scope, Object state, Boolean isCompleted)\r\n   at Microsoft.AspNetCore.Mvc.Infrastructure.ResourceInvoker.Rethrow(ResourceExecutedContextSealed context)\r\n   at Microsoft.AspNetCore.Mvc.Infrastructure.ResourceInvoker.Next(State& next, Scope& scope, Object& state, Boolean& isCompleted)\r\n   at Microsoft.AspNetCore.Mvc.Infrastructure.ResourceInvoker.InvokeFilterPipelineAsync()\r\n--- End of stack trace from previous location where exception was thrown ---\r\n   at Microsoft.AspNetCore.Mvc.Infrastructure.ResourceInvoker.<InvokeAsync>g__Logged|17_1(ResourceInvoker invoker)\r\n   at Microsoft.AspNetCore.Builder.RouterMiddleware.Invoke(HttpContext httpContext)\r\n   at Microsoft.AspNetCore.Authentication.AuthenticationMiddleware.Invoke(HttpContext context)\r\n   at Microsoft.AspNetCore.Diagnostics.ExceptionHandlerMiddleware.<Invoke>g__Awaited|6_0(ExceptionHandlerMiddleware middleware, HttpContext context, Task task)","Instance":"e04b4cca-f64e-43f3-a4f0-730a970e0aa7","Extensions":{}}
2020-06-19 14:57:08.9861|ERROR|WedigITCRM.Startup|start of ConfigureServices
2020-06-19 14:57:12.0960|ERROR|WedigITCRM.Startup|end of ConfigureServices
2020-06-19 14:57:12.3730|ERROR|WedigITCRM.Startup|start of Configure method
2020-06-19 14:57:14.0891|ERROR|WedigITCRM.Startup|end of Configure method
2020-06-19 14:57:19.2950|ERROR|WedigITCRM.Controllers.HomeController|Entering index action in home controller
2020-06-19 14:57:19.3677|ERROR|WedigITCRM.Controllers.HomeController|index action in home controller redirecting to Customer controller AllCustomers action
2020-06-19 15:00:04.6551|ERROR|WedigITCRM.Startup|start of ConfigureServices
2020-06-19 15:00:05.6625|ERROR|WedigITCRM.Startup|end of ConfigureServices
2020-06-19 15:00:05.7692|ERROR|WedigITCRM.Startup|start of Configure method
2020-06-19 15:00:06.3851|ERROR|WedigITCRM.Startup|end of Configure method
2020-06-19 15:00:10.7787|ERROR|WedigITCRM.Controllers.HomeController|Entering index action in home controller
2020-06-19 15:00:10.8346|ERROR|WedigITCRM.Controllers.HomeController|index action in home controller redirecting to Customer controller AllCustomers action
2020-06-19 15:05:11.5375|ERROR|WedigITCRM.Startup|start of ConfigureServices
2020-06-19 15:05:13.0311|ERROR|WedigITCRM.Startup|end of ConfigureServices
2020-06-19 15:05:13.4253|ERROR|WedigITCRM.Startup|start of Configure method
2020-06-19 15:05:14.1688|ERROR|WedigITCRM.Startup|end of Configure method
2020-06-19 15:05:19.7133|ERROR|WedigITCRM.Controllers.HomeController|Entering index action in home controller
2020-06-19 15:05:20.1127|ERROR|WedigITCRM.Controllers.HomeController|index action in home controller redirecting to Customer controller AllCustomers action
2020-06-19 15:07:14.2709|ERROR|WedigITCRM.Startup|start of ConfigureServices
2020-06-19 15:07:18.9830|ERROR|WedigITCRM.Startup|end of ConfigureServices
2020-06-19 15:07:19.1092|ERROR|WedigITCRM.Startup|start of Configure method
2020-06-19 15:07:21.0051|ERROR|WedigITCRM.Startup|end of Configure method
2020-06-19 15:07:29.3076|ERROR|WedigITCRM.Controllers.HomeController|Entering index action in home controller
2020-06-19 15:07:29.7227|ERROR|WedigITCRM.Controllers.HomeController|index action in home controller redirecting to Customer controller AllCustomers action
2020-06-19 21:47:42.1718|ERROR|WedigITCRM.Startup|start of ConfigureServices
2020-06-19 21:47:43.4866|ERROR|WedigITCRM.Startup|end of ConfigureServices
2020-06-19 21:47:43.5644|ERROR|WedigITCRM.Startup|start of Configure method
2020-06-19 21:47:44.2599|ERROR|WedigITCRM.Startup|end of Configure method
2020-06-19 21:47:46.3988|ERROR|WedigITCRM.Controllers.HomeController|Entering index action in home controller
2020-06-19 21:47:47.1470|ERROR|WedigITCRM.Controllers.HomeController|index action in home controller redirecting to frontpage controller index action
2020-06-19 21:51:37.6367|ERROR|WedigITCRM.Startup|start of ConfigureServices
2020-06-19 21:51:38.8368|ERROR|WedigITCRM.Startup|end of ConfigureServices
2020-06-19 21:51:38.9383|ERROR|WedigITCRM.Startup|start of Configure method
2020-06-19 21:51:39.7091|ERROR|WedigITCRM.Startup|end of Configure method
2020-06-19 21:51:41.3284|ERROR|WedigITCRM.Controllers.HomeController|Entering index action in home controller
2020-06-19 21:51:41.3544|ERROR|WedigITCRM.Controllers.HomeController|index action in home controller redirecting to frontpage controller index action
2020-06-19 21:51:54.4272|ERROR|WedigITCRM.Controllers.HomeController|Entering index action in home controller
2020-06-19 21:51:54.4533|ERROR|WedigITCRM.Controllers.HomeController|index action in home controller redirecting to Customer controller AllCustomers action
2020-06-19 21:57:05.3904|ERROR|WedigITCRM.Startup|start of ConfigureServices
2020-06-19 21:57:06.6015|ERROR|WedigITCRM.Startup|end of ConfigureServices
2020-06-19 21:57:06.7049|ERROR|WedigITCRM.Startup|start of Configure method
2020-06-19 21:57:07.3561|ERROR|WedigITCRM.Startup|end of Configure method
2020-06-19 21:57:11.4421|ERROR|WedigITCRM.Controllers.HomeController|Entering index action in home controller
2020-06-19 21:57:11.4919|ERROR|WedigITCRM.Controllers.HomeController|index action in home controller redirecting to Customer controller AllCustomers action
2020-06-19 21:59:10.4969|ERROR|WedigITCRM.Startup|start of ConfigureServices
2020-06-19 21:59:11.5850|ERROR|WedigITCRM.Startup|end of ConfigureServices
2020-06-19 21:59:11.7279|ERROR|WedigITCRM.Startup|start of Configure method
2020-06-19 21:59:12.3286|ERROR|WedigITCRM.Startup|end of Configure method
2020-06-19 21:59:16.8226|ERROR|WedigITCRM.Controllers.HomeController|Entering index action in home controller
2020-06-19 21:59:16.8532|ERROR|WedigITCRM.Controllers.HomeController|index action in home controller redirecting to Customer controller AllCustomers action
2020-06-19 22:00:58.9636|ERROR|WedigITCRM.Startup|start of ConfigureServices
2020-06-19 22:01:00.1054|ERROR|WedigITCRM.Startup|end of ConfigureServices
2020-06-19 22:01:00.3199|ERROR|WedigITCRM.Startup|start of Configure method
2020-06-19 22:01:01.0493|ERROR|WedigITCRM.Startup|end of Configure method
2020-06-19 22:01:05.3246|ERROR|WedigITCRM.Controllers.HomeController|Entering index action in home controller
2020-06-19 22:01:05.3656|ERROR|WedigITCRM.Controllers.HomeController|index action in home controller redirecting to Customer controller AllCustomers action
2020-06-19 23:26:59.2323|ERROR|WedigITCRM.Startup|start of ConfigureServices
2020-06-19 23:26:59.9638|ERROR|WedigITCRM.Startup|end of ConfigureServices
2020-06-19 23:27:00.0725|ERROR|WedigITCRM.Startup|start of Configure method
2020-06-19 23:27:00.7459|ERROR|WedigITCRM.Startup|end of Configure method
2020-06-19 23:27:02.0433|ERROR|WedigITCRM.Controllers.HomeController|Entering index action in home controller
2020-06-19 23:27:02.1182|ERROR|WedigITCRM.Controllers.HomeController|index action in home controller redirecting to frontpage controller index action
2020-06-19 23:27:18.5076|ERROR|WedigITCRM.Controllers.HomeController|Entering index action in home controller
2020-06-19 23:27:18.5316|ERROR|WedigITCRM.Controllers.HomeController|index action in home controller redirecting to Customer controller AllCustomers action
2020-06-19 23:27:56.7252|ERROR|Microsoft.AspNetCore.Diagnostics.ExceptionHandlerMiddleware|An unhandled exception has occurred while executing the request.
2020-06-19 23:27:56.9136|ERROR|WedigITCRM.Startup|{"UserId":"6c1e27cf-820e-4335-b9a5-7ed1142c531c","UserName":"johnpetersen1959@gmail.com","CompanyId":"13024","CompanyName":"wedigIT ApS","Type":null,"Title":"Unexpected Error","Status":500,"Detail":"Unable to resolve service for type 'WedigITCRM.Utilities.PurchaseOrderAddAttachment' while attempting to activate 'WedigITCRM.Controllers.PurchaseOrderController'.\r\n                                         \r\n\r\n                                            at Microsoft.Extensions.DependencyInjection.ActivatorUtilities.GetService(IServiceProvider sp, Type type, Type requiredBy, Boolean isDefaultParameterRequired)\r\n   at lambda_method(Closure , IServiceProvider , Object[] )\r\n   at Microsoft.AspNetCore.Mvc.Controllers.ControllerActivatorProvider.<>c__DisplayClass4_0.<CreateActivator>b__0(ControllerContext controllerContext)\r\n   at Microsoft.AspNetCore.Mvc.Controllers.ControllerFactoryProvider.<>c__DisplayClass5_0.<CreateControllerFactory>g__CreateController|0(ControllerContext controllerContext)\r\n   at Microsoft.AspNetCore.Mvc.Infrastructure.ControllerActionInvoker.Next(State& next, Scope& scope, Object& state, Boolean& isCompleted)\r\n   at Microsoft.AspNetCore.Mvc.Infrastructure.ControllerActionInvoker.InvokeInnerFilterAsync()\r\n--- End of stack trace from previous location where exception was thrown ---\r\n   at Microsoft.AspNetCore.Mvc.Infrastructure.ResourceInvoker.<InvokeNextResourceFilter>g__Awaited|24_0(ResourceInvoker invoker, Task lastTask, State next, Scope scope, Object state, Boolean isCompleted)\r\n   at Microsoft.AspNetCore.Mvc.Infrastructure.ResourceInvoker.Rethrow(ResourceExecutedContextSealed context)\r\n   at Microsoft.AspNetCore.Mvc.Infrastructure.ResourceInvoker.Next(State& next, Scope& scope, Object& state, Boolean& isCompleted)\r\n   at Microsoft.AspNetCore.Mvc.Infrastructure.ResourceInvoker.InvokeFilterPipelineAsync()\r\n--- End of stack trace from previous location where exception was thrown ---\r\n   at Microsoft.AspNetCore.Mvc.Infrastructure.ResourceInvoker.<InvokeAsync>g__Logged|17_1(ResourceInvoker invoker)\r\n   at Microsoft.AspNetCore.Builder.RouterMiddleware.Invoke(HttpContext httpContext)\r\n   at Microsoft.AspNetCore.Authentication.AuthenticationMiddleware.Invoke(HttpContext context)\r\n   at Microsoft.AspNetCore.Diagnostics.ExceptionHandlerMiddleware.<Invoke>g__Awaited|6_0(ExceptionHandlerMiddleware middleware, HttpContext context, Task task)","Instance":"29df48f5-09b3-4555-b308-fc8afd48e3bf","Extensions":{}}
2020-06-19 23:28:37.3963|ERROR|Microsoft.AspNetCore.Diagnostics.ExceptionHandlerMiddleware|An unhandled exception has occurred while executing the request.
2020-06-19 23:28:37.4423|ERROR|WedigITCRM.Startup|{"UserId":"6c1e27cf-820e-4335-b9a5-7ed1142c531c","UserName":"johnpetersen1959@gmail.com","CompanyId":"13024","CompanyName":"wedigIT ApS","Type":null,"Title":"Unexpected Error","Status":500,"Detail":"Unable to resolve service for type 'WedigITCRM.Utilities.PurchaseOrderAddAttachment' while attempting to activate 'WedigITCRM.Controllers.PurchaseOrderController'.\r\n                                         \r\n\r\n                                            at Microsoft.Extensions.DependencyInjection.ActivatorUtilities.GetService(IServiceProvider sp, Type type, Type requiredBy, Boolean isDefaultParameterRequired)\r\n   at lambda_method(Closure , IServiceProvider , Object[] )\r\n   at Microsoft.AspNetCore.Mvc.Controllers.ControllerActivatorProvider.<>c__DisplayClass4_0.<CreateActivator>b__0(ControllerContext controllerContext)\r\n   at Microsoft.AspNetCore.Mvc.Controllers.ControllerFactoryProvider.<>c__DisplayClass5_0.<CreateControllerFactory>g__CreateController|0(ControllerContext controllerContext)\r\n   at Microsoft.AspNetCore.Mvc.Infrastructure.ControllerActionInvoker.Next(State& next, Scope& scope, Object& state, Boolean& isCompleted)\r\n   at Microsoft.AspNetCore.Mvc.Infrastructure.ControllerActionInvoker.InvokeInnerFilterAsync()\r\n--- End of stack trace from previous location where exception was thrown ---\r\n   at Microsoft.AspNetCore.Mvc.Infrastructure.ResourceInvoker.<InvokeNextResourceFilter>g__Awaited|24_0(ResourceInvoker invoker, Task lastTask, State next, Scope scope, Object state, Boolean isCompleted)\r\n   at Microsoft.AspNetCore.Mvc.Infrastructure.ResourceInvoker.Rethrow(ResourceExecutedContextSealed context)\r\n   at Microsoft.AspNetCore.Mvc.Infrastructure.ResourceInvoker.Next(State& next, Scope& scope, Object& state, Boolean& isCompleted)\r\n   at Microsoft.AspNetCore.Mvc.Infrastructure.ResourceInvoker.InvokeFilterPipelineAsync()\r\n--- End of stack trace from previous location where exception was thrown ---\r\n   at Microsoft.AspNetCore.Mvc.Infrastructure.ResourceInvoker.<InvokeAsync>g__Logged|17_1(ResourceInvoker invoker)\r\n   at Microsoft.AspNetCore.Builder.RouterMiddleware.Invoke(HttpContext httpContext)\r\n   at Microsoft.AspNetCore.Authentication.AuthenticationMiddleware.Invoke(HttpContext context)\r\n   at Microsoft.AspNetCore.Diagnostics.ExceptionHandlerMiddleware.<Invoke>g__Awaited|6_0(ExceptionHandlerMiddleware middleware, HttpContext context, Task task)","Instance":"4557513c-40ad-4b46-9c67-2313563a46eb","Extensions":{}}
2020-06-19 23:32:47.9251|ERROR|WedigITCRM.Startup|start of ConfigureServices
2020-06-19 23:32:49.3737|ERROR|WedigITCRM.Startup|end of ConfigureServices
2020-06-19 23:32:49.5731|ERROR|WedigITCRM.Startup|start of Configure method
2020-06-19 23:32:50.3357|ERROR|WedigITCRM.Startup|end of Configure method
2020-06-19 23:32:53.8621|ERROR|WedigITCRM.Controllers.HomeController|Entering index action in home controller
2020-06-19 23:32:53.9167|ERROR|WedigITCRM.Controllers.HomeController|index action in home controller redirecting to Customer controller AllCustomers action
