2020-06-23 09:01:14.0109|ERROR|WedigITCRM.Startup|start of ConfigureServices
2020-06-23 09:01:15.7996|ERROR|WedigITCRM.Startup|end of ConfigureServices
2020-06-23 09:01:15.9061|ERROR|WedigITCRM.Startup|start of Configure method
2020-06-23 09:01:16.8838|ERROR|WedigITCRM.Startup|end of Configure method
2020-06-23 09:01:23.3708|ERROR|WedigITCRM.Controllers.HomeController|Entering index action in home controller
2020-06-23 09:01:23.9683|ERROR|WedigITCRM.Controllers.HomeController|index action in home controller redirecting to frontpage controller index action
2020-06-23 09:02:15.4646|ERROR|WedigITCRM.Startup|start of ConfigureServices
2020-06-23 09:02:15.9162|ERROR|WedigITCRM.Startup|end of ConfigureServices
2020-06-23 09:02:56.1105|ERROR|WedigITCRM.Startup|start of ConfigureServices
2020-06-23 09:02:56.4796|ERROR|WedigITCRM.Startup|end of ConfigureServices
2020-06-23 09:03:28.5258|ERROR|WedigITCRM.Startup|start of ConfigureServices
2020-06-23 09:03:30.4772|ERROR|WedigITCRM.Startup|end of ConfigureServices
2020-06-23 09:03:30.6779|ERROR|WedigITCRM.Startup|start of Configure method
2020-06-23 09:03:32.3301|ERROR|WedigITCRM.Startup|end of Configure method
2020-06-23 09:03:39.2824|ERROR|WedigITCRM.Controllers.HomeController|Entering index action in home controller
2020-06-23 09:03:39.3589|ERROR|WedigITCRM.Controllers.HomeController|index action in home controller redirecting to frontpage controller index action
2020-06-23 09:03:57.1911|ERROR|WedigITCRM.Controllers.HomeController|Entering index action in home controller
2020-06-23 09:03:57.2184|ERROR|WedigITCRM.Controllers.HomeController|index action in home controller redirecting to Customer controller AllCustomers action
2020-06-23 09:43:48.0652|ERROR|WedigITCRM.Startup|start of ConfigureServices
2020-06-23 09:43:50.5690|ERROR|WedigITCRM.Startup|end of ConfigureServices
2020-06-23 09:43:50.8000|ERROR|WedigITCRM.Startup|start of Configure method
2020-06-23 09:43:51.7769|ERROR|WedigITCRM.Startup|end of Configure method
2020-06-23 09:43:58.8998|ERROR|WedigITCRM.Controllers.HomeController|Entering index action in home controller
2020-06-23 09:44:00.0920|ERROR|WedigITCRM.Controllers.HomeController|index action in home controller redirecting to Customer controller AllCustomers action
2020-06-23 10:15:45.5575|ERROR|WedigITCRM.Startup|start of ConfigureServices
2020-06-23 10:15:48.2275|ERROR|WedigITCRM.Startup|end of ConfigureServices
2020-06-23 10:15:48.9148|ERROR|WedigITCRM.Startup|start of Configure method
2020-06-23 10:15:51.9300|ERROR|WedigITCRM.Startup|end of Configure method
2020-06-23 10:16:07.7463|ERROR|WedigITCRM.Controllers.HomeController|Entering index action in home controller
2020-06-23 10:16:08.4652|ERROR|WedigITCRM.Controllers.HomeController|index action in home controller redirecting to Customer controller AllCustomers action
2020-06-23 12:24:00.1075|ERROR|WedigITCRM.Startup|start of ConfigureServices
2020-06-23 12:24:02.2041|ERROR|WedigITCRM.Startup|end of ConfigureServices
2020-06-23 12:24:02.3830|ERROR|WedigITCRM.Startup|start of Configure method
2020-06-23 12:24:03.9826|ERROR|WedigITCRM.Startup|end of Configure method
2020-06-23 12:24:18.2051|ERROR|WedigITCRM.Controllers.HomeController|Entering index action in home controller
2020-06-23 12:24:18.3721|ERROR|WedigITCRM.Controllers.HomeController|index action in home controller redirecting to Customer controller AllCustomers action
2020-06-23 15:31:27.1729|ERROR|WedigITCRM.Startup|start of ConfigureServices
2020-06-23 15:31:30.0024|ERROR|WedigITCRM.Startup|end of ConfigureServices
2020-06-23 15:31:40.3745|ERROR|WedigITCRM.Startup|start of Configure method
2020-06-23 15:31:44.0682|ERROR|WedigITCRM.Startup|end of Configure method
2020-06-23 15:31:58.4919|ERROR|WedigITCRM.Controllers.HomeController|Entering index action in home controller
2020-06-23 15:31:58.9954|ERROR|WedigITCRM.Controllers.HomeController|index action in home controller redirecting to frontpage controller index action
2020-06-23 15:33:08.5671|ERROR|WedigITCRM.Controllers.HomeController|Entering index action in home controller
2020-06-23 15:33:08.6049|ERROR|WedigITCRM.Controllers.HomeController|index action in home controller redirecting to Customer controller AllCustomers action
2020-06-23 21:17:26.5958|ERROR|WedigITCRM.Startup|start of ConfigureServices
2020-06-23 21:17:28.9683|ERROR|WedigITCRM.Startup|end of ConfigureServices
2020-06-23 21:17:29.2952|ERROR|WedigITCRM.Startup|start of Configure method
2020-06-23 21:17:31.3136|ERROR|WedigITCRM.Startup|end of Configure method
2020-06-23 21:17:38.0464|ERROR|WedigITCRM.Controllers.HomeController|Entering index action in home controller
2020-06-23 21:17:38.2714|ERROR|WedigITCRM.Controllers.HomeController|index action in home controller redirecting to frontpage controller index action
2020-06-23 21:17:56.7013|ERROR|WedigITCRM.Controllers.HomeController|Entering index action in home controller
2020-06-23 21:17:56.7377|ERROR|WedigITCRM.Controllers.HomeController|index action in home controller redirecting to Customer controller AllCustomers action
2020-06-23 21:52:57.3739|ERROR|WedigITCRM.Startup|start of ConfigureServices
2020-06-23 21:52:59.5987|ERROR|WedigITCRM.Startup|end of ConfigureServices
2020-06-23 21:52:59.7595|ERROR|WedigITCRM.Startup|start of Configure method
2020-06-23 21:53:01.9142|ERROR|WedigITCRM.Startup|end of Configure method
2020-06-23 21:53:10.8638|ERROR|WedigITCRM.Controllers.HomeController|Entering index action in home controller
2020-06-23 21:53:10.9635|ERROR|WedigITCRM.Controllers.HomeController|index action in home controller redirecting to Customer controller AllCustomers action
2020-06-23 22:01:08.8598|ERROR|Microsoft.AspNetCore.Diagnostics.ExceptionHandlerMiddleware|An unhandled exception has occurred while executing the request.
2020-06-23 22:01:09.2392|ERROR|WedigITCRM.Startup|{"UserId":"6c1e27cf-820e-4335-b9a5-7ed1142c531c","UserName":"johnpetersen1959@gmail.com","CompanyId":"13024","CompanyName":"wedigIT ApS","Type":null,"Title":"Unexpected Error","Status":500,"Detail":"Input string was not in a correct format.\r\n                                         \r\n\r\n                                            at System.Number.ThrowOverflowOrFormatException(ParsingStatus status, TypeCode type)\r\n   at System.Number.ParseInt32(ReadOnlySpan`1 value, NumberStyles styles, NumberFormatInfo info)\r\n   at System.Int32.Parse(String s)\r\n   at WedigITCRM.Controllers.PurchaseOrderController.getOrderLineById(String orderLineId, CompanyAccount companyAccount) in C:\\Users\\John\\source\\repos\\WedigITCRM\\WedigITCRM\\Controllers\\PurchaseOrderController.cs:line 536\r\n   at lambda_method(Closure , Object , Object[] )\r\n   at Microsoft.AspNetCore.Mvc.Infrastructure.ActionMethodExecutor.SyncActionResultExecutor.Execute(IActionResultTypeMapper mapper, ObjectMethodExecutor executor, Object controller, Object[] arguments)\r\n   at Microsoft.AspNetCore.Mvc.Infrastructure.ControllerActionInvoker.InvokeActionMethodAsync()\r\n   at Microsoft.AspNetCore.Mvc.Infrastructure.ControllerActionInvoker.Next(State& next, Scope& scope, Object& state, Boolean& isCompleted)\r\n   at Microsoft.AspNetCore.Mvc.Infrastructure.ControllerActionInvoker.InvokeNextActionFilterAsync()\r\n--- End of stack trace from previous location where exception was thrown ---\r\n   at Microsoft.AspNetCore.Mvc.Infrastructure.ControllerActionInvoker.Rethrow(ActionExecutedContextSealed context)\r\n   at Microsoft.AspNetCore.Mvc.Infrastructure.ControllerActionInvoker.Next(State& next, Scope& scope, Object& state, Boolean& isCompleted)\r\n   at Microsoft.AspNetCore.Mvc.Infrastructure.ControllerActionInvoker.InvokeInnerFilterAsync()\r\n--- End of stack trace from previous location where exception was thrown ---\r\n   at Microsoft.AspNetCore.Mvc.Infrastructure.ResourceInvoker.<InvokeNextResourceFilter>g__Awaited|24_0(ResourceInvoker invoker, Task lastTask, State next, Scope scope, Object state, Boolean isCompleted)\r\n   at Microsoft.AspNetCore.Mvc.Infrastructure.ResourceInvoker.Rethrow(ResourceExecutedContextSealed context)\r\n   at Microsoft.AspNetCore.Mvc.Infrastructure.ResourceInvoker.Next(State& next, Scope& scope, Object& state, Boolean& isCompleted)\r\n   at Microsoft.AspNetCore.Mvc.Infrastructure.ResourceInvoker.InvokeFilterPipelineAsync()\r\n--- End of stack trace from previous location where exception was thrown ---\r\n   at Microsoft.AspNetCore.Mvc.Infrastructure.ResourceInvoker.<InvokeAsync>g__Logged|17_1(ResourceInvoker invoker)\r\n   at Microsoft.AspNetCore.Builder.RouterMiddleware.Invoke(HttpContext httpContext)\r\n   at Microsoft.AspNetCore.Authentication.AuthenticationMiddleware.Invoke(HttpContext context)\r\n   at Microsoft.AspNetCore.Diagnostics.ExceptionHandlerMiddleware.<Invoke>g__Awaited|6_0(ExceptionHandlerMiddleware middleware, HttpContext context, Task task)","Instance":"6350d96b-2304-4cd7-b869-cab0838faefd","Extensions":{}}
2020-06-23 22:02:23.6372|ERROR|Microsoft.AspNetCore.Diagnostics.ExceptionHandlerMiddleware|An unhandled exception has occurred while executing the request.
2020-06-23 22:02:24.7671|ERROR|WedigITCRM.Startup|{"UserId":"6c1e27cf-820e-4335-b9a5-7ed1142c531c","UserName":"johnpetersen1959@gmail.com","CompanyId":"13024","CompanyName":"wedigIT ApS","Type":null,"Title":"Unexpected Error","Status":500,"Detail":"Input string was not in a correct format.\r\n                                         \r\n\r\n                                            at System.Number.ThrowOverflowOrFormatException(ParsingStatus status, TypeCode type)\r\n   at System.Number.ParseInt32(ReadOnlySpan`1 value, NumberStyles styles, NumberFormatInfo info)\r\n   at System.Int32.Parse(String s)\r\n   at WedigITCRM.Controllers.PurchaseOrderController.getOrderLineById(String orderLineId, CompanyAccount companyAccount) in C:\\Users\\John\\source\\repos\\WedigITCRM\\WedigITCRM\\Controllers\\PurchaseOrderController.cs:line 536\r\n   at lambda_method(Closure , Object , Object[] )\r\n   at Microsoft.AspNetCore.Mvc.Infrastructure.ActionMethodExecutor.SyncActionResultExecutor.Execute(IActionResultTypeMapper mapper, ObjectMethodExecutor executor, Object controller, Object[] arguments)\r\n   at Microsoft.AspNetCore.Mvc.Infrastructure.ControllerActionInvoker.InvokeActionMethodAsync()\r\n   at Microsoft.AspNetCore.Mvc.Infrastructure.ControllerActionInvoker.Next(State& next, Scope& scope, Object& state, Boolean& isCompleted)\r\n   at Microsoft.AspNetCore.Mvc.Infrastructure.ControllerActionInvoker.InvokeNextActionFilterAsync()\r\n--- End of stack trace from previous location where exception was thrown ---\r\n   at Microsoft.AspNetCore.Mvc.Infrastructure.ControllerActionInvoker.Rethrow(ActionExecutedContextSealed context)\r\n   at Microsoft.AspNetCore.Mvc.Infrastructure.ControllerActionInvoker.Next(State& next, Scope& scope, Object& state, Boolean& isCompleted)\r\n   at Microsoft.AspNetCore.Mvc.Infrastructure.ControllerActionInvoker.InvokeInnerFilterAsync()\r\n--- End of stack trace from previous location where exception was thrown ---\r\n   at Microsoft.AspNetCore.Mvc.Infrastructure.ResourceInvoker.<InvokeNextResourceFilter>g__Awaited|24_0(ResourceInvoker invoker, Task lastTask, State next, Scope scope, Object state, Boolean isCompleted)\r\n   at Microsoft.AspNetCore.Mvc.Infrastructure.ResourceInvoker.Rethrow(ResourceExecutedContextSealed context)\r\n   at Microsoft.AspNetCore.Mvc.Infrastructure.ResourceInvoker.Next(State& next, Scope& scope, Object& state, Boolean& isCompleted)\r\n   at Microsoft.AspNetCore.Mvc.Infrastructure.ResourceInvoker.InvokeFilterPipelineAsync()\r\n--- End of stack trace from previous location where exception was thrown ---\r\n   at Microsoft.AspNetCore.Mvc.Infrastructure.ResourceInvoker.<InvokeAsync>g__Logged|17_1(ResourceInvoker invoker)\r\n   at Microsoft.AspNetCore.Builder.RouterMiddleware.Invoke(HttpContext httpContext)\r\n   at Microsoft.AspNetCore.Authentication.AuthenticationMiddleware.Invoke(HttpContext context)\r\n   at Microsoft.AspNetCore.Diagnostics.ExceptionHandlerMiddleware.<Invoke>g__Awaited|6_0(ExceptionHandlerMiddleware middleware, HttpContext context, Task task)","Instance":"abbac6fa-34a8-44ba-b83d-d420a67f62da","Extensions":{}}
