2020-07-18 01:08:55.7342|ERROR|WedigITCRM.Controllers.HomeController|Entering index action in home controller
2020-07-18 01:08:55.7569|ERROR|WedigITCRM.Controllers.HomeController|index action in home controller redirecting to frontpage controller index action
2020-07-18 01:09:02.8274|ERROR|WedigITCRM.Controllers.HomeController|Entering index action in home controller
2020-07-18 01:09:02.8976|ERROR|WedigITCRM.Controllers.HomeController|index action in home controller redirecting to Customer controller AllCustomers action
2020-07-18 03:11:21.8954|ERROR|WedigITCRM.Startup|start of ConfigureServices
2020-07-18 03:11:24.1805|ERROR|WedigITCRM.Startup|end of ConfigureServices
2020-07-18 03:11:24.3506|ERROR|WedigITCRM.Startup|start of Configure method
2020-07-18 03:11:25.6928|ERROR|WedigITCRM.Startup|end of Configure method
2020-07-18 03:11:30.4957|ERROR|WedigITCRM.Controllers.HomeController|Entering index action in home controller
2020-07-18 03:11:30.5903|ERROR|WedigITCRM.Controllers.HomeController|index action in home controller redirecting to frontpage controller index action
2020-07-18 03:12:05.7369|ERROR|WedigITCRM.Controllers.HomeController|Entering index action in home controller
2020-07-18 03:12:05.7680|ERROR|WedigITCRM.Controllers.HomeController|index action in home controller redirecting to Customer controller AllCustomers action
2020-07-18 03:39:08.1881|ERROR|WedigITCRM.Startup|start of ConfigureServices
2020-07-18 03:39:09.8125|ERROR|WedigITCRM.Startup|end of ConfigureServices
2020-07-18 03:39:09.8869|ERROR|WedigITCRM.Startup|start of Configure method
2020-07-18 03:39:10.8224|ERROR|WedigITCRM.Startup|end of Configure method
2020-07-18 03:39:17.0013|ERROR|WedigITCRM.Controllers.HomeController|Entering index action in home controller
2020-07-18 03:39:17.4093|ERROR|WedigITCRM.Controllers.HomeController|index action in home controller redirecting to Customer controller AllCustomers action
2020-07-18 04:08:06.2345|ERROR|WedigITCRM.Startup|start of ConfigureServices
2020-07-18 04:08:07.3463|ERROR|WedigITCRM.Startup|end of ConfigureServices
2020-07-18 04:08:07.4269|ERROR|WedigITCRM.Startup|start of Configure method
2020-07-18 04:08:09.4656|ERROR|WedigITCRM.Startup|end of Configure method
2020-07-18 04:08:21.8375|ERROR|WedigITCRM.Controllers.HomeController|Entering index action in home controller
2020-07-18 04:08:21.8722|ERROR|WedigITCRM.Controllers.HomeController|index action in home controller redirecting to Customer controller AllCustomers action
2020-07-18 04:13:47.1196|ERROR|WedigITCRM.Startup|start of ConfigureServices
2020-07-18 04:13:49.4657|ERROR|WedigITCRM.Startup|end of ConfigureServices
2020-07-18 04:13:49.5572|ERROR|WedigITCRM.Startup|start of Configure method
2020-07-18 04:13:50.6204|ERROR|WedigITCRM.Startup|end of Configure method
2020-07-18 04:13:55.7999|ERROR|WedigITCRM.Controllers.HomeController|Entering index action in home controller
2020-07-18 04:13:55.8844|ERROR|WedigITCRM.Controllers.HomeController|index action in home controller redirecting to Customer controller AllCustomers action
2020-07-18 04:19:37.1793|ERROR|WedigITCRM.Startup|start of ConfigureServices
2020-07-18 04:19:38.5576|ERROR|WedigITCRM.Startup|end of ConfigureServices
2020-07-18 04:19:38.6853|ERROR|WedigITCRM.Startup|start of Configure method
2020-07-18 04:19:39.6555|ERROR|WedigITCRM.Startup|end of Configure method
2020-07-18 04:19:44.0174|ERROR|WedigITCRM.Controllers.HomeController|Entering index action in home controller
2020-07-18 04:19:44.0970|ERROR|WedigITCRM.Controllers.HomeController|index action in home controller redirecting to Customer controller AllCustomers action
2020-07-18 11:11:54.4967|ERROR|WedigITCRM.Startup|start of ConfigureServices
2020-07-18 11:11:58.6437|ERROR|WedigITCRM.Startup|end of ConfigureServices
2020-07-18 11:11:59.1641|ERROR|WedigITCRM.Startup|start of Configure method
2020-07-18 11:12:01.7281|ERROR|WedigITCRM.Startup|end of Configure method
2020-07-18 11:12:03.7174|ERROR|WedigITCRM.Controllers.HomeController|Entering index action in home controller
2020-07-18 11:12:03.7366|ERROR|WedigITCRM.Controllers.HomeController|index action in home controller redirecting to frontpage controller index action
2020-07-18 11:12:09.7687|ERROR|WedigITCRM.Maintenance.SynchronizeDineroStockItems|One or more errors occurred. (Værten kendes ikke.)
2020-07-18 11:12:09.9428|ERROR|WedigITCRM.Maintenance.SynchronizeDineroContactsService|One or more errors occurred. (Værten kendes ikke.)nyxium stack trace:    at System.Threading.Tasks.Task.ThrowIfExceptional(Boolean includeTaskCanceledExceptions)
   at System.Threading.Tasks.Task`1.GetResultCore(Boolean waitCompletionNotification)
   at System.Threading.Tasks.Task`1.get_Result()
   at WedigITCRM.DineroAPI.DineroAPIConnect.connectToDinero(CompanyAccount companyAccount) in C:\Users\John\source\repos\WedigITCRM\WedigITCRM\DineroAPI\DineroAPIConnect.cs:line 62
   at WedigITCRM.Maintenance.SynchronizeDineroContactsService.SynchronizeDineroContacts(Object state) in C:\Users\John\source\repos\WedigITCRM\WedigITCRM\Maintenance\SynchronizeDineroService.cs:line 76
2020-07-18 11:15:45.5482|ERROR|WedigITCRM.Controllers.HomeController|Entering index action in home controller
2020-07-18 11:15:45.5641|ERROR|WedigITCRM.Controllers.HomeController|index action in home controller redirecting to Customer controller AllCustomers action
2020-07-18 11:16:47.6811|ERROR|WedigITCRM.Startup|start of ConfigureServices
2020-07-18 11:16:49.0864|ERROR|WedigITCRM.Startup|end of ConfigureServices
2020-07-18 11:16:49.1711|ERROR|WedigITCRM.Startup|start of Configure method
2020-07-18 11:16:49.7600|ERROR|WedigITCRM.Startup|end of Configure method
2020-07-18 11:16:51.3546|ERROR|WedigITCRM.Controllers.HomeController|Entering index action in home controller
2020-07-18 11:16:51.3738|ERROR|WedigITCRM.Controllers.HomeController|index action in home controller redirecting to frontpage controller index action
2020-07-18 11:16:54.0726|ERROR|WedigITCRM.Maintenance.SynchronizeDineroStockItems|One or more errors occurred. (Værten kendes ikke.)
2020-07-18 11:16:54.1264|ERROR|WedigITCRM.Maintenance.SynchronizeDineroContactsService|One or more errors occurred. (Værten kendes ikke.)nyxium stack trace:    at System.Threading.Tasks.Task.ThrowIfExceptional(Boolean includeTaskCanceledExceptions)
   at System.Threading.Tasks.Task`1.GetResultCore(Boolean waitCompletionNotification)
   at System.Threading.Tasks.Task`1.get_Result()
   at WedigITCRM.DineroAPI.DineroAPIConnect.connectToDinero(CompanyAccount companyAccount) in C:\Users\John\source\repos\WedigITCRM\WedigITCRM\DineroAPI\DineroAPIConnect.cs:line 62
   at WedigITCRM.Maintenance.SynchronizeDineroContactsService.SynchronizeDineroContacts(Object state) in C:\Users\John\source\repos\WedigITCRM\WedigITCRM\Maintenance\SynchronizeDineroService.cs:line 76
2020-07-18 11:17:57.8271|ERROR|WedigITCRM.Controllers.HomeController|Entering index action in home controller
2020-07-18 11:17:57.8271|ERROR|WedigITCRM.Controllers.HomeController|index action in home controller redirecting to Customer controller AllCustomers action
2020-07-18 11:23:37.4172|ERROR|WedigITCRM.Startup|start of ConfigureServices
2020-07-18 11:23:39.3501|ERROR|WedigITCRM.Startup|end of ConfigureServices
2020-07-18 11:23:39.5757|ERROR|WedigITCRM.Startup|start of Configure method
2020-07-18 11:23:41.6306|ERROR|WedigITCRM.Startup|end of Configure method
2020-07-18 11:23:44.7155|ERROR|WedigITCRM.Controllers.HomeController|Entering index action in home controller
2020-07-18 11:23:44.7778|ERROR|WedigITCRM.Controllers.HomeController|index action in home controller redirecting to frontpage controller index action
2020-07-18 11:23:47.7520|ERROR|WedigITCRM.Maintenance.SynchronizeDineroStockItems|One or more errors occurred. (Værten kendes ikke.)
2020-07-18 11:23:47.8857|ERROR|WedigITCRM.Maintenance.SynchronizeDineroContactsService|One or more errors occurred. (Værten kendes ikke.)nyxium stack trace:    at System.Threading.Tasks.Task.ThrowIfExceptional(Boolean includeTaskCanceledExceptions)
   at System.Threading.Tasks.Task`1.GetResultCore(Boolean waitCompletionNotification)
   at System.Threading.Tasks.Task`1.get_Result()
   at WedigITCRM.DineroAPI.DineroAPIConnect.connectToDinero(CompanyAccount companyAccount) in C:\Users\John\source\repos\WedigITCRM\WedigITCRM\DineroAPI\DineroAPIConnect.cs:line 62
   at WedigITCRM.Maintenance.SynchronizeDineroContactsService.SynchronizeDineroContacts(Object state) in C:\Users\John\source\repos\WedigITCRM\WedigITCRM\Maintenance\SynchronizeDineroService.cs:line 76
2020-07-18 11:24:02.9745|ERROR|WedigITCRM.Controllers.HomeController|Entering index action in home controller
2020-07-18 11:24:02.9859|ERROR|WedigITCRM.Controllers.HomeController|index action in home controller redirecting to Customer controller AllCustomers action
2020-07-18 11:29:42.1441|ERROR|WedigITCRM.Maintenance.SynchronizeDineroContactsService|One or more errors occurred. (Værten kendes ikke.)nyxium stack trace:    at System.Threading.Tasks.Task.ThrowIfExceptional(Boolean includeTaskCanceledExceptions)
   at System.Threading.Tasks.Task`1.GetResultCore(Boolean waitCompletionNotification)
   at System.Threading.Tasks.Task`1.get_Result()
   at WedigITCRM.DineroAPI.DineroAPIConnect.connectToDinero(CompanyAccount companyAccount) in C:\Users\John\source\repos\WedigITCRM\WedigITCRM\DineroAPI\DineroAPIConnect.cs:line 62
   at WedigITCRM.Maintenance.SynchronizeDineroContactsService.SynchronizeDineroContacts(Object state) in C:\Users\John\source\repos\WedigITCRM\WedigITCRM\Maintenance\SynchronizeDineroService.cs:line 76
2020-07-18 11:35:42.1790|ERROR|WedigITCRM.Maintenance.SynchronizeDineroContactsService|One or more errors occurred. (Værten kendes ikke.)nyxium stack trace:    at System.Threading.Tasks.Task.ThrowIfExceptional(Boolean includeTaskCanceledExceptions)
   at System.Threading.Tasks.Task`1.GetResultCore(Boolean waitCompletionNotification)
   at WedigITCRM.DineroAPI.DineroAPIConnect.connectToDinero(CompanyAccount companyAccount) in C:\Users\John\source\repos\WedigITCRM\WedigITCRM\DineroAPI\DineroAPIConnect.cs:line 62
   at WedigITCRM.Maintenance.SynchronizeDineroContactsService.SynchronizeDineroContacts(Object state) in C:\Users\John\source\repos\WedigITCRM\WedigITCRM\Maintenance\SynchronizeDineroService.cs:line 76
2020-07-18 11:40:25.4242|ERROR|WedigITCRM.Controllers.HomeController|Entering index action in home controller
2020-07-18 11:40:25.6876|ERROR|WedigITCRM.Controllers.HomeController|index action in home controller redirecting to Customer controller AllCustomers action
2020-07-18 12:54:02.0654|ERROR|WedigITCRM.Controllers.HomeController|Entering index action in home controller
2020-07-18 12:54:02.6030|ERROR|WedigITCRM.Controllers.HomeController|index action in home controller redirecting to Customer controller AllCustomers action
2020-07-18 13:20:41.5906|ERROR|WedigITCRM.Startup|start of ConfigureServices
2020-07-18 13:20:44.7331|ERROR|WedigITCRM.Startup|end of ConfigureServices
2020-07-18 13:20:44.9027|ERROR|WedigITCRM.Startup|start of Configure method
2020-07-18 13:20:47.0530|ERROR|WedigITCRM.Startup|end of Configure method
2020-07-18 13:20:52.5846|ERROR|WedigITCRM.Controllers.HomeController|Entering index action in home controller
2020-07-18 13:20:53.2019|ERROR|WedigITCRM.Controllers.HomeController|index action in home controller redirecting to Customer controller AllCustomers action
2020-07-18 21:15:16.4707|ERROR|WedigITCRM.Startup|start of ConfigureServices
2020-07-18 21:15:19.8668|ERROR|WedigITCRM.Startup|end of ConfigureServices
2020-07-18 21:15:20.1161|ERROR|WedigITCRM.Startup|start of Configure method
2020-07-18 21:15:23.6401|ERROR|WedigITCRM.Startup|end of Configure method
2020-07-18 21:15:28.9689|ERROR|WedigITCRM.Controllers.HomeController|Entering index action in home controller
2020-07-18 21:15:28.9901|ERROR|WedigITCRM.Controllers.HomeController|index action in home controller redirecting to frontpage controller index action
2020-07-18 21:15:43.8034|ERROR|WedigITCRM.Controllers.HomeController|Entering index action in home controller
2020-07-18 21:15:43.8261|ERROR|WedigITCRM.Controllers.HomeController|index action in home controller redirecting to Customer controller AllCustomers action
