2020-07-03 09:12:50.7883|ERROR|WedigITCRM.Startup|start of ConfigureServices
2020-07-03 09:12:51.9462|ERROR|WedigITCRM.Startup|end of ConfigureServices
2020-07-03 09:12:52.0343|ERROR|WedigITCRM.Startup|start of Configure method
2020-07-03 09:12:52.7463|ERROR|WedigITCRM.Startup|end of Configure method
2020-07-03 09:12:55.7839|ERROR|WedigITCRM.Controllers.HomeController|Entering index action in home controller
2020-07-03 09:12:55.8308|ERROR|WedigITCRM.Controllers.HomeController|index action in home controller redirecting to frontpage controller index action
2020-07-03 09:13:09.9866|ERROR|WedigITCRM.Controllers.HomeController|Entering index action in home controller
2020-07-03 09:13:10.0201|ERROR|WedigITCRM.Controllers.HomeController|index action in home controller redirecting to Customer controller AllCustomers action
2020-07-03 13:44:58.5025|ERROR|WedigITCRM.Startup|start of ConfigureServices
2020-07-03 13:44:59.6240|ERROR|WedigITCRM.Startup|end of ConfigureServices
2020-07-03 13:44:59.7279|ERROR|WedigITCRM.Startup|start of Configure method
2020-07-03 13:45:00.6510|ERROR|WedigITCRM.Startup|end of Configure method
2020-07-03 13:45:04.5901|ERROR|WedigITCRM.Controllers.HomeController|Entering index action in home controller
2020-07-03 13:45:04.8222|ERROR|WedigITCRM.Controllers.HomeController|index action in home controller redirecting to frontpage controller index action
2020-07-03 13:45:18.8158|ERROR|WedigITCRM.Controllers.HomeController|Entering index action in home controller
2020-07-03 13:45:18.8457|ERROR|WedigITCRM.Controllers.HomeController|index action in home controller redirecting to Customer controller AllCustomers action
2020-07-03 20:13:33.5454|ERROR|WedigITCRM.Startup|start of ConfigureServices
2020-07-03 20:13:35.2075|ERROR|WedigITCRM.Startup|end of ConfigureServices
2020-07-03 20:13:35.3201|ERROR|WedigITCRM.Startup|start of Configure method
2020-07-03 20:13:36.8803|ERROR|WedigITCRM.Startup|end of Configure method
2020-07-03 20:13:39.8611|ERROR|WedigITCRM.Controllers.HomeController|Entering index action in home controller
2020-07-03 20:13:40.3459|ERROR|WedigITCRM.Controllers.HomeController|index action in home controller redirecting to frontpage controller index action
2020-07-03 20:13:58.4387|ERROR|WedigITCRM.Controllers.HomeController|Entering index action in home controller
2020-07-03 20:13:58.4633|ERROR|WedigITCRM.Controllers.HomeController|index action in home controller redirecting to Customer controller AllCustomers action
2020-07-03 20:41:46.0813|ERROR|WedigITCRM.Startup|start of ConfigureServices
2020-07-03 20:41:47.4052|ERROR|WedigITCRM.Startup|end of ConfigureServices
2020-07-03 20:41:47.7827|ERROR|WedigITCRM.Startup|start of Configure method
2020-07-03 20:41:49.1692|ERROR|WedigITCRM.Startup|end of Configure method
2020-07-03 20:41:56.1880|ERROR|WedigITCRM.Controllers.HomeController|Entering index action in home controller
2020-07-03 20:41:56.2254|ERROR|WedigITCRM.Controllers.HomeController|index action in home controller redirecting to Customer controller AllCustomers action
2020-07-03 20:44:04.9333|ERROR|WedigITCRM.Startup|start of ConfigureServices
2020-07-03 20:44:05.9881|ERROR|WedigITCRM.Startup|end of ConfigureServices
2020-07-03 20:44:06.0807|ERROR|WedigITCRM.Startup|start of Configure method
2020-07-03 20:44:06.6454|ERROR|WedigITCRM.Startup|end of Configure method
2020-07-03 20:44:09.0417|ERROR|WedigITCRM.Controllers.HomeController|Entering index action in home controller
2020-07-03 20:44:09.2058|ERROR|WedigITCRM.Controllers.HomeController|index action in home controller redirecting to frontpage controller index action
2020-07-03 20:44:20.3130|ERROR|WedigITCRM.Controllers.HomeController|Entering index action in home controller
2020-07-03 20:44:20.3389|ERROR|WedigITCRM.Controllers.HomeController|index action in home controller redirecting to Customer controller AllCustomers action
2020-07-03 23:50:45.3344|ERROR|WedigITCRM.Startup|start of ConfigureServices
2020-07-03 23:50:46.1972|ERROR|WedigITCRM.Startup|end of ConfigureServices
2020-07-03 23:51:15.6089|ERROR|WedigITCRM.Startup|start of ConfigureServices
2020-07-03 23:51:15.7958|ERROR|WedigITCRM.Startup|end of ConfigureServices
