2020-05-14 07:14:00.3317|ERROR|WedigITCRM.Startup|start of ConfigureServices
2020-05-14 07:14:00.6594|ERROR|WedigITCRM.Startup|end of ConfigureServices
2020-05-14 07:14:34.9254|ERROR|WedigITCRM.Startup|start of ConfigureServices
2020-05-14 07:14:35.0234|ERROR|WedigITCRM.Startup|end of ConfigureServices
2020-05-14 07:51:34.2207|ERROR|WedigITCRM.Startup|start of ConfigureServices
2020-05-14 07:51:35.1333|ERROR|WedigITCRM.Startup|end of ConfigureServices
2020-05-14 07:51:35.2273|ERROR|WedigITCRM.Startup|start of Configure method
2020-05-14 07:51:35.5334|ERROR|WedigITCRM.Startup|end of Configure method
2020-05-14 07:51:36.3303|ERROR|WedigITCRM.Controllers.HomeController|Entering index action in home controller
2020-05-14 07:51:36.3303|ERROR|WedigITCRM.Controllers.HomeController|index action in home controller redirecting to frontpage controller index action
2020-05-14 07:51:49.0368|ERROR|WedigITCRM.Controllers.HomeController|Entering index action in home controller
2020-05-14 07:51:49.0747|ERROR|WedigITCRM.Controllers.HomeController|index action in home controller redirecting to Customer controller AllCustomers action
2020-05-14 07:51:49.4989|ERROR|Microsoft.AspNetCore.Diagnostics.ExceptionHandlerMiddleware|An unhandled exception has occurred while executing the request.
2020-05-14 07:51:49.8436|ERROR|WedigITCRM.Startup|{"Type":null,"Title":"Unexpected Error","Status":500,"Detail":"Unable to resolve service for type 'WedigITCRM.StorageInterfaces.ICurrencyCodeRepository' while attempting to activate 'WedigITCRM.Controllers.CustomerController'.\r\n                                         \r\n\r\n                                            at Microsoft.Extensions.DependencyInjection.ActivatorUtilities.GetService(IServiceProvider sp, Type type, Type requiredBy, Boolean isDefaultParameterRequired)\r\n   at lambda_method(Closure , IServiceProvider , Object[] )\r\n   at Microsoft.AspNetCore.Mvc.Controllers.ControllerActivatorProvider.<>c__DisplayClass4_0.<CreateActivator>b__0(ControllerContext controllerContext)\r\n   at Microsoft.AspNetCore.Mvc.Controllers.ControllerFactoryProvider.<>c__DisplayClass5_0.<CreateControllerFactory>g__CreateController|0(ControllerContext controllerContext)\r\n   at Microsoft.AspNetCore.Mvc.Infrastructure.ControllerActionInvoker.Next(State& next, Scope& scope, Object& state, Boolean& isCompleted)\r\n   at Microsoft.AspNetCore.Mvc.Infrastructure.ControllerActionInvoker.InvokeInnerFilterAsync()\r\n--- End of stack trace from previous location where exception was thrown ---\r\n   at Microsoft.AspNetCore.Mvc.Infrastructure.ResourceInvoker.<InvokeNextResourceFilter>g__Awaited|24_0(ResourceInvoker invoker, Task lastTask, State next, Scope scope, Object state, Boolean isCompleted)\r\n   at Microsoft.AspNetCore.Mvc.Infrastructure.ResourceInvoker.Rethrow(ResourceExecutedContextSealed context)\r\n   at Microsoft.AspNetCore.Mvc.Infrastructure.ResourceInvoker.Next(State& next, Scope& scope, Object& state, Boolean& isCompleted)\r\n   at Microsoft.AspNetCore.Mvc.Infrastructure.ResourceInvoker.InvokeFilterPipelineAsync()\r\n--- End of stack trace from previous location where exception was thrown ---\r\n   at Microsoft.AspNetCore.Mvc.Infrastructure.ResourceInvoker.<InvokeAsync>g__Logged|17_1(ResourceInvoker invoker)\r\n   at Microsoft.AspNetCore.Builder.RouterMiddleware.Invoke(HttpContext httpContext)\r\n   at Microsoft.AspNetCore.Authentication.AuthenticationMiddleware.Invoke(HttpContext context)\r\n   at Microsoft.AspNetCore.Diagnostics.ExceptionHandlerMiddleware.<Invoke>g__Awaited|6_0(ExceptionHandlerMiddleware middleware, HttpContext context, Task task)","Instance":"2c573fa9-b22a-44c4-bc18-9aaf0ac7aca6","Extensions":{}}
2020-05-14 07:52:41.0957|ERROR|WedigITCRM.Startup|start of ConfigureServices
2020-05-14 07:52:41.2939|ERROR|WedigITCRM.Startup|end of ConfigureServices
2020-05-14 07:53:08.0162|ERROR|WedigITCRM.Startup|start of ConfigureServices
2020-05-14 07:53:08.1378|ERROR|WedigITCRM.Startup|end of ConfigureServices
2020-05-14 07:53:22.1913|ERROR|WedigITCRM.Startup|start of ConfigureServices
2020-05-14 07:53:22.6648|ERROR|WedigITCRM.Startup|end of ConfigureServices
2020-05-14 07:53:23.1225|ERROR|WedigITCRM.Startup|start of Configure method
2020-05-14 07:53:23.3114|ERROR|WedigITCRM.Startup|end of Configure method
2020-05-14 07:53:24.3953|ERROR|WedigITCRM.Controllers.HomeController|Entering index action in home controller
2020-05-14 07:53:24.3953|ERROR|WedigITCRM.Controllers.HomeController|index action in home controller redirecting to frontpage controller index action
2020-05-14 07:53:35.7918|ERROR|WedigITCRM.Controllers.HomeController|Entering index action in home controller
2020-05-14 07:53:35.8097|ERROR|WedigITCRM.Controllers.HomeController|index action in home controller redirecting to Customer controller AllCustomers action
2020-05-14 07:53:36.3208|ERROR|Microsoft.AspNetCore.Diagnostics.ExceptionHandlerMiddleware|An unhandled exception has occurred while executing the request.
2020-05-14 07:53:36.6291|ERROR|WedigITCRM.Startup|{"Type":null,"Title":"Unexpected Error","Status":500,"Detail":"Unable to resolve service for type 'WedigITCRM.StorageInterfaces.ICurrencyCodeRepository' while attempting to activate 'WedigITCRM.Controllers.CustomerController'.\r\n                                         \r\n\r\n                                            at Microsoft.Extensions.DependencyInjection.ActivatorUtilities.GetService(IServiceProvider sp, Type type, Type requiredBy, Boolean isDefaultParameterRequired)\r\n   at lambda_method(Closure , IServiceProvider , Object[] )\r\n   at Microsoft.AspNetCore.Mvc.Controllers.ControllerActivatorProvider.<>c__DisplayClass4_0.<CreateActivator>b__0(ControllerContext controllerContext)\r\n   at Microsoft.AspNetCore.Mvc.Controllers.ControllerFactoryProvider.<>c__DisplayClass5_0.<CreateControllerFactory>g__CreateController|0(ControllerContext controllerContext)\r\n   at Microsoft.AspNetCore.Mvc.Infrastructure.ControllerActionInvoker.Next(State& next, Scope& scope, Object& state, Boolean& isCompleted)\r\n   at Microsoft.AspNetCore.Mvc.Infrastructure.ControllerActionInvoker.InvokeInnerFilterAsync()\r\n--- End of stack trace from previous location where exception was thrown ---\r\n   at Microsoft.AspNetCore.Mvc.Infrastructure.ResourceInvoker.<InvokeNextResourceFilter>g__Awaited|24_0(ResourceInvoker invoker, Task lastTask, State next, Scope scope, Object state, Boolean isCompleted)\r\n   at Microsoft.AspNetCore.Mvc.Infrastructure.ResourceInvoker.Rethrow(ResourceExecutedContextSealed context)\r\n   at Microsoft.AspNetCore.Mvc.Infrastructure.ResourceInvoker.Next(State& next, Scope& scope, Object& state, Boolean& isCompleted)\r\n   at Microsoft.AspNetCore.Mvc.Infrastructure.ResourceInvoker.InvokeFilterPipelineAsync()\r\n--- End of stack trace from previous location where exception was thrown ---\r\n   at Microsoft.AspNetCore.Mvc.Infrastructure.ResourceInvoker.<InvokeAsync>g__Logged|17_1(ResourceInvoker invoker)\r\n   at Microsoft.AspNetCore.Builder.RouterMiddleware.Invoke(HttpContext httpContext)\r\n   at Microsoft.AspNetCore.Authentication.AuthenticationMiddleware.Invoke(HttpContext context)\r\n   at Microsoft.AspNetCore.Diagnostics.ExceptionHandlerMiddleware.<Invoke>g__Awaited|6_0(ExceptionHandlerMiddleware middleware, HttpContext context, Task task)","Instance":"59d8f3db-5874-476f-9677-02505ac19833","Extensions":{}}
2020-05-14 07:57:04.0634|ERROR|WedigITCRM.Startup|start of ConfigureServices
2020-05-14 07:57:05.9981|ERROR|WedigITCRM.Startup|end of ConfigureServices
2020-05-14 07:57:06.0935|ERROR|WedigITCRM.Startup|start of Configure method
2020-05-14 07:57:06.2923|ERROR|WedigITCRM.Startup|end of Configure method
2020-05-14 07:57:09.2407|ERROR|WedigITCRM.Controllers.HomeController|Entering index action in home controller
2020-05-14 07:57:09.2796|ERROR|WedigITCRM.Controllers.HomeController|index action in home controller redirecting to Customer controller AllCustomers action
2020-05-14 08:03:00.1016|ERROR|WedigITCRM.Startup|start of ConfigureServices
2020-05-14 08:03:01.4104|ERROR|WedigITCRM.Startup|end of ConfigureServices
2020-05-14 08:03:01.5248|ERROR|WedigITCRM.Startup|start of Configure method
2020-05-14 08:03:01.7793|ERROR|WedigITCRM.Startup|end of Configure method
2020-05-14 08:03:04.4924|ERROR|WedigITCRM.Controllers.HomeController|Entering index action in home controller
2020-05-14 08:03:04.5111|ERROR|WedigITCRM.Controllers.HomeController|index action in home controller redirecting to Customer controller AllCustomers action
2020-05-14 08:17:04.7513|ERROR|WedigITCRM.Startup|start of ConfigureServices
2020-05-14 08:17:05.7593|ERROR|WedigITCRM.Startup|end of ConfigureServices
2020-05-14 08:17:05.9970|ERROR|WedigITCRM.Startup|start of Configure method
2020-05-14 08:17:06.3121|ERROR|WedigITCRM.Startup|end of Configure method
2020-05-14 08:17:10.0326|ERROR|WedigITCRM.Controllers.HomeController|Entering index action in home controller
2020-05-14 08:17:10.0532|ERROR|WedigITCRM.Controllers.HomeController|index action in home controller redirecting to Customer controller AllCustomers action
2020-05-14 08:29:39.9524|ERROR|WedigITCRM.Startup|start of ConfigureServices
2020-05-14 08:29:40.6610|ERROR|WedigITCRM.Startup|end of ConfigureServices
2020-05-14 08:29:40.7349|ERROR|WedigITCRM.Startup|start of Configure method
2020-05-14 08:29:40.9134|ERROR|WedigITCRM.Startup|end of Configure method
2020-05-14 08:29:43.8604|ERROR|WedigITCRM.Controllers.HomeController|Entering index action in home controller
2020-05-14 08:29:43.8761|ERROR|WedigITCRM.Controllers.HomeController|index action in home controller redirecting to Customer controller AllCustomers action
2020-05-14 08:34:12.1545|ERROR|WedigITCRM.Startup|start of ConfigureServices
2020-05-14 08:34:12.9141|ERROR|WedigITCRM.Startup|end of ConfigureServices
2020-05-14 08:34:13.0196|ERROR|WedigITCRM.Startup|start of Configure method
2020-05-14 08:34:13.2431|ERROR|WedigITCRM.Startup|end of Configure method
2020-05-14 08:34:16.2250|ERROR|WedigITCRM.Controllers.HomeController|Entering index action in home controller
2020-05-14 08:34:16.2250|ERROR|WedigITCRM.Controllers.HomeController|index action in home controller redirecting to Customer controller AllCustomers action
2020-05-14 08:37:30.8359|ERROR|WedigITCRM.Startup|start of ConfigureServices
2020-05-14 08:37:31.6130|ERROR|WedigITCRM.Startup|end of ConfigureServices
2020-05-14 08:37:31.7188|ERROR|WedigITCRM.Startup|start of Configure method
2020-05-14 08:37:31.9651|ERROR|WedigITCRM.Startup|end of Configure method
2020-05-14 08:37:34.9237|ERROR|WedigITCRM.Controllers.HomeController|Entering index action in home controller
2020-05-14 08:37:34.9237|ERROR|WedigITCRM.Controllers.HomeController|index action in home controller redirecting to Customer controller AllCustomers action
2020-05-14 08:52:43.8691|ERROR|WedigITCRM.Startup|start of ConfigureServices
2020-05-14 08:52:44.1249|ERROR|WedigITCRM.Startup|end of ConfigureServices
2020-05-14 08:53:15.6153|ERROR|WedigITCRM.Startup|start of ConfigureServices
2020-05-14 08:53:15.7234|ERROR|WedigITCRM.Startup|end of ConfigureServices
2020-05-14 08:53:42.6853|ERROR|WedigITCRM.Startup|start of ConfigureServices
2020-05-14 08:53:44.0963|ERROR|WedigITCRM.Startup|end of ConfigureServices
2020-05-14 08:53:44.2144|ERROR|WedigITCRM.Startup|start of Configure method
2020-05-14 08:53:44.5154|ERROR|WedigITCRM.Startup|end of Configure method
2020-05-14 08:53:45.3284|ERROR|WedigITCRM.Controllers.HomeController|Entering index action in home controller
2020-05-14 08:53:45.3507|ERROR|WedigITCRM.Controllers.HomeController|index action in home controller redirecting to frontpage controller index action
2020-05-14 08:53:58.8918|ERROR|WedigITCRM.Controllers.HomeController|Entering index action in home controller
2020-05-14 08:53:58.9128|ERROR|WedigITCRM.Controllers.HomeController|index action in home controller redirecting to Customer controller AllCustomers action
2020-05-14 09:00:39.9317|ERROR|WedigITCRM.Startup|start of ConfigureServices
2020-05-14 09:00:41.8488|ERROR|WedigITCRM.Startup|end of ConfigureServices
2020-05-14 09:00:42.0249|ERROR|WedigITCRM.Startup|start of Configure method
2020-05-14 09:00:42.3395|ERROR|WedigITCRM.Startup|end of Configure method
2020-05-14 09:00:47.2909|ERROR|WedigITCRM.Controllers.HomeController|Entering index action in home controller
2020-05-14 09:00:47.3027|ERROR|WedigITCRM.Controllers.HomeController|index action in home controller redirecting to Customer controller AllCustomers action
2020-05-14 09:04:40.9131|ERROR|WedigITCRM.Startup|start of ConfigureServices
2020-05-14 09:04:41.1255|ERROR|WedigITCRM.Startup|end of ConfigureServices
2020-05-14 14:12:19.6040|ERROR|WedigITCRM.Startup|start of ConfigureServices
2020-05-14 14:12:20.0837|ERROR|WedigITCRM.Startup|end of ConfigureServices
2020-05-14 14:12:20.1788|ERROR|WedigITCRM.Startup|start of Configure method
2020-05-14 14:12:20.8561|ERROR|WedigITCRM.Startup|end of Configure method
2020-05-14 14:12:21.8129|ERROR|WedigITCRM.Controllers.HomeController|Entering index action in home controller
2020-05-14 14:12:21.8129|ERROR|WedigITCRM.Controllers.HomeController|index action in home controller redirecting to frontpage controller index action
2020-05-14 14:13:48.7369|ERROR|WedigITCRM.Controllers.HomeController|Entering index action in home controller
2020-05-14 14:13:48.7369|ERROR|WedigITCRM.Controllers.HomeController|index action in home controller redirecting to Customer controller AllCustomers action
2020-05-14 16:01:47.8624|ERROR|WedigITCRM.Startup|start of ConfigureServices
2020-05-14 16:01:54.2846|ERROR|WedigITCRM.Startup|end of ConfigureServices
2020-05-14 16:01:54.4185|ERROR|WedigITCRM.Startup|start of Configure method
2020-05-14 16:01:55.7234|ERROR|WedigITCRM.Startup|end of Configure method
2020-05-14 16:02:28.2170|ERROR|WedigITCRM.Controllers.HomeController|Entering index action in home controller
2020-05-14 16:02:28.2516|ERROR|WedigITCRM.Controllers.HomeController|index action in home controller redirecting to Customer controller AllCustomers action
2020-05-14 18:34:45.7772|ERROR|WedigITCRM.Startup|start of ConfigureServices
2020-05-14 18:34:47.4866|ERROR|WedigITCRM.Startup|end of ConfigureServices
2020-05-14 18:34:47.6139|ERROR|WedigITCRM.Startup|start of Configure method
2020-05-14 18:34:47.9189|ERROR|WedigITCRM.Startup|end of Configure method
2020-05-14 18:34:48.6962|ERROR|WedigITCRM.Controllers.HomeController|Entering index action in home controller
2020-05-14 18:34:48.7039|ERROR|WedigITCRM.Controllers.HomeController|index action in home controller redirecting to frontpage controller index action
2020-05-14 18:40:16.3449|ERROR|WedigITCRM.Startup|start of ConfigureServices
2020-05-14 18:40:17.1950|ERROR|WedigITCRM.Startup|end of ConfigureServices
2020-05-14 18:40:17.3045|ERROR|WedigITCRM.Startup|start of Configure method
2020-05-14 18:40:17.5215|ERROR|WedigITCRM.Startup|end of Configure method
2020-05-14 18:40:18.1671|ERROR|WedigITCRM.Controllers.HomeController|Entering index action in home controller
2020-05-14 18:40:18.1728|ERROR|WedigITCRM.Controllers.HomeController|index action in home controller redirecting to frontpage controller index action
2020-05-14 18:44:55.8175|ERROR|WedigITCRM.Startup|start of ConfigureServices
2020-05-14 18:44:56.5897|ERROR|WedigITCRM.Startup|end of ConfigureServices
2020-05-14 18:44:56.6891|ERROR|WedigITCRM.Startup|start of Configure method
2020-05-14 18:44:56.9007|ERROR|WedigITCRM.Startup|end of Configure method
2020-05-14 18:44:57.5061|ERROR|WedigITCRM.Controllers.HomeController|Entering index action in home controller
2020-05-14 18:44:57.5167|ERROR|WedigITCRM.Controllers.HomeController|index action in home controller redirecting to frontpage controller index action
2020-05-14 18:45:40.4641|ERROR|WedigITCRM.Startup|start of ConfigureServices
2020-05-14 18:45:41.2169|ERROR|WedigITCRM.Startup|end of ConfigureServices
2020-05-14 18:45:41.2971|ERROR|WedigITCRM.Startup|start of Configure method
2020-05-14 18:45:41.5053|ERROR|WedigITCRM.Startup|end of Configure method
2020-05-14 18:45:42.1371|ERROR|WedigITCRM.Controllers.HomeController|Entering index action in home controller
2020-05-14 18:45:42.1420|ERROR|WedigITCRM.Controllers.HomeController|index action in home controller redirecting to frontpage controller index action
2020-05-14 20:52:47.3022|ERROR|WedigITCRM.Startup|start of ConfigureServices
2020-05-14 20:52:48.2908|ERROR|WedigITCRM.Startup|end of ConfigureServices
2020-05-14 20:52:48.3771|ERROR|WedigITCRM.Startup|start of Configure method
2020-05-14 20:52:48.6338|ERROR|WedigITCRM.Startup|end of Configure method
2020-05-14 20:52:49.5634|ERROR|WedigITCRM.Controllers.HomeController|Entering index action in home controller
2020-05-14 20:52:49.5634|ERROR|WedigITCRM.Controllers.HomeController|index action in home controller redirecting to frontpage controller index action
2020-05-14 20:53:15.3660|ERROR|WedigITCRM.Controllers.HomeController|Entering index action in home controller
2020-05-14 20:53:15.3782|ERROR|WedigITCRM.Controllers.HomeController|index action in home controller redirecting to Customer controller AllCustomers action
2020-05-14 21:04:53.5671|ERROR|WedigITCRM.Startup|start of ConfigureServices
2020-05-14 21:04:54.0519|ERROR|WedigITCRM.Startup|end of ConfigureServices
2020-05-14 21:04:54.7545|ERROR|WedigITCRM.Startup|start of Configure method
2020-05-14 21:04:54.9693|ERROR|WedigITCRM.Startup|end of Configure method
2020-05-14 21:04:59.3023|ERROR|WedigITCRM.Controllers.HomeController|Entering index action in home controller
2020-05-14 21:04:59.3023|ERROR|WedigITCRM.Controllers.HomeController|index action in home controller redirecting to Customer controller AllCustomers action
2020-05-14 21:12:30.3295|ERROR|WedigITCRM.Startup|start of ConfigureServices
2020-05-14 21:12:31.2716|ERROR|WedigITCRM.Startup|end of ConfigureServices
2020-05-14 21:12:31.3982|ERROR|WedigITCRM.Startup|start of Configure method
2020-05-14 21:12:31.7434|ERROR|WedigITCRM.Startup|end of Configure method
2020-05-14 21:12:36.1724|ERROR|WedigITCRM.Controllers.HomeController|Entering index action in home controller
2020-05-14 21:12:36.1724|ERROR|WedigITCRM.Controllers.HomeController|index action in home controller redirecting to Customer controller AllCustomers action
2020-05-14 22:01:19.3989|ERROR|WedigITCRM.Startup|start of ConfigureServices
2020-05-14 22:01:21.1418|ERROR|WedigITCRM.Startup|end of ConfigureServices
2020-05-14 22:01:21.2356|ERROR|WedigITCRM.Startup|start of Configure method
2020-05-14 22:01:21.4922|ERROR|WedigITCRM.Startup|end of Configure method
2020-05-14 22:01:36.6769|ERROR|WedigITCRM.Controllers.HomeController|Entering index action in home controller
2020-05-14 22:01:36.7558|ERROR|WedigITCRM.Controllers.HomeController|index action in home controller redirecting to Customer controller AllCustomers action
2020-05-14 22:28:47.4771|ERROR|WedigITCRM.Startup|start of ConfigureServices
2020-05-14 22:28:47.6329|ERROR|WedigITCRM.Startup|end of ConfigureServices
2020-05-14 22:29:17.3083|ERROR|WedigITCRM.Startup|start of ConfigureServices
2020-05-14 22:29:17.4365|ERROR|WedigITCRM.Startup|end of ConfigureServices
2020-05-14 22:37:44.2511|ERROR|WedigITCRM.Startup|start of ConfigureServices
2020-05-14 22:37:45.2411|ERROR|WedigITCRM.Startup|end of ConfigureServices
2020-05-14 22:37:45.3933|ERROR|WedigITCRM.Startup|start of Configure method
2020-05-14 22:37:45.7828|ERROR|WedigITCRM.Startup|end of Configure method
2020-05-14 22:37:53.1454|ERROR|WedigITCRM.Controllers.HomeController|Entering index action in home controller
2020-05-14 22:37:53.1454|ERROR|WedigITCRM.Controllers.HomeController|index action in home controller redirecting to Customer controller AllCustomers action
2020-05-14 22:38:43.4559|ERROR|Microsoft.AspNetCore.Diagnostics.ExceptionHandlerMiddleware|An unhandled exception has occurred while executing the request.
2020-05-14 22:38:43.5319|ERROR|WedigITCRM.Startup|{"Type":null,"Title":"Unexpected Error","Status":500,"Detail":"Object reference not set to an instance of an object.\r\n                                         \r\n\r\n                                            at WedigITCRM.Controllers.VendorController.EditVendor(VendorInputModel datamodelInput, CompanyAccount companyAccount) in C:\\Users\\John\\source\\repos\\WedigITCRM\\WedigITCRM\\Controllers\\VendorController.cs:line 204\r\n   at lambda_method(Closure , Object , Object[] )\r\n   at Microsoft.Extensions.Internal.ObjectMethodExecutor.Execute(Object target, Object[] parameters)\r\n   at Microsoft.AspNetCore.Mvc.Infrastructure.ActionMethodExecutor.SyncActionResultExecutor.Execute(IActionResultTypeMapper mapper, ObjectMethodExecutor executor, Object controller, Object[] arguments)\r\n   at Microsoft.AspNetCore.Mvc.Infrastructure.ControllerActionInvoker.InvokeActionMethodAsync()\r\n   at Microsoft.AspNetCore.Mvc.Infrastructure.ControllerActionInvoker.Next(State& next, Scope& scope, Object& state, Boolean& isCompleted)\r\n   at Microsoft.AspNetCore.Mvc.Infrastructure.ControllerActionInvoker.InvokeNextActionFilterAsync()\r\n--- End of stack trace from previous location where exception was thrown ---\r\n   at Microsoft.AspNetCore.Mvc.Infrastructure.ControllerActionInvoker.Rethrow(ActionExecutedContextSealed context)\r\n   at Microsoft.AspNetCore.Mvc.Infrastructure.ControllerActionInvoker.Next(State& next, Scope& scope, Object& state, Boolean& isCompleted)\r\n   at Microsoft.AspNetCore.Mvc.Infrastructure.ControllerActionInvoker.InvokeInnerFilterAsync()\r\n--- End of stack trace from previous location where exception was thrown ---\r\n   at Microsoft.AspNetCore.Mvc.Infrastructure.ResourceInvoker.<InvokeNextResourceFilter>g__Awaited|24_0(ResourceInvoker invoker, Task lastTask, State next, Scope scope, Object state, Boolean isCompleted)\r\n   at Microsoft.AspNetCore.Mvc.Infrastructure.ResourceInvoker.Rethrow(ResourceExecutedContextSealed context)\r\n   at Microsoft.AspNetCore.Mvc.Infrastructure.ResourceInvoker.Next(State& next, Scope& scope, Object& state, Boolean& isCompleted)\r\n   at Microsoft.AspNetCore.Mvc.Infrastructure.ResourceInvoker.InvokeFilterPipelineAsync()\r\n--- End of stack trace from previous location where exception was thrown ---\r\n   at Microsoft.AspNetCore.Mvc.Infrastructure.ResourceInvoker.<InvokeAsync>g__Logged|17_1(ResourceInvoker invoker)\r\n   at Microsoft.AspNetCore.Builder.RouterMiddleware.Invoke(HttpContext httpContext)\r\n   at Microsoft.AspNetCore.Authentication.AuthenticationMiddleware.Invoke(HttpContext context)\r\n   at Microsoft.AspNetCore.Diagnostics.ExceptionHandlerMiddleware.<Invoke>g__Awaited|6_0(ExceptionHandlerMiddleware middleware, HttpContext context, Task task)","Instance":"5fb4d7ef-fc61-4e1c-9a05-e393e8a15f35","Extensions":{}}
2020-05-14 22:40:42.9254|ERROR|Microsoft.AspNetCore.Diagnostics.ExceptionHandlerMiddleware|An unhandled exception has occurred while executing the request.
2020-05-14 22:40:42.9428|ERROR|WedigITCRM.Startup|{"Type":null,"Title":"Unexpected Error","Status":500,"Detail":"Object reference not set to an instance of an object.\r\n                                         \r\n\r\n                                            at WedigITCRM.Controllers.VendorController.EditVendor(VendorInputModel datamodelInput, CompanyAccount companyAccount) in C:\\Users\\John\\source\\repos\\WedigITCRM\\WedigITCRM\\Controllers\\VendorController.cs:line 204\r\n   at lambda_method(Closure , Object , Object[] )\r\n   at Microsoft.Extensions.Internal.ObjectMethodExecutor.Execute(Object target, Object[] parameters)\r\n   at Microsoft.AspNetCore.Mvc.Infrastructure.ActionMethodExecutor.SyncActionResultExecutor.Execute(IActionResultTypeMapper mapper, ObjectMethodExecutor executor, Object controller, Object[] arguments)\r\n   at Microsoft.AspNetCore.Mvc.Infrastructure.ControllerActionInvoker.InvokeActionMethodAsync()\r\n   at Microsoft.AspNetCore.Mvc.Infrastructure.ControllerActionInvoker.Next(State& next, Scope& scope, Object& state, Boolean& isCompleted)\r\n   at Microsoft.AspNetCore.Mvc.Infrastructure.ControllerActionInvoker.InvokeNextActionFilterAsync()\r\n--- End of stack trace from previous location where exception was thrown ---\r\n   at Microsoft.AspNetCore.Mvc.Infrastructure.ControllerActionInvoker.Rethrow(ActionExecutedContextSealed context)\r\n   at Microsoft.AspNetCore.Mvc.Infrastructure.ControllerActionInvoker.Next(State& next, Scope& scope, Object& state, Boolean& isCompleted)\r\n   at Microsoft.AspNetCore.Mvc.Infrastructure.ControllerActionInvoker.InvokeInnerFilterAsync()\r\n--- End of stack trace from previous location where exception was thrown ---\r\n   at Microsoft.AspNetCore.Mvc.Infrastructure.ResourceInvoker.<InvokeNextResourceFilter>g__Awaited|24_0(ResourceInvoker invoker, Task lastTask, State next, Scope scope, Object state, Boolean isCompleted)\r\n   at Microsoft.AspNetCore.Mvc.Infrastructure.ResourceInvoker.Rethrow(ResourceExecutedContextSealed context)\r\n   at Microsoft.AspNetCore.Mvc.Infrastructure.ResourceInvoker.Next(State& next, Scope& scope, Object& state, Boolean& isCompleted)\r\n   at Microsoft.AspNetCore.Mvc.Infrastructure.ResourceInvoker.InvokeFilterPipelineAsync()\r\n--- End of stack trace from previous location where exception was thrown ---\r\n   at Microsoft.AspNetCore.Mvc.Infrastructure.ResourceInvoker.<InvokeAsync>g__Logged|17_1(ResourceInvoker invoker)\r\n   at Microsoft.AspNetCore.Builder.RouterMiddleware.Invoke(HttpContext httpContext)\r\n   at Microsoft.AspNetCore.Authentication.AuthenticationMiddleware.Invoke(HttpContext context)\r\n   at Microsoft.AspNetCore.Diagnostics.ExceptionHandlerMiddleware.<Invoke>g__Awaited|6_0(ExceptionHandlerMiddleware middleware, HttpContext context, Task task)","Instance":"eda17e59-edb8-489c-a4d4-4782dfe74e2a","Extensions":{}}
2020-05-14 22:42:45.3825|ERROR|WedigITCRM.Startup|start of ConfigureServices
2020-05-14 22:42:45.7526|ERROR|WedigITCRM.Startup|end of ConfigureServices
2020-05-14 22:42:45.8234|ERROR|WedigITCRM.Startup|start of Configure method
2020-05-14 22:42:46.0017|ERROR|WedigITCRM.Startup|end of Configure method
2020-05-14 22:42:50.7980|ERROR|WedigITCRM.Controllers.HomeController|Entering index action in home controller
2020-05-14 22:42:50.8174|ERROR|WedigITCRM.Controllers.HomeController|index action in home controller redirecting to Customer controller AllCustomers action
2020-05-14 23:29:20.6397|ERROR|WedigITCRM.Startup|start of ConfigureServices
2020-05-14 23:29:21.3821|ERROR|WedigITCRM.Startup|end of ConfigureServices
2020-05-14 23:29:21.7359|ERROR|WedigITCRM.Startup|start of Configure method
2020-05-14 23:29:21.9618|ERROR|WedigITCRM.Startup|end of Configure method
2020-05-14 23:29:27.7393|ERROR|WedigITCRM.Controllers.HomeController|Entering index action in home controller
2020-05-14 23:29:27.7632|ERROR|WedigITCRM.Controllers.HomeController|index action in home controller redirecting to Customer controller AllCustomers action
2020-05-14 23:33:09.9639|ERROR|WedigITCRM.Startup|start of ConfigureServices
2020-05-14 23:33:11.0666|ERROR|WedigITCRM.Startup|end of ConfigureServices
2020-05-14 23:33:11.2074|ERROR|WedigITCRM.Startup|start of Configure method
2020-05-14 23:33:11.4439|ERROR|WedigITCRM.Startup|end of Configure method
2020-05-14 23:33:18.9637|ERROR|WedigITCRM.Controllers.HomeController|Entering index action in home controller
2020-05-14 23:33:18.9756|ERROR|WedigITCRM.Controllers.HomeController|index action in home controller redirecting to Customer controller AllCustomers action
2020-05-14 23:40:50.5442|ERROR|WedigITCRM.Maintenance.SynchronizeDineroContactsService|Object reference not set to an instance of an object.
2020-05-14 23:41:17.3770|ERROR|WedigITCRM.Maintenance.SynchronizeDineroContactsService|Object reference not set to an instance of an object.
