2020-06-13 09:30:31.2947|ERROR|WedigITCRM.Startup|start of ConfigureServices
2020-06-13 09:30:33.2762|ERROR|WedigITCRM.Startup|end of ConfigureServices
2020-06-13 09:30:33.4270|ERROR|WedigITCRM.Startup|start of Configure method
2020-06-13 09:30:34.3512|ERROR|WedigITCRM.Startup|end of Configure method
2020-06-13 09:30:42.3440|ERROR|WedigITCRM.Controllers.HomeController|Entering index action in home controller
2020-06-13 09:30:42.7949|ERROR|WedigITCRM.Controllers.HomeController|index action in home controller redirecting to frontpage controller index action
2020-06-13 09:31:00.0524|ERROR|WedigITCRM.Controllers.HomeController|Entering index action in home controller
2020-06-13 09:31:00.0744|ERROR|WedigITCRM.Controllers.HomeController|index action in home controller redirecting to Customer controller AllCustomers action
2020-06-13 10:30:14.6158|ERROR|WedigITCRM.Startup|start of ConfigureServices
2020-06-13 10:30:14.8268|ERROR|WedigITCRM.Startup|end of ConfigureServices
2020-06-13 10:30:40.9069|ERROR|WedigITCRM.Startup|start of ConfigureServices
2020-06-13 10:30:41.0293|ERROR|WedigITCRM.Startup|end of ConfigureServices
2020-06-13 10:55:29.6329|ERROR|WedigITCRM.Startup|start of ConfigureServices
2020-06-13 10:55:30.8960|ERROR|WedigITCRM.Startup|end of ConfigureServices
2020-06-13 10:55:31.4585|ERROR|WedigITCRM.Startup|start of Configure method
2020-06-13 10:55:32.1094|ERROR|WedigITCRM.Startup|end of Configure method
2020-06-13 10:55:34.2052|ERROR|WedigITCRM.Controllers.HomeController|Entering index action in home controller
2020-06-13 10:55:34.3038|ERROR|WedigITCRM.Controllers.HomeController|index action in home controller redirecting to frontpage controller index action
2020-06-13 10:55:54.4870|ERROR|WedigITCRM.Controllers.HomeController|Entering index action in home controller
2020-06-13 10:55:54.5085|ERROR|WedigITCRM.Controllers.HomeController|index action in home controller redirecting to Customer controller AllCustomers action
2020-06-13 11:01:34.3920|ERROR|WedigITCRM.Startup|start of ConfigureServices
2020-06-13 11:01:35.3116|ERROR|WedigITCRM.Startup|end of ConfigureServices
2020-06-13 11:01:35.4293|ERROR|WedigITCRM.Startup|start of Configure method
2020-06-13 11:01:36.0067|ERROR|WedigITCRM.Startup|end of Configure method
2020-06-13 11:01:42.0798|ERROR|WedigITCRM.Controllers.HomeController|Entering index action in home controller
2020-06-13 11:01:42.1191|ERROR|WedigITCRM.Controllers.HomeController|index action in home controller redirecting to Customer controller AllCustomers action
2020-06-13 11:23:18.2990|ERROR|WedigITCRM.Startup|start of ConfigureServices
2020-06-13 11:23:19.5312|ERROR|WedigITCRM.Startup|end of ConfigureServices
2020-06-13 11:23:19.6559|ERROR|WedigITCRM.Startup|start of Configure method
2020-06-13 11:23:20.4330|ERROR|WedigITCRM.Startup|end of Configure method
2020-06-13 11:23:27.0682|ERROR|WedigITCRM.Controllers.HomeController|Entering index action in home controller
2020-06-13 11:23:27.1392|ERROR|WedigITCRM.Controllers.HomeController|index action in home controller redirecting to Customer controller AllCustomers action
2020-06-13 11:32:44.2068|ERROR|WedigITCRM.Startup|start of ConfigureServices
2020-06-13 11:32:45.3292|ERROR|WedigITCRM.Startup|end of ConfigureServices
2020-06-13 11:32:45.4216|ERROR|WedigITCRM.Startup|start of Configure method
2020-06-13 11:32:46.0624|ERROR|WedigITCRM.Startup|end of Configure method
2020-06-13 11:32:51.2290|ERROR|WedigITCRM.Controllers.HomeController|Entering index action in home controller
2020-06-13 11:32:51.4939|ERROR|WedigITCRM.Controllers.HomeController|index action in home controller redirecting to Customer controller AllCustomers action
2020-06-13 11:59:19.6192|ERROR|WedigITCRM.Startup|start of ConfigureServices
2020-06-13 11:59:20.4034|ERROR|WedigITCRM.Startup|end of ConfigureServices
2020-06-13 11:59:20.4627|ERROR|WedigITCRM.Startup|start of Configure method
2020-06-13 11:59:21.0691|ERROR|WedigITCRM.Startup|end of Configure method
2020-06-13 11:59:28.2457|ERROR|WedigITCRM.Controllers.HomeController|Entering index action in home controller
2020-06-13 11:59:28.3097|ERROR|WedigITCRM.Controllers.HomeController|index action in home controller redirecting to Customer controller AllCustomers action
2020-06-13 11:59:29.8736|ERROR|Microsoft.EntityFrameworkCore.Database.Command|Failed executing DbCommand (91ms) [Parameters=[], CommandType='Text', CommandTimeout='30']
SELECT [v].[Id], [v].[CVRNumber], [v].[City], [v].[CountryCode], [v].[CreatedDate], [v].[CurrencyCode], [v].[DeliveryConditions], [v].[DeliveryConditionsId], [v].[DineroGuiD], [v].[Email], [v].[ForeignCity], [v].[ForeignZip], [v].[HomePage], [v].[LastEditedDate], [v].[Name], [v].[PaymentConditions], [v].[PaymentConditionsId], [v].[PhoneNumber], [v].[Street], [v].[Zip], [v].[companyAccountId], [v].[postalCodeId]
FROM [Vendors] AS [v]
2020-06-13 11:59:30.2170|ERROR|Microsoft.EntityFrameworkCore.Query|An exception occurred while iterating over the results of a query for context type 'WedigITCRM.AppDbContext'.
Microsoft.Data.SqlClient.SqlException (0x80131904): Invalid column name 'DeliveryConditions'.
Invalid column name 'DeliveryConditionsId'.
   at Microsoft.Data.SqlClient.SqlConnection.OnError(SqlException exception, Boolean breakConnection, Action`1 wrapCloseInAction)
   at Microsoft.Data.SqlClient.SqlInternalConnection.OnError(SqlException exception, Boolean breakConnection, Action`1 wrapCloseInAction)
   at Microsoft.Data.SqlClient.TdsParser.ThrowExceptionAndWarning(TdsParserStateObject stateObj, Boolean callerHasConnectionLock, Boolean asyncClose)
   at Microsoft.Data.SqlClient.TdsParser.TryRun(RunBehavior runBehavior, SqlCommand cmdHandler, SqlDataReader dataStream, BulkCopySimpleResultSet bulkCopyHandler, TdsParserStateObject stateObj, Boolean& dataReady)
   at Microsoft.Data.SqlClient.SqlDataReader.TryConsumeMetaData()
   at Microsoft.Data.SqlClient.SqlDataReader.get_MetaData()
   at Microsoft.Data.SqlClient.SqlCommand.FinishExecuteReader(SqlDataReader ds, RunBehavior runBehavior, String resetOptionsString, Boolean isInternal, Boolean forDescribeParameterEncryption, Boolean shouldCacheForAlwaysEncrypted)
   at Microsoft.Data.SqlClient.SqlCommand.RunExecuteReaderTds(CommandBehavior cmdBehavior, RunBehavior runBehavior, Boolean returnStream, Boolean isAsync, Int32 timeout, Task& task, Boolean asyncWrite, Boolean inRetry, SqlDataReader ds, Boolean describeParameterEncryptionRequest)
   at Microsoft.Data.SqlClient.SqlCommand.RunExecuteReader(CommandBehavior cmdBehavior, RunBehavior runBehavior, Boolean returnStream, TaskCompletionSource`1 completion, Int32 timeout, Task& task, Boolean& usedCache, Boolean asyncWrite, Boolean inRetry, String method)
   at Microsoft.Data.SqlClient.SqlCommand.RunExecuteReader(CommandBehavior cmdBehavior, RunBehavior runBehavior, Boolean returnStream, String method)
   at Microsoft.Data.SqlClient.SqlCommand.ExecuteReader(CommandBehavior behavior)
   at Microsoft.Data.SqlClient.SqlCommand.ExecuteDbDataReader(CommandBehavior behavior)
   at System.Data.Common.DbCommand.ExecuteReader()
   at Microsoft.EntityFrameworkCore.Storage.RelationalCommand.ExecuteReader(RelationalCommandParameterObject parameterObject)
   at Microsoft.EntityFrameworkCore.Query.Internal.QueryingEnumerable`1.Enumerator.InitializeReader(DbContext _, Boolean result)
   at Microsoft.EntityFrameworkCore.SqlServer.Storage.Internal.SqlServerExecutionStrategy.Execute[TState,TResult](TState state, Func`3 operation, Func`3 verifySucceeded)
   at Microsoft.EntityFrameworkCore.Query.Internal.QueryingEnumerable`1.Enumerator.MoveNext()
ClientConnectionId:2a849293-2cc5-4723-96f6-733390e904bc
Error Number:207,State:1,Class:16
2020-06-13 11:59:30.7538|ERROR|WedigITCRM.Maintenance.SynchronizeDineroContactsService|Invalid column name 'DeliveryConditions'.
Invalid column name 'DeliveryConditionsId'.nyxium stack trace:    at Microsoft.Data.SqlClient.SqlConnection.OnError(SqlException exception, Boolean breakConnection, Action`1 wrapCloseInAction)
   at Microsoft.Data.SqlClient.SqlInternalConnection.OnError(SqlException exception, Boolean breakConnection, Action`1 wrapCloseInAction)
   at Microsoft.Data.SqlClient.TdsParser.ThrowExceptionAndWarning(TdsParserStateObject stateObj, Boolean callerHasConnectionLock, Boolean asyncClose)
   at Microsoft.Data.SqlClient.TdsParser.TryRun(RunBehavior runBehavior, SqlCommand cmdHandler, SqlDataReader dataStream, BulkCopySimpleResultSet bulkCopyHandler, TdsParserStateObject stateObj, Boolean& dataReady)
   at Microsoft.Data.SqlClient.SqlDataReader.TryConsumeMetaData()
   at Microsoft.Data.SqlClient.SqlDataReader.get_MetaData()
   at Microsoft.Data.SqlClient.SqlCommand.FinishExecuteReader(SqlDataReader ds, RunBehavior runBehavior, String resetOptionsString, Boolean isInternal, Boolean forDescribeParameterEncryption, Boolean shouldCacheForAlwaysEncrypted)
   at Microsoft.Data.SqlClient.SqlCommand.RunExecuteReaderTds(CommandBehavior cmdBehavior, RunBehavior runBehavior, Boolean returnStream, Boolean isAsync, Int32 timeout, Task& task, Boolean asyncWrite, Boolean inRetry, SqlDataReader ds, Boolean describeParameterEncryptionRequest)
   at Microsoft.Data.SqlClient.SqlCommand.RunExecuteReader(CommandBehavior cmdBehavior, RunBehavior runBehavior, Boolean returnStream, TaskCompletionSource`1 completion, Int32 timeout, Task& task, Boolean& usedCache, Boolean asyncWrite, Boolean inRetry, String method)
   at Microsoft.Data.SqlClient.SqlCommand.RunExecuteReader(CommandBehavior cmdBehavior, RunBehavior runBehavior, Boolean returnStream, String method)
   at Microsoft.Data.SqlClient.SqlCommand.ExecuteReader(CommandBehavior behavior)
   at Microsoft.Data.SqlClient.SqlCommand.ExecuteDbDataReader(CommandBehavior behavior)
   at System.Data.Common.DbCommand.ExecuteReader()
   at Microsoft.EntityFrameworkCore.Storage.RelationalCommand.ExecuteReader(RelationalCommandParameterObject parameterObject)
   at Microsoft.EntityFrameworkCore.Query.Internal.QueryingEnumerable`1.Enumerator.InitializeReader(DbContext _, Boolean result)
   at Microsoft.EntityFrameworkCore.SqlServer.Storage.Internal.SqlServerExecutionStrategy.Execute[TState,TResult](TState state, Func`3 operation, Func`3 verifySucceeded)
   at Microsoft.EntityFrameworkCore.Query.Internal.QueryingEnumerable`1.Enumerator.MoveNext()
   at System.Linq.Enumerable.WhereEnumerableIterator`1.ToList()
   at System.Linq.Enumerable.ToList[TSource](IEnumerable`1 source)
   at WedigITCRM.DineroAPI.DineroContacts.updateOrAddVendorInNyxium(READDineroAPIcontact dineroContact, DineroContacts dineroContactsToNyxium, CompanyAccount companyAccount, IVendorRepository _vendorRepository) in C:\Users\John\source\repos\WedigITCRM\WedigITCRM\DineroAPI\DineroContacts.cs:line 628
   at WedigITCRM.Maintenance.SynchronizeDineroContactsService.SynchronizeDineroContacts(Object state) in C:\Users\John\source\repos\WedigITCRM\WedigITCRM\Maintenance\SynchronizeDineroService.cs:line 112
2020-06-13 11:59:41.3833|ERROR|Microsoft.EntityFrameworkCore.Database.Command|Failed executing DbCommand (3ms) [Parameters=[], CommandType='Text', CommandTimeout='30']
SELECT [v].[Id], [v].[CVRNumber], [v].[City], [v].[CountryCode], [v].[CreatedDate], [v].[CurrencyCode], [v].[DeliveryConditions], [v].[DeliveryConditionsId], [v].[DineroGuiD], [v].[Email], [v].[ForeignCity], [v].[ForeignZip], [v].[HomePage], [v].[LastEditedDate], [v].[Name], [v].[PaymentConditions], [v].[PaymentConditionsId], [v].[PhoneNumber], [v].[Street], [v].[Zip], [v].[companyAccountId], [v].[postalCodeId]
FROM [Vendors] AS [v]
2020-06-13 11:59:41.4185|ERROR|Microsoft.EntityFrameworkCore.Query|An exception occurred while iterating over the results of a query for context type 'WedigITCRM.AppDbContext'.
Microsoft.Data.SqlClient.SqlException (0x80131904): Invalid column name 'DeliveryConditions'.
Invalid column name 'DeliveryConditionsId'.
   at Microsoft.Data.SqlClient.SqlConnection.OnError(SqlException exception, Boolean breakConnection, Action`1 wrapCloseInAction)
   at Microsoft.Data.SqlClient.SqlInternalConnection.OnError(SqlException exception, Boolean breakConnection, Action`1 wrapCloseInAction)
   at Microsoft.Data.SqlClient.TdsParser.ThrowExceptionAndWarning(TdsParserStateObject stateObj, Boolean callerHasConnectionLock, Boolean asyncClose)
   at Microsoft.Data.SqlClient.TdsParser.TryRun(RunBehavior runBehavior, SqlCommand cmdHandler, SqlDataReader dataStream, BulkCopySimpleResultSet bulkCopyHandler, TdsParserStateObject stateObj, Boolean& dataReady)
   at Microsoft.Data.SqlClient.SqlDataReader.TryConsumeMetaData()
   at Microsoft.Data.SqlClient.SqlDataReader.get_MetaData()
   at Microsoft.Data.SqlClient.SqlCommand.FinishExecuteReader(SqlDataReader ds, RunBehavior runBehavior, String resetOptionsString, Boolean isInternal, Boolean forDescribeParameterEncryption, Boolean shouldCacheForAlwaysEncrypted)
   at Microsoft.Data.SqlClient.SqlCommand.RunExecuteReaderTds(CommandBehavior cmdBehavior, RunBehavior runBehavior, Boolean returnStream, Boolean isAsync, Int32 timeout, Task& task, Boolean asyncWrite, Boolean inRetry, SqlDataReader ds, Boolean describeParameterEncryptionRequest)
   at Microsoft.Data.SqlClient.SqlCommand.RunExecuteReader(CommandBehavior cmdBehavior, RunBehavior runBehavior, Boolean returnStream, TaskCompletionSource`1 completion, Int32 timeout, Task& task, Boolean& usedCache, Boolean asyncWrite, Boolean inRetry, String method)
   at Microsoft.Data.SqlClient.SqlCommand.RunExecuteReader(CommandBehavior cmdBehavior, RunBehavior runBehavior, Boolean returnStream, String method)
   at Microsoft.Data.SqlClient.SqlCommand.ExecuteReader(CommandBehavior behavior)
   at Microsoft.Data.SqlClient.SqlCommand.ExecuteDbDataReader(CommandBehavior behavior)
   at System.Data.Common.DbCommand.ExecuteReader()
   at Microsoft.EntityFrameworkCore.Storage.RelationalCommand.ExecuteReader(RelationalCommandParameterObject parameterObject)
   at Microsoft.EntityFrameworkCore.Query.Internal.QueryingEnumerable`1.Enumerator.InitializeReader(DbContext _, Boolean result)
   at Microsoft.EntityFrameworkCore.SqlServer.Storage.Internal.SqlServerExecutionStrategy.Execute[TState,TResult](TState state, Func`3 operation, Func`3 verifySucceeded)
   at Microsoft.EntityFrameworkCore.Query.Internal.QueryingEnumerable`1.Enumerator.MoveNext()
ClientConnectionId:2a849293-2cc5-4723-96f6-733390e904bc
Error Number:207,State:1,Class:16
2020-06-13 12:00:21.7882|ERROR|WedigITCRM.Startup|start of ConfigureServices
2020-06-13 12:00:21.9512|ERROR|WedigITCRM.Startup|end of ConfigureServices
2020-06-13 12:00:51.9986|ERROR|WedigITCRM.Startup|start of ConfigureServices
2020-06-13 12:00:52.1611|ERROR|WedigITCRM.Startup|end of ConfigureServices
2020-06-13 12:01:16.1814|ERROR|WedigITCRM.Startup|start of ConfigureServices
2020-06-13 12:01:17.1354|ERROR|WedigITCRM.Startup|end of ConfigureServices
2020-06-13 12:01:17.2445|ERROR|WedigITCRM.Startup|start of Configure method
2020-06-13 12:01:18.2472|ERROR|WedigITCRM.Startup|end of Configure method
2020-06-13 12:01:22.4299|ERROR|WedigITCRM.Controllers.HomeController|Entering index action in home controller
2020-06-13 12:01:22.4514|ERROR|WedigITCRM.Controllers.HomeController|index action in home controller redirecting to Customer controller AllCustomers action
2020-06-13 12:32:54.7804|ERROR|WedigITCRM.Startup|start of ConfigureServices
2020-06-13 12:32:56.6187|ERROR|WedigITCRM.Startup|end of ConfigureServices
2020-06-13 12:32:56.7327|ERROR|WedigITCRM.Startup|start of Configure method
2020-06-13 12:32:57.4859|ERROR|WedigITCRM.Startup|end of Configure method
2020-06-13 12:33:06.8447|ERROR|WedigITCRM.Controllers.HomeController|Entering index action in home controller
2020-06-13 12:33:06.8748|ERROR|WedigITCRM.Controllers.HomeController|index action in home controller redirecting to Customer controller AllCustomers action
2020-06-13 13:08:07.8808|ERROR|WedigITCRM.Startup|start of ConfigureServices
2020-06-13 13:08:08.7669|ERROR|WedigITCRM.Startup|end of ConfigureServices
2020-06-13 13:08:08.8855|ERROR|WedigITCRM.Startup|start of Configure method
2020-06-13 13:08:09.5895|ERROR|WedigITCRM.Startup|end of Configure method
2020-06-13 13:08:16.2671|ERROR|WedigITCRM.Controllers.HomeController|Entering index action in home controller
2020-06-13 13:08:16.2866|ERROR|WedigITCRM.Controllers.HomeController|index action in home controller redirecting to Customer controller AllCustomers action
2020-06-13 17:49:24.8045|ERROR|WedigITCRM.Controllers.HomeController|Entering index action in home controller
2020-06-13 17:49:24.8274|ERROR|WedigITCRM.Controllers.HomeController|index action in home controller redirecting to Customer controller AllCustomers action
2020-06-13 18:54:51.3130|ERROR|WedigITCRM.Startup|start of ConfigureServices
2020-06-13 18:54:52.4409|ERROR|WedigITCRM.Startup|end of ConfigureServices
2020-06-13 18:54:52.5124|ERROR|WedigITCRM.Startup|start of Configure method
2020-06-13 18:54:53.1855|ERROR|WedigITCRM.Startup|end of Configure method
2020-06-13 18:54:58.4344|ERROR|WedigITCRM.Controllers.HomeController|Entering index action in home controller
2020-06-13 18:54:58.4617|ERROR|WedigITCRM.Controllers.HomeController|index action in home controller redirecting to Customer controller AllCustomers action
2020-06-13 19:20:27.9369|ERROR|WedigITCRM.Startup|start of ConfigureServices
2020-06-13 19:20:29.0370|ERROR|WedigITCRM.Startup|end of ConfigureServices
2020-06-13 19:20:29.1482|ERROR|WedigITCRM.Startup|start of Configure method
2020-06-13 19:20:29.7022|ERROR|WedigITCRM.Startup|end of Configure method
2020-06-13 19:20:31.2908|ERROR|WedigITCRM.Controllers.HomeController|Entering index action in home controller
2020-06-13 19:20:31.4359|ERROR|WedigITCRM.Controllers.HomeController|index action in home controller redirecting to frontpage controller index action
2020-06-13 19:20:50.4744|ERROR|WedigITCRM.Controllers.HomeController|Entering index action in home controller
2020-06-13 19:20:50.4997|ERROR|WedigITCRM.Controllers.HomeController|index action in home controller redirecting to Customer controller AllCustomers action
