2020-05-04 09:25:20.5161|ERROR|WedigITCRM.Startup|start of ConfigureServices
2020-05-04 09:25:22.3424|ERROR|WedigITCRM.Startup|end of ConfigureServices
2020-05-04 09:25:22.5227|INFO|Microsoft.AspNetCore.DataProtection.KeyManagement.XmlKeyManager|User profile is available. Using 'C:\Users\John\AppData\Local\ASP.NET\DataProtection-Keys' as key repository and Windows DPAPI to encrypt keys at rest.
2020-05-04 09:25:22.6741|ERROR|WedigITCRM.Startup|start of Configure method
2020-05-04 09:25:22.9017|ERROR|WedigITCRM.Startup|end of Configure method
2020-05-04 09:25:24.1698|INFO|Microsoft.EntityFrameworkCore.Infrastructure|Entity Framework Core 2.1.11-servicing-32099 initialized 'AppDbContext' using provider 'Microsoft.EntityFrameworkCore.SqlServer' with options: MaxPoolSize=128 
2020-05-04 09:25:24.1698|INFO|Microsoft.EntityFrameworkCore.Infrastructure|Entity Framework Core 2.1.11-servicing-32099 initialized 'AppDbContext' using provider 'Microsoft.EntityFrameworkCore.SqlServer' with options: MaxPoolSize=128 
2020-05-04 09:25:24.1698|INFO|Microsoft.EntityFrameworkCore.Infrastructure|Entity Framework Core 2.1.11-servicing-32099 initialized 'AppDbContext' using provider 'Microsoft.EntityFrameworkCore.SqlServer' with options: MaxPoolSize=128 
2020-05-04 09:25:24.1455|INFO|Microsoft.EntityFrameworkCore.Infrastructure|Entity Framework Core 2.1.11-servicing-32099 initialized 'AppDbContext' using provider 'Microsoft.EntityFrameworkCore.SqlServer' with options: MaxPoolSize=128 
2020-05-04 09:25:25.3735|INFO|Microsoft.AspNetCore.Hosting.Internal.WebHost|Request starting HTTP/1.1 DEBUG http://localhost:44395/  0
2020-05-04 09:25:25.4312|INFO|Microsoft.AspNetCore.Hosting.Internal.WebHost|Request finished in 55.7503ms 200 
2020-05-04 09:25:25.4368|INFO|Microsoft.AspNetCore.Hosting.Internal.WebHost|Request starting HTTP/1.1 GET http://localhost:44395/  
2020-05-04 09:25:25.9449|INFO|Microsoft.AspNetCore.Mvc.Internal.ControllerActionInvoker|Route matched with {action = "Index", controller = "Home"}. Executing controller action with signature Microsoft.AspNetCore.Mvc.IActionResult Index(WedigITCRM.CompanyAccount) on controller WedigITCRM.Controllers.HomeController (WedigITCRM).
2020-05-04 09:25:26.0368|INFO|Microsoft.AspNetCore.Mvc.Internal.ControllerActionInvoker|Executing action method WedigITCRM.Controllers.HomeController.Index (WedigITCRM) - Validation state: Valid
2020-05-04 09:25:26.0368|ERROR|WedigITCRM.Controllers.HomeController|Entering index action in home controller
2020-05-04 09:25:26.0490|ERROR|WedigITCRM.Controllers.HomeController|index action in home controller redirecting to frontpage controller index action
2020-05-04 09:25:26.0628|INFO|Microsoft.AspNetCore.Mvc.Internal.ControllerActionInvoker|Executed action method WedigITCRM.Controllers.HomeController.Index (WedigITCRM), returned result Microsoft.AspNetCore.Mvc.RedirectToActionResult in 14.9745ms.
2020-05-04 09:25:26.0889|INFO|Microsoft.AspNetCore.Mvc.RedirectToActionResult|Executing RedirectResult, redirecting to /FrontPage.
2020-05-04 09:25:26.1005|INFO|Microsoft.AspNetCore.Mvc.Internal.ControllerActionInvoker|Executed action WedigITCRM.Controllers.HomeController.Index (WedigITCRM) in 145.3885ms
2020-05-04 09:25:26.1169|INFO|Microsoft.AspNetCore.Hosting.Internal.WebHost|Request finished in 678.0783ms 302 
2020-05-04 09:25:26.2159|INFO|Microsoft.AspNetCore.Hosting.Internal.WebHost|Request starting HTTP/1.1 GET http://localhost:44395/FrontPage  
2020-05-04 09:25:26.2159|INFO|Microsoft.AspNetCore.Mvc.Internal.ControllerActionInvoker|Route matched with {action = "Index", controller = "FrontPage"}. Executing controller action with signature Microsoft.AspNetCore.Mvc.IActionResult Index() on controller WedigITCRM.Controllers.FrontPageController (WedigITCRM).
2020-05-04 09:25:26.2315|INFO|Microsoft.AspNetCore.Mvc.Internal.ControllerActionInvoker|Executing action method WedigITCRM.Controllers.FrontPageController.Index (WedigITCRM) - Validation state: Valid
2020-05-04 09:25:26.2315|INFO|Microsoft.AspNetCore.Mvc.Internal.ControllerActionInvoker|Executed action method WedigITCRM.Controllers.FrontPageController.Index (WedigITCRM), returned result Microsoft.AspNetCore.Mvc.ViewResult in 0.8894ms.
2020-05-04 09:25:26.2797|INFO|Microsoft.AspNetCore.Mvc.ViewFeatures.ViewResultExecutor|Executing ViewResult, running view Index.
2020-05-04 09:25:26.4292|INFO|Microsoft.AspNetCore.Mvc.ViewFeatures.ViewResultExecutor|Executed ViewResult - view Index executed in 182.247ms.
2020-05-04 09:25:26.4292|INFO|Microsoft.AspNetCore.Mvc.Internal.ControllerActionInvoker|Executed action WedigITCRM.Controllers.FrontPageController.Index (WedigITCRM) in 203.9277ms
2020-05-04 09:25:26.4459|INFO|Microsoft.AspNetCore.Hosting.Internal.WebHost|Request finished in 228.4666ms 200 text/html; charset=utf-8
2020-05-04 09:25:26.5853|INFO|Microsoft.AspNetCore.Hosting.Internal.WebHost|Request starting HTTP/1.1 GET http://localhost:44395/frontpage/img/svgs/illustrations/online-transactions.svg  
2020-05-04 09:25:26.6172|INFO|Microsoft.AspNetCore.Hosting.Internal.WebHost|Request starting HTTP/1.1 GET http://localhost:44395/frontpage/img/pngs/icons/smile.png  
2020-05-04 09:25:26.6350|INFO|Microsoft.AspNetCore.StaticFiles.StaticFileMiddleware|The file /frontpage/img/svgs/illustrations/online-transactions.svg was not modified
2020-05-04 09:25:26.6422|INFO|Microsoft.AspNetCore.StaticFiles.StaticFileMiddleware|The file /frontpage/img/pngs/icons/smile.png was not modified
2020-05-04 09:25:26.6422|INFO|Microsoft.AspNetCore.Hosting.Internal.WebHost|Request finished in 60.6457ms 304 image/png
2020-05-04 09:25:26.7040|INFO|Microsoft.AspNetCore.Hosting.Internal.WebHost|Request finished in 87.8619ms 304 image/svg+xml
2020-05-04 09:25:26.7040|INFO|Microsoft.AspNetCore.Hosting.Internal.WebHost|Request starting HTTP/1.1 GET http://localhost:44395/frontpage/img/svgs/illustrations/tabs.svg  
2020-05-04 09:25:26.7040|INFO|Microsoft.AspNetCore.Hosting.Internal.WebHost|Request starting HTTP/1.1 GET http://localhost:44395/frontpage/img/svgs/illustrations/connected.svg  
2020-05-04 09:25:26.7190|INFO|Microsoft.AspNetCore.StaticFiles.StaticFileMiddleware|The file /frontpage/img/svgs/illustrations/tabs.svg was not modified
2020-05-04 09:25:26.7190|INFO|Microsoft.AspNetCore.Hosting.Internal.WebHost|Request finished in 42.7358ms 304 image/svg+xml
2020-05-04 09:25:26.7190|INFO|Microsoft.AspNetCore.StaticFiles.StaticFileMiddleware|The file /frontpage/img/svgs/illustrations/connected.svg was not modified
2020-05-04 09:25:26.7349|INFO|Microsoft.AspNetCore.Hosting.Internal.WebHost|Request starting HTTP/1.1 GET http://localhost:44395/frontpage/img/svgs/illustrations/real-time-sync.svg  
2020-05-04 09:25:26.7349|INFO|Microsoft.AspNetCore.Hosting.Internal.WebHost|Request finished in 30.3506ms 304 image/svg+xml
2020-05-04 09:25:26.7349|INFO|Microsoft.AspNetCore.StaticFiles.StaticFileMiddleware|The file /frontpage/img/svgs/illustrations/real-time-sync.svg was not modified
2020-05-04 09:25:26.7478|INFO|Microsoft.AspNetCore.Hosting.Internal.WebHost|Request starting HTTP/1.1 GET http://localhost:44395/frontpage/img/svgs/tasks.svg  
2020-05-04 09:25:26.7478|INFO|Microsoft.AspNetCore.Hosting.Internal.WebHost|Request finished in 17.3703ms 304 image/svg+xml
2020-05-04 09:25:26.7478|INFO|Microsoft.AspNetCore.StaticFiles.StaticFileMiddleware|The file /frontpage/img/svgs/tasks.svg was not modified
2020-05-04 09:25:26.7478|INFO|Microsoft.AspNetCore.Hosting.Internal.WebHost|Request starting HTTP/1.1 GET http://localhost:44395/frontpage/img/svgs/illustrations/responsive.svg  
2020-05-04 09:25:26.7653|INFO|Microsoft.AspNetCore.Hosting.Internal.WebHost|Request finished in 14.6152ms 304 image/svg+xml
2020-05-04 09:25:26.7653|INFO|Microsoft.AspNetCore.StaticFiles.StaticFileMiddleware|The file /frontpage/img/svgs/illustrations/responsive.svg was not modified
2020-05-04 09:25:26.7653|INFO|Microsoft.AspNetCore.Hosting.Internal.WebHost|Request starting HTTP/1.1 GET http://localhost:44395/frontpage/js/front.js  
2020-05-04 09:25:26.7780|INFO|Microsoft.AspNetCore.Hosting.Internal.WebHost|Request finished in 16.5132ms 304 image/svg+xml
2020-05-04 09:25:26.7780|INFO|Microsoft.AspNetCore.StaticFiles.StaticFileMiddleware|The file /frontpage/js/front.js was not modified
2020-05-04 09:25:26.7780|INFO|Microsoft.AspNetCore.Hosting.Internal.WebHost|Request starting HTTP/1.1 GET http://localhost:44395/frontpage/img/nyxium-logo.png  
2020-05-04 09:25:26.7951|INFO|Microsoft.AspNetCore.Hosting.Internal.WebHost|Request finished in 17.3224ms 304 application/javascript
2020-05-04 09:25:26.7951|INFO|Microsoft.AspNetCore.StaticFiles.StaticFileMiddleware|The file /frontpage/img/nyxium-logo.png was not modified
2020-05-04 09:25:26.7951|INFO|Microsoft.AspNetCore.Hosting.Internal.WebHost|Request starting HTTP/1.1 GET http://localhost:44395/frontpage/styles/scss/styles.css  
2020-05-04 09:25:26.7951|INFO|Microsoft.AspNetCore.Hosting.Internal.WebHost|Request finished in 22.2299ms 304 image/png
2020-05-04 09:25:26.8131|INFO|Microsoft.AspNetCore.StaticFiles.StaticFileMiddleware|The file /frontpage/styles/scss/styles.css was not modified
2020-05-04 09:25:26.8131|INFO|Microsoft.AspNetCore.Hosting.Internal.WebHost|Request starting HTTP/1.1 GET http://localhost:44395/frontpage/img/pngs/icons/bg-rocket.png  
2020-05-04 09:25:26.8260|INFO|Microsoft.AspNetCore.Hosting.Internal.WebHost|Request finished in 22.9298ms 304 text/css
2020-05-04 09:25:26.8260|INFO|Microsoft.AspNetCore.StaticFiles.StaticFileMiddleware|The file /frontpage/img/pngs/icons/bg-rocket.png was not modified
2020-05-04 09:25:26.8409|INFO|Microsoft.AspNetCore.Hosting.Internal.WebHost|Request finished in 19.4607ms 304 image/png
2020-05-04 09:25:26.9364|INFO|Microsoft.AspNetCore.Hosting.Internal.WebHost|Request starting HTTP/1.1 GET http://localhost:44395/frontpage/img/svgs/covers/front-page-cover.svg  
2020-05-04 09:25:26.9364|INFO|Microsoft.AspNetCore.StaticFiles.StaticFileMiddleware|The file /frontpage/img/svgs/covers/front-page-cover.svg was not modified
2020-05-04 09:25:26.9646|INFO|Microsoft.AspNetCore.Hosting.Internal.WebHost|Request finished in 20.277ms 304 image/svg+xml
2020-05-04 09:25:27.0542|INFO|Microsoft.EntityFrameworkCore.Database.Command|Executed DbCommand (118ms) [Parameters=[], CommandType='Text', CommandTimeout='30']
SELECT [c].[companyAccountId], [c].[AmountToPayForLicense], [c].[Booking], [c].[CompanyName], [c].[Companyidentifier], [c].[ContactsToDineroLastSynchronizationDate], [c].[ContactsToNyxiumLastSynchronizationDate], [c].[DineroAPIOrganization], [c].[DineroAPIOrganizationKey], [c].[IntegrationDinero], [c].[LogoAttachmentIds], [c].[NyxiumLicenseTypeId], [c].[NyxiumLicenseTypeName], [c].[SalesStatistic], [c].[StockItemsToDineroLastSynchronizationDate], [c].[StockItemsToNyxiumSynchronizationDate], [c].[SubscriptionCRM], [c].[SubscriptionInventory], [c].[SubscriptionProcurement], [c].[SubscriptionVendor], [c].[VendorsItemsToDineroLastSynchronizationDate], [c].[activationDate], [c].[activationKey], [c].[registrationDate], [c].[synchronizeCustomerFromDineroToNyxium], [c].[synchronizeCustomerFromNyxiumToDinero], [c].[synchronizeStockItemFromDineroToNyxium], [c].[synchronizeStockItemFromNyxiumToDinero]
FROM [companyAccounts] AS [c]
2020-05-04 09:25:27.0609|INFO|Microsoft.EntityFrameworkCore.Database.Command|Executed DbCommand (119ms) [Parameters=[], CommandType='Text', CommandTimeout='30']
SELECT [c].[companyAccountId], [c].[AmountToPayForLicense], [c].[Booking], [c].[CompanyName], [c].[Companyidentifier], [c].[ContactsToDineroLastSynchronizationDate], [c].[ContactsToNyxiumLastSynchronizationDate], [c].[DineroAPIOrganization], [c].[DineroAPIOrganizationKey], [c].[IntegrationDinero], [c].[LogoAttachmentIds], [c].[NyxiumLicenseTypeId], [c].[NyxiumLicenseTypeName], [c].[SalesStatistic], [c].[StockItemsToDineroLastSynchronizationDate], [c].[StockItemsToNyxiumSynchronizationDate], [c].[SubscriptionCRM], [c].[SubscriptionInventory], [c].[SubscriptionProcurement], [c].[SubscriptionVendor], [c].[VendorsItemsToDineroLastSynchronizationDate], [c].[activationDate], [c].[activationKey], [c].[registrationDate], [c].[synchronizeCustomerFromDineroToNyxium], [c].[synchronizeCustomerFromNyxiumToDinero], [c].[synchronizeStockItemFromDineroToNyxium], [c].[synchronizeStockItemFromNyxiumToDinero]
FROM [companyAccounts] AS [c]
2020-05-04 09:25:27.0609|INFO|Microsoft.EntityFrameworkCore.Database.Command|Executed DbCommand (112ms) [Parameters=[], CommandType='Text', CommandTimeout='30']
SELECT [a].[Id], [a].[CompanyId], [a].[CreatedDate], [a].[Date], [a].[Description], [a].[LastEditedDate], [a].[NotificationIsSent], [a].[NotifyOffset], [a].[Subject], [a].[UserId], [a].[companyAccountId], [a].[contactPersonId]
FROM [Activities] AS [a]
2020-05-04 09:25:27.3996|INFO|Microsoft.EntityFrameworkCore.Database.Command|Executed DbCommand (367ms) [Parameters=[@__normalizedName_0='?' (Size = 256)], CommandType='Text', CommandTimeout='30']
SELECT TOP(1) [r].[Id], [r].[ConcurrencyStamp], [r].[Name], [r].[NormalizedName]
FROM [AspNetRoles] AS [r]
WHERE [r].[NormalizedName] = @__normalizedName_0
2020-05-04 09:25:27.5868|INFO|Microsoft.EntityFrameworkCore.Database.Command|Executed DbCommand (22ms) [Parameters=[@__normalizedName_0='?' (Size = 256)], CommandType='Text', CommandTimeout='30']
SELECT TOP(1) [r].[Id], [r].[ConcurrencyStamp], [r].[Name], [r].[NormalizedName]
FROM [AspNetRoles] AS [r]
WHERE [r].[NormalizedName] = @__normalizedName_0
2020-05-04 09:25:27.6649|INFO|Microsoft.EntityFrameworkCore.Database.Command|Executed DbCommand (13ms) [Parameters=[@__normalizedUserName_0='?' (Size = 256)], CommandType='Text', CommandTimeout='30']
SELECT TOP(1) [u].[Id], [u].[AccessFailedCount], [u].[ConcurrencyStamp], [u].[Email], [u].[EmailConfirmed], [u].[LockoutEnabled], [u].[LockoutEnd], [u].[NormalizedEmail], [u].[NormalizedUserName], [u].[PasswordHash], [u].[PhoneNumber], [u].[PhoneNumberConfirmed], [u].[SecurityStamp], [u].[TwoFactorEnabled], [u].[UserName]
FROM [AspNetUsers] AS [u]
WHERE [u].[NormalizedUserName] = @__normalizedUserName_0
2020-05-04 09:25:29.3961|ERROR|WedigITCRM.Maintenance.SynchronizeDineroContactsService|Forced error in SynchronizeDineroContactsService
2020-05-04 09:25:29.4390|INFO|Microsoft.EntityFrameworkCore.Database.Command|Executed DbCommand (5ms) [Parameters=[], CommandType='Text', CommandTimeout='30']
SELECT [s].[Id], [s].[Category], [s].[CostPrice], [s].[CreatedDate], [s].[DineroGuiD], [s].[Expirationdate], [s].[InStockAgainDate], [s].[ItemName], [s].[ItemNumber], [s].[LastEditedDate], [s].[Location], [s].[NumberInStock], [s].[ReorderNumberInStock], [s].[SalesPrice], [s].[StockValue], [s].[Unit], [s].[VendorId], [s].[VendorItemNumber], [s].[category1Id], [s].[category2Id], [s].[category3Id], [s].[companyAccountId]
FROM [stockItems] AS [s]
2020-05-04 09:25:29.9820|INFO|Microsoft.EntityFrameworkCore.Database.Command|Executed DbCommand (33ms) [Parameters=[@p21='?' (DbType = Int32), @p0='?' (Size = 4000), @p1='?' (DbType = Decimal), @p2='?' (DbType = DateTime2), @p3='?' (DbType = Guid), @p4='?' (DbType = DateTime2), @p5='?' (DbType = DateTime2), @p6='?' (Size = 4000), @p7='?' (Size = 4000), @p8='?' (DbType = DateTime2), @p9='?' (Size = 4000), @p10='?' (DbType = Int32), @p11='?' (DbType = Int32), @p12='?' (DbType = Decimal), @p13='?' (DbType = Decimal), @p14='?' (Size = 4000), @p15='?' (DbType = Int32), @p16='?' (Size = 4000), @p17='?' (DbType = Int32), @p18='?' (DbType = Int32), @p19='?' (DbType = Int32), @p20='?' (DbType = Int32)], CommandType='Text', CommandTimeout='30']
SET NOCOUNT ON;
UPDATE [stockItems] SET [Category] = @p0, [CostPrice] = @p1, [CreatedDate] = @p2, [DineroGuiD] = @p3, [Expirationdate] = @p4, [InStockAgainDate] = @p5, [ItemName] = @p6, [ItemNumber] = @p7, [LastEditedDate] = @p8, [Location] = @p9, [NumberInStock] = @p10, [ReorderNumberInStock] = @p11, [SalesPrice] = @p12, [StockValue] = @p13, [Unit] = @p14, [VendorId] = @p15, [VendorItemNumber] = @p16, [category1Id] = @p17, [category2Id] = @p18, [category3Id] = @p19, [companyAccountId] = @p20
WHERE [Id] = @p21;
SELECT @@ROWCOUNT;
2020-05-04 09:25:30.0358|INFO|Microsoft.EntityFrameworkCore.Database.Command|Executed DbCommand (6ms) [Parameters=[], CommandType='Text', CommandTimeout='30']
SELECT [s].[Id], [s].[Category], [s].[CostPrice], [s].[CreatedDate], [s].[DineroGuiD], [s].[Expirationdate], [s].[InStockAgainDate], [s].[ItemName], [s].[ItemNumber], [s].[LastEditedDate], [s].[Location], [s].[NumberInStock], [s].[ReorderNumberInStock], [s].[SalesPrice], [s].[StockValue], [s].[Unit], [s].[VendorId], [s].[VendorItemNumber], [s].[category1Id], [s].[category2Id], [s].[category3Id], [s].[companyAccountId]
FROM [stockItems] AS [s]
2020-05-04 09:25:30.2824|INFO|Microsoft.EntityFrameworkCore.Database.Command|Executed DbCommand (3ms) [Parameters=[@p21='?' (DbType = Int32), @p0='?' (Size = 4000), @p1='?' (DbType = Decimal), @p2='?' (DbType = DateTime2), @p3='?' (DbType = Guid), @p4='?' (DbType = DateTime2), @p5='?' (DbType = DateTime2), @p6='?' (Size = 4000), @p7='?' (Size = 4000), @p8='?' (DbType = DateTime2), @p9='?' (Size = 4000), @p10='?' (DbType = Int32), @p11='?' (DbType = Int32), @p12='?' (DbType = Decimal), @p13='?' (DbType = Decimal), @p14='?' (Size = 4000), @p15='?' (DbType = Int32), @p16='?' (Size = 4000), @p17='?' (DbType = Int32), @p18='?' (DbType = Int32), @p19='?' (DbType = Int32), @p20='?' (DbType = Int32)], CommandType='Text', CommandTimeout='30']
SET NOCOUNT ON;
UPDATE [stockItems] SET [Category] = @p0, [CostPrice] = @p1, [CreatedDate] = @p2, [DineroGuiD] = @p3, [Expirationdate] = @p4, [InStockAgainDate] = @p5, [ItemName] = @p6, [ItemNumber] = @p7, [LastEditedDate] = @p8, [Location] = @p9, [NumberInStock] = @p10, [ReorderNumberInStock] = @p11, [SalesPrice] = @p12, [StockValue] = @p13, [Unit] = @p14, [VendorId] = @p15, [VendorItemNumber] = @p16, [category1Id] = @p17, [category2Id] = @p18, [category3Id] = @p19, [companyAccountId] = @p20
WHERE [Id] = @p21;
SELECT @@ROWCOUNT;
2020-05-04 09:25:30.9025|INFO|Microsoft.EntityFrameworkCore.Database.Command|Executed DbCommand (96ms) [Parameters=[@p27='?' (DbType = Int32), @p0='?' (DbType = Decimal), @p1='?' (DbType = Boolean), @p2='?' (Size = 4000), @p3='?' (Size = 4000), @p4='?' (DbType = DateTime2), @p5='?' (DbType = DateTime2), @p6='?' (Size = 4000), @p7='?' (Size = 4000), @p8='?' (DbType = Boolean), @p9='?' (Size = 4000), @p10='?' (DbType = Int32), @p11='?' (Size = 4000), @p12='?' (DbType = Boolean), @p13='?' (DbType = DateTime2), @p14='?' (DbType = DateTime2), @p15='?' (DbType = Boolean), @p16='?' (DbType = Boolean), @p17='?' (DbType = Boolean), @p18='?' (DbType = Boolean), @p19='?' (DbType = DateTime2), @p20='?' (DbType = DateTime2), @p21='?' (DbType = Guid), @p22='?' (DbType = DateTime2), @p23='?' (DbType = Boolean), @p24='?' (DbType = Boolean), @p25='?' (DbType = Boolean), @p26='?' (DbType = Boolean)], CommandType='Text', CommandTimeout='30']
SET NOCOUNT ON;
UPDATE [companyAccounts] SET [AmountToPayForLicense] = @p0, [Booking] = @p1, [CompanyName] = @p2, [Companyidentifier] = @p3, [ContactsToDineroLastSynchronizationDate] = @p4, [ContactsToNyxiumLastSynchronizationDate] = @p5, [DineroAPIOrganization] = @p6, [DineroAPIOrganizationKey] = @p7, [IntegrationDinero] = @p8, [LogoAttachmentIds] = @p9, [NyxiumLicenseTypeId] = @p10, [NyxiumLicenseTypeName] = @p11, [SalesStatistic] = @p12, [StockItemsToDineroLastSynchronizationDate] = @p13, [StockItemsToNyxiumSynchronizationDate] = @p14, [SubscriptionCRM] = @p15, [SubscriptionInventory] = @p16, [SubscriptionProcurement] = @p17, [SubscriptionVendor] = @p18, [VendorsItemsToDineroLastSynchronizationDate] = @p19, [activationDate] = @p20, [activationKey] = @p21, [registrationDate] = @p22, [synchronizeCustomerFromDineroToNyxium] = @p23, [synchronizeCustomerFromNyxiumToDinero] = @p24, [synchronizeStockItemFromDineroToNyxium] = @p25, [synchronizeStockItemFromNyxiumToDinero] = @p26
WHERE [companyAccountId] = @p27;
SELECT @@ROWCOUNT;
2020-05-04 09:25:31.1311|INFO|Microsoft.EntityFrameworkCore.Database.Command|Executed DbCommand (28ms) [Parameters=[@p27='?' (DbType = Int32), @p0='?' (DbType = Decimal), @p1='?' (DbType = Boolean), @p2='?' (Size = 4000), @p3='?' (Size = 4000), @p4='?' (DbType = DateTime2), @p5='?' (DbType = DateTime2), @p6='?' (Size = 4000), @p7='?' (Size = 4000), @p8='?' (DbType = Boolean), @p9='?' (Size = 4000), @p10='?' (DbType = Int32), @p11='?' (Size = 4000), @p12='?' (DbType = Boolean), @p13='?' (DbType = DateTime2), @p14='?' (DbType = DateTime2), @p15='?' (DbType = Boolean), @p16='?' (DbType = Boolean), @p17='?' (DbType = Boolean), @p18='?' (DbType = Boolean), @p19='?' (DbType = DateTime2), @p20='?' (DbType = DateTime2), @p21='?' (DbType = Guid), @p22='?' (DbType = DateTime2), @p23='?' (DbType = Boolean), @p24='?' (DbType = Boolean), @p25='?' (DbType = Boolean), @p26='?' (DbType = Boolean)], CommandType='Text', CommandTimeout='30']
SET NOCOUNT ON;
UPDATE [companyAccounts] SET [AmountToPayForLicense] = @p0, [Booking] = @p1, [CompanyName] = @p2, [Companyidentifier] = @p3, [ContactsToDineroLastSynchronizationDate] = @p4, [ContactsToNyxiumLastSynchronizationDate] = @p5, [DineroAPIOrganization] = @p6, [DineroAPIOrganizationKey] = @p7, [IntegrationDinero] = @p8, [LogoAttachmentIds] = @p9, [NyxiumLicenseTypeId] = @p10, [NyxiumLicenseTypeName] = @p11, [SalesStatistic] = @p12, [StockItemsToDineroLastSynchronizationDate] = @p13, [StockItemsToNyxiumSynchronizationDate] = @p14, [SubscriptionCRM] = @p15, [SubscriptionInventory] = @p16, [SubscriptionProcurement] = @p17, [SubscriptionVendor] = @p18, [VendorsItemsToDineroLastSynchronizationDate] = @p19, [activationDate] = @p20, [activationKey] = @p21, [registrationDate] = @p22, [synchronizeCustomerFromDineroToNyxium] = @p23, [synchronizeCustomerFromNyxiumToDinero] = @p24, [synchronizeStockItemFromDineroToNyxium] = @p25, [synchronizeStockItemFromNyxiumToDinero] = @p26
WHERE [companyAccountId] = @p27;
SELECT @@ROWCOUNT;
2020-05-04 09:25:39.4615|INFO|Microsoft.AspNetCore.Hosting.Internal.WebHost|Request starting HTTP/1.1 GET http://localhost:44395/Account/login  
2020-05-04 09:25:39.5788|INFO|Microsoft.AspNetCore.Mvc.Internal.ControllerActionInvoker|Route matched with {action = "Login", controller = "Account"}. Executing controller action with signature System.Threading.Tasks.Task`1[Microsoft.AspNetCore.Mvc.IActionResult] Login(System.String) on controller WedigITCRM.Controllers.AccountController (WedigITCRM).
2020-05-04 09:25:39.5932|INFO|Microsoft.AspNetCore.Mvc.Internal.ControllerActionInvoker|Executing action method WedigITCRM.Controllers.AccountController.Login (WedigITCRM) - Validation state: Valid
2020-05-04 09:25:39.6526|INFO|Microsoft.AspNetCore.Mvc.Internal.ControllerActionInvoker|Executed action method WedigITCRM.Controllers.AccountController.Login (WedigITCRM), returned result Microsoft.AspNetCore.Mvc.ViewResult in 34.9181ms.
2020-05-04 09:25:39.7505|INFO|Microsoft.AspNetCore.Mvc.ViewFeatures.ViewResultExecutor|Executing ViewResult, running view Login.
2020-05-04 09:25:41.1100|INFO|Microsoft.AspNetCore.Mvc.ViewFeatures.ViewResultExecutor|Executed ViewResult - view Login executed in 949.2334ms.
2020-05-04 09:25:41.1100|INFO|Microsoft.AspNetCore.Mvc.Internal.ControllerActionInvoker|Executed action WedigITCRM.Controllers.AccountController.Login (WedigITCRM) in 1531.0211ms
2020-05-04 09:25:41.1227|INFO|Microsoft.AspNetCore.Hosting.Internal.WebHost|Request starting HTTP/1.1 GET http://localhost:44395/CustomJS/ABCStockAnalasysDatatable.js  
2020-05-04 09:25:41.1227|INFO|Microsoft.AspNetCore.Hosting.Internal.WebHost|Request starting HTTP/1.1 GET http://localhost:44395/CustomJS/StockItemDatatable.js  
2020-05-04 09:25:41.1227|INFO|Microsoft.AspNetCore.Hosting.Internal.WebHost|Request starting HTTP/1.1 GET http://localhost:44395/CustomJS/VendorDatatable.js  
2020-05-04 09:25:41.2090|INFO|Microsoft.AspNetCore.Hosting.Internal.WebHost|Request starting HTTP/1.1 GET http://localhost:44395/CustomJS/ContactPersonDatatable.js  
2020-05-04 09:25:41.2198|INFO|Microsoft.AspNetCore.StaticFiles.StaticFileMiddleware|The file /CustomJS/ABCStockAnalasysDatatable.js was not modified
2020-05-04 09:25:41.2875|INFO|Microsoft.AspNetCore.StaticFiles.StaticFileMiddleware|The file /CustomJS/VendorDatatable.js was not modified
2020-05-04 09:25:41.3044|INFO|Microsoft.AspNetCore.Hosting.Internal.WebHost|Request finished in 100.6305ms 304 application/javascript
2020-05-04 09:25:41.3107|INFO|Microsoft.AspNetCore.Hosting.Internal.WebHost|Request finished in 2206.9672ms 200 text/html; charset=utf-8
2020-05-04 09:25:41.3107|INFO|Microsoft.AspNetCore.StaticFiles.StaticFileMiddleware|Sending file. Request path: '/CustomJS/StockItemDatatable.js'. Physical path: 'C:\Users\John\source\repos\WedigITCRM\WedigITCRM\wwwroot\CustomJS\StockItemDatatable.js'
2020-05-04 09:25:41.3264|INFO|Microsoft.AspNetCore.Hosting.Internal.WebHost|Request starting HTTP/1.1 GET http://localhost:44395/CustomJS/NoteDatatable.js  
2020-05-04 09:25:41.3264|INFO|Microsoft.AspNetCore.Hosting.Internal.WebHost|Request starting HTTP/1.1 GET http://localhost:44395/CustomJS/CompanyDatatable.js  
2020-05-04 09:25:41.3264|INFO|Microsoft.AspNetCore.Hosting.Internal.WebHost|Request finished in 201.9957ms 200 application/javascript
2020-05-04 09:25:41.3264|INFO|Microsoft.AspNetCore.Hosting.Internal.WebHost|Request finished in 173.3238ms 304 application/javascript
2020-05-04 09:25:41.3466|INFO|Microsoft.AspNetCore.StaticFiles.StaticFileMiddleware|The file /CustomJS/NoteDatatable.js was not modified
2020-05-04 09:25:41.3466|INFO|Microsoft.AspNetCore.StaticFiles.StaticFileMiddleware|The file /CustomJS/CompanyDatatable.js was not modified
2020-05-04 09:25:41.3466|INFO|Microsoft.AspNetCore.Hosting.Internal.WebHost|Request starting HTTP/1.1 GET http://localhost:44395/lib/css/bootstrap-social.css  
2020-05-04 09:25:41.3553|INFO|Microsoft.AspNetCore.Hosting.Internal.WebHost|Request finished in 36.486ms 304 application/javascript
2020-05-04 09:25:41.3553|INFO|Microsoft.AspNetCore.Hosting.Internal.WebHost|Request starting HTTP/1.1 GET http://localhost:44395/Images/connect_logo.png  
2020-05-04 09:25:41.3553|INFO|Microsoft.AspNetCore.Hosting.Internal.WebHost|Request finished in 39.5189ms 304 application/javascript
2020-05-04 09:25:41.3790|INFO|Microsoft.AspNetCore.Hosting.Internal.WebHost|Request starting HTTP/1.1 GET http://localhost:44395/CustomJS/ActivityDatatable.js  
2020-05-04 09:25:41.3790|INFO|Microsoft.AspNetCore.StaticFiles.StaticFileMiddleware|The file /lib/css/bootstrap-social.css was not modified
2020-05-04 09:25:41.3977|INFO|Microsoft.AspNetCore.StaticFiles.StaticFileMiddleware|The file /CustomJS/ActivityDatatable.js was not modified
2020-05-04 09:25:41.4132|INFO|Microsoft.AspNetCore.Hosting.Internal.WebHost|Request finished in 41.8336ms 304 text/css
2020-05-04 09:25:41.4341|INFO|Microsoft.AspNetCore.StaticFiles.StaticFileMiddleware|Sending file. Request path: '/Images/connect_logo.png'. Physical path: 'C:\Users\John\source\repos\WedigITCRM\WedigITCRM\wwwroot\Images\connect_logo.png'
2020-05-04 09:25:41.4716|INFO|Microsoft.AspNetCore.StaticFiles.StaticFileMiddleware|The file /CustomJS/ContactPersonDatatable.js was not modified
2020-05-04 09:25:41.5204|INFO|Microsoft.AspNetCore.Hosting.Internal.WebHost|Request finished in 71.1373ms 304 application/javascript
2020-05-04 09:25:41.5289|INFO|Microsoft.AspNetCore.Hosting.Internal.WebHost|Request finished in 110.5729ms 200 image/png
2020-05-04 09:25:41.5530|INFO|Microsoft.AspNetCore.Hosting.Internal.WebHost|Request finished in 357.9064ms 304 application/javascript
2020-05-04 09:25:44.0837|INFO|Microsoft.AspNetCore.Hosting.Internal.WebHost|Request starting HTTP/1.1 POST http://localhost:44395/Account/ExternalLogin application/x-www-form-urlencoded 198
2020-05-04 09:25:44.1043|INFO|Microsoft.AspNetCore.Mvc.Internal.ControllerActionInvoker|Route matched with {action = "ExternalLogin", controller = "Account"}. Executing controller action with signature Microsoft.AspNetCore.Mvc.IActionResult ExternalLogin(System.String, System.String) on controller WedigITCRM.Controllers.AccountController (WedigITCRM).
2020-05-04 09:25:44.2926|INFO|Microsoft.AspNetCore.Mvc.Internal.ControllerActionInvoker|Executing action method WedigITCRM.Controllers.AccountController.ExternalLogin (WedigITCRM) - Validation state: Valid
2020-05-04 09:25:44.4346|INFO|Microsoft.AspNetCore.Mvc.Internal.ControllerActionInvoker|Executed action method WedigITCRM.Controllers.AccountController.ExternalLogin (WedigITCRM), returned result Microsoft.AspNetCore.Mvc.ChallengeResult in 25.672ms.
2020-05-04 09:25:44.5242|INFO|Microsoft.AspNetCore.Mvc.ChallengeResult|Executing ChallengeResult with authentication schemes (Google).
2020-05-04 09:25:44.5881|INFO|Microsoft.AspNetCore.Authentication.Google.GoogleHandler|AuthenticationScheme: Google was challenged.
2020-05-04 09:25:44.5970|INFO|Microsoft.AspNetCore.Mvc.Internal.ControllerActionInvoker|Executed action WedigITCRM.Controllers.AccountController.ExternalLogin (WedigITCRM) in 484.1225ms
2020-05-04 09:25:44.5970|INFO|Microsoft.AspNetCore.Hosting.Internal.WebHost|Request finished in 518.9819ms 302 
2020-05-04 09:25:49.1544|INFO|Microsoft.AspNetCore.Hosting.Internal.WebHost|Request starting HTTP/1.1 GET http://localhost:44395/signin-google?state=CfDJ8N6rA2JLcfRHvLqsEzKZhZNdsu0tbvej-a-xz4LcZQDazcg_99W3okY2y264lDaRD51g4XYZA_deXhCwYUsk8DBlfZgN36vAXpUtWm-9p24olVtxoanqtZ-_Dlgnex2NZCG3bE7UsbQVKYysJhBVkkusH6_vHEx1HHeWuqsukcdy6AsSJVrKEZFnn3ehL_0WrSbtz_-qOZDaRPsQ1r7V3AJb0Jqh6SvcaixZKHJNDiphXbfy6p2zB2SRLOTeRdt4_83B-rQoyTx1aPHHtrrfdVk&code=4%2FzQEYlC7FL3zJ8JDISCJBXD1dPDApQj9cDmYYyzqJut_S7cpNoup1bCqmbpFASzAlolBDIgDbxsB6NJo03uGgh0U&scope=email+profile+openid+https%3A%2F%2Fwww.googleapis.com%2Fauth%2Fuserinfo.profile+https%3A%2F%2Fwww.googleapis.com%2Fauth%2Fuserinfo.email&authuser=1&prompt=consent  
2020-05-04 09:25:49.6925|INFO|Microsoft.AspNetCore.Authentication.Cookies.CookieAuthenticationHandler|AuthenticationScheme: Identity.External signed in.
2020-05-04 09:25:49.7197|INFO|Microsoft.AspNetCore.Hosting.Internal.WebHost|Request finished in 577.3939ms 302 
2020-05-04 09:25:49.7531|INFO|Microsoft.AspNetCore.Hosting.Internal.WebHost|Request starting HTTP/1.1 GET http://localhost:44395/Account/ExternalLoginCallback  
2020-05-04 09:25:49.7918|INFO|Microsoft.AspNetCore.Mvc.Internal.ControllerActionInvoker|Route matched with {action = "ExternalLoginCallback", controller = "Account"}. Executing controller action with signature System.Threading.Tasks.Task`1[Microsoft.AspNetCore.Mvc.IActionResult] ExternalLoginCallback(System.String, System.String) on controller WedigITCRM.Controllers.AccountController (WedigITCRM).
2020-05-04 09:25:49.8056|INFO|Microsoft.AspNetCore.Mvc.Internal.ControllerActionInvoker|Executing action method WedigITCRM.Controllers.AccountController.ExternalLoginCallback (WedigITCRM) - Validation state: Valid
2020-05-04 09:25:49.9014|INFO|Microsoft.EntityFrameworkCore.Infrastructure|Entity Framework Core 2.1.11-servicing-32099 initialized 'AppDbContext' using provider 'Microsoft.EntityFrameworkCore.SqlServer' with options: MaxPoolSize=128 
2020-05-04 09:25:49.9957|INFO|Microsoft.EntityFrameworkCore.Database.Command|Executed DbCommand (7ms) [Parameters=[@__loginProvider_0='?' (Size = 450), @__providerKey_1='?' (Size = 450)], CommandType='Text', CommandTimeout='30']
SELECT TOP(2) [userLogin].[LoginProvider], [userLogin].[ProviderKey], [userLogin].[ProviderDisplayName], [userLogin].[UserId]
FROM [AspNetUserLogins] AS [userLogin]
WHERE ([userLogin].[LoginProvider] = @__loginProvider_0) AND ([userLogin].[ProviderKey] = @__providerKey_1)
2020-05-04 09:25:50.2768|INFO|Microsoft.EntityFrameworkCore.Database.Command|Executed DbCommand (125ms) [Parameters=[@__userId_0='?' (Size = 450)], CommandType='Text', CommandTimeout='30']
SELECT TOP(2) [u].[Id], [u].[AccessFailedCount], [u].[ConcurrencyStamp], [u].[Email], [u].[EmailConfirmed], [u].[LockoutEnabled], [u].[LockoutEnd], [u].[NormalizedEmail], [u].[NormalizedUserName], [u].[PasswordHash], [u].[PhoneNumber], [u].[PhoneNumberConfirmed], [u].[SecurityStamp], [u].[TwoFactorEnabled], [u].[UserName]
FROM [AspNetUsers] AS [u]
WHERE [u].[Id] = @__userId_0
2020-05-04 09:25:50.3417|INFO|Microsoft.AspNetCore.Authentication.Cookies.CookieAuthenticationHandler|AuthenticationScheme: Identity.External signed out.
2020-05-04 09:25:50.5315|INFO|Microsoft.EntityFrameworkCore.Database.Command|Executed DbCommand (13ms) [Parameters=[@__user_Id_0='?' (Size = 450)], CommandType='Text', CommandTimeout='30']
SELECT [uc].[Id], [uc].[ClaimType], [uc].[ClaimValue], [uc].[UserId]
FROM [AspNetUserClaims] AS [uc]
WHERE [uc].[UserId] = @__user_Id_0
2020-05-04 09:25:50.9663|INFO|Microsoft.EntityFrameworkCore.Database.Command|Executed DbCommand (32ms) [Parameters=[@__userId_0='?' (Size = 450)], CommandType='Text', CommandTimeout='30']
SELECT [role].[Name]
FROM [AspNetUserRoles] AS [userRole]
INNER JOIN [AspNetRoles] AS [role] ON [userRole].[RoleId] = [role].[Id]
WHERE [userRole].[UserId] = @__userId_0
2020-05-04 09:25:51.0131|INFO|Microsoft.EntityFrameworkCore.Database.Command|Executed DbCommand (7ms) [Parameters=[@__normalizedName_0='?' (Size = 256)], CommandType='Text', CommandTimeout='30']
SELECT TOP(1) [r].[Id], [r].[ConcurrencyStamp], [r].[Name], [r].[NormalizedName]
FROM [AspNetRoles] AS [r]
WHERE [r].[NormalizedName] = @__normalizedName_0
2020-05-04 09:25:51.0569|INFO|Microsoft.EntityFrameworkCore.Database.Command|Executed DbCommand (3ms) [Parameters=[@__role_Id_0='?' (Size = 450)], CommandType='Text', CommandTimeout='30']
SELECT [rc].[ClaimType], [rc].[ClaimValue]
FROM [AspNetRoleClaims] AS [rc]
WHERE [rc].[RoleId] = @__role_Id_0
2020-05-04 09:25:51.0892|INFO|Microsoft.AspNetCore.Authentication.Cookies.CookieAuthenticationHandler|AuthenticationScheme: Identity.Application signed in.
2020-05-04 09:25:51.1813|INFO|Microsoft.EntityFrameworkCore.Database.Command|Executed DbCommand (25ms) [Parameters=[@__normalizedEmail_0='?' (Size = 256)], CommandType='Text', CommandTimeout='30']
SELECT TOP(1) [u].[Id], [u].[AccessFailedCount], [u].[ConcurrencyStamp], [u].[Email], [u].[EmailConfirmed], [u].[LockoutEnabled], [u].[LockoutEnd], [u].[NormalizedEmail], [u].[NormalizedUserName], [u].[PasswordHash], [u].[PhoneNumber], [u].[PhoneNumberConfirmed], [u].[SecurityStamp], [u].[TwoFactorEnabled], [u].[UserName]
FROM [AspNetUsers] AS [u]
WHERE [u].[NormalizedEmail] = @__normalizedEmail_0
2020-05-04 09:25:51.2439|INFO|Microsoft.EntityFrameworkCore.Database.Command|Executed DbCommand (6ms) [Parameters=[], CommandType='Text', CommandTimeout='30']
SELECT [r].[id], [r].[CompanyName], [r].[companyAccount], [r].[user], [r].[userName]
FROM [relateCompanyAccountWithUsers] AS [r]
2020-05-04 09:25:51.3215|INFO|Microsoft.EntityFrameworkCore.Database.Command|Executed DbCommand (3ms) [Parameters=[@__get_Item_0='?' (DbType = Int32)], CommandType='Text', CommandTimeout='30']
SELECT TOP(1) [e].[companyAccountId], [e].[AmountToPayForLicense], [e].[Booking], [e].[CompanyName], [e].[Companyidentifier], [e].[ContactsToDineroLastSynchronizationDate], [e].[ContactsToNyxiumLastSynchronizationDate], [e].[DineroAPIOrganization], [e].[DineroAPIOrganizationKey], [e].[IntegrationDinero], [e].[LogoAttachmentIds], [e].[NyxiumLicenseTypeId], [e].[NyxiumLicenseTypeName], [e].[SalesStatistic], [e].[StockItemsToDineroLastSynchronizationDate], [e].[StockItemsToNyxiumSynchronizationDate], [e].[SubscriptionCRM], [e].[SubscriptionInventory], [e].[SubscriptionProcurement], [e].[SubscriptionVendor], [e].[VendorsItemsToDineroLastSynchronizationDate], [e].[activationDate], [e].[activationKey], [e].[registrationDate], [e].[synchronizeCustomerFromDineroToNyxium], [e].[synchronizeCustomerFromNyxiumToDinero], [e].[synchronizeStockItemFromDineroToNyxium], [e].[synchronizeStockItemFromNyxiumToDinero]
FROM [companyAccounts] AS [e]
WHERE [e].[companyAccountId] = @__get_Item_0
2020-05-04 09:25:51.3719|INFO|Microsoft.AspNetCore.Mvc.Internal.ControllerActionInvoker|Executed action method WedigITCRM.Controllers.AccountController.ExternalLoginCallback (WedigITCRM), returned result Microsoft.AspNetCore.Mvc.RedirectToActionResult in 1551.8814ms.
2020-05-04 09:25:51.4035|INFO|Microsoft.AspNetCore.Mvc.RedirectToActionResult|Executing RedirectResult, redirecting to /.
2020-05-04 09:25:51.4301|INFO|Microsoft.AspNetCore.Mvc.Internal.ControllerActionInvoker|Executed action WedigITCRM.Controllers.AccountController.ExternalLoginCallback (WedigITCRM) in 1623.6956ms
2020-05-04 09:25:51.4614|INFO|Microsoft.AspNetCore.Hosting.Internal.WebHost|Request finished in 1697.8957ms 302 
2020-05-04 09:25:51.5112|INFO|Microsoft.AspNetCore.Hosting.Internal.WebHost|Request starting HTTP/1.1 GET http://localhost:44395/  
2020-05-04 09:25:51.5772|INFO|Microsoft.AspNetCore.Mvc.Internal.ControllerActionInvoker|Route matched with {action = "Index", controller = "Home"}. Executing controller action with signature Microsoft.AspNetCore.Mvc.IActionResult Index(WedigITCRM.CompanyAccount) on controller WedigITCRM.Controllers.HomeController (WedigITCRM).
2020-05-04 09:25:51.6142|INFO|Microsoft.EntityFrameworkCore.Database.Command|Executed DbCommand (2ms) [Parameters=[], CommandType='Text', CommandTimeout='30']
SELECT [r].[id], [r].[CompanyName], [r].[companyAccount], [r].[user], [r].[userName]
FROM [relateCompanyAccountWithUsers] AS [r]
2020-05-04 09:25:51.6471|INFO|Microsoft.EntityFrameworkCore.Database.Command|Executed DbCommand (10ms) [Parameters=[@__get_Item_0='?' (DbType = Int32)], CommandType='Text', CommandTimeout='30']
SELECT TOP(1) [e].[companyAccountId], [e].[AmountToPayForLicense], [e].[Booking], [e].[CompanyName], [e].[Companyidentifier], [e].[ContactsToDineroLastSynchronizationDate], [e].[ContactsToNyxiumLastSynchronizationDate], [e].[DineroAPIOrganization], [e].[DineroAPIOrganizationKey], [e].[IntegrationDinero], [e].[LogoAttachmentIds], [e].[NyxiumLicenseTypeId], [e].[NyxiumLicenseTypeName], [e].[SalesStatistic], [e].[StockItemsToDineroLastSynchronizationDate], [e].[StockItemsToNyxiumSynchronizationDate], [e].[SubscriptionCRM], [e].[SubscriptionInventory], [e].[SubscriptionProcurement], [e].[SubscriptionVendor], [e].[VendorsItemsToDineroLastSynchronizationDate], [e].[activationDate], [e].[activationKey], [e].[registrationDate], [e].[synchronizeCustomerFromDineroToNyxium], [e].[synchronizeCustomerFromNyxiumToDinero], [e].[synchronizeStockItemFromDineroToNyxium], [e].[synchronizeStockItemFromNyxiumToDinero]
FROM [companyAccounts] AS [e]
WHERE [e].[companyAccountId] = @__get_Item_0
2020-05-04 09:25:51.6660|INFO|Microsoft.AspNetCore.Mvc.Internal.ControllerActionInvoker|Executing action method WedigITCRM.Controllers.HomeController.Index (WedigITCRM) - Validation state: Valid
2020-05-04 09:25:51.6862|ERROR|WedigITCRM.Controllers.HomeController|Entering index action in home controller
2020-05-04 09:25:51.6862|ERROR|WedigITCRM.Controllers.HomeController|index action in home controller redirecting to Customer controller AllCustomers action
2020-05-04 09:25:51.7118|INFO|Microsoft.AspNetCore.Mvc.Internal.ControllerActionInvoker|Executed action method WedigITCRM.Controllers.HomeController.Index (WedigITCRM), returned result Microsoft.AspNetCore.Mvc.RedirectToActionResult in 38.6952ms.
2020-05-04 09:25:51.7248|INFO|Microsoft.AspNetCore.Mvc.RedirectToActionResult|Executing RedirectResult, redirecting to /Customer/AllCustomers.
2020-05-04 09:25:51.7370|INFO|Microsoft.AspNetCore.Mvc.Internal.ControllerActionInvoker|Executed action WedigITCRM.Controllers.HomeController.Index (WedigITCRM) in 144.783ms
2020-05-04 09:25:51.7699|INFO|Microsoft.AspNetCore.Hosting.Internal.WebHost|Request finished in 255.756ms 302 
2020-05-04 09:25:51.7699|INFO|Microsoft.AspNetCore.Hosting.Internal.WebHost|Request starting HTTP/1.1 GET http://localhost:44395/Customer/AllCustomers  
2020-05-04 09:25:51.8319|INFO|Microsoft.AspNetCore.Mvc.Internal.ControllerActionInvoker|Route matched with {action = "AllCustomers", controller = "Customer"}. Executing controller action with signature Microsoft.AspNetCore.Mvc.IActionResult AllCustomers() on controller WedigITCRM.Controllers.CustomerController (WedigITCRM).
2020-05-04 09:25:52.0159|INFO|Microsoft.AspNetCore.Authorization.DefaultAuthorizationService|Authorization was successful.
2020-05-04 09:25:52.0455|INFO|Microsoft.EntityFrameworkCore.Database.Command|Executed DbCommand (6ms) [Parameters=[], CommandType='Text', CommandTimeout='30']
SELECT [r].[id], [r].[CompanyName], [r].[companyAccount], [r].[user], [r].[userName]
FROM [relateCompanyAccountWithUsers] AS [r]
2020-05-04 09:25:52.0455|INFO|Microsoft.EntityFrameworkCore.Database.Command|Executed DbCommand (0ms) [Parameters=[@__get_Item_0='?' (DbType = Int32)], CommandType='Text', CommandTimeout='30']
SELECT TOP(1) [e].[companyAccountId], [e].[AmountToPayForLicense], [e].[Booking], [e].[CompanyName], [e].[Companyidentifier], [e].[ContactsToDineroLastSynchronizationDate], [e].[ContactsToNyxiumLastSynchronizationDate], [e].[DineroAPIOrganization], [e].[DineroAPIOrganizationKey], [e].[IntegrationDinero], [e].[LogoAttachmentIds], [e].[NyxiumLicenseTypeId], [e].[NyxiumLicenseTypeName], [e].[SalesStatistic], [e].[StockItemsToDineroLastSynchronizationDate], [e].[StockItemsToNyxiumSynchronizationDate], [e].[SubscriptionCRM], [e].[SubscriptionInventory], [e].[SubscriptionProcurement], [e].[SubscriptionVendor], [e].[VendorsItemsToDineroLastSynchronizationDate], [e].[activationDate], [e].[activationKey], [e].[registrationDate], [e].[synchronizeCustomerFromDineroToNyxium], [e].[synchronizeCustomerFromNyxiumToDinero], [e].[synchronizeStockItemFromDineroToNyxium], [e].[synchronizeStockItemFromNyxiumToDinero]
FROM [companyAccounts] AS [e]
WHERE [e].[companyAccountId] = @__get_Item_0
2020-05-04 09:25:52.0455|INFO|Microsoft.AspNetCore.Mvc.Internal.ControllerActionInvoker|Executing action method WedigITCRM.Controllers.CustomerController.AllCustomers (WedigITCRM) - Validation state: Valid
2020-05-04 09:25:52.0652|INFO|Microsoft.AspNetCore.Mvc.Internal.ControllerActionInvoker|Executed action method WedigITCRM.Controllers.CustomerController.AllCustomers (WedigITCRM), returned result Microsoft.AspNetCore.Mvc.ViewResult in 0.3378ms.
2020-05-04 09:25:52.1020|INFO|Microsoft.AspNetCore.Mvc.ViewFeatures.ViewResultExecutor|Executing ViewResult, running view AllCustomers.
2020-05-04 09:25:52.1243|INFO|Microsoft.EntityFrameworkCore.Database.Command|Executed DbCommand (1ms) [Parameters=[], CommandType='Text', CommandTimeout='30']
SELECT [r].[id], [r].[CompanyName], [r].[companyAccount], [r].[user], [r].[userName]
FROM [relateCompanyAccountWithUsers] AS [r]
2020-05-04 09:25:52.3729|INFO|Microsoft.AspNetCore.Mvc.ViewFeatures.ViewResultExecutor|Executed ViewResult - view AllCustomers executed in 156.2019ms.
2020-05-04 09:25:52.5485|INFO|Microsoft.AspNetCore.Mvc.Internal.ControllerActionInvoker|Executed action WedigITCRM.Controllers.CustomerController.AllCustomers (WedigITCRM) in 538.8517ms
2020-05-04 09:25:52.6229|INFO|Microsoft.AspNetCore.Hosting.Internal.WebHost|Request starting HTTP/1.1 GET http://localhost:44395/Images/virksomheder-icon.png  
2020-05-04 09:25:52.6487|INFO|Microsoft.AspNetCore.Hosting.Internal.WebHost|Request starting HTTP/1.1 GET http://localhost:44395/Images/leverandoerer-icon.png  
2020-05-04 09:25:52.7041|INFO|Microsoft.AspNetCore.Hosting.Internal.WebHost|Request starting HTTP/1.1 GET http://localhost:44395/Images/booking-icon.png  
2020-05-04 09:25:52.7041|INFO|Microsoft.AspNetCore.Hosting.Internal.WebHost|Request finished in 804.4541ms 200 text/html; charset=utf-8
2020-05-04 09:25:52.7181|INFO|Microsoft.AspNetCore.Hosting.Internal.WebHost|Request starting HTTP/1.1 GET http://localhost:44395/Images/varer-icon.png  
2020-05-04 09:25:52.7330|INFO|Microsoft.AspNetCore.Hosting.Internal.WebHost|Request starting HTTP/1.1 GET http://localhost:44395/Images/kontaktpersoner-icon.png  
2020-05-04 09:25:52.7469|INFO|Microsoft.AspNetCore.Hosting.Internal.WebHost|Request starting HTTP/1.1 GET http://localhost:44395/Images/statistik-icon.png  
2020-05-04 09:25:52.7469|INFO|Microsoft.AspNetCore.Hosting.Internal.WebHost|Request starting HTTP/1.1 GET http://localhost:44395/Images/aktiviteter-icon.png  
2020-05-04 09:25:52.7705|INFO|Microsoft.AspNetCore.StaticFiles.StaticFileMiddleware|Sending file. Request path: '/Images/varer-icon.png'. Physical path: 'C:\Users\John\source\repos\WedigITCRM\WedigITCRM\wwwroot\Images\varer-icon.png'
2020-05-04 09:25:52.7705|INFO|Microsoft.AspNetCore.StaticFiles.StaticFileMiddleware|Sending file. Request path: '/Images/booking-icon.png'. Physical path: 'C:\Users\John\source\repos\WedigITCRM\WedigITCRM\wwwroot\Images\booking-icon.png'
2020-05-04 09:25:52.7872|INFO|Microsoft.AspNetCore.StaticFiles.StaticFileMiddleware|Sending file. Request path: '/Images/statistik-icon.png'. Physical path: 'C:\Users\John\source\repos\WedigITCRM\WedigITCRM\wwwroot\Images\statistik-icon.png'
2020-05-04 09:25:52.7949|INFO|Microsoft.AspNetCore.StaticFiles.StaticFileMiddleware|Sending file. Request path: '/Images/aktiviteter-icon.png'. Physical path: 'C:\Users\John\source\repos\WedigITCRM\WedigITCRM\wwwroot\Images\aktiviteter-icon.png'
2020-05-04 09:25:52.7949|INFO|Microsoft.AspNetCore.Hosting.Internal.WebHost|Request finished in 70.3691ms 200 image/png
2020-05-04 09:25:52.7949|INFO|Microsoft.AspNetCore.Hosting.Internal.WebHost|Request finished in 402.9194ms 200 image/png
2020-05-04 09:25:52.8180|INFO|Microsoft.AspNetCore.Hosting.Internal.WebHost|Request finished in 81.8911ms 200 image/png
2020-05-04 09:25:52.8588|INFO|Microsoft.AspNetCore.Hosting.Internal.WebHost|Request finished in 386.8772ms 200 image/png
2020-05-04 09:25:52.8889|INFO|Microsoft.AspNetCore.Hosting.Internal.WebHost|Request starting HTTP/1.1 GET http://localhost:44395/Images/support-icon.png  
2020-05-04 09:25:52.9133|INFO|Microsoft.AspNetCore.StaticFiles.StaticFileMiddleware|Sending file. Request path: '/Images/leverandoerer-icon.png'. Physical path: 'C:\Users\John\source\repos\WedigITCRM\WedigITCRM\wwwroot\Images\leverandoerer-icon.png'
2020-05-04 09:25:52.9378|INFO|Microsoft.AspNetCore.StaticFiles.StaticFileMiddleware|Sending file. Request path: '/Images/virksomheder-icon.png'. Physical path: 'C:\Users\John\source\repos\WedigITCRM\WedigITCRM\wwwroot\Images\virksomheder-icon.png'
2020-05-04 09:25:52.9548|INFO|Microsoft.AspNetCore.Hosting.Internal.WebHost|Request finished in 367.4865ms 200 image/png
2020-05-04 09:25:52.9683|INFO|Microsoft.AspNetCore.Hosting.Internal.WebHost|Request finished in 525.6705ms 200 image/png
2020-05-04 09:25:52.9683|INFO|Microsoft.AspNetCore.StaticFiles.StaticFileMiddleware|Sending file. Request path: '/Images/support-icon.png'. Physical path: 'C:\Users\John\source\repos\WedigITCRM\WedigITCRM\wwwroot\Images\support-icon.png'
2020-05-04 09:25:52.9807|INFO|Microsoft.AspNetCore.StaticFiles.StaticFileMiddleware|Sending file. Request path: '/Images/kontaktpersoner-icon.png'. Physical path: 'C:\Users\John\source\repos\WedigITCRM\WedigITCRM\wwwroot\Images\kontaktpersoner-icon.png'
2020-05-04 09:25:52.9807|INFO|Microsoft.AspNetCore.Hosting.Internal.WebHost|Request finished in 151.5968ms 200 image/png
2020-05-04 09:25:52.9972|INFO|Microsoft.AspNetCore.Hosting.Internal.WebHost|Request finished in 600.2829ms 200 image/png
2020-05-04 09:25:53.3631|INFO|Microsoft.AspNetCore.Hosting.Internal.WebHost|Request starting HTTP/1.1 GET http://localhost:44395/Customer/getCompanies?_=1588577152582  
2020-05-04 09:25:53.3791|INFO|Microsoft.AspNetCore.Mvc.Internal.ControllerActionInvoker|Route matched with {action = "getCompanies", controller = "Customer"}. Executing controller action with signature Microsoft.AspNetCore.Mvc.IActionResult getCompanies(System.String, WedigITCRM.CompanyAccount) on controller WedigITCRM.Controllers.CustomerController (WedigITCRM).
2020-05-04 09:25:53.3878|INFO|Microsoft.AspNetCore.Authorization.DefaultAuthorizationService|Authorization was successful.
2020-05-04 09:25:53.4057|INFO|Microsoft.EntityFrameworkCore.Database.Command|Executed DbCommand (4ms) [Parameters=[], CommandType='Text', CommandTimeout='30']
SELECT [r].[id], [r].[CompanyName], [r].[companyAccount], [r].[user], [r].[userName]
FROM [relateCompanyAccountWithUsers] AS [r]
2020-05-04 09:25:53.4202|INFO|Microsoft.EntityFrameworkCore.Database.Command|Executed DbCommand (4ms) [Parameters=[@__get_Item_0='?' (DbType = Int32)], CommandType='Text', CommandTimeout='30']
SELECT TOP(1) [e].[companyAccountId], [e].[AmountToPayForLicense], [e].[Booking], [e].[CompanyName], [e].[Companyidentifier], [e].[ContactsToDineroLastSynchronizationDate], [e].[ContactsToNyxiumLastSynchronizationDate], [e].[DineroAPIOrganization], [e].[DineroAPIOrganizationKey], [e].[IntegrationDinero], [e].[LogoAttachmentIds], [e].[NyxiumLicenseTypeId], [e].[NyxiumLicenseTypeName], [e].[SalesStatistic], [e].[StockItemsToDineroLastSynchronizationDate], [e].[StockItemsToNyxiumSynchronizationDate], [e].[SubscriptionCRM], [e].[SubscriptionInventory], [e].[SubscriptionProcurement], [e].[SubscriptionVendor], [e].[VendorsItemsToDineroLastSynchronizationDate], [e].[activationDate], [e].[activationKey], [e].[registrationDate], [e].[synchronizeCustomerFromDineroToNyxium], [e].[synchronizeCustomerFromNyxiumToDinero], [e].[synchronizeStockItemFromDineroToNyxium], [e].[synchronizeStockItemFromNyxiumToDinero]
FROM [companyAccounts] AS [e]
WHERE [e].[companyAccountId] = @__get_Item_0
2020-05-04 09:25:53.4202|INFO|Microsoft.AspNetCore.Mvc.Internal.ControllerActionInvoker|Executing action method WedigITCRM.Controllers.CustomerController.getCompanies (WedigITCRM) - Validation state: Valid
2020-05-04 09:25:53.4690|INFO|Microsoft.EntityFrameworkCore.Database.Command|Executed DbCommand (3ms) [Parameters=[], CommandType='Text', CommandTimeout='30']
SELECT [c].[Id], [c].[CVRNumber], [c].[City], [c].[CountryCode], [c].[CreatedDate], [c].[DineroGuiD], [c].[Email], [c].[HomePage], [c].[IsPerson], [c].[LastEditedDate], [c].[Name], [c].[PhoneNumber], [c].[SMSverificationCode], [c].[Street], [c].[Zip], [c].[companyAccountId], [c].[postalCodeId]
FROM [Companies] AS [c]
2020-05-04 09:25:53.5275|INFO|Microsoft.AspNetCore.Mvc.Internal.ControllerActionInvoker|Executed action method WedigITCRM.Controllers.CustomerController.getCompanies (WedigITCRM), returned result Microsoft.AspNetCore.Mvc.JsonResult in 90.1687ms.
2020-05-04 09:25:53.5346|INFO|Microsoft.AspNetCore.Mvc.Formatters.Json.Internal.JsonResultExecutor|Executing JsonResult, writing value of type 'System.Collections.Generic.List`1[[WedigITCRM.Controllers.reducedCustomer, WedigITCRM, Version=1.0.0.0, Culture=neutral, PublicKeyToken=null]]'.
2020-05-04 09:25:53.6320|INFO|Microsoft.AspNetCore.Mvc.Internal.ControllerActionInvoker|Executed action WedigITCRM.Controllers.CustomerController.getCompanies (WedigITCRM) in 247.0774ms
2020-05-04 09:25:53.6380|INFO|Microsoft.AspNetCore.Hosting.Internal.WebHost|Request finished in 276.3354ms 200 application/json; charset=utf-8
2020-05-04 09:25:53.7491|INFO|Microsoft.AspNetCore.Hosting.Internal.WebHost|Request starting HTTP/1.1 GET http://localhost:44395/Customer/getZipCodes?term=-1  
2020-05-04 09:25:53.7491|INFO|Microsoft.AspNetCore.Hosting.Internal.WebHost|Request starting HTTP/1.1 GET http://localhost:44395/Customer/getCountries?term=-1  
2020-05-04 09:25:53.7491|INFO|Microsoft.AspNetCore.Mvc.Internal.ControllerActionInvoker|Route matched with {action = "getZipCodes", controller = "Customer"}. Executing controller action with signature Microsoft.AspNetCore.Mvc.IActionResult getZipCodes() on controller WedigITCRM.Controllers.CustomerController (WedigITCRM).
2020-05-04 09:25:53.7681|INFO|Microsoft.AspNetCore.Mvc.Internal.ControllerActionInvoker|Route matched with {action = "getCountries", controller = "Customer"}. Executing controller action with signature Microsoft.AspNetCore.Mvc.IActionResult getCountries() on controller WedigITCRM.Controllers.CustomerController (WedigITCRM).
2020-05-04 09:25:53.7681|INFO|Microsoft.AspNetCore.Authorization.DefaultAuthorizationService|Authorization was successful.
2020-05-04 09:25:53.7681|INFO|Microsoft.AspNetCore.Authorization.DefaultAuthorizationService|Authorization was successful.
2020-05-04 09:25:53.7827|INFO|Microsoft.EntityFrameworkCore.Infrastructure|Entity Framework Core 2.1.11-servicing-32099 initialized 'AppDbContext' using provider 'Microsoft.EntityFrameworkCore.SqlServer' with options: MaxPoolSize=128 
2020-05-04 09:25:53.7827|INFO|Microsoft.EntityFrameworkCore.Database.Command|Executed DbCommand (1ms) [Parameters=[], CommandType='Text', CommandTimeout='30']
SELECT [r].[id], [r].[CompanyName], [r].[companyAccount], [r].[user], [r].[userName]
FROM [relateCompanyAccountWithUsers] AS [r]
2020-05-04 09:25:53.7827|INFO|Microsoft.EntityFrameworkCore.Database.Command|Executed DbCommand (1ms) [Parameters=[], CommandType='Text', CommandTimeout='30']
SELECT [r].[id], [r].[CompanyName], [r].[companyAccount], [r].[user], [r].[userName]
FROM [relateCompanyAccountWithUsers] AS [r]
2020-05-04 09:25:53.7827|INFO|Microsoft.EntityFrameworkCore.Database.Command|Executed DbCommand (1ms) [Parameters=[@__get_Item_0='?' (DbType = Int32)], CommandType='Text', CommandTimeout='30']
SELECT TOP(1) [e].[companyAccountId], [e].[AmountToPayForLicense], [e].[Booking], [e].[CompanyName], [e].[Companyidentifier], [e].[ContactsToDineroLastSynchronizationDate], [e].[ContactsToNyxiumLastSynchronizationDate], [e].[DineroAPIOrganization], [e].[DineroAPIOrganizationKey], [e].[IntegrationDinero], [e].[LogoAttachmentIds], [e].[NyxiumLicenseTypeId], [e].[NyxiumLicenseTypeName], [e].[SalesStatistic], [e].[StockItemsToDineroLastSynchronizationDate], [e].[StockItemsToNyxiumSynchronizationDate], [e].[SubscriptionCRM], [e].[SubscriptionInventory], [e].[SubscriptionProcurement], [e].[SubscriptionVendor], [e].[VendorsItemsToDineroLastSynchronizationDate], [e].[activationDate], [e].[activationKey], [e].[registrationDate], [e].[synchronizeCustomerFromDineroToNyxium], [e].[synchronizeCustomerFromNyxiumToDinero], [e].[synchronizeStockItemFromDineroToNyxium], [e].[synchronizeStockItemFromNyxiumToDinero]
FROM [companyAccounts] AS [e]
WHERE [e].[companyAccountId] = @__get_Item_0
2020-05-04 09:25:53.7986|INFO|Microsoft.AspNetCore.Mvc.Internal.ControllerActionInvoker|Executing action method WedigITCRM.Controllers.CustomerController.getZipCodes (WedigITCRM) - Validation state: Valid
2020-05-04 09:25:53.7986|INFO|Microsoft.EntityFrameworkCore.Database.Command|Executed DbCommand (1ms) [Parameters=[@__get_Item_0='?' (DbType = Int32)], CommandType='Text', CommandTimeout='30']
SELECT TOP(1) [e].[companyAccountId], [e].[AmountToPayForLicense], [e].[Booking], [e].[CompanyName], [e].[Companyidentifier], [e].[ContactsToDineroLastSynchronizationDate], [e].[ContactsToNyxiumLastSynchronizationDate], [e].[DineroAPIOrganization], [e].[DineroAPIOrganizationKey], [e].[IntegrationDinero], [e].[LogoAttachmentIds], [e].[NyxiumLicenseTypeId], [e].[NyxiumLicenseTypeName], [e].[SalesStatistic], [e].[StockItemsToDineroLastSynchronizationDate], [e].[StockItemsToNyxiumSynchronizationDate], [e].[SubscriptionCRM], [e].[SubscriptionInventory], [e].[SubscriptionProcurement], [e].[SubscriptionVendor], [e].[VendorsItemsToDineroLastSynchronizationDate], [e].[activationDate], [e].[activationKey], [e].[registrationDate], [e].[synchronizeCustomerFromDineroToNyxium], [e].[synchronizeCustomerFromNyxiumToDinero], [e].[synchronizeStockItemFromDineroToNyxium], [e].[synchronizeStockItemFromNyxiumToDinero]
FROM [companyAccounts] AS [e]
WHERE [e].[companyAccountId] = @__get_Item_0
2020-05-04 09:25:53.8110|INFO|Microsoft.AspNetCore.Mvc.Internal.ControllerActionInvoker|Executing action method WedigITCRM.Controllers.CustomerController.getCountries (WedigITCRM) - Validation state: Valid
2020-05-04 09:25:53.8110|INFO|Microsoft.EntityFrameworkCore.Database.Command|Executed DbCommand (2ms) [Parameters=[], CommandType='Text', CommandTimeout='30']
SELECT [p].[Id], [p].[City], [p].[Zip]
FROM [postnumre] AS [p]
2020-05-04 09:25:53.8333|INFO|Microsoft.EntityFrameworkCore.Database.Command|Executed DbCommand (3ms) [Parameters=[], CommandType='Text', CommandTimeout='30']
SELECT [c].[Id], [c].[CountryCode], [c].[CountryName]
FROM [Countries] AS [c]
2020-05-04 09:25:53.8690|INFO|Microsoft.AspNetCore.Mvc.Internal.ControllerActionInvoker|Executed action method WedigITCRM.Controllers.CustomerController.getCountries (WedigITCRM), returned result Microsoft.AspNetCore.Mvc.JsonResult in 32.1234ms.
2020-05-04 09:25:53.8767|INFO|Microsoft.AspNetCore.Mvc.Formatters.Json.Internal.JsonResultExecutor|Executing JsonResult, writing value of type 'System.Collections.Generic.Dictionary`2[[System.String, System.Private.CoreLib, Version=4.0.0.0, Culture=neutral, PublicKeyToken=7cec85d7bea7798e],[System.String, System.Private.CoreLib, Version=4.0.0.0, Culture=neutral, PublicKeyToken=7cec85d7bea7798e]]'.
2020-05-04 09:25:53.8767|INFO|Microsoft.AspNetCore.Mvc.Internal.ControllerActionInvoker|Executed action method WedigITCRM.Controllers.CustomerController.getZipCodes (WedigITCRM), returned result Microsoft.AspNetCore.Mvc.JsonResult in 74.354ms.
2020-05-04 09:25:53.8883|INFO|Microsoft.AspNetCore.Mvc.Formatters.Json.Internal.JsonResultExecutor|Executing JsonResult, writing value of type 'System.Collections.Generic.Dictionary`2[[System.String, System.Private.CoreLib, Version=4.0.0.0, Culture=neutral, PublicKeyToken=7cec85d7bea7798e],[System.String, System.Private.CoreLib, Version=4.0.0.0, Culture=neutral, PublicKeyToken=7cec85d7bea7798e]]'.
2020-05-04 09:25:53.9100|INFO|Microsoft.AspNetCore.Mvc.Internal.ControllerActionInvoker|Executed action WedigITCRM.Controllers.CustomerController.getCountries (WedigITCRM) in 131.0408ms
2020-05-04 09:25:53.9100|INFO|Microsoft.AspNetCore.Mvc.Internal.ControllerActionInvoker|Executed action WedigITCRM.Controllers.CustomerController.getZipCodes (WedigITCRM) in 136.8806ms
2020-05-04 09:25:53.9218|INFO|Microsoft.AspNetCore.Hosting.Internal.WebHost|Request finished in 168.6569ms 200 application/json; charset=utf-8
2020-05-04 09:25:53.9218|INFO|Microsoft.AspNetCore.Hosting.Internal.WebHost|Request finished in 178.2702ms 200 application/json; charset=utf-8
2020-05-04 09:25:54.0828|INFO|Microsoft.AspNetCore.Hosting.Internal.WebHost|Request starting HTTP/1.1 POST http://localhost:44395/Customer/getCityByZipCode application/json 200
2020-05-04 09:25:54.0920|INFO|Microsoft.AspNetCore.Mvc.Internal.ControllerActionInvoker|Route matched with {action = "getCityByZipCode", controller = "Customer"}. Executing controller action with signature Microsoft.AspNetCore.Mvc.IActionResult getCityByZipCode(WedigITCRM.Controllers.CompanyInputPostModel) on controller WedigITCRM.Controllers.CustomerController (WedigITCRM).
2020-05-04 09:25:54.0920|INFO|Microsoft.AspNetCore.Authorization.DefaultAuthorizationService|Authorization was successful.
2020-05-04 09:25:54.1352|INFO|Microsoft.EntityFrameworkCore.Database.Command|Executed DbCommand (0ms) [Parameters=[], CommandType='Text', CommandTimeout='30']
SELECT [r].[id], [r].[CompanyName], [r].[companyAccount], [r].[user], [r].[userName]
FROM [relateCompanyAccountWithUsers] AS [r]
2020-05-04 09:25:54.1415|INFO|Microsoft.EntityFrameworkCore.Database.Command|Executed DbCommand (0ms) [Parameters=[@__get_Item_0='?' (DbType = Int32)], CommandType='Text', CommandTimeout='30']
SELECT TOP(1) [e].[companyAccountId], [e].[AmountToPayForLicense], [e].[Booking], [e].[CompanyName], [e].[Companyidentifier], [e].[ContactsToDineroLastSynchronizationDate], [e].[ContactsToNyxiumLastSynchronizationDate], [e].[DineroAPIOrganization], [e].[DineroAPIOrganizationKey], [e].[IntegrationDinero], [e].[LogoAttachmentIds], [e].[NyxiumLicenseTypeId], [e].[NyxiumLicenseTypeName], [e].[SalesStatistic], [e].[StockItemsToDineroLastSynchronizationDate], [e].[StockItemsToNyxiumSynchronizationDate], [e].[SubscriptionCRM], [e].[SubscriptionInventory], [e].[SubscriptionProcurement], [e].[SubscriptionVendor], [e].[VendorsItemsToDineroLastSynchronizationDate], [e].[activationDate], [e].[activationKey], [e].[registrationDate], [e].[synchronizeCustomerFromDineroToNyxium], [e].[synchronizeCustomerFromNyxiumToDinero], [e].[synchronizeStockItemFromDineroToNyxium], [e].[synchronizeStockItemFromNyxiumToDinero]
FROM [companyAccounts] AS [e]
WHERE [e].[companyAccountId] = @__get_Item_0
2020-05-04 09:25:54.1415|INFO|Microsoft.AspNetCore.Mvc.Internal.ControllerActionInvoker|Executing action method WedigITCRM.Controllers.CustomerController.getCityByZipCode (WedigITCRM) - Validation state: Valid
2020-05-04 09:25:54.1902|INFO|Microsoft.EntityFrameworkCore.Database.Command|Executed DbCommand (5ms) [Parameters=[], CommandType='Text', CommandTimeout='30']
SELECT [p].[Id], [p].[City], [p].[Zip]
FROM [postnumre] AS [p]
2020-05-04 09:25:54.2211|INFO|Microsoft.AspNetCore.Mvc.Internal.ControllerActionInvoker|Executed action method WedigITCRM.Controllers.CustomerController.getCityByZipCode (WedigITCRM), returned result Microsoft.AspNetCore.Mvc.JsonResult in 61.1635ms.
2020-05-04 09:25:54.2322|INFO|Microsoft.AspNetCore.Mvc.Formatters.Json.Internal.JsonResultExecutor|Executing JsonResult, writing value of type 'WedigITCRM.Controllers.CompanyInputPostModel'.
2020-05-04 09:25:54.3774|INFO|Microsoft.AspNetCore.Mvc.Internal.ControllerActionInvoker|Executed action WedigITCRM.Controllers.CustomerController.getCityByZipCode (WedigITCRM) in 147.0423ms
2020-05-04 09:25:54.5111|INFO|Microsoft.AspNetCore.Hosting.Internal.WebHost|Request finished in 299.9397ms 200 application/json; charset=utf-8
2020-05-04 09:25:57.0786|INFO|Microsoft.AspNetCore.Hosting.Internal.WebHost|Request starting HTTP/1.1 GET http://localhost:44395/customer/ActivitiesOnContactPerson  
2020-05-04 09:25:57.1146|INFO|Microsoft.AspNetCore.Mvc.Internal.ControllerActionInvoker|Route matched with {action = "ActivitiesOnContactPerson", controller = "Customer"}. Executing controller action with signature Microsoft.AspNetCore.Mvc.IActionResult ActivitiesOnContactPerson() on controller WedigITCRM.Controllers.CustomerController (WedigITCRM).
2020-05-04 09:25:57.1311|INFO|Microsoft.AspNetCore.Authorization.DefaultAuthorizationService|Authorization was successful.
2020-05-04 09:25:57.1408|INFO|Microsoft.EntityFrameworkCore.Database.Command|Executed DbCommand (1ms) [Parameters=[], CommandType='Text', CommandTimeout='30']
SELECT [r].[id], [r].[CompanyName], [r].[companyAccount], [r].[user], [r].[userName]
FROM [relateCompanyAccountWithUsers] AS [r]
2020-05-04 09:25:57.1408|INFO|Microsoft.EntityFrameworkCore.Database.Command|Executed DbCommand (0ms) [Parameters=[@__get_Item_0='?' (DbType = Int32)], CommandType='Text', CommandTimeout='30']
SELECT TOP(1) [e].[companyAccountId], [e].[AmountToPayForLicense], [e].[Booking], [e].[CompanyName], [e].[Companyidentifier], [e].[ContactsToDineroLastSynchronizationDate], [e].[ContactsToNyxiumLastSynchronizationDate], [e].[DineroAPIOrganization], [e].[DineroAPIOrganizationKey], [e].[IntegrationDinero], [e].[LogoAttachmentIds], [e].[NyxiumLicenseTypeId], [e].[NyxiumLicenseTypeName], [e].[SalesStatistic], [e].[StockItemsToDineroLastSynchronizationDate], [e].[StockItemsToNyxiumSynchronizationDate], [e].[SubscriptionCRM], [e].[SubscriptionInventory], [e].[SubscriptionProcurement], [e].[SubscriptionVendor], [e].[VendorsItemsToDineroLastSynchronizationDate], [e].[activationDate], [e].[activationKey], [e].[registrationDate], [e].[synchronizeCustomerFromDineroToNyxium], [e].[synchronizeCustomerFromNyxiumToDinero], [e].[synchronizeStockItemFromDineroToNyxium], [e].[synchronizeStockItemFromNyxiumToDinero]
FROM [companyAccounts] AS [e]
WHERE [e].[companyAccountId] = @__get_Item_0
2020-05-04 09:25:57.1408|INFO|Microsoft.AspNetCore.Mvc.Internal.ControllerActionInvoker|Executing action method WedigITCRM.Controllers.CustomerController.ActivitiesOnContactPerson (WedigITCRM) - Validation state: Valid
2020-05-04 09:25:57.1558|INFO|Microsoft.AspNetCore.Mvc.Internal.ControllerActionInvoker|Executed action method WedigITCRM.Controllers.CustomerController.ActivitiesOnContactPerson (WedigITCRM), returned result Microsoft.AspNetCore.Mvc.ViewResult in 0.3428ms.
2020-05-04 09:25:57.1832|INFO|Microsoft.AspNetCore.Mvc.ViewFeatures.ViewResultExecutor|Executing ViewResult, running view ActivitiesOnContactPerson.
2020-05-04 09:25:57.2184|INFO|Microsoft.EntityFrameworkCore.Database.Command|Executed DbCommand (0ms) [Parameters=[], CommandType='Text', CommandTimeout='30']
SELECT [r].[id], [r].[CompanyName], [r].[companyAccount], [r].[user], [r].[userName]
FROM [relateCompanyAccountWithUsers] AS [r]
2020-05-04 09:25:57.5104|INFO|Microsoft.AspNetCore.Mvc.ViewFeatures.ViewResultExecutor|Executed ViewResult - view ActivitiesOnContactPerson executed in 67.3803ms.
2020-05-04 09:25:57.9264|INFO|Microsoft.AspNetCore.Mvc.Internal.ControllerActionInvoker|Executed action WedigITCRM.Controllers.CustomerController.ActivitiesOnContactPerson (WedigITCRM) in 405.8553ms
2020-05-04 09:25:57.9365|INFO|Microsoft.AspNetCore.Hosting.Internal.WebHost|Request finished in 857.6189ms 200 text/html; charset=utf-8
2020-05-04 09:25:58.3240|INFO|Microsoft.AspNetCore.Hosting.Internal.WebHost|Request starting HTTP/1.1 GET http://localhost:44395/Customer/getContactPersons?selectAll=1&_=1588577157652  
2020-05-04 09:25:58.3392|INFO|Microsoft.AspNetCore.Mvc.Internal.ControllerActionInvoker|Route matched with {action = "getContactPersons", controller = "Customer"}. Executing controller action with signature Microsoft.AspNetCore.Mvc.IActionResult getContactPersons(System.String, System.String, WedigITCRM.CompanyAccount) on controller WedigITCRM.Controllers.CustomerController (WedigITCRM).
2020-05-04 09:25:58.3473|INFO|Microsoft.AspNetCore.Authorization.DefaultAuthorizationService|Authorization was successful.
2020-05-04 09:25:58.3473|INFO|Microsoft.EntityFrameworkCore.Database.Command|Executed DbCommand (1ms) [Parameters=[], CommandType='Text', CommandTimeout='30']
SELECT [r].[id], [r].[CompanyName], [r].[companyAccount], [r].[user], [r].[userName]
FROM [relateCompanyAccountWithUsers] AS [r]
2020-05-04 09:25:58.3657|INFO|Microsoft.EntityFrameworkCore.Database.Command|Executed DbCommand (0ms) [Parameters=[@__get_Item_0='?' (DbType = Int32)], CommandType='Text', CommandTimeout='30']
SELECT TOP(1) [e].[companyAccountId], [e].[AmountToPayForLicense], [e].[Booking], [e].[CompanyName], [e].[Companyidentifier], [e].[ContactsToDineroLastSynchronizationDate], [e].[ContactsToNyxiumLastSynchronizationDate], [e].[DineroAPIOrganization], [e].[DineroAPIOrganizationKey], [e].[IntegrationDinero], [e].[LogoAttachmentIds], [e].[NyxiumLicenseTypeId], [e].[NyxiumLicenseTypeName], [e].[SalesStatistic], [e].[StockItemsToDineroLastSynchronizationDate], [e].[StockItemsToNyxiumSynchronizationDate], [e].[SubscriptionCRM], [e].[SubscriptionInventory], [e].[SubscriptionProcurement], [e].[SubscriptionVendor], [e].[VendorsItemsToDineroLastSynchronizationDate], [e].[activationDate], [e].[activationKey], [e].[registrationDate], [e].[synchronizeCustomerFromDineroToNyxium], [e].[synchronizeCustomerFromNyxiumToDinero], [e].[synchronizeStockItemFromDineroToNyxium], [e].[synchronizeStockItemFromNyxiumToDinero]
FROM [companyAccounts] AS [e]
WHERE [e].[companyAccountId] = @__get_Item_0
2020-05-04 09:25:58.3729|INFO|Microsoft.AspNetCore.Mvc.Internal.ControllerActionInvoker|Executing action method WedigITCRM.Controllers.CustomerController.getContactPersons (WedigITCRM) - Validation state: Valid
2020-05-04 09:25:58.4408|INFO|Microsoft.EntityFrameworkCore.Database.Command|Executed DbCommand (6ms) [Parameters=[], CommandType='Text', CommandTimeout='30']
SELECT [c].[Id], [c].[CellPhone], [c].[CompanyId], [c].[CreatedDate], [c].[Department], [c].[DineroGuiD], [c].[Email], [c].[FirstName], [c].[LastEditedDate], [c].[LastName], [c].[PhoneNumber], [c].[Title], [c].[companyAccountId]
FROM [ContactPersons] AS [c]
2020-05-04 09:25:58.4624|INFO|Microsoft.AspNetCore.Mvc.Internal.ControllerActionInvoker|Executed action method WedigITCRM.Controllers.CustomerController.getContactPersons (WedigITCRM), returned result Microsoft.AspNetCore.Mvc.JsonResult in 82.2891ms.
2020-05-04 09:25:58.4947|INFO|Microsoft.AspNetCore.Mvc.Formatters.Json.Internal.JsonResultExecutor|Executing JsonResult, writing value of type 'WedigITCRM.Controllers.ContactPersonOutputDataModel1'.
2020-05-04 09:25:58.4947|INFO|Microsoft.AspNetCore.Hosting.Internal.WebHost|Request starting HTTP/1.1 GET http://localhost:44395/Customer/getActivities?searchAll=0&_=1588577157653  
2020-05-04 09:25:58.5249|INFO|Microsoft.AspNetCore.Mvc.Internal.ControllerActionInvoker|Route matched with {action = "getActivities", controller = "Customer"}. Executing controller action with signature Microsoft.AspNetCore.Mvc.IActionResult getActivities(System.String, System.String, System.String, WedigITCRM.CompanyAccount) on controller WedigITCRM.Controllers.CustomerController (WedigITCRM).
2020-05-04 09:25:58.5312|INFO|Microsoft.AspNetCore.Mvc.Internal.ControllerActionInvoker|Executed action WedigITCRM.Controllers.CustomerController.getContactPersons (WedigITCRM) in 175.0944ms
2020-05-04 09:25:58.5312|INFO|Microsoft.AspNetCore.Authorization.DefaultAuthorizationService|Authorization was successful.
2020-05-04 09:25:58.5652|INFO|Microsoft.AspNetCore.Hosting.Internal.WebHost|Request finished in 223.429ms 200 application/json; charset=utf-8
2020-05-04 09:25:58.5652|INFO|Microsoft.EntityFrameworkCore.Database.Command|Executed DbCommand (4ms) [Parameters=[], CommandType='Text', CommandTimeout='30']
SELECT [r].[id], [r].[CompanyName], [r].[companyAccount], [r].[user], [r].[userName]
FROM [relateCompanyAccountWithUsers] AS [r]
2020-05-04 09:25:58.5799|INFO|Microsoft.EntityFrameworkCore.Database.Command|Executed DbCommand (3ms) [Parameters=[@__get_Item_0='?' (DbType = Int32)], CommandType='Text', CommandTimeout='30']
SELECT TOP(1) [e].[companyAccountId], [e].[AmountToPayForLicense], [e].[Booking], [e].[CompanyName], [e].[Companyidentifier], [e].[ContactsToDineroLastSynchronizationDate], [e].[ContactsToNyxiumLastSynchronizationDate], [e].[DineroAPIOrganization], [e].[DineroAPIOrganizationKey], [e].[IntegrationDinero], [e].[LogoAttachmentIds], [e].[NyxiumLicenseTypeId], [e].[NyxiumLicenseTypeName], [e].[SalesStatistic], [e].[StockItemsToDineroLastSynchronizationDate], [e].[StockItemsToNyxiumSynchronizationDate], [e].[SubscriptionCRM], [e].[SubscriptionInventory], [e].[SubscriptionProcurement], [e].[SubscriptionVendor], [e].[VendorsItemsToDineroLastSynchronizationDate], [e].[activationDate], [e].[activationKey], [e].[registrationDate], [e].[synchronizeCustomerFromDineroToNyxium], [e].[synchronizeCustomerFromNyxiumToDinero], [e].[synchronizeStockItemFromDineroToNyxium], [e].[synchronizeStockItemFromNyxiumToDinero]
FROM [companyAccounts] AS [e]
WHERE [e].[companyAccountId] = @__get_Item_0
2020-05-04 09:25:58.5799|INFO|Microsoft.AspNetCore.Mvc.Internal.ControllerActionInvoker|Executing action method WedigITCRM.Controllers.CustomerController.getActivities (WedigITCRM) - Validation state: Valid
2020-05-04 09:25:58.5998|INFO|Microsoft.AspNetCore.Mvc.Internal.ControllerActionInvoker|Executed action method WedigITCRM.Controllers.CustomerController.getActivities (WedigITCRM), returned result Microsoft.AspNetCore.Mvc.JsonResult in 3.9577ms.
2020-05-04 09:25:58.6064|INFO|Microsoft.AspNetCore.Mvc.Formatters.Json.Internal.JsonResultExecutor|Executing JsonResult, writing value of type 'WedigITCRM.Controllers.ActivityOutputDataModel'.
2020-05-04 09:25:58.6064|INFO|Microsoft.AspNetCore.Mvc.Internal.ControllerActionInvoker|Executed action WedigITCRM.Controllers.CustomerController.getActivities (WedigITCRM) in 87.5074ms
2020-05-04 09:25:58.6272|INFO|Microsoft.AspNetCore.Hosting.Internal.WebHost|Request finished in 146.805ms 200 application/json; charset=utf-8
2020-05-04 09:26:59.9987|ERROR|WedigITCRM.Startup|start of ConfigureServices
2020-05-04 09:27:00.1947|ERROR|WedigITCRM.Startup|end of ConfigureServices
2020-05-04 09:27:00.5637|INFO|Microsoft.EntityFrameworkCore.Infrastructure|Entity Framework Core 2.1.11-servicing-32099 initialized 'AppDbContext' using provider 'Microsoft.EntityFrameworkCore.SqlServer' with options: MaxPoolSize=128 
