2020-04-30 16:30:13.1546|ERROR|WedigITCRM.Startup|start of ConfigureServices
2020-04-30 16:30:14.4784|ERROR|WedigITCRM.Startup|end of ConfigureServices
2020-04-30 16:30:14.6423|INFO|Microsoft.AspNetCore.DataProtection.KeyManagement.XmlKeyManager|User profile is available. Using 'C:\Users\John\AppData\Local\ASP.NET\DataProtection-Keys' as key repository and Windows DPAPI to encrypt keys at rest.
2020-04-30 16:30:14.8173|ERROR|WedigITCRM.Startup|start of Configure method
2020-04-30 16:30:15.0664|ERROR|WedigITCRM.Startup|end of Configure method
2020-04-30 16:30:17.2079|INFO|Microsoft.EntityFrameworkCore.Infrastructure|Entity Framework Core 2.1.11-servicing-32099 initialized 'AppDbContext' using provider 'Microsoft.EntityFrameworkCore.SqlServer' with options: MaxPoolSize=128 
2020-04-30 16:30:17.1742|INFO|Microsoft.EntityFrameworkCore.Infrastructure|Entity Framework Core 2.1.11-servicing-32099 initialized 'AppDbContext' using provider 'Microsoft.EntityFrameworkCore.SqlServer' with options: MaxPoolSize=128 
2020-04-30 16:30:17.2854|INFO|Microsoft.EntityFrameworkCore.Infrastructure|Entity Framework Core 2.1.11-servicing-32099 initialized 'AppDbContext' using provider 'Microsoft.EntityFrameworkCore.SqlServer' with options: MaxPoolSize=128 
2020-04-30 16:30:17.2854|INFO|Microsoft.EntityFrameworkCore.Infrastructure|Entity Framework Core 2.1.11-servicing-32099 initialized 'AppDbContext' using provider 'Microsoft.EntityFrameworkCore.SqlServer' with options: MaxPoolSize=128 
2020-04-30 16:30:19.9563|INFO|Microsoft.AspNetCore.Hosting.Internal.WebHost|Request starting HTTP/1.1 GET http://localhost:44395/  
2020-04-30 16:30:20.9412|INFO|Microsoft.AspNetCore.Mvc.Internal.ControllerActionInvoker|Route matched with {action = "Index", controller = "Home"}. Executing controller action with signature Microsoft.AspNetCore.Mvc.IActionResult Index(WedigITCRM.CompanyAccount) on controller WedigITCRM.Controllers.HomeController (WedigITCRM).
2020-04-30 16:30:21.1614|INFO|Microsoft.AspNetCore.Mvc.Internal.ControllerActionInvoker|Executing action method WedigITCRM.Controllers.HomeController.Index (WedigITCRM) - Validation state: Valid
2020-04-30 16:30:21.1968|ERROR|WedigITCRM.Controllers.HomeController|Entering index action in home controller
2020-04-30 16:30:21.2035|ERROR|WedigITCRM.Controllers.HomeController|index action in home controller redirecting to frontpage controller index action
2020-04-30 16:30:21.2035|INFO|Microsoft.AspNetCore.Mvc.Internal.ControllerActionInvoker|Executed action method WedigITCRM.Controllers.HomeController.Index (WedigITCRM), returned result Microsoft.AspNetCore.Mvc.RedirectToActionResult in 43.606ms.
2020-04-30 16:30:21.2470|INFO|Microsoft.AspNetCore.Mvc.RedirectToActionResult|Executing RedirectResult, redirecting to /FrontPage.
2020-04-30 16:30:21.2634|INFO|Microsoft.AspNetCore.Mvc.Internal.ControllerActionInvoker|Executed action WedigITCRM.Controllers.HomeController.Index (WedigITCRM) in 314.4491ms
2020-04-30 16:30:21.3884|INFO|Microsoft.AspNetCore.Hosting.Internal.WebHost|Request finished in 1436.7979ms 302 
2020-04-30 16:30:21.4293|INFO|Microsoft.AspNetCore.Hosting.Internal.WebHost|Request starting HTTP/1.1 DEBUG http://localhost:44395/  0
2020-04-30 16:30:21.4466|INFO|Microsoft.AspNetCore.Hosting.Internal.WebHost|Request finished in 7.276ms 200 
2020-04-30 16:30:21.5252|INFO|Microsoft.AspNetCore.Hosting.Internal.WebHost|Request starting HTTP/1.1 GET http://localhost:44395/FrontPage  
2020-04-30 16:30:21.5330|INFO|Microsoft.AspNetCore.Mvc.Internal.ControllerActionInvoker|Route matched with {action = "Index", controller = "FrontPage"}. Executing controller action with signature Microsoft.AspNetCore.Mvc.IActionResult Index() on controller WedigITCRM.Controllers.FrontPageController (WedigITCRM).
2020-04-30 16:30:21.5545|INFO|Microsoft.AspNetCore.Mvc.Internal.ControllerActionInvoker|Executing action method WedigITCRM.Controllers.FrontPageController.Index (WedigITCRM) - Validation state: Valid
2020-04-30 16:30:21.5645|INFO|Microsoft.AspNetCore.Mvc.Internal.ControllerActionInvoker|Executed action method WedigITCRM.Controllers.FrontPageController.Index (WedigITCRM), returned result Microsoft.AspNetCore.Mvc.ViewResult in 0.8515ms.
2020-04-30 16:30:21.6153|INFO|Microsoft.AspNetCore.Mvc.ViewFeatures.ViewResultExecutor|Executing ViewResult, running view Index.
2020-04-30 16:30:21.7942|INFO|Microsoft.AspNetCore.Mvc.ViewFeatures.ViewResultExecutor|Executed ViewResult - view Index executed in 189.1628ms.
2020-04-30 16:30:21.8495|INFO|Microsoft.AspNetCore.Mvc.Internal.ControllerActionInvoker|Executed action WedigITCRM.Controllers.FrontPageController.Index (WedigITCRM) in 261.6886ms
2020-04-30 16:30:22.5618|INFO|Microsoft.AspNetCore.Hosting.Internal.WebHost|Request finished in 343.6249ms 200 text/html; charset=utf-8
2020-04-30 16:30:22.7056|INFO|Microsoft.AspNetCore.Hosting.Internal.WebHost|Request starting HTTP/1.1 GET http://localhost:44395/frontpage/img/svgs/illustrations/tabs.svg  
2020-04-30 16:30:22.7248|INFO|Microsoft.AspNetCore.Hosting.Internal.WebHost|Request starting HTTP/1.1 GET http://localhost:44395/frontpage/img/svgs/illustrations/online-transactions.svg  
2020-04-30 16:30:22.7993|INFO|Microsoft.AspNetCore.StaticFiles.StaticFileMiddleware|Sending file. Request path: '/frontpage/img/svgs/illustrations/online-transactions.svg'. Physical path: 'C:\Users\John\source\repos\WedigITCRM\WedigITCRM\wwwroot\frontpage\img\svgs\illustrations\online-transactions.svg'
2020-04-30 16:30:22.7993|INFO|Microsoft.AspNetCore.Hosting.Internal.WebHost|Request finished in 189.6876ms 200 image/svg+xml
2020-04-30 16:30:22.8216|INFO|Microsoft.AspNetCore.Hosting.Internal.WebHost|Request starting HTTP/1.1 GET http://localhost:44395/frontpage/img/svgs/illustrations/real-time-sync.svg  
2020-04-30 16:30:22.8319|INFO|Microsoft.AspNetCore.StaticFiles.StaticFileMiddleware|Sending file. Request path: '/frontpage/img/svgs/illustrations/tabs.svg'. Physical path: 'C:\Users\John\source\repos\WedigITCRM\WedigITCRM\wwwroot\frontpage\img\svgs\illustrations\tabs.svg'
2020-04-30 16:30:22.8319|INFO|Microsoft.AspNetCore.StaticFiles.StaticFileMiddleware|Sending file. Request path: '/frontpage/img/svgs/illustrations/real-time-sync.svg'. Physical path: 'C:\Users\John\source\repos\WedigITCRM\WedigITCRM\wwwroot\frontpage\img\svgs\illustrations\real-time-sync.svg'
2020-04-30 16:30:22.8456|INFO|Microsoft.AspNetCore.Hosting.Internal.WebHost|Request finished in 278.067ms 200 image/svg+xml
2020-04-30 16:30:22.8456|INFO|Microsoft.AspNetCore.Hosting.Internal.WebHost|Request finished in 30.6076ms 200 image/svg+xml
2020-04-30 16:30:22.8658|INFO|Microsoft.AspNetCore.Hosting.Internal.WebHost|Request starting HTTP/1.1 GET http://localhost:44395/frontpage/img/svgs/illustrations/responsive.svg  
2020-04-30 16:30:22.8768|INFO|Microsoft.AspNetCore.Hosting.Internal.WebHost|Request starting HTTP/1.1 GET http://localhost:44395/frontpage/img/pngs/icons/smile.png  
2020-04-30 16:30:22.8768|INFO|Microsoft.AspNetCore.Hosting.Internal.WebHost|Request starting HTTP/1.1 GET http://localhost:44395/frontpage/img/svgs/illustrations/connected.svg  
2020-04-30 16:30:22.8964|INFO|Microsoft.AspNetCore.StaticFiles.StaticFileMiddleware|Sending file. Request path: '/frontpage/img/pngs/icons/smile.png'. Physical path: 'C:\Users\John\source\repos\WedigITCRM\WedigITCRM\wwwroot\frontpage\img\pngs\icons\smile.png'
2020-04-30 16:30:22.8964|INFO|Microsoft.AspNetCore.StaticFiles.StaticFileMiddleware|Sending file. Request path: '/frontpage/img/svgs/illustrations/connected.svg'. Physical path: 'C:\Users\John\source\repos\WedigITCRM\WedigITCRM\wwwroot\frontpage\img\svgs\illustrations\connected.svg'
2020-04-30 16:30:22.9158|INFO|Microsoft.AspNetCore.Hosting.Internal.WebHost|Request finished in 33.5149ms 200 image/png
2020-04-30 16:30:22.9312|INFO|Microsoft.AspNetCore.Hosting.Internal.WebHost|Request finished in 28.5593ms 200 image/svg+xml
2020-04-30 16:30:22.9605|INFO|Microsoft.AspNetCore.Hosting.Internal.WebHost|Request starting HTTP/1.1 GET http://localhost:44395/frontpage/img/pngs/icons/bg-rocket.png  
2020-04-30 16:30:22.9981|INFO|Microsoft.AspNetCore.Hosting.Internal.WebHost|Request starting HTTP/1.1 GET http://localhost:44395/frontpage/img/svgs/tasks.svg  
2020-04-30 16:30:23.0313|INFO|Microsoft.AspNetCore.StaticFiles.StaticFileMiddleware|Sending file. Request path: '/frontpage/img/pngs/icons/bg-rocket.png'. Physical path: 'C:\Users\John\source\repos\WedigITCRM\WedigITCRM\wwwroot\frontpage\img\pngs\icons\bg-rocket.png'
2020-04-30 16:30:23.0530|INFO|Microsoft.AspNetCore.Hosting.Internal.WebHost|Request starting HTTP/1.1 GET http://localhost:44395/frontpage/js/front.js  
2020-04-30 16:30:23.0660|INFO|Microsoft.AspNetCore.Hosting.Internal.WebHost|Request finished in 110.1372ms 200 image/png
2020-04-30 16:30:23.0841|INFO|Microsoft.AspNetCore.Hosting.Internal.WebHost|Request starting HTTP/1.1 GET http://localhost:44395/frontpage/img/svgs/covers/front-page-cover.svg  
2020-04-30 16:30:23.1051|INFO|Microsoft.AspNetCore.Hosting.Internal.WebHost|Request starting HTTP/1.1 GET http://localhost:44395/frontpage/img/nyxium-logo.png  
2020-04-30 16:30:23.1141|INFO|Microsoft.AspNetCore.StaticFiles.StaticFileMiddleware|Sending file. Request path: '/frontpage/img/svgs/covers/front-page-cover.svg'. Physical path: 'C:\Users\John\source\repos\WedigITCRM\WedigITCRM\wwwroot\frontpage\img\svgs\covers\front-page-cover.svg'
2020-04-30 16:30:23.1141|INFO|Microsoft.AspNetCore.StaticFiles.StaticFileMiddleware|Sending file. Request path: '/frontpage/img/nyxium-logo.png'. Physical path: 'C:\Users\John\source\repos\WedigITCRM\WedigITCRM\wwwroot\frontpage\img\nyxium-logo.png'
2020-04-30 16:30:23.1272|INFO|Microsoft.AspNetCore.Hosting.Internal.WebHost|Request finished in 50.4258ms 200 image/svg+xml
2020-04-30 16:30:23.1272|INFO|Microsoft.AspNetCore.Hosting.Internal.WebHost|Request finished in 52.5355ms 200 image/png
2020-04-30 16:30:23.2568|INFO|Microsoft.AspNetCore.Hosting.Internal.WebHost|Request starting HTTP/1.1 GET http://localhost:44395/frontpage/styles/scss/styles.css  
2020-04-30 16:30:23.3324|INFO|Microsoft.AspNetCore.StaticFiles.StaticFileMiddleware|Sending file. Request path: '/frontpage/img/svgs/illustrations/responsive.svg'. Physical path: 'C:\Users\John\source\repos\WedigITCRM\WedigITCRM\wwwroot\frontpage\img\svgs\illustrations\responsive.svg'
2020-04-30 16:30:23.3589|INFO|Microsoft.AspNetCore.StaticFiles.StaticFileMiddleware|Sending file. Request path: '/frontpage/js/front.js'. Physical path: 'C:\Users\John\source\repos\WedigITCRM\WedigITCRM\wwwroot\frontpage\js\front.js'
2020-04-30 16:30:23.3851|INFO|Microsoft.AspNetCore.Hosting.Internal.WebHost|Request finished in 476.1739ms 200 image/svg+xml
2020-04-30 16:30:23.5062|INFO|Microsoft.AspNetCore.Hosting.Internal.WebHost|Request finished in 322.1576ms 200 application/javascript
2020-04-30 16:30:23.5185|INFO|Microsoft.AspNetCore.StaticFiles.StaticFileMiddleware|Sending file. Request path: '/frontpage/styles/scss/styles.css'. Physical path: 'C:\Users\John\source\repos\WedigITCRM\WedigITCRM\wwwroot\frontpage\styles\scss\styles.css'
2020-04-30 16:30:23.5185|INFO|Microsoft.AspNetCore.Hosting.Internal.WebHost|Request finished in 383.4583ms 200 text/css
2020-04-30 16:30:23.6075|INFO|Microsoft.AspNetCore.StaticFiles.StaticFileMiddleware|Sending file. Request path: '/frontpage/img/svgs/tasks.svg'. Physical path: 'C:\Users\John\source\repos\WedigITCRM\WedigITCRM\wwwroot\frontpage\img\svgs\tasks.svg'
2020-04-30 16:30:23.6762|INFO|Microsoft.AspNetCore.Hosting.Internal.WebHost|Request finished in 648.2025ms 200 image/svg+xml
2020-04-30 16:30:29.8000|INFO|Microsoft.EntityFrameworkCore.Database.Command|Executed DbCommand (53ms) [Parameters=[], CommandType='Text', CommandTimeout='30']
SELECT [c].[companyAccountId], [c].[AmountToPayForLicense], [c].[Booking], [c].[CompanyName], [c].[Companyidentifier], [c].[ContactsToDineroLastSynchronizationDate], [c].[ContactsToNyxiumLastSynchronizationDate], [c].[DineroAPIOrganization], [c].[DineroAPIOrganizationKey], [c].[IntegrationDinero], [c].[LogoAttachmentIds], [c].[NyxiumLicenseTypeId], [c].[NyxiumLicenseTypeName], [c].[SalesStatistic], [c].[StockItemsToDineroLastSynchronizationDate], [c].[StockItemsToNyxiumSynchronizationDate], [c].[SubscriptionCRM], [c].[SubscriptionInventory], [c].[SubscriptionProcurement], [c].[SubscriptionVendor], [c].[VendorsItemsToDineroLastSynchronizationDate], [c].[activationDate], [c].[activationKey], [c].[registrationDate], [c].[synchronizeCustomerFromDineroToNyxium], [c].[synchronizeCustomerFromNyxiumToDinero], [c].[synchronizeStockItemFromDineroToNyxium], [c].[synchronizeStockItemFromNyxiumToDinero]
FROM [companyAccounts] AS [c]
2020-04-30 16:30:29.8138|INFO|Microsoft.EntityFrameworkCore.Database.Command|Executed DbCommand (53ms) [Parameters=[], CommandType='Text', CommandTimeout='30']
SELECT [a].[Id], [a].[CompanyId], [a].[CreatedDate], [a].[Date], [a].[Description], [a].[LastEditedDate], [a].[NotificationIsSent], [a].[NotifyOffset], [a].[Subject], [a].[UserId], [a].[companyAccountId], [a].[contactPersonId]
FROM [Activities] AS [a]
2020-04-30 16:30:29.8138|INFO|Microsoft.EntityFrameworkCore.Database.Command|Executed DbCommand (53ms) [Parameters=[], CommandType='Text', CommandTimeout='30']
SELECT [c].[companyAccountId], [c].[AmountToPayForLicense], [c].[Booking], [c].[CompanyName], [c].[Companyidentifier], [c].[ContactsToDineroLastSynchronizationDate], [c].[ContactsToNyxiumLastSynchronizationDate], [c].[DineroAPIOrganization], [c].[DineroAPIOrganizationKey], [c].[IntegrationDinero], [c].[LogoAttachmentIds], [c].[NyxiumLicenseTypeId], [c].[NyxiumLicenseTypeName], [c].[SalesStatistic], [c].[StockItemsToDineroLastSynchronizationDate], [c].[StockItemsToNyxiumSynchronizationDate], [c].[SubscriptionCRM], [c].[SubscriptionInventory], [c].[SubscriptionProcurement], [c].[SubscriptionVendor], [c].[VendorsItemsToDineroLastSynchronizationDate], [c].[activationDate], [c].[activationKey], [c].[registrationDate], [c].[synchronizeCustomerFromDineroToNyxium], [c].[synchronizeCustomerFromNyxiumToDinero], [c].[synchronizeStockItemFromDineroToNyxium], [c].[synchronizeStockItemFromNyxiumToDinero]
FROM [companyAccounts] AS [c]
2020-04-30 16:30:29.9300|INFO|Microsoft.EntityFrameworkCore.Database.Command|Executed DbCommand (172ms) [Parameters=[@__normalizedName_0='?' (Size = 256)], CommandType='Text', CommandTimeout='30']
SELECT TOP(1) [r].[Id], [r].[ConcurrencyStamp], [r].[Name], [r].[NormalizedName]
FROM [AspNetRoles] AS [r]
WHERE [r].[NormalizedName] = @__normalizedName_0
2020-04-30 16:30:30.1086|INFO|Microsoft.EntityFrameworkCore.Database.Command|Executed DbCommand (80ms) [Parameters=[@__normalizedName_0='?' (Size = 256)], CommandType='Text', CommandTimeout='30']
SELECT TOP(1) [r].[Id], [r].[ConcurrencyStamp], [r].[Name], [r].[NormalizedName]
FROM [AspNetRoles] AS [r]
WHERE [r].[NormalizedName] = @__normalizedName_0
2020-04-30 16:30:30.1633|INFO|Microsoft.EntityFrameworkCore.Database.Command|Executed DbCommand (22ms) [Parameters=[@__normalizedUserName_0='?' (Size = 256)], CommandType='Text', CommandTimeout='30']
SELECT TOP(1) [u].[Id], [u].[AccessFailedCount], [u].[ConcurrencyStamp], [u].[Email], [u].[EmailConfirmed], [u].[LockoutEnabled], [u].[LockoutEnd], [u].[NormalizedEmail], [u].[NormalizedUserName], [u].[PasswordHash], [u].[PhoneNumber], [u].[PhoneNumberConfirmed], [u].[SecurityStamp], [u].[TwoFactorEnabled], [u].[UserName]
FROM [AspNetUsers] AS [u]
WHERE [u].[NormalizedUserName] = @__normalizedUserName_0
2020-04-30 16:30:31.8127|ERROR|WedigITCRM.Maintenance.SynchronizeDineroContactsService|Forced error in SynchronizeDineroContactsService
2020-04-30 16:30:31.9657|INFO|Microsoft.EntityFrameworkCore.Database.Command|Executed DbCommand (45ms) [Parameters=[@p27='?' (DbType = Int32), @p0='?' (DbType = Decimal), @p1='?' (DbType = Boolean), @p2='?' (Size = 4000), @p3='?' (Size = 4000), @p4='?' (DbType = DateTime2), @p5='?' (DbType = DateTime2), @p6='?' (Size = 4000), @p7='?' (Size = 4000), @p8='?' (DbType = Boolean), @p9='?' (Size = 4000), @p10='?' (DbType = Int32), @p11='?' (Size = 4000), @p12='?' (DbType = Boolean), @p13='?' (DbType = DateTime2), @p14='?' (DbType = DateTime2), @p15='?' (DbType = Boolean), @p16='?' (DbType = Boolean), @p17='?' (DbType = Boolean), @p18='?' (DbType = Boolean), @p19='?' (DbType = DateTime2), @p20='?' (DbType = DateTime2), @p21='?' (DbType = Guid), @p22='?' (DbType = DateTime2), @p23='?' (DbType = Boolean), @p24='?' (DbType = Boolean), @p25='?' (DbType = Boolean), @p26='?' (DbType = Boolean)], CommandType='Text', CommandTimeout='30']
SET NOCOUNT ON;
UPDATE [companyAccounts] SET [AmountToPayForLicense] = @p0, [Booking] = @p1, [CompanyName] = @p2, [Companyidentifier] = @p3, [ContactsToDineroLastSynchronizationDate] = @p4, [ContactsToNyxiumLastSynchronizationDate] = @p5, [DineroAPIOrganization] = @p6, [DineroAPIOrganizationKey] = @p7, [IntegrationDinero] = @p8, [LogoAttachmentIds] = @p9, [NyxiumLicenseTypeId] = @p10, [NyxiumLicenseTypeName] = @p11, [SalesStatistic] = @p12, [StockItemsToDineroLastSynchronizationDate] = @p13, [StockItemsToNyxiumSynchronizationDate] = @p14, [SubscriptionCRM] = @p15, [SubscriptionInventory] = @p16, [SubscriptionProcurement] = @p17, [SubscriptionVendor] = @p18, [VendorsItemsToDineroLastSynchronizationDate] = @p19, [activationDate] = @p20, [activationKey] = @p21, [registrationDate] = @p22, [synchronizeCustomerFromDineroToNyxium] = @p23, [synchronizeCustomerFromNyxiumToDinero] = @p24, [synchronizeStockItemFromDineroToNyxium] = @p25, [synchronizeStockItemFromNyxiumToDinero] = @p26
WHERE [companyAccountId] = @p27;
SELECT @@ROWCOUNT;
2020-04-30 16:30:32.0563|INFO|Microsoft.EntityFrameworkCore.Database.Command|Executed DbCommand (5ms) [Parameters=[@p27='?' (DbType = Int32), @p0='?' (DbType = Decimal), @p1='?' (DbType = Boolean), @p2='?' (Size = 4000), @p3='?' (Size = 4000), @p4='?' (DbType = DateTime2), @p5='?' (DbType = DateTime2), @p6='?' (Size = 4000), @p7='?' (Size = 4000), @p8='?' (DbType = Boolean), @p9='?' (Size = 4000), @p10='?' (DbType = Int32), @p11='?' (Size = 4000), @p12='?' (DbType = Boolean), @p13='?' (DbType = DateTime2), @p14='?' (DbType = DateTime2), @p15='?' (DbType = Boolean), @p16='?' (DbType = Boolean), @p17='?' (DbType = Boolean), @p18='?' (DbType = Boolean), @p19='?' (DbType = DateTime2), @p20='?' (DbType = DateTime2), @p21='?' (DbType = Guid), @p22='?' (DbType = DateTime2), @p23='?' (DbType = Boolean), @p24='?' (DbType = Boolean), @p25='?' (DbType = Boolean), @p26='?' (DbType = Boolean)], CommandType='Text', CommandTimeout='30']
SET NOCOUNT ON;
UPDATE [companyAccounts] SET [AmountToPayForLicense] = @p0, [Booking] = @p1, [CompanyName] = @p2, [Companyidentifier] = @p3, [ContactsToDineroLastSynchronizationDate] = @p4, [ContactsToNyxiumLastSynchronizationDate] = @p5, [DineroAPIOrganization] = @p6, [DineroAPIOrganizationKey] = @p7, [IntegrationDinero] = @p8, [LogoAttachmentIds] = @p9, [NyxiumLicenseTypeId] = @p10, [NyxiumLicenseTypeName] = @p11, [SalesStatistic] = @p12, [StockItemsToDineroLastSynchronizationDate] = @p13, [StockItemsToNyxiumSynchronizationDate] = @p14, [SubscriptionCRM] = @p15, [SubscriptionInventory] = @p16, [SubscriptionProcurement] = @p17, [SubscriptionVendor] = @p18, [VendorsItemsToDineroLastSynchronizationDate] = @p19, [activationDate] = @p20, [activationKey] = @p21, [registrationDate] = @p22, [synchronizeCustomerFromDineroToNyxium] = @p23, [synchronizeCustomerFromNyxiumToDinero] = @p24, [synchronizeStockItemFromDineroToNyxium] = @p25, [synchronizeStockItemFromNyxiumToDinero] = @p26
WHERE [companyAccountId] = @p27;
SELECT @@ROWCOUNT;
2020-04-30 16:31:15.2049|INFO|Microsoft.EntityFrameworkCore.Infrastructure|Entity Framework Core 2.1.11-servicing-32099 initialized 'AppDbContext' using provider 'Microsoft.EntityFrameworkCore.SqlServer' with options: MaxPoolSize=128 
2020-04-30 16:31:15.2049|INFO|Microsoft.EntityFrameworkCore.Infrastructure|Entity Framework Core 2.1.11-servicing-32099 initialized 'AppDbContext' using provider 'Microsoft.EntityFrameworkCore.SqlServer' with options: MaxPoolSize=128 
2020-04-30 16:31:15.2523|INFO|Microsoft.EntityFrameworkCore.Database.Command|Executed DbCommand (8ms) [Parameters=[], CommandType='Text', CommandTimeout='30']
SELECT [a].[Id], [a].[CompanyId], [a].[CreatedDate], [a].[Date], [a].[Description], [a].[LastEditedDate], [a].[NotificationIsSent], [a].[NotifyOffset], [a].[Subject], [a].[UserId], [a].[companyAccountId], [a].[contactPersonId]
FROM [Activities] AS [a]
2020-04-30 16:31:15.2523|INFO|Microsoft.EntityFrameworkCore.Database.Command|Executed DbCommand (13ms) [Parameters=[@__normalizedName_0='?' (Size = 256)], CommandType='Text', CommandTimeout='30']
SELECT TOP(1) [r].[Id], [r].[ConcurrencyStamp], [r].[Name], [r].[NormalizedName]
FROM [AspNetRoles] AS [r]
WHERE [r].[NormalizedName] = @__normalizedName_0
2020-04-30 16:31:15.2947|INFO|Microsoft.EntityFrameworkCore.Database.Command|Executed DbCommand (3ms) [Parameters=[@__normalizedName_0='?' (Size = 256)], CommandType='Text', CommandTimeout='30']
SELECT TOP(1) [r].[Id], [r].[ConcurrencyStamp], [r].[Name], [r].[NormalizedName]
FROM [AspNetRoles] AS [r]
WHERE [r].[NormalizedName] = @__normalizedName_0
2020-04-30 16:31:15.3108|INFO|Microsoft.EntityFrameworkCore.Database.Command|Executed DbCommand (3ms) [Parameters=[@__normalizedUserName_0='?' (Size = 256)], CommandType='Text', CommandTimeout='30']
SELECT TOP(1) [u].[Id], [u].[AccessFailedCount], [u].[ConcurrencyStamp], [u].[Email], [u].[EmailConfirmed], [u].[LockoutEnabled], [u].[LockoutEnd], [u].[NormalizedEmail], [u].[NormalizedUserName], [u].[PasswordHash], [u].[PhoneNumber], [u].[PhoneNumberConfirmed], [u].[SecurityStamp], [u].[TwoFactorEnabled], [u].[UserName]
FROM [AspNetUsers] AS [u]
WHERE [u].[NormalizedUserName] = @__normalizedUserName_0
2020-04-30 16:31:37.2796|INFO|Microsoft.AspNetCore.Hosting.Internal.WebHost|Request starting HTTP/1.1 GET http://localhost:44395/Account/login  
2020-04-30 16:31:37.3892|INFO|Microsoft.AspNetCore.Mvc.Internal.ControllerActionInvoker|Route matched with {action = "Login", controller = "Account"}. Executing controller action with signature System.Threading.Tasks.Task`1[Microsoft.AspNetCore.Mvc.IActionResult] Login(System.String) on controller WedigITCRM.Controllers.AccountController (WedigITCRM).
2020-04-30 16:31:37.5563|INFO|Microsoft.AspNetCore.Mvc.Internal.ControllerActionInvoker|Executing action method WedigITCRM.Controllers.AccountController.Login (WedigITCRM) - Validation state: Valid
2020-04-30 16:31:37.9891|INFO|Microsoft.AspNetCore.Mvc.Internal.ControllerActionInvoker|Executed action method WedigITCRM.Controllers.AccountController.Login (WedigITCRM), returned result Microsoft.AspNetCore.Mvc.ViewResult in 124.8124ms.
2020-04-30 16:31:38.6378|INFO|Microsoft.AspNetCore.Mvc.ViewFeatures.ViewResultExecutor|Executing ViewResult, running view Login.
2020-04-30 16:31:39.8248|INFO|Microsoft.AspNetCore.Mvc.ViewFeatures.ViewResultExecutor|Executed ViewResult - view Login executed in 1685.3174ms.
2020-04-30 16:31:41.1617|INFO|Microsoft.AspNetCore.Mvc.Internal.ControllerActionInvoker|Executed action WedigITCRM.Controllers.AccountController.Login (WedigITCRM) in 2425.4981ms
2020-04-30 16:31:41.1757|INFO|Microsoft.AspNetCore.Hosting.Internal.WebHost|Request starting HTTP/1.1 GET http://localhost:44395/lib/vendor/font-awesome/css/font-awesome.min.css  
2020-04-30 16:31:41.1981|INFO|Microsoft.AspNetCore.Hosting.Internal.WebHost|Request starting HTTP/1.1 GET http://localhost:44395/CustomJS/locales-all.js  
2020-04-30 16:31:41.2055|INFO|Microsoft.AspNetCore.Hosting.Internal.WebHost|Request starting HTTP/1.1 GET http://localhost:44395/lib/css/style.blue.premium.css  
2020-04-30 16:31:41.2229|INFO|Microsoft.AspNetCore.Hosting.Internal.WebHost|Request finished in 3964.1263ms 200 text/html; charset=utf-8
2020-04-30 16:31:41.2229|INFO|Microsoft.AspNetCore.Hosting.Internal.WebHost|Request starting HTTP/1.1 GET http://localhost:44395/lib/css/editor.dataTables.min.css  
2020-04-30 16:31:41.2579|INFO|Microsoft.AspNetCore.Hosting.Internal.WebHost|Request starting HTTP/1.1 GET http://localhost:44395/lib/css/custom.css  
2020-04-30 16:31:41.2652|INFO|Microsoft.AspNetCore.Hosting.Internal.WebHost|Request starting HTTP/1.1 GET http://localhost:44395/lib/vendor/chart.js/Chart.min.js  
2020-04-30 16:31:41.2841|INFO|Microsoft.AspNetCore.Hosting.Internal.WebHost|Request starting HTTP/1.1 GET http://localhost:44395/CustomJS/UserDataTable.js  
2020-04-30 16:31:41.2841|INFO|Microsoft.AspNetCore.StaticFiles.StaticFileMiddleware|Sending file. Request path: '/lib/css/editor.dataTables.min.css'. Physical path: 'C:\Users\John\source\repos\WedigITCRM\WedigITCRM\wwwroot\lib\css\editor.dataTables.min.css'
2020-04-30 16:31:41.3073|INFO|Microsoft.AspNetCore.StaticFiles.StaticFileMiddleware|Sending file. Request path: '/lib/css/custom.css'. Physical path: 'C:\Users\John\source\repos\WedigITCRM\WedigITCRM\wwwroot\lib\css\custom.css'
2020-04-30 16:31:41.3305|INFO|Microsoft.AspNetCore.Hosting.Internal.WebHost|Request starting HTTP/1.1 GET http://localhost:44395/CustomJS/CompanyDatatable.js  
2020-04-30 16:31:41.5128|INFO|Microsoft.AspNetCore.Hosting.Internal.WebHost|Request starting HTTP/1.1 GET http://localhost:44395/CustomJS/editor.bootstrap4.min.js  
2020-04-30 16:31:41.5337|INFO|Microsoft.AspNetCore.Hosting.Internal.WebHost|Request starting HTTP/1.1 GET http://localhost:44395/Images/connect_logo.png  
2020-04-30 16:31:41.5265|INFO|Microsoft.AspNetCore.Hosting.Internal.WebHost|Request starting HTTP/1.1 GET http://localhost:44395/CustomJS/RoleDatatable.js  
2020-04-30 16:31:41.5568|INFO|Microsoft.AspNetCore.StaticFiles.StaticFileMiddleware|Sending file. Request path: '/CustomJS/editor.bootstrap4.min.js'. Physical path: 'C:\Users\John\source\repos\WedigITCRM\WedigITCRM\wwwroot\CustomJS\editor.bootstrap4.min.js'
2020-04-30 16:31:41.5337|INFO|Microsoft.AspNetCore.Hosting.Internal.WebHost|Request starting HTTP/1.1 GET http://localhost:44395/CustomJS/NoteDatatable.js  
2020-04-30 16:31:41.5568|INFO|Microsoft.AspNetCore.Hosting.Internal.WebHost|Request finished in 164.9047ms 200 text/css
2020-04-30 16:31:41.5639|INFO|Microsoft.AspNetCore.Hosting.Internal.WebHost|Request starting HTTP/1.1 GET http://localhost:44395/CustomJS/DummyDatatable.js  
2020-04-30 16:31:41.5639|INFO|Microsoft.AspNetCore.Hosting.Internal.WebHost|Request finished in 159.6355ms 200 text/css
2020-04-30 16:31:41.5791|INFO|Microsoft.AspNetCore.StaticFiles.StaticFileMiddleware|Sending file. Request path: '/CustomJS/CompanyDatatable.js'. Physical path: 'C:\Users\John\source\repos\WedigITCRM\WedigITCRM\wwwroot\CustomJS\CompanyDatatable.js'
2020-04-30 16:31:41.5791|INFO|Microsoft.AspNetCore.Hosting.Internal.WebHost|Request starting HTTP/1.1 GET http://localhost:44395/lib/vendor/malihu-custom-scrollbar-plugin/jquery.mCustomScrollbar.concat.min.js  
2020-04-30 16:31:41.5791|INFO|Microsoft.AspNetCore.Hosting.Internal.WebHost|Request starting HTTP/1.1 GET http://localhost:44395/CustomJS/ContactPersonDatatable.js  
2020-04-30 16:31:41.6034|INFO|Microsoft.AspNetCore.Hosting.Internal.WebHost|Request finished in 282.9903ms 200 application/javascript
2020-04-30 16:31:41.6154|INFO|Microsoft.AspNetCore.Hosting.Internal.WebHost|Request finished in 373.4421ms 200 application/javascript
2020-04-30 16:31:41.6154|INFO|Microsoft.AspNetCore.Hosting.Internal.WebHost|Request starting HTTP/1.1 GET http://localhost:44395/lib/vendor/database.net-editor/dataTables.editor.js  
2020-04-30 16:31:41.6281|INFO|Microsoft.AspNetCore.StaticFiles.StaticFileMiddleware|Sending file. Request path: '/CustomJS/NoteDatatable.js'. Physical path: 'C:\Users\John\source\repos\WedigITCRM\WedigITCRM\wwwroot\CustomJS\NoteDatatable.js'
2020-04-30 16:31:41.6281|INFO|Microsoft.AspNetCore.StaticFiles.StaticFileMiddleware|Sending file. Request path: '/CustomJS/DummyDatatable.js'. Physical path: 'C:\Users\John\source\repos\WedigITCRM\WedigITCRM\wwwroot\CustomJS\DummyDatatable.js'
2020-04-30 16:31:41.6281|INFO|Microsoft.AspNetCore.Hosting.Internal.WebHost|Request finished in 148.3839ms 200 application/javascript
2020-04-30 16:31:41.6422|INFO|Microsoft.AspNetCore.StaticFiles.StaticFileMiddleware|Sending file. Request path: '/CustomJS/RoleDatatable.js'. Physical path: 'C:\Users\John\source\repos\WedigITCRM\WedigITCRM\wwwroot\CustomJS\RoleDatatable.js'
2020-04-30 16:31:41.6422|INFO|Microsoft.AspNetCore.Hosting.Internal.WebHost|Request finished in 157.3045ms 200 application/javascript
2020-04-30 16:31:41.6575|INFO|Microsoft.AspNetCore.StaticFiles.StaticFileMiddleware|Sending file. Request path: '/lib/vendor/malihu-custom-scrollbar-plugin/jquery.mCustomScrollbar.concat.min.js'. Physical path: 'C:\Users\John\source\repos\WedigITCRM\WedigITCRM\wwwroot\lib\vendor\malihu-custom-scrollbar-plugin\jquery.mCustomScrollbar.concat.min.js'
2020-04-30 16:31:41.6575|INFO|Microsoft.AspNetCore.StaticFiles.StaticFileMiddleware|Sending file. Request path: '/CustomJS/ContactPersonDatatable.js'. Physical path: 'C:\Users\John\source\repos\WedigITCRM\WedigITCRM\wwwroot\CustomJS\ContactPersonDatatable.js'
2020-04-30 16:31:41.6575|INFO|Microsoft.AspNetCore.Hosting.Internal.WebHost|Request finished in 459.908ms 200 application/javascript
2020-04-30 16:31:41.6575|INFO|Microsoft.AspNetCore.Hosting.Internal.WebHost|Request finished in 312.2051ms 200 application/javascript
2020-04-30 16:31:41.6738|INFO|Microsoft.AspNetCore.StaticFiles.StaticFileMiddleware|Sending file. Request path: '/lib/vendor/database.net-editor/dataTables.editor.js'. Physical path: 'C:\Users\John\source\repos\WedigITCRM\WedigITCRM\wwwroot\lib\vendor\database.net-editor\dataTables.editor.js'
2020-04-30 16:31:41.6738|INFO|Microsoft.AspNetCore.StaticFiles.StaticFileMiddleware|Sending file. Request path: '/lib/vendor/font-awesome/css/font-awesome.min.css'. Physical path: 'C:\Users\John\source\repos\WedigITCRM\WedigITCRM\wwwroot\lib\vendor\font-awesome\css\font-awesome.min.css'
2020-04-30 16:31:41.6738|INFO|Microsoft.AspNetCore.Hosting.Internal.WebHost|Request finished in 466.6721ms 200 application/javascript
2020-04-30 16:31:41.6738|INFO|Microsoft.AspNetCore.Hosting.Internal.WebHost|Request starting HTTP/1.1 GET http://localhost:44395/CustomJS/moment.js  
2020-04-30 16:31:41.6906|INFO|Microsoft.AspNetCore.Hosting.Internal.WebHost|Request starting HTTP/1.1 GET http://localhost:44395/CustomJS/StockItemDatatable.js  
2020-04-30 16:31:41.6906|INFO|Microsoft.AspNetCore.Hosting.Internal.WebHost|Request finished in 481.0891ms 200 application/javascript
2020-04-30 16:31:41.6906|INFO|Microsoft.AspNetCore.Hosting.Internal.WebHost|Request finished in 526.0153ms 200 text/css
2020-04-30 16:31:41.7098|INFO|Microsoft.AspNetCore.StaticFiles.StaticFileMiddleware|Sending file. Request path: '/CustomJS/locales-all.js'. Physical path: 'C:\Users\John\source\repos\WedigITCRM\WedigITCRM\wwwroot\CustomJS\locales-all.js'
2020-04-30 16:31:41.7098|INFO|Microsoft.AspNetCore.StaticFiles.StaticFileMiddleware|Sending file. Request path: '/CustomJS/StockItemDatatable.js'. Physical path: 'C:\Users\John\source\repos\WedigITCRM\WedigITCRM\wwwroot\CustomJS\StockItemDatatable.js'
2020-04-30 16:31:41.7220|INFO|Microsoft.AspNetCore.Hosting.Internal.WebHost|Request finished in 545.0185ms 200 application/javascript
2020-04-30 16:31:41.7220|INFO|Microsoft.AspNetCore.Hosting.Internal.WebHost|Request finished in 238.0779ms 200 application/javascript
2020-04-30 16:31:41.7220|INFO|Microsoft.AspNetCore.Hosting.Internal.WebHost|Request starting HTTP/1.1 GET http://localhost:44395/CustomJS/VendorDatatable.js  
2020-04-30 16:31:41.7363|INFO|Microsoft.AspNetCore.Hosting.Internal.WebHost|Request starting HTTP/1.1 GET http://localhost:44395/CustomJS/ActivityDatatable.js  
2020-04-30 16:31:41.7363|INFO|Microsoft.AspNetCore.Hosting.Internal.WebHost|Request starting HTTP/1.1 GET http://localhost:44395/CustomJS/ABCStockAnalasysDatatable.js  
2020-04-30 16:31:41.7508|INFO|Microsoft.AspNetCore.StaticFiles.StaticFileMiddleware|Sending file. Request path: '/lib/css/style.blue.premium.css'. Physical path: 'C:\Users\John\source\repos\WedigITCRM\WedigITCRM\wwwroot\lib\css\style.blue.premium.css'
2020-04-30 16:31:41.7508|INFO|Microsoft.AspNetCore.StaticFiles.StaticFileMiddleware|Sending file. Request path: '/CustomJS/UserDataTable.js'. Physical path: 'C:\Users\John\source\repos\WedigITCRM\WedigITCRM\wwwroot\CustomJS\UserDataTable.js'
2020-04-30 16:31:41.7508|INFO|Microsoft.AspNetCore.StaticFiles.StaticFileMiddleware|Sending file. Request path: '/CustomJS/ActivityDatatable.js'. Physical path: 'C:\Users\John\source\repos\WedigITCRM\WedigITCRM\wwwroot\CustomJS\ActivityDatatable.js'
2020-04-30 16:31:41.7508|INFO|Microsoft.AspNetCore.StaticFiles.StaticFileMiddleware|Sending file. Request path: '/CustomJS/ABCStockAnalasysDatatable.js'. Physical path: 'C:\Users\John\source\repos\WedigITCRM\WedigITCRM\wwwroot\CustomJS\ABCStockAnalasysDatatable.js'
2020-04-30 16:31:41.7694|INFO|Microsoft.AspNetCore.StaticFiles.StaticFileMiddleware|Sending file. Request path: '/CustomJS/VendorDatatable.js'. Physical path: 'C:\Users\John\source\repos\WedigITCRM\WedigITCRM\wwwroot\CustomJS\VendorDatatable.js'
2020-04-30 16:31:41.7694|INFO|Microsoft.AspNetCore.Hosting.Internal.WebHost|Request finished in 250.2694ms 200 application/javascript
2020-04-30 16:31:41.7694|INFO|Microsoft.AspNetCore.Hosting.Internal.WebHost|Request finished in 288.341ms 200 application/javascript
2020-04-30 16:31:41.7852|INFO|Microsoft.AspNetCore.Hosting.Internal.WebHost|Request finished in 291.7288ms 200 application/javascript
2020-04-30 16:31:41.7852|INFO|Microsoft.AspNetCore.Hosting.Internal.WebHost|Request finished in 585.6272ms 200 text/css
2020-04-30 16:31:41.7852|INFO|Microsoft.AspNetCore.Hosting.Internal.WebHost|Request finished in 502.248ms 200 application/javascript
2020-04-30 16:31:41.7982|INFO|Microsoft.AspNetCore.Hosting.Internal.WebHost|Request starting HTTP/1.1 GET http://localhost:44395/lib/vendor/jquery-validation/jquery.validate.min.js  
2020-04-30 16:31:41.7982|INFO|Microsoft.AspNetCore.StaticFiles.StaticFileMiddleware|Sending file. Request path: '/lib/vendor/chart.js/Chart.min.js'. Physical path: 'C:\Users\John\source\repos\WedigITCRM\WedigITCRM\wwwroot\lib\vendor\chart.js\Chart.min.js'
2020-04-30 16:31:41.7982|INFO|Microsoft.AspNetCore.Hosting.Internal.WebHost|Request starting HTTP/1.1 GET http://localhost:44395/CustomJS/RolesOnUserDatatable.js  
2020-04-30 16:31:41.8162|INFO|Microsoft.AspNetCore.Hosting.Internal.WebHost|Request finished in 552.4967ms 200 application/javascript
2020-04-30 16:31:41.8162|INFO|Microsoft.AspNetCore.StaticFiles.StaticFileMiddleware|Sending file. Request path: '/lib/vendor/jquery-validation/jquery.validate.min.js'. Physical path: 'C:\Users\John\source\repos\WedigITCRM\WedigITCRM\wwwroot\lib\vendor\jquery-validation\jquery.validate.min.js'
2020-04-30 16:31:41.8282|INFO|Microsoft.AspNetCore.StaticFiles.StaticFileMiddleware|Sending file. Request path: '/Images/connect_logo.png'. Physical path: 'C:\Users\John\source\repos\WedigITCRM\WedigITCRM\wwwroot\Images\connect_logo.png'
2020-04-30 16:31:41.8282|INFO|Microsoft.AspNetCore.Hosting.Internal.WebHost|Request finished in 346.1919ms 200 application/javascript
2020-04-30 16:31:41.8282|INFO|Microsoft.AspNetCore.StaticFiles.StaticFileMiddleware|Sending file. Request path: '/CustomJS/RolesOnUserDatatable.js'. Physical path: 'C:\Users\John\source\repos\WedigITCRM\WedigITCRM\wwwroot\CustomJS\RolesOnUserDatatable.js'
2020-04-30 16:31:41.8282|INFO|Microsoft.AspNetCore.Hosting.Internal.WebHost|Request finished in 349.8382ms 200 image/png
2020-04-30 16:31:41.8475|INFO|Microsoft.AspNetCore.Hosting.Internal.WebHost|Request finished in 313.184ms 200 application/javascript
2020-04-30 16:31:41.8475|INFO|Microsoft.AspNetCore.StaticFiles.StaticFileMiddleware|Sending file. Request path: '/CustomJS/moment.js'. Physical path: 'C:\Users\John\source\repos\WedigITCRM\WedigITCRM\wwwroot\CustomJS\moment.js'
2020-04-30 16:31:41.8635|INFO|Microsoft.AspNetCore.Hosting.Internal.WebHost|Request finished in 635.9662ms 200 application/javascript
2020-04-30 16:31:42.1165|INFO|Microsoft.AspNetCore.Hosting.Internal.WebHost|Request starting HTTP/1.1 GET http://localhost:44395/lib/vendor/font-awesome/fonts/fontawesome-webfont.woff2?v=4.7.0  
2020-04-30 16:31:42.1832|INFO|Microsoft.AspNetCore.StaticFiles.StaticFileMiddleware|Sending file. Request path: '/lib/vendor/font-awesome/fonts/fontawesome-webfont.woff2'. Physical path: 'C:\Users\John\source\repos\WedigITCRM\WedigITCRM\wwwroot\lib\vendor\font-awesome\fonts\fontawesome-webfont.woff2'
2020-04-30 16:31:42.3177|INFO|Microsoft.AspNetCore.Hosting.Internal.WebHost|Request finished in 81.6808ms 200 font/woff2
2020-04-30 16:31:44.0454|INFO|Microsoft.AspNetCore.Hosting.Internal.WebHost|Request starting HTTP/1.1 POST http://localhost:44395/Account/Login application/x-www-form-urlencoded 262
2020-04-30 16:31:44.3809|INFO|Microsoft.AspNetCore.Mvc.Internal.ControllerActionInvoker|Route matched with {action = "Login", controller = "Account"}. Executing controller action with signature System.Threading.Tasks.Task`1[Microsoft.AspNetCore.Mvc.IActionResult] Login(WedigITCRM.ViewControllers.LoginViewModel) on controller WedigITCRM.Controllers.AccountController (WedigITCRM).
2020-04-30 16:31:44.5555|INFO|Microsoft.AspNetCore.Mvc.Internal.ControllerActionInvoker|Executing action method WedigITCRM.Controllers.AccountController.Login (WedigITCRM) - Validation state: Valid
2020-04-30 16:31:44.6231|INFO|Microsoft.EntityFrameworkCore.Infrastructure|Entity Framework Core 2.1.11-servicing-32099 initialized 'AppDbContext' using provider 'Microsoft.EntityFrameworkCore.SqlServer' with options: MaxPoolSize=128 
2020-04-30 16:31:44.6568|INFO|Microsoft.EntityFrameworkCore.Database.Command|Executed DbCommand (9ms) [Parameters=[@__normalizedUserName_0='?' (Size = 256)], CommandType='Text', CommandTimeout='30']
SELECT TOP(1) [u].[Id], [u].[AccessFailedCount], [u].[ConcurrencyStamp], [u].[Email], [u].[EmailConfirmed], [u].[LockoutEnabled], [u].[LockoutEnd], [u].[NormalizedEmail], [u].[NormalizedUserName], [u].[PasswordHash], [u].[PhoneNumber], [u].[PhoneNumberConfirmed], [u].[SecurityStamp], [u].[TwoFactorEnabled], [u].[UserName]
FROM [AspNetUsers] AS [u]
WHERE [u].[NormalizedUserName] = @__normalizedUserName_0
2020-04-30 16:31:45.3407|INFO|Microsoft.EntityFrameworkCore.Database.Command|Executed DbCommand (47ms) [Parameters=[@__user_Id_0='?' (Size = 450)], CommandType='Text', CommandTimeout='30']
SELECT [uc].[Id], [uc].[ClaimType], [uc].[ClaimValue], [uc].[UserId]
FROM [AspNetUserClaims] AS [uc]
WHERE [uc].[UserId] = @__user_Id_0
2020-04-30 16:31:45.5599|INFO|Microsoft.EntityFrameworkCore.Database.Command|Executed DbCommand (6ms) [Parameters=[@__userId_0='?' (Size = 450)], CommandType='Text', CommandTimeout='30']
SELECT [role].[Name]
FROM [AspNetUserRoles] AS [userRole]
INNER JOIN [AspNetRoles] AS [role] ON [userRole].[RoleId] = [role].[Id]
WHERE [userRole].[UserId] = @__userId_0
2020-04-30 16:31:45.6008|INFO|Microsoft.EntityFrameworkCore.Database.Command|Executed DbCommand (6ms) [Parameters=[@__normalizedName_0='?' (Size = 256)], CommandType='Text', CommandTimeout='30']
SELECT TOP(1) [r].[Id], [r].[ConcurrencyStamp], [r].[Name], [r].[NormalizedName]
FROM [AspNetRoles] AS [r]
WHERE [r].[NormalizedName] = @__normalizedName_0
2020-04-30 16:31:45.8124|INFO|Microsoft.EntityFrameworkCore.Database.Command|Executed DbCommand (101ms) [Parameters=[@__role_Id_0='?' (Size = 450)], CommandType='Text', CommandTimeout='30']
SELECT [rc].[ClaimType], [rc].[ClaimValue]
FROM [AspNetRoleClaims] AS [rc]
WHERE [rc].[RoleId] = @__role_Id_0
2020-04-30 16:31:45.9404|INFO|Microsoft.AspNetCore.Authentication.Cookies.CookieAuthenticationHandler|AuthenticationScheme: Identity.Application signed in.
2020-04-30 16:31:47.5343|INFO|Microsoft.EntityFrameworkCore.Database.Command|Executed DbCommand (719ms) [Parameters=[@__normalizedUserName_0='?' (Size = 256)], CommandType='Text', CommandTimeout='30']
SELECT TOP(1) [u].[Id], [u].[AccessFailedCount], [u].[ConcurrencyStamp], [u].[Email], [u].[EmailConfirmed], [u].[LockoutEnabled], [u].[LockoutEnd], [u].[NormalizedEmail], [u].[NormalizedUserName], [u].[PasswordHash], [u].[PhoneNumber], [u].[PhoneNumberConfirmed], [u].[SecurityStamp], [u].[TwoFactorEnabled], [u].[UserName]
FROM [AspNetUsers] AS [u]
WHERE [u].[NormalizedUserName] = @__normalizedUserName_0
2020-04-30 16:31:47.6983|INFO|Microsoft.EntityFrameworkCore.Database.Command|Executed DbCommand (64ms) [Parameters=[], CommandType='Text', CommandTimeout='30']
SELECT [r].[id], [r].[CompanyName], [r].[companyAccount], [r].[user], [r].[userName]
FROM [relateCompanyAccountWithUsers] AS [r]
2020-04-30 16:31:47.8853|INFO|Microsoft.EntityFrameworkCore.Database.Command|Executed DbCommand (10ms) [Parameters=[@__get_Item_0='?' (DbType = Int32)], CommandType='Text', CommandTimeout='30']
SELECT TOP(1) [e].[companyAccountId], [e].[AmountToPayForLicense], [e].[Booking], [e].[CompanyName], [e].[Companyidentifier], [e].[ContactsToDineroLastSynchronizationDate], [e].[ContactsToNyxiumLastSynchronizationDate], [e].[DineroAPIOrganization], [e].[DineroAPIOrganizationKey], [e].[IntegrationDinero], [e].[LogoAttachmentIds], [e].[NyxiumLicenseTypeId], [e].[NyxiumLicenseTypeName], [e].[SalesStatistic], [e].[StockItemsToDineroLastSynchronizationDate], [e].[StockItemsToNyxiumSynchronizationDate], [e].[SubscriptionCRM], [e].[SubscriptionInventory], [e].[SubscriptionProcurement], [e].[SubscriptionVendor], [e].[VendorsItemsToDineroLastSynchronizationDate], [e].[activationDate], [e].[activationKey], [e].[registrationDate], [e].[synchronizeCustomerFromDineroToNyxium], [e].[synchronizeCustomerFromNyxiumToDinero], [e].[synchronizeStockItemFromDineroToNyxium], [e].[synchronizeStockItemFromNyxiumToDinero]
FROM [companyAccounts] AS [e]
WHERE [e].[companyAccountId] = @__get_Item_0
2020-04-30 16:31:47.9115|INFO|WedigITCRM.Controllers.AccountController|johnpetersen1959@gmail.com has successfully logged in XXXXXX
2020-04-30 16:31:47.9237|INFO|Microsoft.AspNetCore.Mvc.Internal.ControllerActionInvoker|Executed action method WedigITCRM.Controllers.AccountController.Login (WedigITCRM), returned result Microsoft.AspNetCore.Mvc.RedirectToActionResult in 3351.7111ms.
2020-04-30 16:31:47.9405|INFO|Microsoft.AspNetCore.Mvc.RedirectToActionResult|Executing RedirectResult, redirecting to /.
2020-04-30 16:31:47.9405|INFO|Microsoft.AspNetCore.Mvc.Internal.ControllerActionInvoker|Executed action WedigITCRM.Controllers.AccountController.Login (WedigITCRM) in 3563.1239ms
2020-04-30 16:31:47.9613|INFO|Microsoft.AspNetCore.Hosting.Internal.WebHost|Request finished in 4033.5874ms 302 
2020-04-30 16:31:47.9613|INFO|Microsoft.AspNetCore.Hosting.Internal.WebHost|Request starting HTTP/1.1 GET http://localhost:44395/  
2020-04-30 16:31:47.9867|INFO|Microsoft.AspNetCore.Mvc.Internal.ControllerActionInvoker|Route matched with {action = "Index", controller = "Home"}. Executing controller action with signature Microsoft.AspNetCore.Mvc.IActionResult Index(WedigITCRM.CompanyAccount) on controller WedigITCRM.Controllers.HomeController (WedigITCRM).
2020-04-30 16:31:47.9867|INFO|Microsoft.EntityFrameworkCore.Database.Command|Executed DbCommand (0ms) [Parameters=[], CommandType='Text', CommandTimeout='30']
SELECT [r].[id], [r].[CompanyName], [r].[companyAccount], [r].[user], [r].[userName]
FROM [relateCompanyAccountWithUsers] AS [r]
2020-04-30 16:31:48.0020|INFO|Microsoft.EntityFrameworkCore.Database.Command|Executed DbCommand (0ms) [Parameters=[@__get_Item_0='?' (DbType = Int32)], CommandType='Text', CommandTimeout='30']
SELECT TOP(1) [e].[companyAccountId], [e].[AmountToPayForLicense], [e].[Booking], [e].[CompanyName], [e].[Companyidentifier], [e].[ContactsToDineroLastSynchronizationDate], [e].[ContactsToNyxiumLastSynchronizationDate], [e].[DineroAPIOrganization], [e].[DineroAPIOrganizationKey], [e].[IntegrationDinero], [e].[LogoAttachmentIds], [e].[NyxiumLicenseTypeId], [e].[NyxiumLicenseTypeName], [e].[SalesStatistic], [e].[StockItemsToDineroLastSynchronizationDate], [e].[StockItemsToNyxiumSynchronizationDate], [e].[SubscriptionCRM], [e].[SubscriptionInventory], [e].[SubscriptionProcurement], [e].[SubscriptionVendor], [e].[VendorsItemsToDineroLastSynchronizationDate], [e].[activationDate], [e].[activationKey], [e].[registrationDate], [e].[synchronizeCustomerFromDineroToNyxium], [e].[synchronizeCustomerFromNyxiumToDinero], [e].[synchronizeStockItemFromDineroToNyxium], [e].[synchronizeStockItemFromNyxiumToDinero]
FROM [companyAccounts] AS [e]
WHERE [e].[companyAccountId] = @__get_Item_0
2020-04-30 16:31:48.0020|INFO|Microsoft.AspNetCore.Mvc.Internal.ControllerActionInvoker|Executing action method WedigITCRM.Controllers.HomeController.Index (WedigITCRM) - Validation state: Valid
2020-04-30 16:31:48.0020|ERROR|WedigITCRM.Controllers.HomeController|Entering index action in home controller
2020-04-30 16:31:48.0194|ERROR|WedigITCRM.Controllers.HomeController|index action in home controller redirecting to Customer controller AllCustomers action
2020-04-30 16:31:48.0194|INFO|Microsoft.AspNetCore.Mvc.Internal.ControllerActionInvoker|Executed action method WedigITCRM.Controllers.HomeController.Index (WedigITCRM), returned result Microsoft.AspNetCore.Mvc.RedirectToActionResult in 12.7938ms.
2020-04-30 16:31:48.0309|INFO|Microsoft.AspNetCore.Mvc.RedirectToActionResult|Executing RedirectResult, redirecting to /Customer/AllCustomers.
2020-04-30 16:31:48.0309|INFO|Microsoft.AspNetCore.Mvc.Internal.ControllerActionInvoker|Executed action WedigITCRM.Controllers.HomeController.Index (WedigITCRM) in 44.0403ms
2020-04-30 16:31:48.0309|INFO|Microsoft.AspNetCore.Hosting.Internal.WebHost|Request finished in 72.6891ms 302 
2020-04-30 16:31:48.0492|INFO|Microsoft.AspNetCore.Hosting.Internal.WebHost|Request starting HTTP/1.1 GET http://localhost:44395/Customer/AllCustomers  
2020-04-30 16:31:48.0492|INFO|Microsoft.AspNetCore.Mvc.Internal.ControllerActionInvoker|Route matched with {action = "AllCustomers", controller = "Customer"}. Executing controller action with signature Microsoft.AspNetCore.Mvc.IActionResult AllCustomers() on controller WedigITCRM.Controllers.CustomerController (WedigITCRM).
2020-04-30 16:31:48.0756|INFO|Microsoft.AspNetCore.Authorization.DefaultAuthorizationService|Authorization was successful.
2020-04-30 16:31:48.0822|INFO|Microsoft.EntityFrameworkCore.Database.Command|Executed DbCommand (0ms) [Parameters=[], CommandType='Text', CommandTimeout='30']
SELECT [r].[id], [r].[CompanyName], [r].[companyAccount], [r].[user], [r].[userName]
FROM [relateCompanyAccountWithUsers] AS [r]
2020-04-30 16:31:48.0822|INFO|Microsoft.EntityFrameworkCore.Database.Command|Executed DbCommand (0ms) [Parameters=[@__get_Item_0='?' (DbType = Int32)], CommandType='Text', CommandTimeout='30']
SELECT TOP(1) [e].[companyAccountId], [e].[AmountToPayForLicense], [e].[Booking], [e].[CompanyName], [e].[Companyidentifier], [e].[ContactsToDineroLastSynchronizationDate], [e].[ContactsToNyxiumLastSynchronizationDate], [e].[DineroAPIOrganization], [e].[DineroAPIOrganizationKey], [e].[IntegrationDinero], [e].[LogoAttachmentIds], [e].[NyxiumLicenseTypeId], [e].[NyxiumLicenseTypeName], [e].[SalesStatistic], [e].[StockItemsToDineroLastSynchronizationDate], [e].[StockItemsToNyxiumSynchronizationDate], [e].[SubscriptionCRM], [e].[SubscriptionInventory], [e].[SubscriptionProcurement], [e].[SubscriptionVendor], [e].[VendorsItemsToDineroLastSynchronizationDate], [e].[activationDate], [e].[activationKey], [e].[registrationDate], [e].[synchronizeCustomerFromDineroToNyxium], [e].[synchronizeCustomerFromNyxiumToDinero], [e].[synchronizeStockItemFromDineroToNyxium], [e].[synchronizeStockItemFromNyxiumToDinero]
FROM [companyAccounts] AS [e]
WHERE [e].[companyAccountId] = @__get_Item_0
2020-04-30 16:31:48.0976|INFO|Microsoft.AspNetCore.Mvc.Internal.ControllerActionInvoker|Executing action method WedigITCRM.Controllers.CustomerController.AllCustomers (WedigITCRM) - Validation state: Valid
2020-04-30 16:31:48.0976|INFO|Microsoft.AspNetCore.Mvc.Internal.ControllerActionInvoker|Executed action method WedigITCRM.Controllers.CustomerController.AllCustomers (WedigITCRM), returned result Microsoft.AspNetCore.Mvc.ViewResult in 0.3556ms.
2020-04-30 16:31:48.1139|INFO|Microsoft.AspNetCore.Mvc.ViewFeatures.ViewResultExecutor|Executing ViewResult, running view AllCustomers.
2020-04-30 16:31:48.1278|INFO|Microsoft.EntityFrameworkCore.Database.Command|Executed DbCommand (0ms) [Parameters=[], CommandType='Text', CommandTimeout='30']
SELECT [r].[id], [r].[CompanyName], [r].[companyAccount], [r].[user], [r].[userName]
FROM [relateCompanyAccountWithUsers] AS [r]
2020-04-30 16:31:49.0548|INFO|Microsoft.AspNetCore.Mvc.ViewFeatures.ViewResultExecutor|Executed ViewResult - view AllCustomers executed in 66.2466ms.
2020-04-30 16:31:49.0722|INFO|Microsoft.AspNetCore.Hosting.Internal.WebHost|Request starting HTTP/1.1 GET http://localhost:44395/Images/virksomheder-icon.png  
2020-04-30 16:31:49.0788|INFO|Microsoft.AspNetCore.Mvc.Internal.ControllerActionInvoker|Executed action WedigITCRM.Controllers.CustomerController.AllCustomers (WedigITCRM) in 998.4048ms
2020-04-30 16:31:49.0788|INFO|Microsoft.AspNetCore.Hosting.Internal.WebHost|Request starting HTTP/1.1 GET http://localhost:44395/Images/aktiviteter-icon.png  
2020-04-30 16:31:49.1130|INFO|Microsoft.AspNetCore.Hosting.Internal.WebHost|Request starting HTTP/1.1 GET http://localhost:44395/Images/support-icon.png  
2020-04-30 16:31:49.1411|INFO|Microsoft.AspNetCore.StaticFiles.StaticFileMiddleware|Sending file. Request path: '/Images/virksomheder-icon.png'. Physical path: 'C:\Users\John\source\repos\WedigITCRM\WedigITCRM\wwwroot\Images\virksomheder-icon.png'
2020-04-30 16:31:49.1721|INFO|Microsoft.AspNetCore.Hosting.Internal.WebHost|Request finished in 1044.6945ms 200 text/html; charset=utf-8
2020-04-30 16:31:49.2172|INFO|Microsoft.AspNetCore.StaticFiles.StaticFileMiddleware|Sending file. Request path: '/Images/aktiviteter-icon.png'. Physical path: 'C:\Users\John\source\repos\WedigITCRM\WedigITCRM\wwwroot\Images\aktiviteter-icon.png'
2020-04-30 16:31:49.2214|INFO|Microsoft.AspNetCore.StaticFiles.StaticFileMiddleware|Sending file. Request path: '/Images/support-icon.png'. Physical path: 'C:\Users\John\source\repos\WedigITCRM\WedigITCRM\wwwroot\Images\support-icon.png'
2020-04-30 16:31:49.2214|INFO|Microsoft.AspNetCore.Hosting.Internal.WebHost|Request finished in 163.0113ms 200 image/png
2020-04-30 16:31:49.2371|INFO|Microsoft.AspNetCore.Hosting.Internal.WebHost|Request finished in 164.463ms 200 image/png
2020-04-30 16:31:49.3809|INFO|Microsoft.AspNetCore.Hosting.Internal.WebHost|Request starting HTTP/1.1 GET http://localhost:44395/Images/booking-icon.png  
2020-04-30 16:31:49.3809|INFO|Microsoft.AspNetCore.Hosting.Internal.WebHost|Request finished in 223.0058ms 200 image/png
2020-04-30 16:31:49.4075|INFO|Microsoft.AspNetCore.Hosting.Internal.WebHost|Request starting HTTP/1.1 GET http://localhost:44395/Images/kontaktpersoner-icon.png  
2020-04-30 16:31:49.4075|INFO|Microsoft.AspNetCore.StaticFiles.StaticFileMiddleware|Sending file. Request path: '/Images/booking-icon.png'. Physical path: 'C:\Users\John\source\repos\WedigITCRM\WedigITCRM\wwwroot\Images\booking-icon.png'
2020-04-30 16:31:49.4335|INFO|Microsoft.AspNetCore.Hosting.Internal.WebHost|Request starting HTTP/1.1 GET http://localhost:44395/Images/varer-icon.png  
2020-04-30 16:31:49.4408|INFO|Microsoft.AspNetCore.Hosting.Internal.WebHost|Request finished in 361.3682ms 200 image/png
2020-04-30 16:31:49.4566|INFO|Microsoft.AspNetCore.Hosting.Internal.WebHost|Request starting HTTP/1.1 GET http://localhost:44395/Customer/getCompanies?_=1588257108609  
2020-04-30 16:31:49.4566|INFO|Microsoft.AspNetCore.StaticFiles.StaticFileMiddleware|Sending file. Request path: '/Images/varer-icon.png'. Physical path: 'C:\Users\John\source\repos\WedigITCRM\WedigITCRM\wwwroot\Images\varer-icon.png'
2020-04-30 16:31:49.4744|INFO|Microsoft.AspNetCore.Mvc.Internal.ControllerActionInvoker|Route matched with {action = "getCompanies", controller = "Customer"}. Executing controller action with signature Microsoft.AspNetCore.Mvc.IActionResult getCompanies(System.String, WedigITCRM.CompanyAccount) on controller WedigITCRM.Controllers.CustomerController (WedigITCRM).
2020-04-30 16:31:49.4744|INFO|Microsoft.AspNetCore.Hosting.Internal.WebHost|Request finished in 408.138ms 200 image/png
2020-04-30 16:31:49.4872|INFO|Microsoft.AspNetCore.Authorization.DefaultAuthorizationService|Authorization was successful.
2020-04-30 16:31:49.4872|INFO|Microsoft.AspNetCore.Hosting.Internal.WebHost|Request starting HTTP/1.1 GET http://localhost:44395/Images/statistik-icon.png  
2020-04-30 16:31:49.5069|INFO|Microsoft.AspNetCore.Hosting.Internal.WebHost|Request starting HTTP/1.1 GET http://localhost:44395/Images/leverandoerer-icon.png  
2020-04-30 16:31:49.5477|INFO|Microsoft.EntityFrameworkCore.Database.Command|Executed DbCommand (7ms) [Parameters=[], CommandType='Text', CommandTimeout='30']
SELECT [r].[id], [r].[CompanyName], [r].[companyAccount], [r].[user], [r].[userName]
FROM [relateCompanyAccountWithUsers] AS [r]
2020-04-30 16:31:49.5683|INFO|Microsoft.AspNetCore.StaticFiles.StaticFileMiddleware|Sending file. Request path: '/Images/kontaktpersoner-icon.png'. Physical path: 'C:\Users\John\source\repos\WedigITCRM\WedigITCRM\wwwroot\Images\kontaktpersoner-icon.png'
2020-04-30 16:31:49.5873|INFO|Microsoft.EntityFrameworkCore.Database.Command|Executed DbCommand (7ms) [Parameters=[@__get_Item_0='?' (DbType = Int32)], CommandType='Text', CommandTimeout='30']
SELECT TOP(1) [e].[companyAccountId], [e].[AmountToPayForLicense], [e].[Booking], [e].[CompanyName], [e].[Companyidentifier], [e].[ContactsToDineroLastSynchronizationDate], [e].[ContactsToNyxiumLastSynchronizationDate], [e].[DineroAPIOrganization], [e].[DineroAPIOrganizationKey], [e].[IntegrationDinero], [e].[LogoAttachmentIds], [e].[NyxiumLicenseTypeId], [e].[NyxiumLicenseTypeName], [e].[SalesStatistic], [e].[StockItemsToDineroLastSynchronizationDate], [e].[StockItemsToNyxiumSynchronizationDate], [e].[SubscriptionCRM], [e].[SubscriptionInventory], [e].[SubscriptionProcurement], [e].[SubscriptionVendor], [e].[VendorsItemsToDineroLastSynchronizationDate], [e].[activationDate], [e].[activationKey], [e].[registrationDate], [e].[synchronizeCustomerFromDineroToNyxium], [e].[synchronizeCustomerFromNyxiumToDinero], [e].[synchronizeStockItemFromDineroToNyxium], [e].[synchronizeStockItemFromNyxiumToDinero]
FROM [companyAccounts] AS [e]
WHERE [e].[companyAccountId] = @__get_Item_0
2020-04-30 16:31:49.5873|INFO|Microsoft.AspNetCore.StaticFiles.StaticFileMiddleware|Sending file. Request path: '/Images/leverandoerer-icon.png'. Physical path: 'C:\Users\John\source\repos\WedigITCRM\WedigITCRM\wwwroot\Images\leverandoerer-icon.png'
2020-04-30 16:31:49.6046|INFO|Microsoft.AspNetCore.Mvc.Internal.ControllerActionInvoker|Executing action method WedigITCRM.Controllers.CustomerController.getCompanies (WedigITCRM) - Validation state: Valid
2020-04-30 16:31:49.6118|INFO|Microsoft.AspNetCore.Hosting.Internal.WebHost|Request finished in 539.447ms 200 image/png
2020-04-30 16:31:49.6118|INFO|Microsoft.AspNetCore.StaticFiles.StaticFileMiddleware|Sending file. Request path: '/Images/statistik-icon.png'. Physical path: 'C:\Users\John\source\repos\WedigITCRM\WedigITCRM\wwwroot\Images\statistik-icon.png'
2020-04-30 16:31:49.6255|INFO|Microsoft.AspNetCore.Hosting.Internal.WebHost|Request finished in 645.9776ms 200 image/png
2020-04-30 16:31:49.6255|INFO|Microsoft.AspNetCore.Hosting.Internal.WebHost|Request finished in 560.5094ms 200 image/png
2020-04-30 16:31:49.6531|INFO|Microsoft.EntityFrameworkCore.Database.Command|Executed DbCommand (3ms) [Parameters=[], CommandType='Text', CommandTimeout='30']
SELECT [c].[Id], [c].[CVRNumber], [c].[City], [c].[CountryCode], [c].[CreatedDate], [c].[DineroGuiD], [c].[Email], [c].[HomePage], [c].[IsPerson], [c].[LastEditedDate], [c].[Name], [c].[PhoneNumber], [c].[SMSverificationCode], [c].[Street], [c].[Zip], [c].[companyAccountId], [c].[postalCodeId]
FROM [Companies] AS [c]
2020-04-30 16:31:49.6902|INFO|Microsoft.AspNetCore.Mvc.Internal.ControllerActionInvoker|Executed action method WedigITCRM.Controllers.CustomerController.getCompanies (WedigITCRM), returned result Microsoft.AspNetCore.Mvc.JsonResult in 76.1844ms.
2020-04-30 16:31:49.6902|INFO|Microsoft.AspNetCore.Mvc.Formatters.Json.Internal.JsonResultExecutor|Executing JsonResult, writing value of type 'System.Collections.Generic.List`1[[WedigITCRM.Controllers.reducedCustomer, WedigITCRM, Version=1.0.0.0, Culture=neutral, PublicKeyToken=null]]'.
2020-04-30 16:31:49.7732|INFO|Microsoft.AspNetCore.Mvc.Internal.ControllerActionInvoker|Executed action WedigITCRM.Controllers.CustomerController.getCompanies (WedigITCRM) in 293.9174ms
2020-04-30 16:31:49.7732|INFO|Microsoft.AspNetCore.Hosting.Internal.WebHost|Request finished in 354.4925ms 200 application/json; charset=utf-8
2020-04-30 16:31:49.8581|INFO|Microsoft.AspNetCore.Hosting.Internal.WebHost|Request starting HTTP/1.1 GET http://localhost:44395/Customer/getZipCodes?term=-1  
2020-04-30 16:31:49.8613|INFO|Microsoft.AspNetCore.Hosting.Internal.WebHost|Request starting HTTP/1.1 GET http://localhost:44395/Customer/getCountries?term=-1  
2020-04-30 16:31:49.8613|INFO|Microsoft.AspNetCore.Mvc.Internal.ControllerActionInvoker|Route matched with {action = "getZipCodes", controller = "Customer"}. Executing controller action with signature Microsoft.AspNetCore.Mvc.IActionResult getZipCodes() on controller WedigITCRM.Controllers.CustomerController (WedigITCRM).
2020-04-30 16:31:49.8771|INFO|Microsoft.AspNetCore.Authorization.DefaultAuthorizationService|Authorization was successful.
2020-04-30 16:31:49.8771|INFO|Microsoft.AspNetCore.Mvc.Internal.ControllerActionInvoker|Route matched with {action = "getCountries", controller = "Customer"}. Executing controller action with signature Microsoft.AspNetCore.Mvc.IActionResult getCountries() on controller WedigITCRM.Controllers.CustomerController (WedigITCRM).
2020-04-30 16:31:49.8905|INFO|Microsoft.AspNetCore.Authorization.DefaultAuthorizationService|Authorization was successful.
2020-04-30 16:31:49.8905|INFO|Microsoft.EntityFrameworkCore.Database.Command|Executed DbCommand (2ms) [Parameters=[], CommandType='Text', CommandTimeout='30']
SELECT [r].[id], [r].[CompanyName], [r].[companyAccount], [r].[user], [r].[userName]
FROM [relateCompanyAccountWithUsers] AS [r]
2020-04-30 16:31:49.8905|INFO|Microsoft.EntityFrameworkCore.Infrastructure|Entity Framework Core 2.1.11-servicing-32099 initialized 'AppDbContext' using provider 'Microsoft.EntityFrameworkCore.SqlServer' with options: MaxPoolSize=128 
2020-04-30 16:31:49.8905|INFO|Microsoft.EntityFrameworkCore.Database.Command|Executed DbCommand (0ms) [Parameters=[@__get_Item_0='?' (DbType = Int32)], CommandType='Text', CommandTimeout='30']
SELECT TOP(1) [e].[companyAccountId], [e].[AmountToPayForLicense], [e].[Booking], [e].[CompanyName], [e].[Companyidentifier], [e].[ContactsToDineroLastSynchronizationDate], [e].[ContactsToNyxiumLastSynchronizationDate], [e].[DineroAPIOrganization], [e].[DineroAPIOrganizationKey], [e].[IntegrationDinero], [e].[LogoAttachmentIds], [e].[NyxiumLicenseTypeId], [e].[NyxiumLicenseTypeName], [e].[SalesStatistic], [e].[StockItemsToDineroLastSynchronizationDate], [e].[StockItemsToNyxiumSynchronizationDate], [e].[SubscriptionCRM], [e].[SubscriptionInventory], [e].[SubscriptionProcurement], [e].[SubscriptionVendor], [e].[VendorsItemsToDineroLastSynchronizationDate], [e].[activationDate], [e].[activationKey], [e].[registrationDate], [e].[synchronizeCustomerFromDineroToNyxium], [e].[synchronizeCustomerFromNyxiumToDinero], [e].[synchronizeStockItemFromDineroToNyxium], [e].[synchronizeStockItemFromNyxiumToDinero]
FROM [companyAccounts] AS [e]
WHERE [e].[companyAccountId] = @__get_Item_0
2020-04-30 16:31:49.8905|INFO|Microsoft.EntityFrameworkCore.Database.Command|Executed DbCommand (0ms) [Parameters=[], CommandType='Text', CommandTimeout='30']
SELECT [r].[id], [r].[CompanyName], [r].[companyAccount], [r].[user], [r].[userName]
FROM [relateCompanyAccountWithUsers] AS [r]
2020-04-30 16:31:49.9113|INFO|Microsoft.AspNetCore.Mvc.Internal.ControllerActionInvoker|Executing action method WedigITCRM.Controllers.CustomerController.getZipCodes (WedigITCRM) - Validation state: Valid
2020-04-30 16:31:49.9601|INFO|Microsoft.EntityFrameworkCore.Database.Command|Executed DbCommand (10ms) [Parameters=[@__get_Item_0='?' (DbType = Int32)], CommandType='Text', CommandTimeout='30']
SELECT TOP(1) [e].[companyAccountId], [e].[AmountToPayForLicense], [e].[Booking], [e].[CompanyName], [e].[Companyidentifier], [e].[ContactsToDineroLastSynchronizationDate], [e].[ContactsToNyxiumLastSynchronizationDate], [e].[DineroAPIOrganization], [e].[DineroAPIOrganizationKey], [e].[IntegrationDinero], [e].[LogoAttachmentIds], [e].[NyxiumLicenseTypeId], [e].[NyxiumLicenseTypeName], [e].[SalesStatistic], [e].[StockItemsToDineroLastSynchronizationDate], [e].[StockItemsToNyxiumSynchronizationDate], [e].[SubscriptionCRM], [e].[SubscriptionInventory], [e].[SubscriptionProcurement], [e].[SubscriptionVendor], [e].[VendorsItemsToDineroLastSynchronizationDate], [e].[activationDate], [e].[activationKey], [e].[registrationDate], [e].[synchronizeCustomerFromDineroToNyxium], [e].[synchronizeCustomerFromNyxiumToDinero], [e].[synchronizeStockItemFromDineroToNyxium], [e].[synchronizeStockItemFromNyxiumToDinero]
FROM [companyAccounts] AS [e]
WHERE [e].[companyAccountId] = @__get_Item_0
2020-04-30 16:31:49.9687|INFO|Microsoft.AspNetCore.Mvc.Internal.ControllerActionInvoker|Executing action method WedigITCRM.Controllers.CustomerController.getCountries (WedigITCRM) - Validation state: Valid
2020-04-30 16:31:49.9687|INFO|Microsoft.EntityFrameworkCore.Database.Command|Executed DbCommand (9ms) [Parameters=[], CommandType='Text', CommandTimeout='30']
SELECT [p].[Id], [p].[City], [p].[Zip]
FROM [postnumre] AS [p]
2020-04-30 16:31:50.0203|INFO|Microsoft.EntityFrameworkCore.Database.Command|Executed DbCommand (3ms) [Parameters=[], CommandType='Text', CommandTimeout='30']
SELECT [c].[Id], [c].[CountryCode], [c].[CountryName]
FROM [Countries] AS [c]
2020-04-30 16:31:50.0203|INFO|Microsoft.AspNetCore.Mvc.Internal.ControllerActionInvoker|Executed action method WedigITCRM.Controllers.CustomerController.getZipCodes (WedigITCRM), returned result Microsoft.AspNetCore.Mvc.JsonResult in 110.9187ms.
2020-04-30 16:31:50.0319|INFO|Microsoft.AspNetCore.Mvc.Formatters.Json.Internal.JsonResultExecutor|Executing JsonResult, writing value of type 'System.Collections.Generic.Dictionary`2[[System.String, System.Private.CoreLib, Version=4.0.0.0, Culture=neutral, PublicKeyToken=7cec85d7bea7798e],[System.String, System.Private.CoreLib, Version=4.0.0.0, Culture=neutral, PublicKeyToken=7cec85d7bea7798e]]'.
2020-04-30 16:31:50.0319|INFO|Microsoft.AspNetCore.Mvc.Internal.ControllerActionInvoker|Executed action method WedigITCRM.Controllers.CustomerController.getCountries (WedigITCRM), returned result Microsoft.AspNetCore.Mvc.JsonResult in 66.6098ms.
2020-04-30 16:31:50.0319|INFO|Microsoft.AspNetCore.Mvc.Formatters.Json.Internal.JsonResultExecutor|Executing JsonResult, writing value of type 'System.Collections.Generic.Dictionary`2[[System.String, System.Private.CoreLib, Version=4.0.0.0, Culture=neutral, PublicKeyToken=7cec85d7bea7798e],[System.String, System.Private.CoreLib, Version=4.0.0.0, Culture=neutral, PublicKeyToken=7cec85d7bea7798e]]'.
2020-04-30 16:31:50.0660|INFO|Microsoft.AspNetCore.Mvc.Internal.ControllerActionInvoker|Executed action WedigITCRM.Controllers.CustomerController.getCountries (WedigITCRM) in 165.8323ms
2020-04-30 16:31:50.0660|INFO|Microsoft.AspNetCore.Mvc.Internal.ControllerActionInvoker|Executed action WedigITCRM.Controllers.CustomerController.getZipCodes (WedigITCRM) in 186.6436ms
2020-04-30 16:31:50.0794|INFO|Microsoft.AspNetCore.Hosting.Internal.WebHost|Request finished in 219.7166ms 200 application/json; charset=utf-8
2020-04-30 16:31:50.1057|INFO|Microsoft.AspNetCore.Hosting.Internal.WebHost|Request finished in 222.7761ms 200 application/json; charset=utf-8
2020-04-30 16:31:50.2076|INFO|Microsoft.AspNetCore.Hosting.Internal.WebHost|Request starting HTTP/1.1 POST http://localhost:44395/Customer/getCityByZipCode application/json 200
2020-04-30 16:31:50.2076|INFO|Microsoft.AspNetCore.Mvc.Internal.ControllerActionInvoker|Route matched with {action = "getCityByZipCode", controller = "Customer"}. Executing controller action with signature Microsoft.AspNetCore.Mvc.IActionResult getCityByZipCode(WedigITCRM.Controllers.CompanyInputPostModel) on controller WedigITCRM.Controllers.CustomerController (WedigITCRM).
2020-04-30 16:31:50.2076|INFO|Microsoft.AspNetCore.Authorization.DefaultAuthorizationService|Authorization was successful.
2020-04-30 16:31:50.2438|INFO|Microsoft.EntityFrameworkCore.Database.Command|Executed DbCommand (0ms) [Parameters=[], CommandType='Text', CommandTimeout='30']
SELECT [r].[id], [r].[CompanyName], [r].[companyAccount], [r].[user], [r].[userName]
FROM [relateCompanyAccountWithUsers] AS [r]
2020-04-30 16:31:50.2438|INFO|Microsoft.EntityFrameworkCore.Database.Command|Executed DbCommand (0ms) [Parameters=[@__get_Item_0='?' (DbType = Int32)], CommandType='Text', CommandTimeout='30']
SELECT TOP(1) [e].[companyAccountId], [e].[AmountToPayForLicense], [e].[Booking], [e].[CompanyName], [e].[Companyidentifier], [e].[ContactsToDineroLastSynchronizationDate], [e].[ContactsToNyxiumLastSynchronizationDate], [e].[DineroAPIOrganization], [e].[DineroAPIOrganizationKey], [e].[IntegrationDinero], [e].[LogoAttachmentIds], [e].[NyxiumLicenseTypeId], [e].[NyxiumLicenseTypeName], [e].[SalesStatistic], [e].[StockItemsToDineroLastSynchronizationDate], [e].[StockItemsToNyxiumSynchronizationDate], [e].[SubscriptionCRM], [e].[SubscriptionInventory], [e].[SubscriptionProcurement], [e].[SubscriptionVendor], [e].[VendorsItemsToDineroLastSynchronizationDate], [e].[activationDate], [e].[activationKey], [e].[registrationDate], [e].[synchronizeCustomerFromDineroToNyxium], [e].[synchronizeCustomerFromNyxiumToDinero], [e].[synchronizeStockItemFromDineroToNyxium], [e].[synchronizeStockItemFromNyxiumToDinero]
FROM [companyAccounts] AS [e]
WHERE [e].[companyAccountId] = @__get_Item_0
2020-04-30 16:31:50.2571|INFO|Microsoft.AspNetCore.Mvc.Internal.ControllerActionInvoker|Executing action method WedigITCRM.Controllers.CustomerController.getCityByZipCode (WedigITCRM) - Validation state: Valid
2020-04-30 16:31:50.2571|INFO|Microsoft.EntityFrameworkCore.Database.Command|Executed DbCommand (1ms) [Parameters=[], CommandType='Text', CommandTimeout='30']
SELECT [p].[Id], [p].[City], [p].[Zip]
FROM [postnumre] AS [p]
2020-04-30 16:31:50.2786|INFO|Microsoft.AspNetCore.Mvc.Internal.ControllerActionInvoker|Executed action method WedigITCRM.Controllers.CustomerController.getCityByZipCode (WedigITCRM), returned result Microsoft.AspNetCore.Mvc.JsonResult in 16.5311ms.
2020-04-30 16:31:50.2834|INFO|Microsoft.AspNetCore.Mvc.Formatters.Json.Internal.JsonResultExecutor|Executing JsonResult, writing value of type 'WedigITCRM.Controllers.CompanyInputPostModel'.
2020-04-30 16:31:50.2834|INFO|Microsoft.AspNetCore.Mvc.Internal.ControllerActionInvoker|Executed action WedigITCRM.Controllers.CustomerController.getCityByZipCode (WedigITCRM) in 72.8774ms
2020-04-30 16:31:50.2984|INFO|Microsoft.AspNetCore.Hosting.Internal.WebHost|Request finished in 89.2626ms 200 application/json; charset=utf-8
2020-04-30 16:31:52.0245|INFO|Microsoft.AspNetCore.Hosting.Internal.WebHost|Request starting HTTP/1.1 GET http://localhost:44395/vendor/AllVendors  
2020-04-30 16:31:52.0421|INFO|Microsoft.AspNetCore.Mvc.Internal.ControllerActionInvoker|Route matched with {action = "AllVendors", controller = "Vendor"}. Executing controller action with signature Microsoft.AspNetCore.Mvc.IActionResult AllVendors() on controller WedigITCRM.Controllers.VendorController (WedigITCRM).
2020-04-30 16:31:52.0596|INFO|Microsoft.AspNetCore.Authorization.DefaultAuthorizationService|Authorization was successful.
2020-04-30 16:31:52.0798|INFO|Microsoft.EntityFrameworkCore.Database.Command|Executed DbCommand (0ms) [Parameters=[], CommandType='Text', CommandTimeout='30']
SELECT [r].[id], [r].[CompanyName], [r].[companyAccount], [r].[user], [r].[userName]
FROM [relateCompanyAccountWithUsers] AS [r]
2020-04-30 16:31:52.2438|INFO|Microsoft.EntityFrameworkCore.Database.Command|Executed DbCommand (4ms) [Parameters=[@__get_Item_0='?' (DbType = Int32)], CommandType='Text', CommandTimeout='30']
SELECT TOP(1) [e].[companyAccountId], [e].[AmountToPayForLicense], [e].[Booking], [e].[CompanyName], [e].[Companyidentifier], [e].[ContactsToDineroLastSynchronizationDate], [e].[ContactsToNyxiumLastSynchronizationDate], [e].[DineroAPIOrganization], [e].[DineroAPIOrganizationKey], [e].[IntegrationDinero], [e].[LogoAttachmentIds], [e].[NyxiumLicenseTypeId], [e].[NyxiumLicenseTypeName], [e].[SalesStatistic], [e].[StockItemsToDineroLastSynchronizationDate], [e].[StockItemsToNyxiumSynchronizationDate], [e].[SubscriptionCRM], [e].[SubscriptionInventory], [e].[SubscriptionProcurement], [e].[SubscriptionVendor], [e].[VendorsItemsToDineroLastSynchronizationDate], [e].[activationDate], [e].[activationKey], [e].[registrationDate], [e].[synchronizeCustomerFromDineroToNyxium], [e].[synchronizeCustomerFromNyxiumToDinero], [e].[synchronizeStockItemFromDineroToNyxium], [e].[synchronizeStockItemFromNyxiumToDinero]
FROM [companyAccounts] AS [e]
WHERE [e].[companyAccountId] = @__get_Item_0
2020-04-30 16:31:52.4323|INFO|Microsoft.AspNetCore.Mvc.Internal.ControllerActionInvoker|Executing action method WedigITCRM.Controllers.VendorController.AllVendors (WedigITCRM) - Validation state: Valid
2020-04-30 16:31:52.4887|INFO|Microsoft.AspNetCore.Mvc.Internal.ControllerActionInvoker|Executed action method WedigITCRM.Controllers.VendorController.AllVendors (WedigITCRM), returned result Microsoft.AspNetCore.Mvc.ViewResult in 3.551ms.
2020-04-30 16:31:52.5447|INFO|Microsoft.AspNetCore.Mvc.ViewFeatures.ViewResultExecutor|Executing ViewResult, running view AllVendors.
2020-04-30 16:31:52.7854|INFO|Microsoft.EntityFrameworkCore.Database.Command|Executed DbCommand (36ms) [Parameters=[], CommandType='Text', CommandTimeout='30']
SELECT [r].[id], [r].[CompanyName], [r].[companyAccount], [r].[user], [r].[userName]
FROM [relateCompanyAccountWithUsers] AS [r]
2020-04-30 16:31:53.4183|INFO|Microsoft.AspNetCore.Mvc.ViewFeatures.ViewResultExecutor|Executed ViewResult - view AllVendors executed in 304.4341ms.
2020-04-30 16:31:54.6630|INFO|Microsoft.AspNetCore.Mvc.Internal.ControllerActionInvoker|Executed action WedigITCRM.Controllers.VendorController.AllVendors (WedigITCRM) in 1373.7428ms
2020-04-30 16:31:54.7126|INFO|Microsoft.AspNetCore.Hosting.Internal.WebHost|Request finished in 2649.1428ms 200 text/html; charset=utf-8
2020-04-30 16:31:55.0312|INFO|Microsoft.AspNetCore.Hosting.Internal.WebHost|Request starting HTTP/1.1 POST http://localhost:44395/Vendor/getVendors  0
2020-04-30 16:31:55.0563|INFO|Microsoft.AspNetCore.Mvc.Internal.ControllerActionInvoker|Route matched with {action = "getVendors", controller = "Vendor"}. Executing controller action with signature Microsoft.AspNetCore.Mvc.IActionResult getVendors(WedigITCRM.CompanyAccount) on controller WedigITCRM.Controllers.VendorController (WedigITCRM).
2020-04-30 16:31:55.1403|INFO|Microsoft.AspNetCore.Authorization.DefaultAuthorizationService|Authorization was successful.
2020-04-30 16:31:55.1403|INFO|Microsoft.EntityFrameworkCore.Database.Command|Executed DbCommand (1ms) [Parameters=[], CommandType='Text', CommandTimeout='30']
SELECT [r].[id], [r].[CompanyName], [r].[companyAccount], [r].[user], [r].[userName]
FROM [relateCompanyAccountWithUsers] AS [r]
2020-04-30 16:31:55.1692|INFO|Microsoft.EntityFrameworkCore.Database.Command|Executed DbCommand (3ms) [Parameters=[@__get_Item_0='?' (DbType = Int32)], CommandType='Text', CommandTimeout='30']
SELECT TOP(1) [e].[companyAccountId], [e].[AmountToPayForLicense], [e].[Booking], [e].[CompanyName], [e].[Companyidentifier], [e].[ContactsToDineroLastSynchronizationDate], [e].[ContactsToNyxiumLastSynchronizationDate], [e].[DineroAPIOrganization], [e].[DineroAPIOrganizationKey], [e].[IntegrationDinero], [e].[LogoAttachmentIds], [e].[NyxiumLicenseTypeId], [e].[NyxiumLicenseTypeName], [e].[SalesStatistic], [e].[StockItemsToDineroLastSynchronizationDate], [e].[StockItemsToNyxiumSynchronizationDate], [e].[SubscriptionCRM], [e].[SubscriptionInventory], [e].[SubscriptionProcurement], [e].[SubscriptionVendor], [e].[VendorsItemsToDineroLastSynchronizationDate], [e].[activationDate], [e].[activationKey], [e].[registrationDate], [e].[synchronizeCustomerFromDineroToNyxium], [e].[synchronizeCustomerFromNyxiumToDinero], [e].[synchronizeStockItemFromDineroToNyxium], [e].[synchronizeStockItemFromNyxiumToDinero]
FROM [companyAccounts] AS [e]
WHERE [e].[companyAccountId] = @__get_Item_0
2020-04-30 16:31:55.1805|INFO|Microsoft.AspNetCore.Mvc.Internal.ControllerActionInvoker|Executing action method WedigITCRM.Controllers.VendorController.getVendors (WedigITCRM) - Validation state: Valid
2020-04-30 16:31:55.2073|INFO|Microsoft.EntityFrameworkCore.Database.Command|Executed DbCommand (2ms) [Parameters=[], CommandType='Text', CommandTimeout='30']
SELECT [v].[Id], [v].[CVRNumber], [v].[City], [v].[CountryCode], [v].[CreatedDate], [v].[DineroGuiD], [v].[HomePage], [v].[LastEditedDate], [v].[Name], [v].[PhoneNumber], [v].[Street], [v].[Zip], [v].[companyAccountId], [v].[postalCodeId]
FROM [Vendors] AS [v]
2020-04-30 16:32:01.3462|INFO|Microsoft.AspNetCore.Mvc.Internal.ControllerActionInvoker|Executed action WedigITCRM.Controllers.VendorController.getVendors (WedigITCRM) in 6283.3831ms
2020-04-30 16:32:01.6125|ERROR|Microsoft.AspNetCore.Diagnostics.ExceptionHandlerMiddleware|An unhandled exception has occurred while executing the request.
2020-04-30 16:32:03.4946|ERROR|WedigITCRM.Startup|{"Type":null,"Title":"Unexpected Error","Status":500,"Detail":"Forced error in Vendor controller\r\n                                         \r\n\r\n                                            at WedigITCRM.Controllers.VendorController.getVendors(CompanyAccount companyAccount) in C:\\Users\\John\\source\\repos\\WedigITCRM\\WedigITCRM\\Controllers\\VendorController.cs:line 72\r\n   at lambda_method(Closure , Object , Object[] )\r\n   at Microsoft.Extensions.Internal.ObjectMethodExecutor.Execute(Object target, Object[] parameters)\r\n   at Microsoft.AspNetCore.Mvc.Internal.ActionMethodExecutor.SyncActionResultExecutor.Execute(IActionResultTypeMapper mapper, ObjectMethodExecutor executor, Object controller, Object[] arguments)\r\n   at Microsoft.AspNetCore.Mvc.Internal.ControllerActionInvoker.InvokeActionMethodAsync()\r\n   at Microsoft.AspNetCore.Mvc.Internal.ControllerActionInvoker.InvokeNextActionFilterAsync()\r\n   at Microsoft.AspNetCore.Mvc.Internal.ControllerActionInvoker.Rethrow(ActionExecutedContext context)\r\n   at Microsoft.AspNetCore.Mvc.Internal.ControllerActionInvoker.Next(State& next, Scope& scope, Object& state, Boolean& isCompleted)\r\n   at Microsoft.AspNetCore.Mvc.Internal.ControllerActionInvoker.InvokeInnerFilterAsync()\r\n   at Microsoft.AspNetCore.Mvc.Internal.ResourceInvoker.InvokeNextResourceFilter()\r\n   at Microsoft.AspNetCore.Mvc.Internal.ResourceInvoker.Rethrow(ResourceExecutedContext context)\r\n   at Microsoft.AspNetCore.Mvc.Internal.ResourceInvoker.Next(State& next, Scope& scope, Object& state, Boolean& isCompleted)\r\n   at Microsoft.AspNetCore.Mvc.Internal.ResourceInvoker.InvokeFilterPipelineAsync()\r\n   at Microsoft.AspNetCore.Mvc.Internal.ResourceInvoker.InvokeAsync()\r\n   at Microsoft.AspNetCore.Builder.RouterMiddleware.Invoke(HttpContext httpContext)\r\n   at Microsoft.AspNetCore.Authentication.AuthenticationMiddleware.Invoke(HttpContext context)\r\n   at Microsoft.AspNetCore.StaticFiles.StaticFileMiddleware.Invoke(HttpContext context)\r\n   at Microsoft.AspNetCore.Diagnostics.ExceptionHandlerMiddleware.Invoke(HttpContext context)","Instance":"0638f341-9233-45ef-b6d0-8806c30a32ad"}
2020-04-30 16:32:03.5174|INFO|Microsoft.AspNetCore.Hosting.Internal.WebHost|Request finished in 8481.6672ms 500 application/json; charset=utf-8
2020-04-30 16:32:15.1857|INFO|Microsoft.EntityFrameworkCore.Database.Command|Executed DbCommand (1ms) [Parameters=[], CommandType='Text', CommandTimeout='30']
SELECT [a].[Id], [a].[CompanyId], [a].[CreatedDate], [a].[Date], [a].[Description], [a].[LastEditedDate], [a].[NotificationIsSent], [a].[NotifyOffset], [a].[Subject], [a].[UserId], [a].[companyAccountId], [a].[contactPersonId]
FROM [Activities] AS [a]
2020-04-30 16:32:15.1900|INFO|Microsoft.EntityFrameworkCore.Database.Command|Executed DbCommand (4ms) [Parameters=[@__normalizedName_0='?' (Size = 256)], CommandType='Text', CommandTimeout='30']
SELECT TOP(1) [r].[Id], [r].[ConcurrencyStamp], [r].[Name], [r].[NormalizedName]
FROM [AspNetRoles] AS [r]
WHERE [r].[NormalizedName] = @__normalizedName_0
2020-04-30 16:32:15.1900|INFO|Microsoft.EntityFrameworkCore.Database.Command|Executed DbCommand (3ms) [Parameters=[@__normalizedName_0='?' (Size = 256)], CommandType='Text', CommandTimeout='30']
SELECT TOP(1) [r].[Id], [r].[ConcurrencyStamp], [r].[Name], [r].[NormalizedName]
FROM [AspNetRoles] AS [r]
WHERE [r].[NormalizedName] = @__normalizedName_0
2020-04-30 16:32:15.2101|INFO|Microsoft.EntityFrameworkCore.Database.Command|Executed DbCommand (2ms) [Parameters=[@__normalizedUserName_0='?' (Size = 256)], CommandType='Text', CommandTimeout='30']
SELECT TOP(1) [u].[Id], [u].[AccessFailedCount], [u].[ConcurrencyStamp], [u].[Email], [u].[EmailConfirmed], [u].[LockoutEnabled], [u].[LockoutEnd], [u].[NormalizedEmail], [u].[NormalizedUserName], [u].[PasswordHash], [u].[PhoneNumber], [u].[PhoneNumberConfirmed], [u].[SecurityStamp], [u].[TwoFactorEnabled], [u].[UserName]
FROM [AspNetUsers] AS [u]
WHERE [u].[NormalizedUserName] = @__normalizedUserName_0
