2021-03-18 02:01:12.5683|ERROR|WedigITCRM.Startup|start of ConfigureServices
2021-03-18 02:01:13.7209|ERROR|WedigITCRM.Startup|end of ConfigureServices
2021-03-18 02:01:13.8164|ERROR|WedigITCRM.Startup|start of Configure method
2021-03-18 02:01:14.5992|ERROR|WedigITCRM.Startup|end of Configure method
2021-03-18 02:01:16.5682|ERROR|WedigITCRM.Controllers.HomeController|Entering index action in home controller
2021-03-18 02:02:45.6075|ERROR|WedigITCRM.Controllers.HomeController|Entering index action in home controller
2021-03-18 02:05:55.8970|ERROR|WedigITCRM.Startup|start of ConfigureServices
2021-03-18 02:05:58.7486|ERROR|WedigITCRM.Startup|end of ConfigureServices
2021-03-18 02:05:58.9234|ERROR|WedigITCRM.Startup|start of Configure method
2021-03-18 02:05:59.6939|ERROR|WedigITCRM.Startup|end of Configure method
2021-03-18 02:06:02.2169|ERROR|WedigITCRM.Controllers.HomeController|Entering index action in home controller
2021-03-18 02:06:49.1529|ERROR|WedigITCRM.Controllers.HomeController|Entering index action in home controller
2021-03-18 02:06:54.9972|ERROR|WedigITCRM.Controllers.HomeController|Entering index action in home controller
2021-03-18 02:06:55.0146|ERROR|WedigITCRM.Controllers.HomeController|index action in home controller redirecting to Customer controller AllCustomers action
2021-03-18 02:11:57.1929|ERROR|WedigITCRM.Controllers.HomeController|Entering index action in home controller
2021-03-18 02:23:11.1293|ERROR|WedigITCRM.Controllers.HomeController|Entering index action in home controller
2021-03-18 02:24:12.5965|ERROR|WedigITCRM.Controllers.HomeController|Entering index action in home controller
2021-03-18 02:44:34.1924|ERROR|WedigITCRM.Startup|start of ConfigureServices
2021-03-18 02:44:36.6299|ERROR|WedigITCRM.Startup|end of ConfigureServices
2021-03-18 02:44:36.7917|ERROR|WedigITCRM.Startup|start of Configure method
2021-03-18 02:44:38.0128|ERROR|WedigITCRM.Startup|end of Configure method
2021-03-18 02:44:41.9078|ERROR|WedigITCRM.Controllers.HomeController|Entering index action in home controller
2021-03-18 16:18:22.7571|ERROR|WedigITCRM.Startup|start of ConfigureServices
2021-03-18 16:18:23.2613|ERROR|WedigITCRM.Startup|end of ConfigureServices
2021-03-18 16:27:53.0664|ERROR|WedigITCRM.Startup|start of ConfigureServices
2021-03-18 16:27:53.9650|ERROR|WedigITCRM.Startup|end of ConfigureServices
2021-03-18 18:30:26.9925|ERROR|WedigITCRM.Startup|start of ConfigureServices
2021-03-18 18:30:30.8424|ERROR|WedigITCRM.Startup|end of ConfigureServices
2021-03-18 18:30:30.9744|ERROR|WedigITCRM.Startup|start of Configure method
2021-03-18 18:30:32.2417|ERROR|WedigITCRM.Startup|end of Configure method
2021-03-18 18:30:37.7581|ERROR|WedigITCRM.Controllers.HomeController|Entering index action in home controller
2021-03-18 18:30:50.4441|ERROR|Microsoft.EntityFrameworkCore.Database.Connection|An error occurred using the connection to database 'WedigitCRMDB' on server '(localdb)\MSSQLLocalDB'.
2021-03-18 18:30:50.4536|ERROR|Microsoft.EntityFrameworkCore.Database.Connection|An error occurred using the connection to database 'WedigitCRMDB' on server '(localdb)\MSSQLLocalDB'.
2021-03-18 18:30:50.4627|ERROR|Microsoft.EntityFrameworkCore.Database.Connection|An error occurred using the connection to database 'WedigitCRMDB' on server '(localdb)\MSSQLLocalDB'.
2021-03-18 18:30:50.7422|ERROR|Microsoft.EntityFrameworkCore.Query|An exception occurred while iterating over the results of a query for context type 'WedigITCRM.AppDbContext'.
System.InvalidOperationException: Timeout expired.  The timeout period elapsed prior to obtaining a connection from the pool.  This may have occurred because all pooled connections were in use and max pool size was reached.
   at Microsoft.Data.ProviderBase.DbConnectionFactory.TryGetConnection(DbConnection owningConnection, TaskCompletionSource`1 retry, DbConnectionOptions userOptions, DbConnectionInternal oldConnection, DbConnectionInternal& connection)
   at Microsoft.Data.ProviderBase.DbConnectionInternal.TryOpenConnectionInternal(DbConnection outerConnection, DbConnectionFactory connectionFactory, TaskCompletionSource`1 retry, DbConnectionOptions userOptions)
   at Microsoft.Data.ProviderBase.DbConnectionClosed.TryOpenConnection(DbConnection outerConnection, DbConnectionFactory connectionFactory, TaskCompletionSource`1 retry, DbConnectionOptions userOptions)
   at Microsoft.Data.SqlClient.SqlConnection.TryOpen(TaskCompletionSource`1 retry, SqlConnectionOverrides overrides)
   at Microsoft.Data.SqlClient.SqlConnection.Open(SqlConnectionOverrides overrides)
   at Microsoft.Data.SqlClient.SqlConnection.Open()
   at Microsoft.EntityFrameworkCore.SqlServer.Storage.Internal.SqlServerConnection.OpenDbConnection(Boolean errorsExpected)
   at Microsoft.EntityFrameworkCore.Storage.RelationalConnection.OpenInternal(Boolean errorsExpected)
   at Microsoft.EntityFrameworkCore.Storage.RelationalConnection.Open(Boolean errorsExpected)
   at Microsoft.EntityFrameworkCore.Storage.RelationalCommand.ExecuteReader(RelationalCommandParameterObject parameterObject)
   at Microsoft.EntityFrameworkCore.Query.Internal.SingleQueryingEnumerable`1.Enumerator.InitializeReader(DbContext _, Boolean result)
   at Microsoft.EntityFrameworkCore.SqlServer.Storage.Internal.SqlServerExecutionStrategy.Execute[TState,TResult](TState state, Func`3 operation, Func`3 verifySucceeded)
   at Microsoft.EntityFrameworkCore.Query.Internal.SingleQueryingEnumerable`1.Enumerator.MoveNext()
2021-03-18 18:30:50.7422|ERROR|Microsoft.EntityFrameworkCore.Query|An exception occurred while iterating over the results of a query for context type 'WedigITCRM.AppDbContext'.
System.InvalidOperationException: Timeout expired.  The timeout period elapsed prior to obtaining a connection from the pool.  This may have occurred because all pooled connections were in use and max pool size was reached.
   at Microsoft.Data.Common.ADP.ExceptionWithStackTrace(Exception e)
--- End of stack trace from previous location ---
   at Microsoft.EntityFrameworkCore.Storage.RelationalConnection.OpenInternalAsync(Boolean errorsExpected, CancellationToken cancellationToken)
   at Microsoft.EntityFrameworkCore.Storage.RelationalConnection.OpenInternalAsync(Boolean errorsExpected, CancellationToken cancellationToken)
   at Microsoft.EntityFrameworkCore.Storage.RelationalConnection.OpenAsync(CancellationToken cancellationToken, Boolean errorsExpected)
   at Microsoft.EntityFrameworkCore.Storage.RelationalCommand.ExecuteReaderAsync(RelationalCommandParameterObject parameterObject, CancellationToken cancellationToken)
   at Microsoft.EntityFrameworkCore.Query.Internal.SingleQueryingEnumerable`1.AsyncEnumerator.InitializeReaderAsync(DbContext _, Boolean result, CancellationToken cancellationToken)
   at Microsoft.EntityFrameworkCore.SqlServer.Storage.Internal.SqlServerExecutionStrategy.ExecuteAsync[TState,TResult](TState state, Func`4 operation, Func`4 verifySucceeded, CancellationToken cancellationToken)
   at Microsoft.EntityFrameworkCore.Query.Internal.SingleQueryingEnumerable`1.AsyncEnumerator.MoveNextAsync()
2021-03-18 18:30:50.7422|ERROR|Microsoft.EntityFrameworkCore.Query|An exception occurred while iterating over the results of a query for context type 'WedigITCRM.AppDbContext'.
System.InvalidOperationException: Timeout expired.  The timeout period elapsed prior to obtaining a connection from the pool.  This may have occurred because all pooled connections were in use and max pool size was reached.
   at Microsoft.Data.ProviderBase.DbConnectionFactory.TryGetConnection(DbConnection owningConnection, TaskCompletionSource`1 retry, DbConnectionOptions userOptions, DbConnectionInternal oldConnection, DbConnectionInternal& connection)
   at Microsoft.Data.ProviderBase.DbConnectionInternal.TryOpenConnectionInternal(DbConnection outerConnection, DbConnectionFactory connectionFactory, TaskCompletionSource`1 retry, DbConnectionOptions userOptions)
   at Microsoft.Data.ProviderBase.DbConnectionClosed.TryOpenConnection(DbConnection outerConnection, DbConnectionFactory connectionFactory, TaskCompletionSource`1 retry, DbConnectionOptions userOptions)
   at Microsoft.Data.SqlClient.SqlConnection.TryOpen(TaskCompletionSource`1 retry, SqlConnectionOverrides overrides)
   at Microsoft.Data.SqlClient.SqlConnection.Open(SqlConnectionOverrides overrides)
   at Microsoft.Data.SqlClient.SqlConnection.Open()
   at Microsoft.EntityFrameworkCore.SqlServer.Storage.Internal.SqlServerConnection.OpenDbConnection(Boolean errorsExpected)
   at Microsoft.EntityFrameworkCore.Storage.RelationalConnection.OpenInternal(Boolean errorsExpected)
   at Microsoft.EntityFrameworkCore.Storage.RelationalConnection.Open(Boolean errorsExpected)
   at Microsoft.EntityFrameworkCore.Storage.RelationalCommand.ExecuteReader(RelationalCommandParameterObject parameterObject)
   at Microsoft.EntityFrameworkCore.Query.Internal.SingleQueryingEnumerable`1.Enumerator.InitializeReader(DbContext _, Boolean result)
   at Microsoft.EntityFrameworkCore.SqlServer.Storage.Internal.SqlServerExecutionStrategy.Execute[TState,TResult](TState state, Func`3 operation, Func`3 verifySucceeded)
   at Microsoft.EntityFrameworkCore.Query.Internal.SingleQueryingEnumerable`1.Enumerator.MoveNext()
2021-03-18 18:30:50.9316|ERROR|WedigITCRM.Maintenance.SynchronizeDineroStockItems|Timeout expired.  The timeout period elapsed prior to obtaining a connection from the pool.  This may have occurred because all pooled connections were in use and max pool size was reached.
2021-03-18 18:30:51.0502|ERROR|WedigITCRM.Maintenance.SendActivitiesNotificationsservice|Timeout expired.  The timeout period elapsed prior to obtaining a connection from the pool.  This may have occurred because all pooled connections were in use and max pool size was reached.
2021-03-18 18:30:51.0696|ERROR|WedigITCRM.Maintenance.SetSuperAdministrator|One or more errors occurred. (Timeout expired.  The timeout period elapsed prior to obtaining a connection from the pool.  This may have occurred because all pooled connections were in use and max pool size was reached.)
2021-03-18 18:32:44.2167|ERROR|WedigITCRM.Startup|start of ConfigureServices
2021-03-18 18:32:45.1404|ERROR|WedigITCRM.Startup|end of ConfigureServices
2021-03-18 18:32:45.2577|ERROR|WedigITCRM.Startup|start of Configure method
2021-03-18 18:32:47.1651|ERROR|WedigITCRM.Startup|end of Configure method
2021-03-18 18:32:56.1796|ERROR|WedigITCRM.Controllers.HomeController|Entering index action in home controller
2021-03-18 18:33:49.5817|ERROR|WedigITCRM.Controllers.HomeController|Entering index action in home controller
2021-03-18 18:33:49.6205|ERROR|WedigITCRM.Controllers.HomeController|index action in home controller redirecting to Customer controller AllCustomers action
2021-03-18 18:34:18.5503|ERROR|WedigITCRM.Controllers.HomeController|Entering index action in home controller
2021-03-18 18:37:24.7439|ERROR|WedigITCRM.Startup|start of ConfigureServices
2021-03-18 18:37:30.4341|ERROR|WedigITCRM.Startup|end of ConfigureServices
2021-03-18 18:37:30.7574|ERROR|WedigITCRM.Startup|start of Configure method
2021-03-18 18:37:32.1131|ERROR|WedigITCRM.Startup|end of Configure method
2021-03-18 18:37:41.6364|ERROR|WedigITCRM.Controllers.HomeController|Entering index action in home controller
2021-03-18 18:38:01.1081|ERROR|WedigITCRM.Controllers.HomeController|Entering index action in home controller
2021-03-18 18:38:11.3655|ERROR|WedigITCRM.Controllers.HomeController|Entering index action in home controller
2021-03-18 18:38:11.5791|ERROR|WedigITCRM.Controllers.HomeController|index action in home controller redirecting to Customer controller AllCustomers action
2021-03-18 18:38:28.6949|ERROR|WedigITCRM.Controllers.HomeController|Entering index action in home controller
2021-03-18 18:38:28.9042|ERROR|WedigITCRM.Controllers.HomeController|index action in home controller redirecting to Customer controller AllCustomers action
2021-03-18 19:27:45.9786|ERROR|WedigITCRM.Startup|start of ConfigureServices
2021-03-18 19:27:48.2087|ERROR|WedigITCRM.Startup|end of ConfigureServices
2021-03-18 19:27:48.3298|ERROR|WedigITCRM.Startup|start of Configure method
2021-03-18 19:27:49.2266|ERROR|WedigITCRM.Startup|end of Configure method
2021-03-18 19:27:57.5641|ERROR|WedigITCRM.Controllers.HomeController|Entering index action in home controller
2021-03-18 19:27:57.5964|ERROR|WedigITCRM.Controllers.HomeController|index action in home controller redirecting to Customer controller AllCustomers action
2021-03-18 19:28:29.1094|ERROR|WedigITCRM.Controllers.HomeController|Entering index action in home controller
2021-03-18 19:28:29.1311|ERROR|WedigITCRM.Controllers.HomeController|index action in home controller redirecting to Customer controller AllCustomers action
2021-03-18 19:28:33.6222|ERROR|WedigITCRM.Controllers.HomeController|Entering index action in home controller
2021-03-18 19:28:49.5047|ERROR|WedigITCRM.Controllers.HomeController|Entering index action in home controller
2021-03-18 19:30:52.0599|ERROR|WedigITCRM.Startup|start of ConfigureServices
2021-03-18 19:30:52.2464|ERROR|WedigITCRM.Startup|end of ConfigureServices
