2021-03-15 01:26:31.4376|ERROR|WedigITCRM.Startup|start of ConfigureServices
2021-03-15 01:26:31.6588|ERROR|WedigITCRM.Startup|end of ConfigureServices
2021-03-15 01:26:32.7324|WARN|Microsoft.EntityFrameworkCore.Model.Validation|No type was specified for the decimal property 'OurUnitSalesPrice' on entity type 'PurchaseOrderLine'. This will cause values to be silently truncated if they do not fit in the default precision and scale. Explicitly specify the SQL server column type that can accommodate all the values in 'OnModelCreating' using 'HasColumnType()', specify precision and scale using 'HasPrecision()' or configure a value converter using 'HasConversion()'.
2021-03-15 01:26:32.7640|WARN|Microsoft.EntityFrameworkCore.Model.Validation|No type was specified for the decimal property 'QuantityReceivedUntillNow' on entity type 'PurchaseOrderLine'. This will cause values to be silently truncated if they do not fit in the default precision and scale. Explicitly specify the SQL server column type that can accommodate all the values in 'OnModelCreating' using 'HasColumnType()', specify precision and scale using 'HasPrecision()' or configure a value converter using 'HasConversion()'.
2021-03-15 01:26:32.7841|WARN|Microsoft.EntityFrameworkCore.Model.Validation|No type was specified for the decimal property 'NumberInStock' on entity type 'StockItem'. This will cause values to be silently truncated if they do not fit in the default precision and scale. Explicitly specify the SQL server column type that can accommodate all the values in 'OnModelCreating' using 'HasColumnType()', specify precision and scale using 'HasPrecision()' or configure a value converter using 'HasConversion()'.
2021-03-15 01:26:32.9805|INFO|Microsoft.EntityFrameworkCore.Infrastructure|Entity Framework Core 5.0.4 initialized 'AppDbContext' using provider 'Microsoft.EntityFrameworkCore.SqlServer' with options: MaxPoolSize=128 
2021-03-15 01:41:54.2134|ERROR|WedigITCRM.Startup|start of ConfigureServices
2021-03-15 01:41:54.3768|ERROR|WedigITCRM.Startup|end of ConfigureServices
2021-03-15 01:44:21.0412|ERROR|WedigITCRM.Startup|start of ConfigureServices
2021-03-15 01:44:21.2380|ERROR|WedigITCRM.Startup|end of ConfigureServices
2021-03-15 01:44:22.2350|WARN|Microsoft.EntityFrameworkCore.Model.Validation|No type was specified for the decimal property 'OurUnitSalesPrice' on entity type 'PurchaseOrderLine'. This will cause values to be silently truncated if they do not fit in the default precision and scale. Explicitly specify the SQL server column type that can accommodate all the values in 'OnModelCreating' using 'HasColumnType()', specify precision and scale using 'HasPrecision()' or configure a value converter using 'HasConversion()'.
2021-03-15 01:44:22.2673|WARN|Microsoft.EntityFrameworkCore.Model.Validation|No type was specified for the decimal property 'QuantityReceivedUntillNow' on entity type 'PurchaseOrderLine'. This will cause values to be silently truncated if they do not fit in the default precision and scale. Explicitly specify the SQL server column type that can accommodate all the values in 'OnModelCreating' using 'HasColumnType()', specify precision and scale using 'HasPrecision()' or configure a value converter using 'HasConversion()'.
2021-03-15 01:44:22.2895|WARN|Microsoft.EntityFrameworkCore.Model.Validation|No type was specified for the decimal property 'NumberInStock' on entity type 'StockItem'. This will cause values to be silently truncated if they do not fit in the default precision and scale. Explicitly specify the SQL server column type that can accommodate all the values in 'OnModelCreating' using 'HasColumnType()', specify precision and scale using 'HasPrecision()' or configure a value converter using 'HasConversion()'.
2021-03-15 01:44:22.4841|INFO|Microsoft.EntityFrameworkCore.Infrastructure|Entity Framework Core 5.0.4 initialized 'AppDbContext' using provider 'Microsoft.EntityFrameworkCore.SqlServer' with options: MaxPoolSize=128 
2021-03-15 01:47:44.2217|ERROR|WedigITCRM.Startup|start of ConfigureServices
2021-03-15 01:47:44.3918|ERROR|WedigITCRM.Startup|end of ConfigureServices
2021-03-15 01:54:10.7767|ERROR|WedigITCRM.Startup|start of ConfigureServices
2021-03-15 01:54:11.0383|ERROR|WedigITCRM.Startup|end of ConfigureServices
2021-03-15 01:54:12.4568|WARN|Microsoft.EntityFrameworkCore.Model.Validation|No type was specified for the decimal property 'OurUnitSalesPrice' on entity type 'PurchaseOrderLine'. This will cause values to be silently truncated if they do not fit in the default precision and scale. Explicitly specify the SQL server column type that can accommodate all the values in 'OnModelCreating' using 'HasColumnType()', specify precision and scale using 'HasPrecision()' or configure a value converter using 'HasConversion()'.
2021-03-15 01:54:12.4991|WARN|Microsoft.EntityFrameworkCore.Model.Validation|No type was specified for the decimal property 'QuantityReceivedUntillNow' on entity type 'PurchaseOrderLine'. This will cause values to be silently truncated if they do not fit in the default precision and scale. Explicitly specify the SQL server column type that can accommodate all the values in 'OnModelCreating' using 'HasColumnType()', specify precision and scale using 'HasPrecision()' or configure a value converter using 'HasConversion()'.
2021-03-15 01:54:12.5218|WARN|Microsoft.EntityFrameworkCore.Model.Validation|No type was specified for the decimal property 'NumberInStock' on entity type 'StockItem'. This will cause values to be silently truncated if they do not fit in the default precision and scale. Explicitly specify the SQL server column type that can accommodate all the values in 'OnModelCreating' using 'HasColumnType()', specify precision and scale using 'HasPrecision()' or configure a value converter using 'HasConversion()'.
2021-03-15 01:54:12.7484|INFO|Microsoft.EntityFrameworkCore.Infrastructure|Entity Framework Core 5.0.4 initialized 'AppDbContext' using provider 'Microsoft.EntityFrameworkCore.SqlServer' with options: MaxPoolSize=128 
2021-03-15 01:58:25.7672|ERROR|WedigITCRM.Startup|start of ConfigureServices
2021-03-15 01:58:26.0593|ERROR|WedigITCRM.Startup|end of ConfigureServices
2021-03-15 02:00:50.0589|ERROR|WedigITCRM.Startup|start of ConfigureServices
2021-03-15 02:00:50.3057|ERROR|WedigITCRM.Startup|end of ConfigureServices
2021-03-15 02:00:51.5443|WARN|Microsoft.EntityFrameworkCore.Model.Validation|No type was specified for the decimal property 'OurUnitSalesPrice' on entity type 'PurchaseOrderLine'. This will cause values to be silently truncated if they do not fit in the default precision and scale. Explicitly specify the SQL server column type that can accommodate all the values in 'OnModelCreating' using 'HasColumnType()', specify precision and scale using 'HasPrecision()' or configure a value converter using 'HasConversion()'.
2021-03-15 02:00:51.5924|WARN|Microsoft.EntityFrameworkCore.Model.Validation|No type was specified for the decimal property 'QuantityReceivedUntillNow' on entity type 'PurchaseOrderLine'. This will cause values to be silently truncated if they do not fit in the default precision and scale. Explicitly specify the SQL server column type that can accommodate all the values in 'OnModelCreating' using 'HasColumnType()', specify precision and scale using 'HasPrecision()' or configure a value converter using 'HasConversion()'.
2021-03-15 02:00:51.6239|WARN|Microsoft.EntityFrameworkCore.Model.Validation|No type was specified for the decimal property 'NumberInStock' on entity type 'StockItem'. This will cause values to be silently truncated if they do not fit in the default precision and scale. Explicitly specify the SQL server column type that can accommodate all the values in 'OnModelCreating' using 'HasColumnType()', specify precision and scale using 'HasPrecision()' or configure a value converter using 'HasConversion()'.
2021-03-15 02:00:51.9049|INFO|Microsoft.EntityFrameworkCore.Infrastructure|Entity Framework Core 5.0.4 initialized 'AppDbContext' using provider 'Microsoft.EntityFrameworkCore.SqlServer' with options: MaxPoolSize=128 
2021-03-15 02:03:19.9228|ERROR|WedigITCRM.Startup|start of ConfigureServices
2021-03-15 02:03:20.1241|ERROR|WedigITCRM.Startup|end of ConfigureServices
2021-03-15 02:06:08.2709|ERROR|WedigITCRM.Startup|start of ConfigureServices
2021-03-15 02:06:08.4877|ERROR|WedigITCRM.Startup|end of ConfigureServices
2021-03-15 02:06:10.1416|WARN|Microsoft.EntityFrameworkCore.Model.Validation|No type was specified for the decimal property 'OurUnitSalesPrice' on entity type 'PurchaseOrderLine'. This will cause values to be silently truncated if they do not fit in the default precision and scale. Explicitly specify the SQL server column type that can accommodate all the values in 'OnModelCreating' using 'HasColumnType()', specify precision and scale using 'HasPrecision()' or configure a value converter using 'HasConversion()'.
2021-03-15 02:06:10.1895|WARN|Microsoft.EntityFrameworkCore.Model.Validation|No type was specified for the decimal property 'QuantityReceivedUntillNow' on entity type 'PurchaseOrderLine'. This will cause values to be silently truncated if they do not fit in the default precision and scale. Explicitly specify the SQL server column type that can accommodate all the values in 'OnModelCreating' using 'HasColumnType()', specify precision and scale using 'HasPrecision()' or configure a value converter using 'HasConversion()'.
2021-03-15 02:06:10.2213|WARN|Microsoft.EntityFrameworkCore.Model.Validation|No type was specified for the decimal property 'NumberInStock' on entity type 'StockItem'. This will cause values to be silently truncated if they do not fit in the default precision and scale. Explicitly specify the SQL server column type that can accommodate all the values in 'OnModelCreating' using 'HasColumnType()', specify precision and scale using 'HasPrecision()' or configure a value converter using 'HasConversion()'.
2021-03-15 02:06:10.4206|INFO|Microsoft.EntityFrameworkCore.Infrastructure|Entity Framework Core 5.0.4 initialized 'AppDbContext' using provider 'Microsoft.EntityFrameworkCore.SqlServer' with options: MaxPoolSize=128 
2021-03-15 02:10:35.1497|ERROR|WedigITCRM.Startup|start of ConfigureServices
2021-03-15 02:10:35.3854|ERROR|WedigITCRM.Startup|end of ConfigureServices
2021-03-15 02:10:36.6864|WARN|Microsoft.EntityFrameworkCore.Model.Validation|No type was specified for the decimal property 'OurUnitSalesPrice' on entity type 'PurchaseOrderLine'. This will cause values to be silently truncated if they do not fit in the default precision and scale. Explicitly specify the SQL server column type that can accommodate all the values in 'OnModelCreating' using 'HasColumnType()', specify precision and scale using 'HasPrecision()' or configure a value converter using 'HasConversion()'.
2021-03-15 02:10:36.7400|WARN|Microsoft.EntityFrameworkCore.Model.Validation|No type was specified for the decimal property 'QuantityReceivedUntillNow' on entity type 'PurchaseOrderLine'. This will cause values to be silently truncated if they do not fit in the default precision and scale. Explicitly specify the SQL server column type that can accommodate all the values in 'OnModelCreating' using 'HasColumnType()', specify precision and scale using 'HasPrecision()' or configure a value converter using 'HasConversion()'.
2021-03-15 02:10:36.7896|WARN|Microsoft.EntityFrameworkCore.Model.Validation|No type was specified for the decimal property 'NumberInStock' on entity type 'StockItem'. This will cause values to be silently truncated if they do not fit in the default precision and scale. Explicitly specify the SQL server column type that can accommodate all the values in 'OnModelCreating' using 'HasColumnType()', specify precision and scale using 'HasPrecision()' or configure a value converter using 'HasConversion()'.
2021-03-15 02:10:37.0840|INFO|Microsoft.EntityFrameworkCore.Infrastructure|Entity Framework Core 5.0.4 initialized 'AppDbContext' using provider 'Microsoft.EntityFrameworkCore.SqlServer' with options: MaxPoolSize=128 
2021-03-15 02:11:09.5434|ERROR|WedigITCRM.Startup|start of ConfigureServices
2021-03-15 02:11:09.7388|ERROR|WedigITCRM.Startup|end of ConfigureServices
2021-03-15 02:11:11.0433|WARN|Microsoft.EntityFrameworkCore.Model.Validation|No type was specified for the decimal property 'OurUnitSalesPrice' on entity type 'PurchaseOrderLine'. This will cause values to be silently truncated if they do not fit in the default precision and scale. Explicitly specify the SQL server column type that can accommodate all the values in 'OnModelCreating' using 'HasColumnType()', specify precision and scale using 'HasPrecision()' or configure a value converter using 'HasConversion()'.
2021-03-15 02:11:11.0830|WARN|Microsoft.EntityFrameworkCore.Model.Validation|No type was specified for the decimal property 'QuantityReceivedUntillNow' on entity type 'PurchaseOrderLine'. This will cause values to be silently truncated if they do not fit in the default precision and scale. Explicitly specify the SQL server column type that can accommodate all the values in 'OnModelCreating' using 'HasColumnType()', specify precision and scale using 'HasPrecision()' or configure a value converter using 'HasConversion()'.
2021-03-15 02:11:11.1152|WARN|Microsoft.EntityFrameworkCore.Model.Validation|No type was specified for the decimal property 'NumberInStock' on entity type 'StockItem'. This will cause values to be silently truncated if they do not fit in the default precision and scale. Explicitly specify the SQL server column type that can accommodate all the values in 'OnModelCreating' using 'HasColumnType()', specify precision and scale using 'HasPrecision()' or configure a value converter using 'HasConversion()'.
2021-03-15 02:11:11.5001|INFO|Microsoft.EntityFrameworkCore.Infrastructure|Entity Framework Core 5.0.4 initialized 'AppDbContext' using provider 'Microsoft.EntityFrameworkCore.SqlServer' with options: MaxPoolSize=128 
2021-03-15 02:11:18.9193|INFO|Microsoft.EntityFrameworkCore.Database.Command|Executed DbCommand (38ms) [Parameters=[], CommandType='Text', CommandTimeout='30']
SELECT 1
2021-03-15 02:11:19.1196|INFO|Microsoft.EntityFrameworkCore.Database.Command|Executed DbCommand (167ms) [Parameters=[], CommandType='Text', CommandTimeout='30']
SELECT OBJECT_ID(N'[__EFMigrationsHistory]');
2021-03-15 02:11:19.2629|INFO|Microsoft.EntityFrameworkCore.Database.Command|Executed DbCommand (94ms) [Parameters=[], CommandType='Text', CommandTimeout='30']
SELECT 1
2021-03-15 02:11:19.3622|INFO|Microsoft.EntityFrameworkCore.Database.Command|Executed DbCommand (45ms) [Parameters=[], CommandType='Text', CommandTimeout='30']
SELECT OBJECT_ID(N'[__EFMigrationsHistory]');
2021-03-15 02:11:19.6877|INFO|Microsoft.EntityFrameworkCore.Database.Command|Executed DbCommand (257ms) [Parameters=[], CommandType='Text', CommandTimeout='30']
SELECT [MigrationId], [ProductVersion]
FROM [__EFMigrationsHistory]
ORDER BY [MigrationId];
2021-03-15 02:11:19.7476|INFO|Microsoft.EntityFrameworkCore.Migrations|Applying migration '20210315011037_xyxxyu'.
2021-03-15 02:11:20.1236|INFO|Microsoft.EntityFrameworkCore.Database.Command|Executed DbCommand (207ms) [Parameters=[], CommandType='Text', CommandTimeout='30']
DROP TABLE [cars];
2021-03-15 02:11:20.3441|INFO|Microsoft.EntityFrameworkCore.Database.Command|Executed DbCommand (207ms) [Parameters=[], CommandType='Text', CommandTimeout='30']
DECLARE @var0 sysname;
SELECT @var0 = [d].[name]
FROM [sys].[default_constraints] [d]
INNER JOIN [sys].[columns] [c] ON [d].[parent_column_id] = [c].[column_id] AND [d].[parent_object_id] = [c].[object_id]
WHERE ([d].[parent_object_id] = OBJECT_ID(N'[Activities]') AND [c].[name] = N'dummy');
IF @var0 IS NOT NULL EXEC(N'ALTER TABLE [Activities] DROP CONSTRAINT [' + @var0 + '];');
ALTER TABLE [Activities] DROP COLUMN [dummy];
2021-03-15 02:11:20.3661|INFO|Microsoft.EntityFrameworkCore.Database.Command|Executed DbCommand (9ms) [Parameters=[], CommandType='Text', CommandTimeout='30']
INSERT INTO [__EFMigrationsHistory] ([MigrationId], [ProductVersion])
VALUES (N'20210315011037_xyxxyu', N'5.0.4');
2021-03-15 02:13:21.5047|ERROR|WedigITCRM.Startup|start of ConfigureServices
2021-03-15 02:13:21.7273|ERROR|WedigITCRM.Startup|end of ConfigureServices
2021-03-15 02:13:23.4204|WARN|Microsoft.EntityFrameworkCore.Model.Validation|No type was specified for the decimal property 'OurUnitSalesPrice' on entity type 'PurchaseOrderLine'. This will cause values to be silently truncated if they do not fit in the default precision and scale. Explicitly specify the SQL server column type that can accommodate all the values in 'OnModelCreating' using 'HasColumnType()', specify precision and scale using 'HasPrecision()' or configure a value converter using 'HasConversion()'.
2021-03-15 02:13:23.4545|WARN|Microsoft.EntityFrameworkCore.Model.Validation|No type was specified for the decimal property 'QuantityReceivedUntillNow' on entity type 'PurchaseOrderLine'. This will cause values to be silently truncated if they do not fit in the default precision and scale. Explicitly specify the SQL server column type that can accommodate all the values in 'OnModelCreating' using 'HasColumnType()', specify precision and scale using 'HasPrecision()' or configure a value converter using 'HasConversion()'.
2021-03-15 02:13:23.4784|WARN|Microsoft.EntityFrameworkCore.Model.Validation|No type was specified for the decimal property 'NumberInStock' on entity type 'StockItem'. This will cause values to be silently truncated if they do not fit in the default precision and scale. Explicitly specify the SQL server column type that can accommodate all the values in 'OnModelCreating' using 'HasColumnType()', specify precision and scale using 'HasPrecision()' or configure a value converter using 'HasConversion()'.
2021-03-15 02:13:23.6665|INFO|Microsoft.EntityFrameworkCore.Infrastructure|Entity Framework Core 5.0.4 initialized 'AppDbContext' using provider 'Microsoft.EntityFrameworkCore.SqlServer' with options: MaxPoolSize=128 
